
  ==========================================
  Studio Pro version: 6.0.25
  Started at: 11.09.2021, 10:44:52
  ==========================================
  

[2021-09-11T07:46:36.961Z] : [success]: Workflow успешно сохранен

[2021-09-11T07:46:36.970Z] : [success]: Бот начал работу

[2021-09-11T07:46:36.971Z] : [info]: Robot start

[2021-09-11T07:46:41.464Z] : [error]: Chrome is already running. Close it or remove the Load User profile property

[2021-09-11T07:46:41.466Z] : [error]: Время выполнения: 4с 492мс

[2021-09-11T07:46:41.474Z] : [info]: ---------------------------------------------

[2021-09-11T07:47:00.987Z] : [success]: Workflow успешно сохранен

[2021-09-11T07:47:00.998Z] : [success]: Бот начал работу

[2021-09-11T07:47:00.999Z] : [info]: Robot start

[2021-09-11T07:47:05.427Z] : [error]: Chrome is already running. Close it or remove the Load User profile property

[2021-09-11T07:47:05.429Z] : [error]: Время выполнения: 4с 428мс

[2021-09-11T07:47:05.430Z] : [info]: ---------------------------------------------

[2021-09-11T07:47:13.619Z] : [success]: Бот начал работу

[2021-09-11T07:47:13.620Z] : [info]: Robot start

[2021-09-11T07:47:20.708Z] : [success]: Бот успешно завершил работу, время выполнения: 7с 79мс

[2021-09-11T07:47:20.709Z] : [info]: ---------------------------------------------

[2021-09-11T07:50:46.360Z] : [success]: Workflow успешно сохранен

[2021-09-11T07:50:46.374Z] : [success]: Бот начал работу

[2021-09-11T07:50:46.374Z] : [info]: Robot start

[2021-09-11T07:50:55.697Z] : [error]: Невозможно взаимодействовать с элементов, так как указанная вкладка не открыта

[2021-09-11T07:50:55.698Z] : [error]: Время выполнения: 9с 322мс

[2021-09-11T07:50:55.699Z] : [info]: ---------------------------------------------

[2021-09-11T07:51:11.720Z] : [success]: Workflow успешно сохранен

[2021-09-11T07:51:11.736Z] : [success]: Бот начал работу

[2021-09-11T07:51:11.736Z] : [info]: Robot start

[2021-09-11T07:51:25.719Z] : [success]: Бот успешно завершил работу, время выполнения: 13с 982мс

[2021-09-11T07:51:25.720Z] : [info]: ---------------------------------------------

[2021-09-11T08:01:49.666Z] : [success]: Workflow успешно сохранен

[2021-09-11T08:01:49.685Z] : [success]: Бот начал работу

[2021-09-11T08:01:49.685Z] : [info]: Robot start

[2021-09-11T08:02:04.773Z] : [error]: Невозможно взаимодействовать с элементов, так как указанная вкладка не открыта

[2021-09-11T08:02:04.776Z] : [error]: Время выполнения: 15с 88мс

[2021-09-11T08:02:04.777Z] : [info]: ---------------------------------------------

[2021-09-11T08:02:43.793Z] : [success]: Workflow успешно сохранен

[2021-09-11T08:02:43.812Z] : [success]: Бот начал работу

[2021-09-11T08:02:43.813Z] : [info]: Robot start

[2021-09-11T08:03:03.712Z] : [success]: Бот успешно завершил работу, время выполнения: 19с 897мс

[2021-09-11T08:03:03.713Z] : [info]: ---------------------------------------------

[2021-09-11T08:05:51.755Z] : [success]: Workflow успешно сохранен

[2021-09-11T08:05:51.770Z] : [success]: Бот начал работу

[2021-09-11T08:05:51.772Z] : [info]: Robot start

[2021-09-11T08:06:10.711Z] : [error]: Невозможно взаимодействовать с элементов, так как указанная вкладка не открыта

[2021-09-11T08:06:10.713Z] : [error]: Время выполнения: 18с 939мс

[2021-09-11T08:06:10.713Z] : [info]: ---------------------------------------------

[2021-09-11T08:10:40.313Z] : [success]: Workflow успешно сохранен

[2021-09-11T08:10:40.329Z] : [success]: Бот начал работу

[2021-09-11T08:10:40.329Z] : [info]: Robot start

[2021-09-11T08:10:58.792Z] : [success]: Бот успешно завершил работу, время выполнения: 18с 462мс

[2021-09-11T08:10:58.793Z] : [info]: ---------------------------------------------

[2021-09-11T08:12:16.063Z] : [success]: Workflow успешно сохранен

[2021-09-11T08:12:16.102Z] : [success]: Бот начал работу

[2021-09-11T08:12:16.102Z] : [info]: Robot start

[2021-09-11T08:12:47.712Z] : [error]: Waiting for at least one element to be located By(css selector, .fieldNoBorder input.editInput[spellcheck="false"][dir="auto"]:nth-child(1))
Wait timed out after 15036ms

[2021-09-11T08:12:47.713Z] : [error]: Время выполнения: 31с 609мс

[2021-09-11T08:12:47.714Z] : [info]: ---------------------------------------------

[2021-09-11T08:13:56.917Z] : [success]: Workflow успешно сохранен

[2021-09-11T08:13:56.936Z] : [success]: Бот начал работу

[2021-09-11T08:13:56.936Z] : [info]: Robot start

[2021-09-11T08:14:15.703Z] : [success]: Бот успешно завершил работу, время выполнения: 18с 765мс

[2021-09-11T08:14:15.704Z] : [info]: ---------------------------------------------

[2021-09-11T08:15:27.425Z] : [success]: Workflow успешно сохранен

[2021-09-11T08:15:27.441Z] : [success]: Бот начал работу

[2021-09-11T08:15:27.442Z] : [info]: Robot start

[2021-09-11T08:15:45.698Z] : [success]: Бот успешно завершил работу, время выполнения: 18с 255мс

[2021-09-11T08:15:45.699Z] : [info]: ---------------------------------------------

[2021-09-11T08:40:50.161Z] : [success]: Workflow успешно сохранен

[2021-09-11T08:40:50.176Z] : [success]: Бот начал работу

[2021-09-11T08:40:50.176Z] : [info]: Robot start

[2021-09-11T08:41:07.872Z] : [error]: element not interactable
  (Session info: chrome=93.0.4577.63)

[2021-09-11T08:41:07.875Z] : [error]: Время выполнения: 17с 695мс

[2021-09-11T08:41:07.876Z] : [info]: ---------------------------------------------

[2021-09-11T08:42:42.032Z] : [success]: Workflow успешно сохранен

[2021-09-11T08:42:42.050Z] : [success]: Бот начал работу

[2021-09-11T08:42:42.051Z] : [info]: Robot start

[2021-09-11T08:43:02.695Z] : [error]: Product is not defined

[2021-09-11T08:43:02.697Z] : [error]: Время выполнения: 20с 644мс

[2021-09-11T08:43:02.698Z] : [info]: ---------------------------------------------

[2021-09-11T08:44:06.789Z] : [success]: Workflow успешно сохранен

[2021-09-11T08:44:06.810Z] : [success]: Бот начал работу

[2021-09-11T08:44:06.810Z] : [info]: Robot start

[2021-09-11T08:44:28.711Z] : [error]: Product is not defined

[2021-09-11T08:44:28.714Z] : [error]: Время выполнения: 21с 901мс

[2021-09-11T08:44:28.714Z] : [info]: ---------------------------------------------

[2021-09-11T08:45:51.962Z] : [success]: Workflow успешно сохранен

[2021-09-11T08:45:51.980Z] : [success]: Бот начал работу

[2021-09-11T08:45:51.980Z] : [info]: Robot start

[2021-09-11T08:46:15.709Z] : [error]: Product is not defined

[2021-09-11T08:46:15.711Z] : [error]: Время выполнения: 23с 729мс

[2021-09-11T08:46:15.712Z] : [info]: ---------------------------------------------

[2021-09-11T08:48:41.785Z] : [success]: Workflow успешно сохранен

[2021-09-11T08:48:41.805Z] : [success]: Бот начал работу

[2021-09-11T08:48:41.806Z] : [info]: Robot start

[2021-09-11T08:49:02.711Z] : [error]: element not interactable
  (Session info: chrome=93.0.4577.63)

[2021-09-11T08:49:02.714Z] : [error]: Время выполнения: 20с 904мс

[2021-09-11T08:49:02.714Z] : [info]: ---------------------------------------------

[2021-09-11T08:51:03.040Z] : [success]: Workflow успешно сохранен

[2021-09-11T08:51:03.061Z] : [success]: Бот начал работу

[2021-09-11T08:51:03.061Z] : [info]: Robot start

[2021-09-11T08:51:21.707Z] : [error]: ESC is not defined

[2021-09-11T08:51:21.710Z] : [error]: Время выполнения: 18с 646мс

[2021-09-11T08:51:21.710Z] : [info]: ---------------------------------------------

[2021-09-11T08:54:03.489Z] : [success]: Workflow успешно сохранен

[2021-09-11T08:54:03.509Z] : [success]: Бот начал работу

[2021-09-11T08:54:03.510Z] : [info]: Robot start

[2021-09-11T08:54:21.711Z] : [error]: esc is not defined

[2021-09-11T08:54:21.713Z] : [error]: Время выполнения: 18с 201мс

[2021-09-11T08:54:21.714Z] : [info]: ---------------------------------------------

[2021-09-11T09:01:06.103Z] : [success]: Workflow успешно сохранен

[2021-09-11T09:01:06.124Z] : [success]: Бот начал работу

[2021-09-11T09:01:06.125Z] : [info]: Robot start

[2021-09-11T09:01:27.749Z] : [error]: ESC is not defined

[2021-09-11T09:01:27.750Z] : [error]: Время выполнения: 21с 623мс

[2021-09-11T09:01:27.751Z] : [info]: ---------------------------------------------

[2021-09-11T09:04:02.436Z] : [success]: Workflow успешно сохранен

[2021-09-11T09:04:02.453Z] : [success]: Бот начал работу

[2021-09-11T09:04:02.454Z] : [info]: Robot start

[2021-09-11T09:04:23.707Z] : [error]: element not interactable
  (Session info: chrome=93.0.4577.63)

[2021-09-11T09:04:23.710Z] : [error]: Время выполнения: 21с 253мс

[2021-09-11T09:04:23.711Z] : [info]: ---------------------------------------------

[2021-09-11T09:04:51.299Z] : [success]: Workflow успешно сохранен

[2021-09-11T09:04:51.317Z] : [success]: Бот начал работу

[2021-09-11T09:04:51.318Z] : [info]: Robot start

[2021-09-11T09:05:13.708Z] : [error]: element not interactable
  (Session info: chrome=93.0.4577.63)

[2021-09-11T09:05:13.710Z] : [error]: Время выполнения: 22с 390мс

[2021-09-11T09:05:13.711Z] : [info]: ---------------------------------------------

[2021-09-11T09:05:28.738Z] : [success]: Workflow успешно сохранен

[2021-09-11T09:05:28.760Z] : [success]: Бот начал работу

[2021-09-11T09:05:28.761Z] : [info]: Robot start

[2021-09-11T09:05:58.740Z] : [error]: element not interactable
  (Session info: chrome=93.0.4577.63)

[2021-09-11T09:05:58.743Z] : [error]: Время выполнения: 29с 979мс

[2021-09-11T09:05:58.744Z] : [info]: ---------------------------------------------

[2021-09-11T09:34:53.702Z] : [success]: Workflow успешно сохранен

[2021-09-11T09:34:53.794Z] : [success]: Бот начал работу

[2021-09-11T09:34:53.797Z] : [info]: Robot start

[2021-09-11T09:35:14.723Z] : [error]: ESC is not defined

[2021-09-11T09:35:14.725Z] : [error]: Время выполнения: 20с 925мс

[2021-09-11T09:35:14.726Z] : [info]: ---------------------------------------------

[2021-09-11T09:47:41.940Z] : [success]: Workflow успешно сохранен

[2021-09-11T09:47:41.961Z] : [success]: Бот начал работу

[2021-09-11T09:47:41.962Z] : [info]: Robot start

[2021-09-11T09:48:02.748Z] : [error]: element not interactable
  (Session info: chrome=93.0.4577.63)

[2021-09-11T09:48:02.751Z] : [error]: Время выполнения: 20с 786мс

[2021-09-11T09:48:02.752Z] : [info]: ---------------------------------------------

[2021-09-11T09:50:31.643Z] : [success]: Workflow успешно сохранен

[2021-09-11T09:50:31.666Z] : [success]: Бот начал работу

[2021-09-11T09:50:31.667Z] : [info]: Robot start

[2021-09-11T09:51:08.031Z] : [error]: Waiting for at least one element to be located By(css selector, .fieldNoBorder input.editInput[id="form3_Склад_i0"])
Wait timed out after 15032ms

[2021-09-11T09:51:08.035Z] : [error]: Время выполнения: 36с 363мс

[2021-09-11T09:51:08.037Z] : [info]: ---------------------------------------------

[2021-09-11T09:51:10.242Z] : [success]: Workflow успешно сохранен

[2021-09-11T09:51:10.261Z] : [success]: Бот начал работу

[2021-09-11T09:51:10.262Z] : [info]: Robot start

[2021-09-11T09:51:45.878Z] : [error]: Waiting for at least one element to be located By(css selector, .fieldNoBorder input.editInput[id="form3_Склад_i0"])
Wait timed out after 15042ms

[2021-09-11T09:51:45.882Z] : [error]: Время выполнения: 35с 616мс

[2021-09-11T09:51:45.884Z] : [info]: ---------------------------------------------

[2021-09-11T09:53:15.094Z] : [success]: Workflow успешно сохранен

[2021-09-11T09:53:15.120Z] : [success]: Бот начал работу

[2021-09-11T09:53:15.120Z] : [info]: Robot start

[2021-09-11T09:53:46.705Z] : [error]: element not interactable
  (Session info: chrome=93.0.4577.63)

[2021-09-11T09:53:46.707Z] : [error]: Время выполнения: 31с 585мс

[2021-09-11T09:53:46.708Z] : [info]: ---------------------------------------------

[2021-09-11T09:54:53.367Z] : [success]: Workflow успешно сохранен

[2021-09-11T09:54:53.392Z] : [success]: Бот начал работу

[2021-09-11T09:54:53.393Z] : [info]: Robot start

[2021-09-11T09:55:25.716Z] : [error]: Product is not defined

[2021-09-11T09:55:25.718Z] : [error]: Время выполнения: 32с 322мс

[2021-09-11T09:55:25.718Z] : [info]: ---------------------------------------------

[2021-09-11T09:56:30.145Z] : [success]: Workflow успешно сохранен

[2021-09-11T09:56:30.169Z] : [success]: Бот начал работу

[2021-09-11T09:56:30.170Z] : [info]: Robot start

[2021-09-11T09:56:55.726Z] : [error]: element not interactable
  (Session info: chrome=93.0.4577.63)

[2021-09-11T09:56:55.727Z] : [error]: Время выполнения: 25с 555мс

[2021-09-11T09:56:55.728Z] : [info]: ---------------------------------------------

[2021-09-11T09:57:05.177Z] : [success]: Workflow успешно сохранен

[2021-09-11T09:57:05.199Z] : [success]: Бот начал работу

[2021-09-11T09:57:05.200Z] : [info]: Robot start

[2021-09-11T09:57:29.716Z] : [error]: element not interactable
  (Session info: chrome=93.0.4577.63)

[2021-09-11T09:57:29.718Z] : [error]: Время выполнения: 24с 516мс

[2021-09-11T09:57:29.719Z] : [info]: ---------------------------------------------

[2021-09-11T09:58:40.387Z] : [success]: Workflow успешно сохранен

[2021-09-11T09:58:40.414Z] : [success]: Бот начал работу

[2021-09-11T09:58:40.415Z] : [info]: Robot start

[2021-09-11T09:59:08.713Z] : [error]: element not interactable
  (Session info: chrome=93.0.4577.63)

[2021-09-11T09:59:08.715Z] : [error]: Время выполнения: 28с 298мс

[2021-09-11T09:59:08.716Z] : [info]: ---------------------------------------------

[2021-09-11T10:00:18.002Z] : [success]: Workflow успешно сохранен

[2021-09-11T10:00:18.022Z] : [success]: Бот начал работу

[2021-09-11T10:00:18.023Z] : [info]: Robot start

[2021-09-11T10:00:50.714Z] : [error]: element not interactable
  (Session info: chrome=93.0.4577.63)

[2021-09-11T10:00:50.716Z] : [error]: Время выполнения: 32с 690мс

[2021-09-11T10:00:50.717Z] : [info]: ---------------------------------------------

[2021-09-11T10:15:28.633Z] : [success]: Workflow успешно сохранен

[2021-09-11T10:15:47.915Z] : [success]: Workflow успешно сохранен

