
  ==========================================
  Studio Pro version: 6.0.25
  Started at: 11.09.2021, 13:16:05
  ==========================================
  

[2021-09-11T10:17:18.625Z] : [success]: Workflow успешно сохранен

[2021-09-11T10:17:18.651Z] : [info]: ---------------------------------------------

[2021-09-11T10:17:18.652Z] : [success]: Бот начал работу

[2021-09-11T10:17:18.653Z] : [info]: Robot start

[2021-09-11T10:17:25.923Z] : [error]: Chrome is already running. Close it or remove the Load User profile property

[2021-09-11T10:17:25.926Z] : [error]: Время выполнения: 7с 269мс

[2021-09-11T10:17:25.927Z] : [info]: ---------------------------------------------

[2021-09-11T10:17:34.552Z] : [success]: Workflow успешно сохранен

[2021-09-11T10:17:34.577Z] : [success]: Бот начал работу

[2021-09-11T10:17:34.578Z] : [info]: Robot start

[2021-09-11T10:18:04.711Z] : [error]: Unexpected identifier

[2021-09-11T10:18:04.714Z] : [error]: Время выполнения: 30с 133мс

[2021-09-11T10:18:04.714Z] : [info]: ---------------------------------------------

[2021-09-11T10:20:20.168Z] : [success]: Workflow успешно сохранен

[2021-09-11T10:20:20.189Z] : [success]: Бот начал работу

[2021-09-11T10:20:20.189Z] : [info]: Robot start

[2021-09-11T10:20:48.718Z] : [error]: Невозможно взаимодействовать с элементов, так как указанная вкладка не открыта

[2021-09-11T10:20:48.722Z] : [error]: Время выполнения: 28с 529мс

[2021-09-11T10:20:48.722Z] : [info]: ---------------------------------------------

[2021-09-11T10:22:40.353Z] : [success]: Workflow успешно сохранен

[2021-09-11T10:22:40.372Z] : [success]: Бот начал работу

[2021-09-11T10:22:40.373Z] : [info]: Robot start

[2021-09-11T10:23:18.718Z] : [error]: element not interactable
  (Session info: chrome=93.0.4577.63)

[2021-09-11T10:23:18.721Z] : [error]: Время выполнения: 38с 345мс

[2021-09-11T10:23:18.721Z] : [info]: ---------------------------------------------

[2021-09-11T10:24:51.075Z] : [success]: Workflow успешно сохранен

[2021-09-11T10:24:51.097Z] : [success]: Бот начал работу

[2021-09-11T10:24:51.097Z] : [info]: Robot start

[2021-09-11T10:25:50.720Z] : [error]: each key must be a number of string; got undefined

[2021-09-11T10:25:50.723Z] : [error]: Время выполнения: 59с 623мс

[2021-09-11T10:25:50.724Z] : [info]: ---------------------------------------------

[2021-09-11T10:26:49.824Z] : [success]: Workflow успешно сохранен

[2021-09-11T10:26:49.841Z] : [success]: Бот начал работу

[2021-09-11T10:26:49.841Z] : [info]: Robot start

[2021-09-11T10:27:33.712Z] : [error]: Script Stopped.

[2021-09-11T10:27:33.714Z] : [warn]: Время выполнения: 43с 871мс

[2021-09-11T10:27:33.715Z] : [info]: ---------------------------------------------

[2021-09-11T10:29:28.918Z] : [success]: Workflow успешно сохранен

[2021-09-11T10:29:28.943Z] : [success]: Бот начал работу

[2021-09-11T10:29:28.943Z] : [info]: Robot start

[2021-09-11T10:30:07.721Z] : [error]: element not interactable
  (Session info: chrome=93.0.4577.63)

[2021-09-11T10:30:07.724Z] : [error]: Время выполнения: 38с 778мс

[2021-09-11T10:30:07.725Z] : [info]: ---------------------------------------------

[2021-09-11T10:31:47.625Z] : [success]: Workflow успешно сохранен

[2021-09-11T10:31:47.645Z] : [success]: Бот начал работу

[2021-09-11T10:31:47.646Z] : [info]: Robot start

[2021-09-11T10:32:23.717Z] : [error]: element not interactable
  (Session info: chrome=93.0.4577.63)

[2021-09-11T10:32:23.720Z] : [error]: Время выполнения: 36с 71мс

[2021-09-11T10:32:23.721Z] : [info]: ---------------------------------------------

[2021-09-11T10:38:09.354Z] : [success]: Workflow успешно сохранен

[2021-09-11T10:38:09.378Z] : [success]: Бот начал работу

[2021-09-11T10:38:09.378Z] : [info]: Robot start

[2021-09-11T10:38:56.719Z] : [error]: stale element reference: element is not attached to the page document
  (Session info: chrome=93.0.4577.63)

[2021-09-11T10:38:56.721Z] : [error]: Время выполнения: 47с 340мс

[2021-09-11T10:38:56.723Z] : [info]: ---------------------------------------------

[2021-09-11T10:40:28.107Z] : [success]: Workflow успешно сохранен

[2021-09-11T10:40:28.126Z] : [success]: Бот начал работу

[2021-09-11T10:40:28.127Z] : [info]: Robot start

[2021-09-11T10:41:10.721Z] : [error]: Script Stopped.

[2021-09-11T10:41:10.724Z] : [warn]: Время выполнения: 42с 594мс

[2021-09-11T10:41:10.725Z] : [info]: ---------------------------------------------

[2021-09-11T10:41:41.791Z] : [success]: Workflow успешно сохранен

[2021-09-11T10:41:41.822Z] : [success]: Бот начал работу

[2021-09-11T10:41:41.823Z] : [info]: Robot start

[2021-09-11T10:42:19.715Z] : [error]: Script Stopped.

[2021-09-11T10:42:19.716Z] : [warn]: Время выполнения: 37с 891мс

[2021-09-11T10:42:19.718Z] : [info]: ---------------------------------------------

[2021-09-11T10:43:48.803Z] : [success]: Workflow успешно сохранен

[2021-09-11T10:43:48.826Z] : [success]: Бот начал работу

[2021-09-11T10:43:48.827Z] : [info]: Robot start

[2021-09-11T10:44:44.327Z] : [error]: Script Stopped.

[2021-09-11T10:44:44.330Z] : [warn]: Время выполнения: 55с 500мс

[2021-09-11T10:44:44.331Z] : [info]: ---------------------------------------------

[2021-09-11T10:46:03.468Z] : [success]: Workflow успешно сохранен

[2021-09-11T10:46:03.494Z] : [success]: Бот начал работу

[2021-09-11T10:46:03.495Z] : [info]: Robot start

[2021-09-11T10:46:37.710Z] : [error]: Невозможно взаимодействовать с элементов, так как указанная вкладка не открыта

[2021-09-11T10:46:37.712Z] : [error]: Время выполнения: 34с 214мс

[2021-09-11T10:46:37.713Z] : [info]: ---------------------------------------------

[2021-09-11T10:49:27.398Z] : [success]: Workflow успешно сохранен

[2021-09-11T10:49:27.423Z] : [success]: Бот начал работу

[2021-09-11T10:49:27.424Z] : [info]: Robot start

[2021-09-11T10:50:10.715Z] : [error]: Script Stopped.

[2021-09-11T10:50:10.718Z] : [warn]: Время выполнения: 43с 291мс

[2021-09-11T10:50:10.719Z] : [info]: ---------------------------------------------

[2021-09-11T10:54:08.788Z] : [success]: Workflow успешно сохранен

[2021-09-11T10:54:08.811Z] : [success]: Бот начал работу

[2021-09-11T10:54:08.811Z] : [info]: Robot start

[2021-09-11T10:54:57.636Z] : [error]: Waiting for at least one element to be located By(css selector, input[id="form5_ТоварыТовар_i0"]:nth-child(1))
Wait timed out after 15117ms

[2021-09-11T10:54:57.640Z] : [error]: Время выполнения: 48с 824мс

[2021-09-11T10:54:57.640Z] : [info]: ---------------------------------------------

[2021-09-11T10:57:10.943Z] : [success]: Workflow успешно сохранен

[2021-09-11T10:57:10.967Z] : [success]: Бот начал работу

[2021-09-11T10:57:10.968Z] : [info]: Robot start

[2021-09-11T10:58:01.158Z] : [error]: Waiting for at least one element to be located By(css selector, input[id="form5_ТоварыТовар_i0"]:nth-child(1))
Wait timed out after 15113ms

[2021-09-11T10:58:01.161Z] : [error]: Время выполнения: 50с 189мс

[2021-09-11T10:58:01.162Z] : [info]: ---------------------------------------------

[2021-09-11T10:58:10.194Z] : [success]: Workflow успешно сохранен

[2021-09-11T10:58:10.210Z] : [success]: Бот начал работу

[2021-09-11T10:58:10.211Z] : [info]: Robot start

[2021-09-11T10:59:12.709Z] : [error]: Cannot read property 'toString' of undefined

[2021-09-11T10:59:12.712Z] : [error]: Время выполнения: 1м 2с 498мс

[2021-09-11T10:59:12.713Z] : [info]: ---------------------------------------------

[2021-09-11T10:59:42.933Z] : [success]: Workflow успешно сохранен

[2021-09-11T10:59:42.968Z] : [success]: Бот начал работу

[2021-09-11T10:59:42.969Z] : [info]: Robot start

[2021-09-11T11:00:57.986Z] : [error]: Script Stopped.

[2021-09-11T11:00:57.990Z] : [warn]: Время выполнения: 1м 15с 17мс

[2021-09-11T11:00:57.991Z] : [info]: ---------------------------------------------

[2021-09-11T11:01:48.533Z] : [success]: Workflow успешно сохранен

[2021-09-11T11:01:48.555Z] : [success]: Бот начал работу

[2021-09-11T11:01:48.556Z] : [info]: Robot start

[2021-09-11T11:02:19.716Z] : [success]: Бот успешно завершил работу, время выполнения: 31с 159мс

[2021-09-11T11:02:19.717Z] : [info]: ---------------------------------------------

[2021-09-11T11:05:33.864Z] : [success]: Workflow успешно сохранен

[2021-09-11T11:05:33.889Z] : [success]: Бот начал работу

[2021-09-11T11:05:33.890Z] : [info]: Robot start

[2021-09-11T11:06:35.727Z] : [error]: Cannot read property 'toString' of undefined

[2021-09-11T11:06:35.730Z] : [error]: Время выполнения: 1м 1с 836мс

[2021-09-11T11:06:35.731Z] : [info]: ---------------------------------------------

[2021-09-11T11:09:12.947Z] : [success]: Workflow успешно сохранен

[2021-09-11T11:09:12.969Z] : [success]: Бот начал работу

[2021-09-11T11:09:12.970Z] : [info]: Robot start

[2021-09-11T11:10:19.726Z] : [error]: Cannot read property 'toString' of undefined

[2021-09-11T11:10:19.732Z] : [error]: Время выполнения: 1м 6с 756мс

[2021-09-11T11:10:19.732Z] : [info]: ---------------------------------------------

[2021-09-11T11:17:55.832Z] : [success]: Workflow успешно сохранен

[2021-09-11T11:17:55.859Z] : [success]: Бот начал работу

[2021-09-11T11:17:55.860Z] : [info]: Robot start

[2021-09-11T11:18:28.723Z] : [error]: boolean is not defined

[2021-09-11T11:18:28.727Z] : [error]: Время выполнения: 32с 863мс

[2021-09-11T11:18:28.728Z] : [info]: ---------------------------------------------

[2021-09-11T11:19:51.776Z] : [success]: Workflow успешно сохранен

[2021-09-11T11:19:51.803Z] : [success]: Бот начал работу

[2021-09-11T11:19:51.803Z] : [info]: Robot start

[2021-09-11T11:20:26.718Z] : [error]: Cannot read property 'toString' of undefined

[2021-09-11T11:20:26.722Z] : [error]: Время выполнения: 34с 914мс

[2021-09-11T11:20:26.722Z] : [info]: ---------------------------------------------

[2021-09-11T11:21:06.267Z] : [success]: Workflow успешно сохранен

[2021-09-11T11:21:06.296Z] : [success]: Бот начал работу

[2021-09-11T11:21:06.296Z] : [info]: Robot start

[2021-09-11T11:22:10.708Z] : [error]: Cannot read property 'toString' of undefined

[2021-09-11T11:22:10.710Z] : [error]: Время выполнения: 1м 4с 411мс

[2021-09-11T11:22:10.711Z] : [info]: ---------------------------------------------

[2021-09-11T11:26:32.314Z] : [success]: Workflow успешно сохранен

[2021-09-11T11:26:32.338Z] : [success]: Бот начал работу

[2021-09-11T11:26:32.339Z] : [info]: Robot start

[2021-09-11T11:27:14.721Z] : [error]: element not interactable
  (Session info: chrome=93.0.4577.63)

[2021-09-11T11:27:14.724Z] : [error]: Время выполнения: 42с 381мс

[2021-09-11T11:27:14.724Z] : [info]: ---------------------------------------------

[2021-09-11T11:27:37.762Z] : [success]: Workflow успешно сохранен

[2021-09-11T11:27:37.786Z] : [success]: Бот начал работу

[2021-09-11T11:27:37.787Z] : [info]: Robot start

[2021-09-11T11:28:18.733Z] : [error]: element not interactable
  (Session info: chrome=93.0.4577.63)

[2021-09-11T11:28:18.736Z] : [error]: Время выполнения: 40с 945мс

[2021-09-11T11:28:18.736Z] : [info]: ---------------------------------------------

[2021-09-11T11:31:40.603Z] : [success]: Workflow успешно сохранен

[2021-09-11T11:31:40.632Z] : [success]: Бот начал работу

[2021-09-11T11:31:40.633Z] : [info]: Robot start

[2021-09-11T11:32:32.714Z] : [error]: Waiting for at least one element to be located By(css selector, [colindex="2"][title=""] div.gridBoxText:nth-child(1))
Wait timed out after 15055ms

[2021-09-11T11:32:32.717Z] : [error]: Время выполнения: 52с 81мс

[2021-09-11T11:32:32.717Z] : [info]: ---------------------------------------------

[2021-09-11T11:33:51.182Z] : [success]: Workflow успешно сохранен

[2021-09-11T11:33:51.211Z] : [success]: Бот начал работу

[2021-09-11T11:33:51.212Z] : [info]: Robot start

[2021-09-11T11:34:44.712Z] : [error]: Waiting for at least one element to be located By(css selector, [colindex="2"][title=""] div.gridBoxText:nth-child(1))
Wait timed out after 15084ms

[2021-09-11T11:34:44.715Z] : [error]: Время выполнения: 53с 500мс

[2021-09-11T11:34:44.715Z] : [info]: ---------------------------------------------

[2021-09-11T11:36:22.364Z] : [success]: Workflow успешно сохранен

[2021-09-11T11:36:22.390Z] : [success]: Бот начал работу

[2021-09-11T11:36:22.391Z] : [info]: Robot start

[2021-09-11T11:37:34.721Z] : [error]: Waiting for at least one element to be located By(css selector, .gridBox[colindex="2"][title=""] div.gridBoxText:nth-child(1))
Wait timed out after 15148ms

[2021-09-11T11:37:34.723Z] : [error]: Время выполнения: 1м 12с 330мс

[2021-09-11T11:37:34.724Z] : [info]: ---------------------------------------------

[2021-09-11T11:47:49.648Z] : [success]: Workflow успешно сохранен

[2021-09-11T11:47:49.677Z] : [success]: Бот начал работу

[2021-09-11T11:47:49.678Z] : [info]: Robot start

[2021-09-11T11:48:42.717Z] : [error]: Waiting for at least one element to be located By(css selector, .gridBox[colindex="2"][title=""] div.gridBoxText:nth-child(1))
Wait timed out after 15005ms

[2021-09-11T11:48:42.720Z] : [error]: Время выполнения: 53с 39мс

[2021-09-11T11:48:42.722Z] : [info]: ---------------------------------------------

[2021-09-11T11:55:49.540Z] : [success]: Workflow успешно сохранен

[2021-09-11T11:55:49.564Z] : [success]: Бот начал работу

[2021-09-11T11:55:49.565Z] : [info]: Robot start

[2021-09-11T11:56:42.708Z] : [error]: По Вашему выбору не было найдено ни одного элемента. Это могло произойти из-за того, что селектор неправильный, или из-за того, что элемент требует больше времени для появления на экране. Попробуйте изменить селектор или увеличить время ожидания элемента и повторите попытку еще раз

[2021-09-11T11:56:42.709Z] : [error]: Время выполнения: 53с 142мс

[2021-09-11T11:56:42.710Z] : [info]: ---------------------------------------------

[2021-09-11T11:56:51.090Z] : [success]: Workflow успешно сохранен

[2021-09-11T11:56:51.106Z] : [success]: Бот начал работу

[2021-09-11T11:56:51.107Z] : [info]: Robot start

[2021-09-11T11:56:58.862Z] : [error]: Script Stopped.

[2021-09-11T11:56:58.865Z] : [warn]: Время выполнения: 7с 755мс

[2021-09-11T11:56:58.870Z] : [info]: ---------------------------------------------

[2021-09-11T11:57:26.254Z] : [success]: Workflow успешно сохранен

[2021-09-11T11:57:26.283Z] : [success]: Бот начал работу

[2021-09-11T11:57:26.283Z] : [info]: Robot start

[2021-09-11T11:58:03.701Z] : [error]: element not interactable
  (Session info: chrome=93.0.4577.63)

[2021-09-11T11:58:03.703Z] : [error]: Время выполнения: 37с 418мс

[2021-09-11T11:58:03.704Z] : [info]: ---------------------------------------------

[2021-09-11T12:17:45.024Z] : [success]: Workflow успешно сохранен

[2021-09-11T12:17:45.066Z] : [success]: Бот начал работу

[2021-09-11T12:17:45.067Z] : [info]: Robot start

[2021-09-11T12:18:27.714Z] : [error]: element not interactable
  (Session info: chrome=93.0.4577.63)

[2021-09-11T12:18:27.717Z] : [error]: Время выполнения: 42с 646мс

[2021-09-11T12:18:27.718Z] : [info]: ---------------------------------------------

[2021-09-11T12:21:47.321Z] : [success]: Workflow успешно сохранен

[2021-09-11T12:21:47.346Z] : [success]: Бот начал работу

[2021-09-11T12:21:47.346Z] : [info]: Robot start

[2021-09-11T12:22:29.714Z] : [error]: element not interactable
  (Session info: chrome=93.0.4577.63)

[2021-09-11T12:22:29.716Z] : [error]: Время выполнения: 42с 368мс

[2021-09-11T12:22:29.717Z] : [info]: ---------------------------------------------

[2021-09-11T12:22:49.443Z] : [success]: Workflow успешно сохранен

[2021-09-11T12:22:49.463Z] : [success]: Бот начал работу

[2021-09-11T12:22:49.464Z] : [info]: Robot start

[2021-09-11T12:23:28.720Z] : [error]: element not interactable
  (Session info: chrome=93.0.4577.63)

[2021-09-11T12:23:28.722Z] : [error]: Время выполнения: 39с 256мс

[2021-09-11T12:23:28.723Z] : [info]: ---------------------------------------------

[2021-09-11T12:23:40.961Z] : [success]: Workflow успешно сохранен

[2021-09-11T12:23:40.985Z] : [success]: Бот начал работу

[2021-09-11T12:23:40.986Z] : [info]: Robot start

[2021-09-11T12:24:33.718Z] : [error]: element not interactable
  (Session info: chrome=93.0.4577.63)

[2021-09-11T12:24:33.721Z] : [error]: Время выполнения: 52с 732мс

[2021-09-11T12:24:33.721Z] : [info]: ---------------------------------------------

[2021-09-11T12:25:39.400Z] : [success]: Workflow успешно сохранен

[2021-09-11T12:25:39.454Z] : [success]: Бот начал работу

[2021-09-11T12:25:39.454Z] : [info]: Robot start

[2021-09-11T12:26:18.720Z] : [error]: element not interactable
  (Session info: chrome=93.0.4577.63)

[2021-09-11T12:26:18.722Z] : [error]: Время выполнения: 39с 265мс

[2021-09-11T12:26:18.723Z] : [info]: ---------------------------------------------

[2021-09-11T12:26:47.066Z] : [success]: Workflow успешно сохранен

[2021-09-11T12:26:47.088Z] : [success]: Бот начал работу

[2021-09-11T12:26:47.088Z] : [info]: Robot start

[2021-09-11T12:27:53.738Z] : [success]: Бот успешно завершил работу, время выполнения: 1м 6с 648мс

[2021-09-11T12:27:53.739Z] : [info]: ---------------------------------------------

[2021-09-11T12:28:18.401Z] : [success]: Workflow успешно сохранен

[2021-09-11T12:28:18.424Z] : [success]: Бот начал работу

[2021-09-11T12:28:18.425Z] : [info]: Robot start

[2021-09-11T12:28:56.378Z] : [error]: Script Stopped.

[2021-09-11T12:28:56.382Z] : [warn]: Время выполнения: 37с 953мс

[2021-09-11T12:28:56.383Z] : [info]: ---------------------------------------------

[2021-09-11T12:30:09.139Z] : [success]: Workflow успешно сохранен

[2021-09-11T12:30:09.161Z] : [success]: Бот начал работу

[2021-09-11T12:30:09.162Z] : [info]: Robot start

[2021-09-11T12:30:48.724Z] : [error]: element not interactable
  (Session info: chrome=93.0.4577.63)

[2021-09-11T12:30:48.727Z] : [error]: Время выполнения: 39с 562мс

[2021-09-11T12:30:48.727Z] : [info]: ---------------------------------------------

[2021-09-11T12:31:00.246Z] : [success]: Workflow успешно сохранен

[2021-09-11T12:31:00.266Z] : [success]: Бот начал работу

[2021-09-11T12:31:00.266Z] : [info]: Robot start

[2021-09-11T12:32:06.727Z] : [success]: Бот успешно завершил работу, время выполнения: 1м 6с 459мс

[2021-09-11T12:32:06.728Z] : [info]: ---------------------------------------------

[2021-09-11T12:32:09.924Z] : [success]: Workflow успешно сохранен

[2021-09-11T12:32:09.947Z] : [success]: Бот начал работу

[2021-09-11T12:32:09.947Z] : [info]: Robot start

[2021-09-11T12:32:50.716Z] : [error]: element not interactable
  (Session info: chrome=93.0.4577.63)

[2021-09-11T12:32:50.720Z] : [error]: Время выполнения: 40с 769мс

[2021-09-11T12:32:50.721Z] : [info]: ---------------------------------------------

[2021-09-11T12:35:00.325Z] : [success]: Workflow успешно сохранен

[2021-09-11T12:35:00.363Z] : [success]: Бот начал работу

[2021-09-11T12:35:00.363Z] : [info]: Robot start

[2021-09-11T12:35:08.725Z] : [error]: Невозможно взаимодействовать с элементов, так как указанная вкладка не открыта

[2021-09-11T12:35:08.727Z] : [error]: Время выполнения: 8с 361мс

[2021-09-11T12:35:08.728Z] : [info]: ---------------------------------------------

[2021-09-11T12:36:46.767Z] : [success]: Workflow успешно сохранен

[2021-09-11T12:36:46.799Z] : [success]: Бот начал работу

[2021-09-11T12:36:46.800Z] : [info]: Robot start

[2021-09-11T12:37:54.720Z] : [success]: Бот успешно завершил работу, время выполнения: 1м 7с 918мс

[2021-09-11T12:37:54.721Z] : [info]: ---------------------------------------------

[2021-09-11T12:37:57.175Z] : [success]: Workflow успешно сохранен

[2021-09-11T12:38:01.625Z] : [success]: Workflow успешно сохранен

