
  ==========================================
  Studio Pro version: 6.3.2
  Started at: 9/10/2021 21:36:23
  ==========================================
  

[2021-10-09T18:36:43.344Z] : [success]: Robot saved successfully

[2021-10-09T18:36:43.490Z] : [info]: ---------------------------------------------

[2021-10-09T18:36:43.491Z] : [success]: Bot started

[2021-10-09T18:36:43.492Z] : [info]: Robot start

[2021-10-09T18:36:45.970Z] : [info]: <p>Добрый день,</p><p></p><p>Меня зовут Садиэль Годалес. </p><p></p><p>На сайте hh.ru меня заинтересовала вакансия Специалист по IT, размещённая Вашей компанией.</p><p>Я получил высшее образование в г. Гавана (Куба) и работал программистом у поставщика программного обеспечения. Имею опыт работы с клиентами, занимался защитой информации, управлял базами данных. Знаком со стандартными алгоритмами и структурами данных, немного с Linux. Уверенно программирую на языках C#, SQL. Только что закончил курс по разработке мобильных приложений на Android.</p><p>Владею испанским (родной), русским и английским языками. Люблю свою профессию и не перестаю самосовершенствоваться.</p><p>Больше информации обо мне Вы можете прочитать в резюме. Готов ответить на Ваши вопросы при личной встрече или по скайпу. При необходимости готов выполнить тестовое задание.</p><p>Вы можете связаться со мной по телефону 8 916 257 72 33, WhatsApp +7 963 7169740 или по электронной почте, sadielgodales@gmail.com.</p><p>https://github.com/sad8787/C-repo</p><p>https://github.com/sad8787/Java</p><p></p>

[2021-10-09T18:36:52.833Z] : [info]: someone is there

[2021-10-09T18:37:16.038Z] : [info]: END Loguin

[2021-10-09T18:37:20.809Z] : [info]: END search

[2021-10-09T18:37:27.391Z] : [info]: Una propuesta fue seleccionada

[2021-10-09T18:37:38.683Z] : [info]: take contact details

[2021-10-09T18:37:39.199Z] : [info]: choose Summary. Send cover letter

[2021-10-09T18:37:40.939Z] : [info]: si aclicar

[2021-10-09T18:38:04.991Z] : [info]: END search

[2021-10-09T18:38:10.573Z] : [info]: choose Summary. Send cover letter

[2021-10-09T18:38:12.441Z] : [info]: si aclicar

[2021-10-09T18:38:38.023Z] : [info]: END search

[2021-10-09T18:38:45.077Z] : [info]: choose Summary. Send cover letter

[2021-10-09T18:39:01.420Z] : [info]: no aclicar porque Es examen

[2021-10-09T18:39:03.248Z] : [info]: Error 

[2021-10-09T18:39:09.696Z] : [success]: Bot finished successfully, total execution time: 2m 26s 195ms

[2021-10-09T18:39:09.705Z] : [info]: ---------------------------------------------

[2021-10-09T18:40:13.446Z] : [success]: Robot saved successfully

[2021-10-09T18:40:13.579Z] : [success]: Bot started

[2021-10-09T18:40:13.580Z] : [info]: Robot start

[2021-10-09T18:40:18.217Z] : [info]: <p>Добрый день,</p><p></p><p>Меня зовут Садиэль Годалес. </p><p></p><p>На сайте hh.ru меня заинтересовала вакансия Специалист по IT, размещённая Вашей компанией.</p><p>Я получил высшее образование в г. Гавана (Куба) и работал программистом у поставщика программного обеспечения. Имею опыт работы с клиентами, занимался защитой информации, управлял базами данных. Знаком со стандартными алгоритмами и структурами данных, немного с Linux. Уверенно программирую на языках C#, SQL. Только что закончил курс по разработке мобильных приложений на Android.</p><p>Владею испанским (родной), русским и английским языками. Люблю свою профессию и не перестаю самосовершенствоваться.</p><p>Больше информации обо мне Вы можете прочитать в резюме. Готов ответить на Ваши вопросы при личной встрече или по скайпу. При необходимости готов выполнить тестовое задание.</p><p>Вы можете связаться со мной по телефону 8 916 257 72 33, WhatsApp +7 963 7169740 или по электронной почте, sadielgodales@gmail.com.</p><p>https://github.com/sad8787/C-repo</p><p>https://github.com/sad8787/Java</p><p></p>

[2021-10-09T18:40:24.893Z] : [info]: someone is there

[2021-10-09T18:40:47.911Z] : [info]: END Loguin

[2021-10-09T18:40:52.663Z] : [info]: END search

[2021-10-09T18:40:59.579Z] : [info]: choose Summary. Send cover letter

[2021-10-09T18:41:14.688Z] : [info]: no aclicar porque Es examen

[2021-10-09T18:41:16.443Z] : [info]: Error 

[2021-10-09T18:41:25.494Z] : [error]: Selectors: Nothing found

[2021-10-09T18:41:25.499Z] : [error]: Total execution time: 1m 11s 914ms

[2021-10-09T18:41:25.500Z] : [info]: ---------------------------------------------

[2021-10-09T18:42:29.452Z] : [success]: Robot saved successfully

[2021-10-09T18:42:33.034Z] : [success]: Robot saved successfully

[2021-10-09T18:42:33.178Z] : [success]: Bot started

[2021-10-09T18:42:33.179Z] : [info]: Robot start

[2021-10-09T18:42:35.833Z] : [info]: <p>Добрый день,</p><p></p><p>Меня зовут Садиэль Годалес. </p><p></p><p>На сайте hh.ru меня заинтересовала вакансия Специалист по IT, размещённая Вашей компанией.</p><p>Я получил высшее образование в г. Гавана (Куба) и работал программистом у поставщика программного обеспечения. Имею опыт работы с клиентами, занимался защитой информации, управлял базами данных. Знаком со стандартными алгоритмами и структурами данных, немного с Linux. Уверенно программирую на языках C#, SQL. Только что закончил курс по разработке мобильных приложений на Android.</p><p>Владею испанским (родной), русским и английским языками. Люблю свою профессию и не перестаю самосовершенствоваться.</p><p>Больше информации обо мне Вы можете прочитать в резюме. Готов ответить на Ваши вопросы при личной встрече или по скайпу. При необходимости готов выполнить тестовое задание.</p><p>Вы можете связаться со мной по телефону 8 916 257 72 33, WhatsApp +7 963 7169740 или по электронной почте, sadielgodales@gmail.com.</p><p>https://github.com/sad8787/C-repo</p><p>https://github.com/sad8787/Java</p><p></p>

[2021-10-09T18:42:42.391Z] : [info]: someone is there

[2021-10-09T18:43:05.554Z] : [info]: END Loguin

[2021-10-09T18:43:10.294Z] : [info]: END search

[2021-10-09T18:43:16.779Z] : [info]: choose Summary. Send cover letter

[2021-10-09T18:43:33.113Z] : [info]: no aclicar porque Es examen

[2021-10-09T18:43:34.918Z] : [info]: Error 

[2021-10-09T18:43:36.461Z] : [success]: Bot finished successfully, total execution time: 1m 3s 280ms

[2021-10-09T18:43:36.463Z] : [info]: ---------------------------------------------

[2021-10-09T18:45:44.807Z] : [success]: Robot saved successfully

[2021-10-09T18:45:48.304Z] : [success]: Robot saved successfully

[2021-10-09T18:45:48.464Z] : [success]: Bot started

[2021-10-09T18:45:48.465Z] : [info]: Robot start

[2021-10-09T18:45:53.689Z] : [info]: <p>Добрый день,</p><p></p><p>Меня зовут Садиэль Годалес. </p><p></p><p>На сайте hh.ru меня заинтересовала вакансия Специалист по IT, размещённая Вашей компанией.</p><p>Я получил высшее образование в г. Гавана (Куба) и работал программистом у поставщика программного обеспечения. Имею опыт работы с клиентами, занимался защитой информации, управлял базами данных. Знаком со стандартными алгоритмами и структурами данных, немного с Linux. Уверенно программирую на языках C#, SQL. Только что закончил курс по разработке мобильных приложений на Android.</p><p>Владею испанским (родной), русским и английским языками. Люблю свою профессию и не перестаю самосовершенствоваться.</p><p>Больше информации обо мне Вы можете прочитать в резюме. Готов ответить на Ваши вопросы при личной встрече или по скайпу. При необходимости готов выполнить тестовое задание.</p><p>Вы можете связаться со мной по телефону 8 916 257 72 33, WhatsApp +7 963 7169740 или по электронной почте, sadielgodales@gmail.com.</p><p>https://github.com/sad8787/C-repo</p><p>https://github.com/sad8787/Java</p><p></p>

[2021-10-09T18:46:00.416Z] : [info]: someone is there

[2021-10-09T18:46:23.594Z] : [info]: END Loguin

[2021-10-09T18:46:28.534Z] : [info]: END search

[2021-10-09T18:46:35.428Z] : [info]: choose Summary. Send cover letter

[2021-10-09T18:46:51.573Z] : [info]: no aclicar porque Es examen

[2021-10-09T18:47:07.529Z] : [error]: Selectors: Nothing found

[2021-10-09T18:47:07.532Z] : [error]: Total execution time: 1m 19s 63ms

[2021-10-09T18:47:07.534Z] : [info]: ---------------------------------------------

[2021-10-09T18:52:59.838Z] : [success]: Robot saved successfully

[2021-10-09T18:53:03.938Z] : [success]: Robot saved successfully

[2021-10-09T18:53:04.064Z] : [success]: Bot started

[2021-10-09T18:53:04.065Z] : [info]: Robot start

[2021-10-09T18:53:10.982Z] : [error]: Selectors: Nothing found

[2021-10-09T18:53:10.985Z] : [error]: Total execution time: 6s 916ms

[2021-10-09T18:53:10.986Z] : [info]: ---------------------------------------------

[2021-10-09T19:01:37.612Z] : [success]: Robot saved successfully

[2021-10-09T19:07:44.053Z] : [success]: Robot saved successfully

[2021-10-09T19:07:56.564Z] : [success]: Robot saved successfully

[2021-10-09T19:07:58.814Z] : [success]: Robot saved successfully

[2021-10-09T19:07:58.955Z] : [success]: Bot started

[2021-10-09T19:07:58.956Z] : [info]: Robot start

[2021-10-09T19:08:08.608Z] : [success]: Bot finished successfully, total execution time: 9s 649ms

[2021-10-09T19:08:08.610Z] : [info]: ---------------------------------------------

[2021-10-09T19:13:51.527Z] : [success]: Robot saved successfully

[2021-10-09T19:14:12.376Z] : [success]: Robot saved successfully

[2021-10-09T19:14:22.402Z] : [success]: Robot saved successfully

[2021-10-09T19:14:22.540Z] : [success]: Bot started

[2021-10-09T19:14:22.543Z] : [info]: Robot start

[2021-10-09T19:14:30.454Z] : [success]: Bot finished successfully, total execution time: 7s 908ms

[2021-10-09T19:14:30.456Z] : [info]: ---------------------------------------------

[2021-10-09T19:15:30.190Z] : [success]: Robot saved successfully

[2021-10-09T19:15:30.331Z] : [success]: Bot started

[2021-10-09T19:15:30.332Z] : [info]: Robot start

[2021-10-09T19:15:35.367Z] : [error]: The agent is already running another script.

[2021-10-09T19:15:35.371Z] : [info]: ---------------------------------------------

[2021-10-09T19:15:55.476Z] : [success]: Robot saved successfully

