
  ==========================================
  Studio Pro version: 6.0.25
  Started at: 30/9/2021 22:08:43
  ==========================================
  

[2021-09-30T19:08:48.714Z] : [success]: Robot saved successfully

[2021-09-30T19:08:48.783Z] : [info]: ---------------------------------------------

[2021-09-30T19:08:48.783Z] : [success]: Bot started

[2021-09-30T19:08:48.784Z] : [info]: Robot start

[2021-09-30T19:09:46.473Z] : [info]: Comiensa el trabajo 1

[2021-09-30T19:09:51.702Z] : [error]: Selectors: Nothing found

[2021-09-30T19:09:51.707Z] : [error]: Total execution time: 1m 2s 918ms

[2021-09-30T19:09:51.712Z] : [info]: ---------------------------------------------

[2021-09-30T19:10:09.233Z] : [success]: Robot saved successfully

[2021-09-30T19:10:09.295Z] : [success]: Bot started

[2021-09-30T19:10:09.296Z] : [info]: Robot start

[2021-09-30T19:10:20.311Z] : [info]: someone is there

[2021-09-30T19:10:25.792Z] : [error]: Selectors: Nothing found

[2021-09-30T19:10:25.796Z] : [error]: Total execution time: 16s 495ms

[2021-09-30T19:10:25.797Z] : [info]: ---------------------------------------------

[2021-09-30T19:11:51.495Z] : [success]: Robot saved successfully

[2021-09-30T19:11:51.558Z] : [success]: Bot started

[2021-09-30T19:11:51.559Z] : [info]: Robot start

[2021-09-30T19:11:58.140Z] : [info]: someone is there

[2021-09-30T19:12:04.463Z] : [error]: Selectors: Nothing found

[2021-09-30T19:12:04.467Z] : [error]: Total execution time: 12s 902ms

[2021-09-30T19:12:04.469Z] : [info]: ---------------------------------------------

[2021-09-30T19:12:37.525Z] : [success]: Robot saved successfully

[2021-09-30T19:12:37.587Z] : [success]: Bot started

[2021-09-30T19:12:37.588Z] : [info]: Robot start

[2021-09-30T19:12:44.038Z] : [info]: someone is there

[2021-09-30T19:12:47.797Z] : [success]: Bot finished successfully, total execution time: 10s 203ms

[2021-09-30T19:12:47.799Z] : [info]: ---------------------------------------------

[2021-09-30T19:14:54.441Z] : [success]: Robot saved successfully

[2021-09-30T19:14:54.541Z] : [success]: Bot started

[2021-09-30T19:14:54.542Z] : [info]: Robot start

[2021-09-30T19:15:01.363Z] : [info]: someone is there

[2021-09-30T19:15:04.487Z] : [success]: Bot finished successfully, total execution time: 9s 939ms

[2021-09-30T19:15:04.501Z] : [info]: ---------------------------------------------

[2021-09-30T19:15:45.684Z] : [success]: Robot saved successfully

[2021-09-30T19:15:45.749Z] : [success]: Bot started

[2021-09-30T19:15:45.750Z] : [info]: Robot start

[2021-09-30T19:15:52.624Z] : [info]: someone is there

[2021-09-30T19:16:03.818Z] : [info]: Comiensa el trabajo 1

[2021-09-30T19:16:05.662Z] : [success]: Bot finished successfully, total execution time: 19s 907ms

[2021-09-30T19:16:05.665Z] : [info]: ---------------------------------------------

[2021-09-30T19:17:39.574Z] : [success]: Robot saved successfully

[2021-09-30T19:17:39.642Z] : [success]: Bot started

[2021-09-30T19:17:39.643Z] : [info]: Robot start

[2021-09-30T19:17:46.892Z] : [info]: someone is there

[2021-09-30T19:17:58.238Z] : [info]: Comiensa el trabajo 1

[2021-09-30T19:17:59.512Z] : [error]: Selectors: Nothing found

[2021-09-30T19:17:59.519Z] : [error]: Total execution time: 19s 867ms

[2021-09-30T19:17:59.521Z] : [info]: ---------------------------------------------

[2021-09-30T19:18:25.680Z] : [success]: Robot saved successfully

[2021-09-30T19:18:25.770Z] : [success]: Bot started

[2021-09-30T19:18:25.771Z] : [info]: Robot start

[2021-09-30T19:18:32.691Z] : [info]: someone is there

[2021-09-30T19:18:44.964Z] : [info]: Comiensa el trabajo 1

[2021-09-30T19:18:47.593Z] : [success]: Bot finished successfully, total execution time: 21s 818ms

[2021-09-30T19:18:47.595Z] : [info]: ---------------------------------------------

[2021-09-30T19:21:20.802Z] : [success]: Robot saved successfully

[2021-09-30T19:21:20.863Z] : [success]: Bot started

[2021-09-30T19:21:20.864Z] : [info]: Robot start

[2021-09-30T19:22:07.887Z] : [info]: someone is there

[2021-09-30T19:22:19.883Z] : [info]: Comiensa el trabajo 1

[2021-09-30T19:22:20.739Z] : [info]: 674 235

[2021-09-30T19:22:23.004Z] : [success]: Bot finished successfully, total execution time: 1m 2s 135ms

[2021-09-30T19:22:23.007Z] : [info]: ---------------------------------------------

[2021-09-30T19:25:55.864Z] : [success]: Robot saved successfully

[2021-09-30T19:25:55.929Z] : [success]: Bot started

[2021-09-30T19:25:55.930Z] : [info]: Robot start

[2021-09-30T19:26:43.854Z] : [info]: someone is there

[2021-09-30T19:26:55.989Z] : [info]: Comiensa el trabajo 1

[2021-09-30T19:26:56.844Z] : [info]: 674 235

[2021-09-30T19:26:57.890Z] : [success]: Bot finished successfully, total execution time: 1m 1s 956ms

[2021-09-30T19:26:57.892Z] : [info]: ---------------------------------------------

[2021-09-30T19:27:38.627Z] : [success]: Robot saved successfully

[2021-09-30T19:27:38.707Z] : [success]: Bot started

[2021-09-30T19:27:38.707Z] : [info]: Robot start

[2021-09-30T19:28:27.728Z] : [info]: someone is there

[2021-09-30T19:28:30.742Z] : [error]: Selectors: Nothing found

[2021-09-30T19:28:30.789Z] : [error]: Total execution time: 52s 33ms

[2021-09-30T19:28:30.791Z] : [info]: ---------------------------------------------

[2021-09-30T19:31:30.972Z] : [success]: Robot saved successfully

[2021-09-30T19:31:31.034Z] : [success]: Bot started

[2021-09-30T19:31:31.035Z] : [info]: Robot start

[2021-09-30T19:32:06.023Z] : [error]: Script Stopped.

[2021-09-30T19:32:06.027Z] : [info]: ---------------------------------------------

[2021-09-30T19:32:07.495Z] : [success]: Robot saved successfully

