
  ==========================================
  Studio Pro version: 6.3.2
  Started at: 5/10/2021 22:51:34
  ==========================================
  

[2021-10-05T19:52:17.918Z] : [info]: Internet connection // error

[2021-10-05T19:52:18.014Z] : [success]: Robot saved successfully

[2021-10-05T19:52:18.151Z] : [info]: ---------------------------------------------

[2021-10-05T19:52:18.152Z] : [success]: Bot started

[2021-10-05T19:52:18.153Z] : [info]: Robot start

[2021-10-05T19:52:23.061Z] : [info]: <p>Добрый день,</p><p>Меня зовут Садиэль Годалес. </p><p>На сайте hh.ru меня заинтересовала вакансия программист, размещённая Вашей компанией.</p><p>Я получил высшее образование в г. Гавана (Куба) и работал программистом у поставщика программного обеспечения. Имею опыт работы с клиентами, занимался защитой информации, управлял базами данных. Знаком со стандартными алгоритмами и структурами данных, немного с Linux. Уверенно программирую на языках C#, SQL. Только что закончил курс по разработке мобильных приложений на Android.</p><p>Владею испанским (родной), русским и английским языками. Люблю свою профессию и не перестаю самосовершенствоваться./nБольше информации обо мне Вы можете прочитать в резюме. Готов ответить на Ваши вопросы при личной встрече или по скайпу. При необходимости готов выполнить тестовое задание.</p><p>Вы можете связаться со мной по телефону 8 916 257 72 33, WhatsApp +7 963 7169740 или по электронной почте <a href="mailto:sadielgodales@gmail.com">sadielgodales@gmail.com</a>.</p><p><a href="https://github.com/sad8787/C-repo">https://github.com/sad8787/C-repo</a></p><p>https://github.com/sad8787/Java</p>

[2021-10-05T19:52:23.077Z] : [info]: <p>Добрый день,</p><p>Меня зовут Садиэль Годалес. </p><p>На сайте hh.ru меня заинтересовала вакансия программист, размещённая Вашей компанией.</p><p>Я получил высшее образование в г. Гавана (Куба) и работал программистом у поставщика программного обеспечения. Имею опыт работы с клиентами, занимался защитой информации, управлял базами данных. Знаком со стандартными алгоритмами и структурами данных, немного с Linux. Уверенно программирую на языках C#, SQL. Только что закончил курс по разработке мобильных приложений на Android.</p><p>Владею испанским (родной), русским и английским языками. Люблю свою профессию и не перестаю самосовершенствоваться./nБольше информации обо мне Вы можете прочитать в резюме. Готов ответить на Ваши вопросы при личной встрече или по скайпу. При необходимости готов выполнить тестовое задание.</p><p>Вы можете связаться со мной по телефону 8 916 257 72 33, WhatsApp +7 963 7169740 или по электронной почте <a href="mailto:sadielgodales@gmail.com">sadielgodales@gmail.com</a>.</p><p><a href="https://github.com/sad8787/C-repo">https://github.com/sad8787/C-repo</a></p><p>https://github.com/sad8787/Java</p>

[2021-10-05T19:52:26.077Z] : [success]: Bot finished successfully, total execution time: 7s 924ms

[2021-10-05T19:52:26.082Z] : [info]: ---------------------------------------------

[2021-10-05T19:57:30.787Z] : [success]: Connection to our licenses server is restored

[2021-10-05T19:57:30.901Z] : [success]: Robot saved successfully

[2021-10-05T19:57:31.013Z] : [success]: Bot started

[2021-10-05T19:57:31.014Z] : [info]: Robot start

[2021-10-05T19:57:37.789Z] : [info]: <p>Добрый день,</p><p>Меня зовут Садиэль Годалес. </p><p>На сайте hh.ru меня заинтересовала вакансия программист, размещённая Вашей компанией.</p><p>Я получил высшее образование в г. Гавана (Куба) и работал программистом у поставщика программного обеспечения. Имею опыт работы с клиентами, занимался защитой информации, управлял базами данных. Знаком со стандартными алгоритмами и структурами данных, немного с Linux. Уверенно программирую на языках C#, SQL. Только что закончил курс по разработке мобильных приложений на Android.</p><p>Владею испанским (родной), русским и английским языками. Люблю свою профессию и не перестаю самосовершенствоваться./nБольше информации обо мне Вы можете прочитать в резюме. Готов ответить на Ваши вопросы при личной встрече или по скайпу. При необходимости готов выполнить тестовое задание.</p><p>Вы можете связаться со мной по телефону 8 916 257 72 33, WhatsApp +7 963 7169740 или по электронной почте <a href="mailto:sadielgodales@gmail.com">sadielgodales@gmail.com</a>.</p><p><a href="https://github.com/sad8787/C-repo">https://github.com/sad8787/C-repo</a></p><p>https://github.com/sad8787/Java</p>

[2021-10-05T19:57:37.810Z] : [info]: s

[2021-10-05T19:57:39.332Z] : [success]: Bot finished successfully, total execution time: 8s 314ms

[2021-10-05T19:57:39.335Z] : [info]: ---------------------------------------------

[2021-10-05T20:05:41.039Z] : [success]: Robot saved successfully

[2021-10-05T20:05:44.373Z] : [success]: Robot saved successfully

[2021-10-05T20:05:44.485Z] : [success]: Bot started

[2021-10-05T20:05:44.486Z] : [info]: Robot start

[2021-10-05T20:06:02.324Z] : [info]: <p>Добрый день,</p><p>Меня зовут Садиэль Годалес. </p><p>На сайте hh.ru меня заинтересовала вакансия программист, размещённая Вашей компанией.</p><p>Я получил высшее образование в г. Гавана (Куба) и работал программистом у поставщика программного обеспечения. Имею опыт работы с клиентами, занимался защитой информации, управлял базами данных. Знаком со стандартными алгоритмами и структурами данных, немного с Linux. Уверенно программирую на языках C#, SQL. Только что закончил курс по разработке мобильных приложений на Android.</p><p>Владею испанским (родной), русским и английским языками. Люблю свою профессию и не перестаю самосовершенствоваться./nБольше информации обо мне Вы можете прочитать в резюме. Готов ответить на Ваши вопросы при личной встрече или по скайпу. При необходимости готов выполнить тестовое задание.</p><p>Вы можете связаться со мной по телефону 8 916 257 72 33, WhatsApp +7 963 7169740 или по электронной почте <a href="mailto:sadielgodales@gmail.com">sadielgodales@gmail.com</a>.</p><p><a href="https://github.com/sad8787/C-repo">https://github.com/sad8787/C-repo</a></p><p>https://github.com/sad8787/Java</p>

[2021-10-05T20:06:02.356Z] : [info]: <p>Добрый день,</p><p>Меня зовут Садиэль Годалес. </p><p>На сайте hh.ru меня заинтересовала вакансия программист, размещённая Вашей компанией.</p><p>Я получил высшее образование в г. Гавана (Куба) и работал программистом у поставщика программного обеспечения. Имею опыт работы с клиентами, занимался защитой информации, управлял базами данных. Знаком со стандартными алгоритмами и структурами данных, немного с Linux. Уверенно программирую на языках C#, SQL. Только что закончил курс по разработке мобильных приложений на Android.</p><p>Владею испанским (родной), русским и английским языками. Люблю свою профессию и не перестаю самосовершенствоваться./nБольше информации обо мне Вы можете прочитать в резюме. Готов ответить на Ваши вопросы при личной встрече или по скайпу. При необходимости готов выполнить тестовое задание.</p><p>Вы можете связаться со мной по телефону 8 916 257 72 33, WhatsApp +7 963 7169740 или по электронной почте <a href="mailto:sadielgodales@gmail.com">sadielgodales@gmail.com</a>.</p><p><a href="https://github.com/sad8787/C-repo">https://github.com/sad8787/C-repo</a></p><p>https://github.com/sad8787/Java</p>

[2021-10-05T20:06:03.971Z] : [success]: Bot finished successfully, total execution time: 19s 481ms

[2021-10-05T20:06:03.974Z] : [info]: ---------------------------------------------

[2021-10-05T20:08:13.079Z] : [success]: Robot saved successfully

[2021-10-05T20:08:15.951Z] : [success]: Robot saved successfully

[2021-10-05T20:08:16.043Z] : [success]: Bot started

[2021-10-05T20:08:16.044Z] : [info]: Robot start

[2021-10-05T20:08:23.209Z] : [info]: <p>Добрый день,</p><p>Меня зовут Садиэль Годалес. </p><p>На сайте hh.ru меня заинтересовала вакансия программист, размещённая Вашей компанией.</p><p>Я получил высшее образование в г. Гавана (Куба) и работал программистом у поставщика программного обеспечения. Имею опыт работы с клиентами, занимался защитой информации, управлял базами данных. Знаком со стандартными алгоритмами и структурами данных, немного с Linux. Уверенно программирую на языках C#, SQL. Только что закончил курс по разработке мобильных приложений на Android.</p><p>Владею испанским (родной), русским и английским языками. Люблю свою профессию и не перестаю самосовершенствоваться./nБольше информации обо мне Вы можете прочитать в резюме. Готов ответить на Ваши вопросы при личной встрече или по скайпу. При необходимости готов выполнить тестовое задание.</p><p>Вы можете связаться со мной по телефону 8 916 257 72 33, WhatsApp +7 963 7169740 или по электронной почте <a href="mailto:sadielgodales@gmail.com">sadielgodales@gmail.com</a>.</p><p><a href="https://github.com/sad8787/C-repo">https://github.com/sad8787/C-repo</a></p><p>https://github.com/sad8787/Java</p>

[2021-10-05T20:08:23.239Z] : [info]: 

[2021-10-05T20:08:24.588Z] : [success]: Bot finished successfully, total execution time: 8s 541ms

[2021-10-05T20:08:24.591Z] : [info]: ---------------------------------------------

[2021-10-05T20:09:52.779Z] : [success]: Robot saved successfully

[2021-10-05T20:09:52.893Z] : [success]: Bot started

[2021-10-05T20:09:52.894Z] : [info]: Robot start

[2021-10-05T20:10:00.270Z] : [info]: <p>Добрый день,</p><p>Меня зовут Садиэль Годалес. </p><p>На сайте hh.ru меня заинтересовала вакансия программист, размещённая Вашей компанией.</p><p>Я получил высшее образование в г. Гавана (Куба) и работал программистом у поставщика программного обеспечения. Имею опыт работы с клиентами, занимался защитой информации, управлял базами данных. Знаком со стандартными алгоритмами и структурами данных, немного с Linux. Уверенно программирую на языках C#, SQL. Только что закончил курс по разработке мобильных приложений на Android.</p><p>Владею испанским (родной), русским и английским языками. Люблю свою профессию и не перестаю самосовершенствоваться./nБольше информации обо мне Вы можете прочитать в резюме. Готов ответить на Ваши вопросы при личной встрече или по скайпу. При необходимости готов выполнить тестовое задание.</p><p>Вы можете связаться со мной по телефону 8 916 257 72 33, WhatsApp +7 963 7169740 или по электронной почте <a href="mailto:sadielgodales@gmail.com">sadielgodales@gmail.com</a>.</p><p><a href="https://github.com/sad8787/C-repo">https://github.com/sad8787/C-repo</a></p><p>https://github.com/sad8787/Java</p>

[2021-10-05T20:10:00.282Z] : [info]: 

[2021-10-05T20:10:01.659Z] : [success]: Bot finished successfully, total execution time: 8s 757ms

[2021-10-05T20:10:01.662Z] : [info]: ---------------------------------------------

[2021-10-05T20:13:38.943Z] : [success]: Robot saved successfully

[2021-10-05T20:13:39.045Z] : [success]: Bot started

[2021-10-05T20:13:39.046Z] : [info]: Robot start

[2021-10-05T20:13:46.028Z] : [info]: <p>Добрый день,</p><p>Меня зовут Садиэль Годалес. </p><p>На сайте hh.ru меня заинтересовала вакансия программист, размещённая Вашей компанией.</p><p>Я получил высшее образование в г. Гавана (Куба) и работал программистом у поставщика программного обеспечения. Имею опыт работы с клиентами, занимался защитой информации, управлял базами данных. Знаком со стандартными алгоритмами и структурами данных, немного с Linux. Уверенно программирую на языках C#, SQL. Только что закончил курс по разработке мобильных приложений на Android.</p><p>Владею испанским (родной), русским и английским языками. Люблю свою профессию и не перестаю самосовершенствоваться.</p><p>Больше информации обо мне Вы можете прочитать в резюме. Готов ответить на Ваши вопросы при личной встрече или по скайпу. При необходимости готов выполнить тестовое задание.</p><p>Вы можете связаться со мной по телефону 8 916 257 72 33, WhatsApp +7 963 7169740 или по электронной почте <a href="mailto:sadielgodales@gmail.com">sadielgodales@gmail.com</a>.</p><p><a href="https://github.com/sad8787/C-repo">https://github.com/sad8787/C-repo</a></p><p>https://github.com/sad8787/Java</p>

[2021-10-05T20:13:46.040Z] : [info]: 

[2021-10-05T20:13:47.852Z] : [success]: Bot finished successfully, total execution time: 8s 801ms

[2021-10-05T20:13:47.854Z] : [info]: ---------------------------------------------

[2021-10-05T20:16:31.868Z] : [success]: Robot saved successfully

[2021-10-05T20:16:31.966Z] : [success]: Bot started

[2021-10-05T20:16:31.967Z] : [info]: Robot start

[2021-10-05T20:16:37.216Z] : [info]: <p>Добрый день,</p><p>Меня зовут Садиэль Годалес. </p><p>На сайте hh.ru меня заинтересовала вакансия программист, размещённая Вашей компанией.</p><p>Я получил высшее образование в г. Гавана (Куба) и работал программистом у поставщика программного обеспечения. Имею опыт работы с клиентами, занимался защитой информации, управлял базами данных. Знаком со стандартными алгоритмами и структурами данных, немного с Linux. Уверенно программирую на языках C#, SQL. Только что закончил курс по разработке мобильных приложений на Android.</p><p>Владею испанским (родной), русским и английским языками. Люблю свою профессию и не перестаю самосовершенствоваться.</p><p>Больше информации обо мне Вы можете прочитать в резюме. Готов ответить на Ваши вопросы при личной встрече или по скайпу. При необходимости готов выполнить тестовое задание.</p><p>Вы можете связаться со мной по телефону 8 916 257 72 33, WhatsApp +7 963 7169740 или по электронной почте <a href="mailto:sadielgodales@gmail.com">sadielgodales@gmail.com</a>.</p><p><a href="https://github.com/sad8787/C-repo">https://github.com/sad8787/C-repo</a></p><p>https://github.com/sad8787/Java</p>

[2021-10-05T20:16:37.232Z] : [info]: <p>Добрый день,</p><p>Меня зовут Садиэль Годалес. </p><p>На сайте hh.ru меня заинтересовала вакансия программист, размещённая Вашей компанией.</p><p>Я получил высшее образование в г. Гавана (Куба) и работал программистом у поставщика программного обеспечения. Имею опыт работы с клиентами, занимался защитой информации, управлял базами данных. Знаком со стандартными алгоритмами и структурами данных, немного с Linux. Уверенно программирую на языках C#, SQL. Только что закончил курс по разработке мобильных приложений на Android.</p><p>Владею испанским (родной), русским и английским языками. Люблю свою профессию и не перестаю самосовершенствоваться.</p><p>Больше информации обо мне Вы можете прочитать в резюме. Готов ответить на Ваши вопросы при личной встрече или по скайпу. При необходимости готов выполнить тестовое задание.</p><p>Вы можете связаться со мной по телефону 8 916 257 72 33, WhatsApp +7 963 7169740 или по электронной почте <a href="mailto:sadielgodales@gmail.com">sadielgodales@gmail.com</a>.</p><p><a href="https://github.com/sad8787/C-repo">https://github.com/sad8787/C-repo</a></p><p>https://github.com/sad8787/Java</p>

[2021-10-05T20:16:38.399Z] : [success]: Bot finished successfully, total execution time: 6s 427ms

[2021-10-05T20:16:38.401Z] : [info]: ---------------------------------------------

[2021-10-05T20:19:57.171Z] : [success]: Robot saved successfully

[2021-10-05T20:19:57.272Z] : [success]: Bot started

[2021-10-05T20:19:57.273Z] : [info]: Robot start

[2021-10-05T20:20:04.169Z] : [info]: <p>Добрый день,</p><p>Меня зовут Садиэль Годалес. </p><p>На сайте hh.ru меня заинтересовала вакансия программист, размещённая Вашей компанией.</p><p>Я получил высшее образование в г. Гавана (Куба) и работал программистом у поставщика программного обеспечения. Имею опыт работы с клиентами, занимался защитой информации, управлял базами данных. Знаком со стандартными алгоритмами и структурами данных, немного с Linux. Уверенно программирую на языках C#, SQL. Только что закончил курс по разработке мобильных приложений на Android.</p><p>Владею испанским (родной), русским и английским языками. Люблю свою профессию и не перестаю самосовершенствоваться.</p><p>Больше информации обо мне Вы можете прочитать в резюме. Готов ответить на Ваши вопросы при личной встрече или по скайпу. При необходимости готов выполнить тестовое задание.</p><p>Вы можете связаться со мной по телефону 8 916 257 72 33, WhatsApp +7 963 7169740 или по электронной почте <a href="mailto:sadielgodales@gmail.com">sadielgodales@gmail.com</a>.</p><p><a href="https://github.com/sad8787/C-repo">https://github.com/sad8787/C-repo</a></p><p>https://github.com/sad8787/Java</p>

[2021-10-05T20:20:04.185Z] : [info]: <p>Добрый день,</p><p>Меня зовут Садиэль Годалес. </p><p>На сайте hh.ru меня заинтересовала вакансия программист, размещённая Вашей компанией.</p><p>Я получил высшее образование в г. Гавана (Куба) и работал программистом у поставщика программного обеспечения. Имею опыт работы с клиентами, занимался защитой информации, управлял базами данных. Знаком со стандартными алгоритмами и структурами данных, немного с Linux. Уверенно программирую на языках C#, SQL. Только что закончил курс по разработке мобильных приложений на Android.</p><p>Владею испанским (родной), русским и английским языками. Люблю свою профессию и не перестаю самосовершенствоваться.</p><p>Больше информации обо мне Вы можете прочитать в резюме. Готов ответить на Ваши вопросы при личной встрече или по скайпу. При необходимости готов выполнить тестовое задание.</p><p>Вы можете связаться со мной по телефону 8 916 257 72 33, WhatsApp +7 963 7169740 или по электронной почте <a href="mailto:sadielgodales@gmail.com">sadielgodales@gmail.com</a>.</p><p><a href="https://github.com/sad8787/C-repo">https://github.com/sad8787/C-repo</a></p><p>https://github.com/sad8787/Java</p>

[2021-10-05T20:20:05.409Z] : [success]: Bot finished successfully, total execution time: 8s 131ms

[2021-10-05T20:20:05.411Z] : [info]: ---------------------------------------------

[2021-10-05T20:22:17.928Z] : [success]: Robot saved successfully

[2021-10-05T20:22:18.031Z] : [success]: Bot started

[2021-10-05T20:22:18.032Z] : [info]: Robot start

[2021-10-05T20:22:25.678Z] : [info]: <p>Добрый день,</p><p>Меня зовут Садиэль Годалес. </p><p>На сайте hh.ru меня заинтересовала вакансия программист, размещённая Вашей компанией.</p><p>Я получил высшее образование в г. Гавана (Куба) и работал программистом у поставщика программного обеспечения. Имею опыт работы с клиентами, занимался защитой информации, управлял базами данных. Знаком со стандартными алгоритмами и структурами данных, немного с Linux. Уверенно программирую на языках C#, SQL. Только что закончил курс по разработке мобильных приложений на Android.</p><p>Владею испанским (родной), русским и английским языками. Люблю свою профессию и не перестаю самосовершенствоваться.</p><p>Больше информации обо мне Вы можете прочитать в резюме. Готов ответить на Ваши вопросы при личной встрече или по скайпу. При необходимости готов выполнить тестовое задание.</p><p>Вы можете связаться со мной по телефону 8 916 257 72 33, WhatsApp +7 963 7169740 или по электронной почте <a href="mailto:sadielgodales@gmail.com">sadielgodales@gmail.com</a>.</p><p><a href="https://github.com/sad8787/C-repo">https://github.com/sad8787/C-repo</a></p><p>https://github.com/sad8787/Java</p>

[2021-10-05T20:22:25.697Z] : [info]: <p>Добрый день,</p><p>Меня зовут Садиэль Годалес. </p><p>На сайте hh.ru меня заинтересовала вакансия программист, размещённая Вашей компанией.</p><p>Я получил высшее образование в г. Гавана (Куба) и работал программистом у поставщика программного обеспечения. Имею опыт работы с клиентами, занимался защитой информации, управлял базами данных. Знаком со стандартными алгоритмами и структурами данных, немного с Linux. Уверенно программирую на языках C#, SQL. Только что закончил курс по разработке мобильных приложений на Android.</p><p>Владею испанским (родной), русским и английским языками. Люблю свою профессию и не перестаю самосовершенствоваться.</p><p>Больше информации обо мне Вы можете прочитать в резюме. Готов ответить на Ваши вопросы при личной встрече или по скайпу. При необходимости готов выполнить тестовое задание.</p><p>Вы можете связаться со мной по телефону 8 916 257 72 33, WhatsApp +7 963 7169740 или по электронной почте <a href="mailto:sadielgodales@gmail.com">sadielgodales@gmail.com</a>.</p><p><a href="https://github.com/sad8787/C-repo">https://github.com/sad8787/C-repo</a></p><p>https://github.com/sad8787/Java</p>

[2021-10-05T20:22:26.609Z] : [success]: Bot finished successfully, total execution time: 8s 545ms

[2021-10-05T20:22:26.613Z] : [info]: ---------------------------------------------

[2021-10-05T20:26:17.704Z] : [success]: Robot saved successfully

[2021-10-05T20:26:17.798Z] : [success]: Bot started

[2021-10-05T20:26:17.799Z] : [info]: Robot start

[2021-10-05T20:26:25.691Z] : [info]: <p>Добрый день,</p><p>Меня зовут Садиэль Годалес. </p><p>На сайте hh.ru меня заинтересовала вакансия программист, размещённая Вашей компанией.</p><p>Я получил высшее образование в г. Гавана (Куба) и работал программистом у поставщика программного обеспечения. Имею опыт работы с клиентами, занимался защитой информации, управлял базами данных. Знаком со стандартными алгоритмами и структурами данных, немного с Linux. Уверенно программирую на языках C#, SQL. Только что закончил курс по разработке мобильных приложений на Android.</p><p>Владею испанским (родной), русским и английским языками. Люблю свою профессию и не перестаю самосовершенствоваться.</p><p>Больше информации обо мне Вы можете прочитать в резюме. Готов ответить на Ваши вопросы при личной встрече или по скайпу. При необходимости готов выполнить тестовое задание.</p><p>Вы можете связаться со мной по телефону 8 916 257 72 33, WhatsApp +7 963 7169740 или по электронной почте <a href="mailto:sadielgodales@gmail.com">sadielgodales@gmail.com</a>.</p><p><a href="https://github.com/sad8787/C-repo">https://github.com/sad8787/C-repo</a></p><p>https://github.com/sad8787/Java</p>

[2021-10-05T20:26:25.706Z] : [info]: Me cago ento

[2021-10-05T20:26:26.702Z] : [success]: Bot finished successfully, total execution time: 8s 900ms

[2021-10-05T20:26:26.705Z] : [info]: ---------------------------------------------

[2021-10-05T20:27:33.975Z] : [success]: Robot saved successfully

[2021-10-05T20:27:34.083Z] : [success]: Bot started

[2021-10-05T20:27:34.084Z] : [info]: Robot start

[2021-10-05T20:27:41.909Z] : [info]: <p>Добрый день,</p><p>Меня зовут Садиэль Годалес. </p><p>На сайте hh.ru меня заинтересовала вакансия программист, размещённая Вашей компанией.</p><p>Я получил высшее образование в г. Гавана (Куба) и работал программистом у поставщика программного обеспечения. Имею опыт работы с клиентами, занимался защитой информации, управлял базами данных. Знаком со стандартными алгоритмами и структурами данных, немного с Linux. Уверенно программирую на языках C#, SQL. Только что закончил курс по разработке мобильных приложений на Android.</p><p>Владею испанским (родной), русским и английским языками. Люблю свою профессию и не перестаю самосовершенствоваться.</p><p>Больше информации обо мне Вы можете прочитать в резюме. Готов ответить на Ваши вопросы при личной встрече или по скайпу. При необходимости готов выполнить тестовое задание.</p><p>Вы можете связаться со мной по телефону 8 916 257 72 33, WhatsApp +7 963 7169740 или по электронной почте <a href="mailto:sadielgodales@gmail.com">sadielgodales@gmail.com</a>.</p><p><a href="https://github.com/sad8787/C-repo">https://github.com/sad8787/C-repo</a></p><p>https://github.com/sad8787/Java</p>

[2021-10-05T20:27:41.940Z] : [info]: Me cago ento

[2021-10-05T20:27:42.794Z] : [success]: Bot finished successfully, total execution time: 8s 702ms

[2021-10-05T20:27:42.797Z] : [info]: ---------------------------------------------

[2021-10-05T20:28:08.398Z] : [success]: Robot saved successfully

[2021-10-05T20:28:08.492Z] : [success]: Bot started

[2021-10-05T20:28:08.493Z] : [info]: Robot start

[2021-10-05T20:28:15.963Z] : [info]: <p>Добрый день,</p><p>Меня зовут Садиэль Годалес. </p><p>На сайте hh.ru меня заинтересовала вакансия программист, размещённая Вашей компанией.</p><p>Я получил высшее образование в г. Гавана (Куба) и работал программистом у поставщика программного обеспечения. Имею опыт работы с клиентами, занимался защитой информации, управлял базами данных. Знаком со стандартными алгоритмами и структурами данных, немного с Linux. Уверенно программирую на языках C#, SQL. Только что закончил курс по разработке мобильных приложений на Android.</p><p>Владею испанским (родной), русским и английским языками. Люблю свою профессию и не перестаю самосовершенствоваться.</p><p>Больше информации обо мне Вы можете прочитать в резюме. Готов ответить на Ваши вопросы при личной встрече или по скайпу. При необходимости готов выполнить тестовое задание.</p><p>Вы можете связаться со мной по телефону 8 916 257 72 33, WhatsApp +7 963 7169740 или по электронной почте <a href="mailto:sadielgodales@gmail.com">sadielgodales@gmail.com</a>.</p><p><a href="https://github.com/sad8787/C-repo">https://github.com/sad8787/C-repo</a></p><p>https://github.com/sad8787/Java</p>

[2021-10-05T20:28:15.993Z] : [info]: ostia

[2021-10-05T20:28:16.744Z] : [success]: Bot finished successfully, total execution time: 8s 247ms

[2021-10-05T20:28:16.746Z] : [info]: ---------------------------------------------

[2021-10-05T20:29:05.235Z] : [success]: Robot saved successfully

[2021-10-05T20:29:05.332Z] : [info]: ---------------------------------------------

[2021-10-05T20:29:05.332Z] : [success]: Bot started

[2021-10-05T20:29:05.333Z] : [info]: Robot start

[2021-10-05T20:29:11.798Z] : [info]: <p>Добрый день,</p><p>Меня зовут Садиэль Годалес. </p><p>На сайте hh.ru меня заинтересовала вакансия программист, размещённая Вашей компанией.</p><p>Я получил высшее образование в г. Гавана (Куба) и работал программистом у поставщика программного обеспечения. Имею опыт работы с клиентами, занимался защитой информации, управлял базами данных. Знаком со стандартными алгоритмами и структурами данных, немного с Linux. Уверенно программирую на языках C#, SQL. Только что закончил курс по разработке мобильных приложений на Android.</p><p>Владею испанским (родной), русским и английским языками. Люблю свою профессию и не перестаю самосовершенствоваться.</p><p>Больше информации обо мне Вы можете прочитать в резюме. Готов ответить на Ваши вопросы при личной встрече или по скайпу. При необходимости готов выполнить тестовое задание.</p><p>Вы можете связаться со мной по телефону 8 916 257 72 33, WhatsApp +7 963 7169740 или по электронной почте <a href="mailto:sadielgodales@gmail.com">sadielgodales@gmail.com</a>.</p><p><a href="https://github.com/sad8787/C-repo">https://github.com/sad8787/C-repo</a></p><p>https://github.com/sad8787/Java</p>

[2021-10-05T20:29:11.829Z] : [info]: ostia<p>Добрый день,</p><p>Меня зовут Садиэль Годалес. </p><p>На сайте hh.ru меня заинтересовала вакансия программист, размещённая Вашей компанией.</p><p>Я получил высшее образование в г. Гавана (Куба) и работал программистом у поставщика программного обеспечения. Имею опыт работы с клиентами, занимался защитой информации, управлял базами данных. Знаком со стандартными алгоритмами и структурами данных, немного с Linux. Уверенно программирую на языках C#, SQL. Только что закончил курс по разработке мобильных приложений на Android.</p><p>Владею испанским (родной), русским и английским языками. Люблю свою профессию и не перестаю самосовершенствоваться.</p><p>Больше информации обо мне Вы можете прочитать в резюме. Готов ответить на Ваши вопросы при личной встрече или по скайпу. При необходимости готов выполнить тестовое задание.</p><p>Вы можете связаться со мной по телефону 8 916 257 72 33, WhatsApp +7 963 7169740 или по электронной почте <a href="mailto:sadielgodales@gmail.com">sadielgodales@gmail.com</a>.</p><p><a href="https://github.com/sad8787/C-repo">https://github.com/sad8787/C-repo</a></p><p>https://github.com/sad8787/Java</p>

[2021-10-05T20:29:12.359Z] : [success]: Bot finished successfully, total execution time: 7s 22ms

[2021-10-05T20:29:12.361Z] : [info]: ---------------------------------------------

[2021-10-05T20:30:50.531Z] : [success]: Robot saved successfully

[2021-10-05T20:30:50.637Z] : [success]: Bot started

[2021-10-05T20:30:50.638Z] : [info]: Robot start

[2021-10-05T20:30:58.373Z] : [info]: <p>Добрый день,</p><p>Меня зовут Садиэль Годалес. </p><p>На сайте hh.ru меня заинтересовала вакансия программист, размещённая Вашей компанией.</p><p>Я получил высшее образование в г. Гавана (Куба) и работал программистом у поставщика программного обеспечения. Имею опыт работы с клиентами, занимался защитой информации, управлял базами данных. Знаком со стандартными алгоритмами и структурами данных, немного с Linux. Уверенно программирую на языках C#, SQL. Только что закончил курс по разработке мобильных приложений на Android.</p><p>Владею испанским (родной), русским и английским языками. Люблю свою профессию и не перестаю самосовершенствоваться.</p><p>Больше информации обо мне Вы можете прочитать в резюме. Готов ответить на Ваши вопросы при личной встрече или по скайпу. При необходимости готов выполнить тестовое задание.</p><p>Вы можете связаться со мной по телефону 8 916 257 72 33, WhatsApp +7 963 7169740 или по электронной почте <a href="mailto:sadielgodales@gmail.com">sadielgodales@gmail.com</a>.</p><p><a href="https://github.com/sad8787/C-repo">https://github.com/sad8787/C-repo</a></p><p>https://github.com/sad8787/Java</p>

[2021-10-05T20:30:58.387Z] : [info]:  Добрый день,</p><p>Меня зовут Садиэль Годалес. </p><p>На сайте hh.ru меня заинтересовала вакансия программист, размещённая Вашей компанией.</p><p>Я получил высшее образование в г. Гавана (Куба) и работал программистом у поставщика программного обеспечения. Имею опыт работы с клиентами, занимался защитой информации, управлял базами данных. Знаком со стандартными алгоритмами и структурами данных, немного с Linux. Уверенно программирую на языках C#, SQL. Только что закончил курс по разработке мобильных приложений на Android.</p><p>Владею испанским (родной), русским и английским языками. Люблю свою профессию и не перестаю самосовершенствоваться.</p><p>Больше информации обо мне Вы можете прочитать в резюме. Готов ответить на Ваши вопросы при личной встрече или по скайпу. При необходимости готов выполнить тестовое задание.</p><p>Вы можете связаться со мной по телефону 8 916 257 72 33, WhatsApp +7 963 7169740 или по электронной почте <a href="mailto:sadielgodales@gmail.com">sadielgodales@gmail.com</a>.</p><p><a href="https://github.com/sad8787/C-repo">https://github.com/sad8787/C-repo</a></p><p>https://github.com/sad8787/Java</p>

[2021-10-05T20:31:00.488Z] : [success]: Bot finished successfully, total execution time: 9s 846ms

[2021-10-05T20:31:00.695Z] : [info]: ---------------------------------------------

[2021-10-05T20:31:53.821Z] : [success]: Robot saved successfully

[2021-10-05T20:31:53.912Z] : [success]: Bot started

[2021-10-05T20:31:53.913Z] : [info]: Robot start

[2021-10-05T20:31:59.891Z] : [info]: <p>Добрый день,</p><p>Меня зовут Садиэль Годалес. </p><p>На сайте hh.ru меня заинтересовала вакансия программист, размещённая Вашей компанией.</p><p>Я получил высшее образование в г. Гавана (Куба) и работал программистом у поставщика программного обеспечения. Имею опыт работы с клиентами, занимался защитой информации, управлял базами данных. Знаком со стандартными алгоритмами и структурами данных, немного с Linux. Уверенно программирую на языках C#, SQL. Только что закончил курс по разработке мобильных приложений на Android.</p><p>Владею испанским (родной), русским и английским языками. Люблю свою профессию и не перестаю самосовершенствоваться.</p><p>Больше информации обо мне Вы можете прочитать в резюме. Готов ответить на Ваши вопросы при личной встрече или по скайпу. При необходимости готов выполнить тестовое задание.</p><p>Вы можете связаться со мной по телефону 8 916 257 72 33, WhatsApp +7 963 7169740 или по электронной почте <a href="mailto:sadielgodales@gmail.com">sadielgodales@gmail.com</a>.</p><p><a href="https://github.com/sad8787/C-repo">https://github.com/sad8787/C-repo</a></p><p>https://github.com/sad8787/Java</p>

[2021-10-05T20:31:59.907Z] : [info]:  Добрый день,</p><p>Меня зовут Садиэль Годалес. </p><p>На сайте hh.ru меня заинтересовала вакансия программист, размещённая Вашей компанией.</p><p>Я получил высшее образование в г. Гавана (Куба) и работал программистом у поставщика программного обеспечения. Имею опыт работы с клиентами, занимался защитой информации, управлял базами данных. Знаком со стандартными алгоритмами и структурами данных, немного с Linux. Уверенно программирую на языках C#, SQL. Только что закончил курс по разработке мобильных приложений на Android.</p><p>Владею испанским (родной), русским и английским языками. Люблю свою профессию и не перестаю самосовершенствоваться.</p><p>Больше информации обо мне Вы можете прочитать в резюме. Готов ответить на Ваши вопросы при личной встрече или по скайпу. При необходимости готов выполнить тестовое задание.</p><p>Вы можете связаться со мной по телефону 8 916 257 72 33, WhatsApp +7 963 7169740 или по электронной почте <a href="mailto:sadielgodales@gmail.com">sadielgodales@gmail.com</a>.</p><p><a href="https://github.com/sad8787/C-repo">https://github.com/sad8787/C-repo</a></p><p>https://github.com/sad8787/Java</p>

[2021-10-05T20:32:00.454Z] : [success]: Bot finished successfully, total execution time: 6s 538ms

[2021-10-05T20:32:00.455Z] : [info]: ---------------------------------------------

[2021-10-05T20:42:00.229Z] : [success]: Robot saved successfully

[2021-10-05T20:42:00.335Z] : [success]: Bot started

[2021-10-05T20:42:00.336Z] : [info]: Robot start

[2021-10-05T20:42:09.176Z] : [success]: Bot finished successfully, total execution time: 8s 837ms

[2021-10-05T20:42:09.179Z] : [info]: ---------------------------------------------

[2021-10-05T20:44:58.274Z] : [success]: Robot saved successfully

[2021-10-05T20:44:58.390Z] : [info]: ---------------------------------------------

[2021-10-05T20:44:58.391Z] : [success]: Bot started

[2021-10-05T20:44:58.391Z] : [info]: Robot start

[2021-10-05T20:45:02.238Z] : [success]: Bot finished successfully, total execution time: 3s 843ms

[2021-10-05T20:45:02.240Z] : [info]: ---------------------------------------------

[2021-10-05T20:59:24.531Z] : [success]: Robot saved successfully

[2021-10-05T20:59:24.686Z] : [success]: Bot started

[2021-10-05T20:59:24.688Z] : [info]: Robot start

[2021-10-05T20:59:33.878Z] : [success]: Bot finished successfully, total execution time: 9s 186ms

[2021-10-05T20:59:33.880Z] : [info]: ---------------------------------------------

[2021-10-05T21:01:32.934Z] : [success]: Robot saved successfully

[2021-10-05T21:01:33.038Z] : [success]: Bot started

[2021-10-05T21:01:33.039Z] : [info]: Robot start

[2021-10-05T21:01:37.257Z] : [error]: Selectors: Nothing found

[2021-10-05T21:01:37.262Z] : [error]: Total execution time: 4s 217ms

[2021-10-05T21:01:37.266Z] : [info]: ---------------------------------------------

