
  ==========================================
  Studio Pro version: 6.3.2
  Started at: 7/10/2021 23:48:54
  ==========================================
  

[2021-10-07T20:59:29.460Z] : [success]: Robot saved successfully

[2021-10-07T20:59:29.610Z] : [info]: ---------------------------------------------

[2021-10-07T20:59:29.611Z] : [success]: Bot started

[2021-10-07T20:59:29.612Z] : [info]: Robot start

[2021-10-07T20:59:32.153Z] : [info]: <p>Добрый день,</p><p></p><p>Меня зовут Садиэль Годалес. </p><p></p><p>На сайте hh.ru меня заинтересовала вакансия Специалист по IT, размещённая Вашей компанией.</p><p>Я получил высшее образование в г. Гавана (Куба) и работал программистом у поставщика программного обеспечения. Имею опыт работы с клиентами, занимался защитой информации, управлял базами данных. Знаком со стандартными алгоритмами и структурами данных, немного с Linux. Уверенно программирую на языках C#, SQL. Только что закончил курс по разработке мобильных приложений на Android.</p><p>Владею испанским (родной), русским и английским языками. Люблю свою профессию и не перестаю самосовершенствоваться.</p><p>Больше информации обо мне Вы можете прочитать в резюме. Готов ответить на Ваши вопросы при личной встрече или по скайпу. При необходимости готов выполнить тестовое задание.</p><p>Вы можете связаться со мной по телефону 8 916 257 72 33, WhatsApp +7 963 7169740 или по электронной почте, sadielgodales@gmail.com.</p><p>https://github.com/sad8787/C-repo</p><p>https://github.com/sad8787/Java</p><p></p>

[2021-10-07T20:59:32.167Z] : [info]:  Добрый день,
 
 Меня зовут Садиэль Годалес. 
 
 На сайте hh.ru меня заинтересовала вакансия Специалист по IT, размещённая Вашей компанией.
 Я получил высшее образование в г. Гавана (Куба) и работал программистом у поставщика программного обеспечения. Имею опыт работы с клиентами, занимался защитой информации, управлял базами данных. Знаком со стандартными алгоритмами и структурами данных, немного с Linux. Уверенно программирую на языках C#, SQL. Только что закончил курс по разработке мобильных приложений на Android.
 Владею испанским (родной), русским и английским языками. Люблю свою профессию и не перестаю самосовершенствоваться.
 Больше информации обо мне Вы можете прочитать в резюме. Готов ответить на Ваши вопросы при личной встрече или по скайпу. При необходимости готов выполнить тестовое задание.
 Вы можете связаться со мной по телефону 8 916 257 72 33, WhatsApp +7 963 7169740 или по электронной почте, sadielgodales@gmail.com.
 https://github.com/sad8787/C-repo
 https://github.com/sad8787/Java
 


[2021-10-07T20:59:38.381Z] : [info]: someone is there

[2021-10-07T20:59:56.739Z] : [info]: END Loguin

[2021-10-07T21:00:01.592Z] : [info]: END search

[2021-10-07T21:00:05.095Z] : [info]: choose Summary. Send cover letter

[2021-10-07T21:00:06.977Z] : [info]: si aclicar

[2021-10-07T21:00:30.162Z] : [info]: END search

[2021-10-07T21:00:34.003Z] : [info]: choose Summary. Send cover letter

[2021-10-07T21:00:35.963Z] : [info]: si aclicar

[2021-10-07T21:00:58.826Z] : [info]: END search

[2021-10-07T21:01:01.401Z] : [info]: 1209 ; 528

[2021-10-07T21:01:04.736Z] : [info]: Una propuesta fue seleccionada

[2021-10-07T21:01:26.813Z] : [info]: take contact details

[2021-10-07T21:01:29.844Z] : [info]: choose Summary. Send cover letter

[2021-10-07T21:01:31.504Z] : [info]: si aclicar

[2021-10-07T21:01:54.747Z] : [info]: END search

[2021-10-07T21:02:00.386Z] : [info]: choose Summary. Send cover letter

[2021-10-07T21:02:02.605Z] : [info]: si aclicar

[2021-10-07T21:04:22.591Z] : [error]: Script Stopped.

[2021-10-07T21:04:22.604Z] : [warn]: Total execution time: 4m 52s 978ms

[2021-10-07T21:04:22.605Z] : [info]: ---------------------------------------------

[2021-10-07T21:29:52.538Z] : [success]: Robot saved successfully

