
  ==========================================
  Studio Pro version: 6.3.2
  Started at: 9/10/2021 23:50:00
  ==========================================
  

[2021-10-09T20:50:30.505Z] : [success]: Robot saved successfully

[2021-10-09T20:50:30.699Z] : [info]: ---------------------------------------------

[2021-10-09T20:50:30.700Z] : [success]: Bot started

[2021-10-09T20:50:30.701Z] : [info]: Robot start

[2021-10-09T20:50:33.216Z] : [info]: <p>Добрый день,</p><p></p><p>Меня зовут Садиэль Годалес. </p><p></p><p>На сайте hh.ru меня заинтересовала вакансия Специалист по IT, размещённая Вашей компанией.</p><p>Я получил высшее образование в г. Гавана (Куба) и работал программистом у поставщика программного обеспечения. Имею опыт работы с клиентами, занимался защитой информации, управлял базами данных. Знаком со стандартными алгоритмами и структурами данных, немного с Linux. Уверенно программирую на языках C#, SQL. Только что закончил курс по разработке мобильных приложений на Android.</p><p>Владею испанским (родной), русским и английским языками. Люблю свою профессию и не перестаю самосовершенствоваться.</p><p>Больше информации обо мне Вы можете прочитать в резюме. Готов ответить на Ваши вопросы при личной встрече или по скайпу. При необходимости готов выполнить тестовое задание.</p><p>Вы можете связаться со мной по телефону 8 916 257 72 33, WhatsApp +7 963 7169740 или по электронной почте, sadielgodales@gmail.com.</p><p>https://github.com/sad8787/C-repo</p><p>https://github.com/sad8787/Java</p><p></p>

[2021-10-09T20:50:40.095Z] : [info]: someone is there

[2021-10-09T20:51:03.181Z] : [info]: END Loguin

[2021-10-09T20:51:07.990Z] : [info]: END search

[2021-10-09T20:51:13.466Z] : [info]: Una propuesta fue seleccionada

[2021-10-09T20:52:29.680Z] : [info]: choose Summary. Send cover letter

[2021-10-09T20:52:45.810Z] : [info]: no aclicar porque Es examen

[2021-10-09T20:53:08.755Z] : [info]: END search

[2021-10-09T20:53:16.491Z] : [info]: choose Summary. Send cover letter

[2021-10-09T20:53:18.150Z] : [info]: si aclicar

[2021-10-09T20:53:41.236Z] : [info]: END search

[2021-10-09T20:53:46.933Z] : [info]: choose Summary. Send cover letter

[2021-10-09T20:53:48.718Z] : [info]: si aclicar

[2021-10-09T20:54:11.964Z] : [info]: END search

[2021-10-09T20:54:18.580Z] : [info]: choose Summary. Send cover letter

[2021-10-09T20:54:20.468Z] : [info]: si aclicar

[2021-10-09T20:54:43.763Z] : [info]: END search

[2021-10-09T20:54:53.226Z] : [info]: choose Summary. Send cover letter

[2021-10-09T20:55:09.277Z] : [info]: no aclicar porque Es examen

[2021-10-09T20:55:29.489Z] : [info]: END search

[2021-10-09T20:55:38.793Z] : [info]: choose Summary. Send cover letter

[2021-10-09T20:55:54.733Z] : [info]: no aclicar porque Es examen

[2021-10-09T20:56:14.680Z] : [info]: END search

[2021-10-09T20:56:24.221Z] : [info]: choose Summary. Send cover letter

[2021-10-09T20:56:40.313Z] : [info]: no aclicar porque Es examen

[2021-10-09T20:57:00.662Z] : [info]: END search

[2021-10-09T20:57:10.205Z] : [info]: choose Summary. Send cover letter

[2021-10-09T20:57:11.918Z] : [info]: si aclicar

[2021-10-09T20:57:34.951Z] : [info]: END search

[2021-10-09T20:57:42.523Z] : [info]: choose Summary. Send cover letter

[2021-10-09T20:57:44.177Z] : [info]: si aclicar

[2021-10-09T20:58:07.513Z] : [info]: END search

[2021-10-09T20:58:12.873Z] : [info]: Una propuesta fue seleccionada

[2021-10-09T20:58:40.033Z] : [info]: choose Summary. Send cover letter

[2021-10-09T20:58:41.636Z] : [info]: si aclicar

[2021-10-09T20:59:05.710Z] : [info]: END search

[2021-10-09T20:59:13.082Z] : [info]: choose Summary. Send cover letter

[2021-10-09T20:59:14.753Z] : [info]: si aclicar

[2021-10-09T20:59:37.666Z] : [info]: END search

[2021-10-09T20:59:44.123Z] : [info]: choose Summary. Send cover letter

[2021-10-09T20:59:45.847Z] : [info]: si aclicar

[2021-10-09T21:00:09.105Z] : [info]: END search

[2021-10-09T21:00:14.422Z] : [info]: Una propuesta fue seleccionada

[2021-10-09T21:00:43.123Z] : [info]: choose Summary. Send cover letter

[2021-10-09T21:00:44.828Z] : [info]: si aclicar

[2021-10-09T21:01:08.798Z] : [info]: END search

[2021-10-09T21:01:18.338Z] : [info]: choose Summary. Send cover letter

[2021-10-09T21:01:20.011Z] : [info]: si aclicar

[2021-10-09T21:01:43.051Z] : [info]: END search

[2021-10-09T21:01:49.265Z] : [info]: Una propuesta fue seleccionada

[2021-10-09T21:02:33.110Z] : [info]: take contact details

[2021-10-09T21:02:44.024Z] : [info]: choose Summary. Send cover letter

[2021-10-09T21:02:45.720Z] : [info]: si aclicar

[2021-10-09T21:03:08.809Z] : [info]: END search

[2021-10-09T21:03:18.100Z] : [info]: choose Summary. Send cover letter

[2021-10-09T21:03:19.765Z] : [info]: si aclicar

[2021-10-09T21:03:42.667Z] : [info]: END search

[2021-10-09T21:03:50.276Z] : [info]: choose Summary. Send cover letter

[2021-10-09T21:03:51.936Z] : [info]: si aclicar

[2021-10-09T21:04:14.692Z] : [info]: END search

[2021-10-09T21:04:24.768Z] : [info]: choose Summary. Send cover letter

[2021-10-09T21:04:26.430Z] : [info]: si aclicar

[2021-10-09T21:04:49.400Z] : [info]: END search

[2021-10-09T21:04:56.033Z] : [info]: choose Summary. Send cover letter

[2021-10-09T21:04:57.711Z] : [info]: si aclicar

[2021-10-09T21:05:20.669Z] : [info]: END search

[2021-10-09T21:05:27.061Z] : [info]: choose Summary. Send cover letter

[2021-10-09T21:05:28.714Z] : [info]: si aclicar

[2021-10-09T21:05:51.650Z] : [info]: END search

[2021-10-09T21:06:00.873Z] : [info]: choose Summary. Send cover letter

[2021-10-09T21:06:02.538Z] : [info]: si aclicar

[2021-10-09T21:06:25.480Z] : [info]: END search

[2021-10-09T21:06:32.820Z] : [info]: choose Summary. Send cover letter

[2021-10-09T21:06:34.484Z] : [info]: si aclicar

[2021-10-09T21:06:57.692Z] : [info]: END search

[2021-10-09T21:07:05.312Z] : [info]: choose Summary. Send cover letter

[2021-10-09T21:07:08.785Z] : [info]: si aclicar

[2021-10-09T21:07:31.806Z] : [info]: END search

[2021-10-09T21:07:37.203Z] : [info]: Una propuesta fue seleccionada

[2021-10-09T21:07:55.079Z] : [info]: take contact details

[2021-10-09T21:08:06.309Z] : [info]: choose Summary. Send cover letter

[2021-10-09T21:08:08.004Z] : [info]: si aclicar

[2021-10-09T21:08:31.041Z] : [info]: END search

[2021-10-09T21:08:36.448Z] : [info]: Una propuesta fue seleccionada

[2021-10-09T21:09:06.059Z] : [info]: choose Summary. Send cover letter

[2021-10-09T21:09:07.747Z] : [info]: si aclicar

[2021-10-09T21:09:31.479Z] : [info]: END search

[2021-10-09T21:09:40.981Z] : [info]: choose Summary. Send cover letter

[2021-10-09T21:09:42.743Z] : [info]: si aclicar

[2021-10-09T21:10:06.004Z] : [info]: END search

[2021-10-09T21:10:15.527Z] : [info]: choose Summary. Send cover letter

[2021-10-09T21:10:17.229Z] : [info]: si aclicar

[2021-10-09T21:10:40.360Z] : [info]: END search

[2021-10-09T21:10:47.827Z] : [info]: choose Summary. Send cover letter

[2021-10-09T21:10:49.509Z] : [info]: si aclicar

[2021-10-09T21:11:12.821Z] : [info]: END search

[2021-10-09T21:11:20.353Z] : [info]: choose Summary. Send cover letter

[2021-10-09T21:11:22.030Z] : [info]: si aclicar

[2021-10-09T21:11:45.092Z] : [info]: END search

[2021-10-09T21:11:52.471Z] : [info]: choose Summary. Send cover letter

[2021-10-09T21:11:54.150Z] : [info]: si aclicar

[2021-10-09T21:12:17.278Z] : [info]: END search

[2021-10-09T21:12:25.951Z] : [info]: choose Summary. Send cover letter

[2021-10-09T21:12:27.577Z] : [info]: si aclicar

[2021-10-09T21:12:50.695Z] : [info]: END search

[2021-10-09T21:12:57.361Z] : [info]: choose Summary. Send cover letter

[2021-10-09T21:12:59.361Z] : [info]: si aclicar

[2021-10-09T21:13:22.727Z] : [info]: END search

[2021-10-09T21:13:29.269Z] : [info]: choose Summary. Send cover letter

[2021-10-09T21:13:31.131Z] : [info]: si aclicar

[2021-10-09T21:13:54.250Z] : [info]: END search

[2021-10-09T21:14:00.911Z] : [info]: choose Summary. Send cover letter

[2021-10-09T21:14:02.612Z] : [info]: si aclicar

[2021-10-09T21:14:25.598Z] : [info]: END search

[2021-10-09T21:14:35.011Z] : [info]: choose Summary. Send cover letter

[2021-10-09T21:14:36.692Z] : [info]: si aclicar

[2021-10-09T21:14:59.801Z] : [info]: END search

[2021-10-09T21:15:08.541Z] : [info]: choose Summary. Send cover letter

[2021-10-09T21:15:10.225Z] : [info]: si aclicar

[2021-10-09T21:15:33.411Z] : [info]: END search

[2021-10-09T21:15:38.788Z] : [info]: Una propuesta fue seleccionada

[2021-10-09T21:16:17.273Z] : [info]: choose Summary. Send cover letter

[2021-10-09T21:16:19.035Z] : [info]: si aclicar

[2021-10-09T21:16:44.296Z] : [info]: END search

[2021-10-09T21:16:51.932Z] : [info]: choose Summary. Send cover letter

[2021-10-09T21:16:53.630Z] : [info]: si aclicar

[2021-10-09T21:17:17.049Z] : [info]: END search

[2021-10-09T21:17:26.483Z] : [info]: choose Summary. Send cover letter

[2021-10-09T21:17:42.264Z] : [info]: no aclicar porque Es examen

[2021-10-09T21:18:02.665Z] : [info]: END search

[2021-10-09T21:18:10.201Z] : [info]: choose Summary. Send cover letter

[2021-10-09T21:18:26.499Z] : [info]: no aclicar porque Es examen

[2021-10-09T21:18:32.272Z] : [info]: Error 

[2021-10-09T21:18:38.527Z] : [success]: Bot finished successfully, total execution time: 28m 7s 822ms

[2021-10-09T21:18:38.529Z] : [info]: ---------------------------------------------

[2021-10-09T21:22:06.604Z] : [success]: Robot saved successfully

[2021-10-09T21:22:06.745Z] : [success]: Bot started

[2021-10-09T21:22:06.746Z] : [info]: Robot start

[2021-10-09T21:22:13.195Z] : [info]: <p>Добрый день,</p><p></p><p>Меня зовут Садиэль Годалес. </p><p></p><p>На сайте hh.ru меня заинтересовала вакансия Специалист по IT, размещённая Вашей компанией.</p><p>Я получил высшее образование в г. Гавана (Куба) и работал программистом у поставщика программного обеспечения. Имею опыт работы с клиентами, занимался защитой информации, управлял базами данных. Знаком со стандартными алгоритмами и структурами данных, немного с Linux. Уверенно программирую на языках C#, SQL. Только что закончил курс по разработке мобильных приложений на Android.</p><p>Владею испанским (родной), русским и английским языками. Люблю свою профессию и не перестаю самосовершенствоваться.</p><p>Больше информации обо мне Вы можете прочитать в резюме. Готов ответить на Ваши вопросы при личной встрече или по скайпу. При необходимости готов выполнить тестовое задание.</p><p>Вы можете связаться со мной по телефону 8 916 257 72 33, WhatsApp +7 963 7169740 или по электронной почте, sadielgodales@gmail.com.</p><p>https://github.com/sad8787/C-repo</p><p>https://github.com/sad8787/Java</p><p></p>

[2021-10-09T21:22:20.757Z] : [info]: someone is there

[2021-10-09T21:22:44.505Z] : [info]: END Loguin

[2021-10-09T21:22:49.366Z] : [info]: END search

[2021-10-09T21:22:56.996Z] : [info]: choose Summary. Send cover letter

[2021-10-09T21:23:13.229Z] : [info]: no aclicar porque Es examen

[2021-10-09T21:23:32.284Z] : [info]: END search

[2021-10-09T21:23:43.057Z] : [info]: choose Summary. Send cover letter

[2021-10-09T21:23:58.996Z] : [info]: no aclicar porque Es examen

[2021-10-09T21:24:20.973Z] : [info]: END search

[2021-10-09T21:24:27.739Z] : [info]: Una propuesta fue seleccionada

[2021-10-09T21:24:57.594Z] : [info]: take contact details

[2021-10-09T21:25:11.031Z] : [info]: choose Summary. Send cover letter

[2021-10-09T21:25:12.852Z] : [info]: si aclicar

[2021-10-09T21:25:35.887Z] : [info]: END search

[2021-10-09T21:25:43.436Z] : [info]: choose Summary. Send cover letter

[2021-10-09T21:25:45.117Z] : [info]: si aclicar

[2021-10-09T21:26:08.236Z] : [info]: END search

[2021-10-09T21:26:19.499Z] : [info]: choose Summary. Send cover letter

[2021-10-09T21:26:21.186Z] : [info]: si aclicar

[2021-10-09T21:26:44.362Z] : [info]: END search

[2021-10-09T21:26:51.903Z] : [info]: choose Summary. Send cover letter

[2021-10-09T21:26:53.612Z] : [info]: si aclicar

[2021-10-09T21:27:16.899Z] : [info]: END search

[2021-10-09T21:27:24.499Z] : [info]: choose Summary. Send cover letter

[2021-10-09T21:27:26.229Z] : [info]: si aclicar

[2021-10-09T21:27:49.555Z] : [info]: END search

[2021-10-09T21:28:00.948Z] : [info]: choose Summary. Send cover letter

[2021-10-09T21:28:02.677Z] : [info]: si aclicar

[2021-10-09T21:28:26.081Z] : [info]: END search

[2021-10-09T21:28:32.592Z] : [info]: choose Summary. Send cover letter

[2021-10-09T21:28:34.184Z] : [info]: si aclicar

[2021-10-09T21:28:57.343Z] : [info]: END search

[2021-10-09T21:29:08.678Z] : [info]: choose Summary. Send cover letter

[2021-10-09T21:29:10.450Z] : [info]: si aclicar

[2021-10-09T21:29:35.109Z] : [info]: END search

[2021-10-09T21:29:42.735Z] : [info]: choose Summary. Send cover letter

[2021-10-09T21:29:58.707Z] : [info]: no aclicar porque Es examen

[2021-10-09T21:30:04.755Z] : [info]: Error 

[2021-10-09T21:30:05.822Z] : [success]: Bot finished successfully, total execution time: 7m 59s 64ms

[2021-10-09T21:30:05.824Z] : [info]: ---------------------------------------------

[2021-10-09T21:34:20.859Z] : [success]: Robot saved successfully

[2021-10-09T21:34:21.513Z] : [success]: Robot saved successfully

[2021-10-09T21:34:29.491Z] : [success]: Robot saved successfully

[2021-10-09T21:34:29.618Z] : [success]: Bot started

[2021-10-09T21:34:29.619Z] : [info]: Robot start

[2021-10-09T21:34:36.031Z] : [info]: <p>Добрый день,</p><p></p><p>Меня зовут Садиэль Годалес. </p><p></p><p>На сайте hh.ru меня заинтересовала вакансия Специалист по IT, размещённая Вашей компанией.</p><p>Я получил высшее образование в г. Гавана (Куба) и работал программистом у поставщика программного обеспечения. Имею опыт работы с клиентами, занимался защитой информации, управлял базами данных. Знаком со стандартными алгоритмами и структурами данных, немного с Linux. Уверенно программирую на языках C#, SQL. Только что закончил курс по разработке мобильных приложений на Android.</p><p>Владею испанским (родной), русским и английским языками. Люблю свою профессию и не перестаю самосовершенствоваться.</p><p>Больше информации обо мне Вы можете прочитать в резюме. Готов ответить на Ваши вопросы при личной встрече или по скайпу. При необходимости готов выполнить тестовое задание.</p><p>Вы можете связаться со мной по телефону 8 916 257 72 33, WhatsApp +7 963 7169740 или по электронной почте, sadielgodales@gmail.com.</p><p>https://github.com/sad8787/C-repo</p><p>https://github.com/sad8787/Java</p><p></p>

[2021-10-09T21:34:43.281Z] : [info]: someone is there

[2021-10-09T21:35:07.238Z] : [info]: END Loguin

[2021-10-09T21:35:14.569Z] : [info]: END search

[2021-10-09T21:35:22.154Z] : [info]: choose Summary. Send cover letter

[2021-10-09T21:35:26.732Z] : [info]: si aclicar

[2021-10-09T21:35:49.995Z] : [info]: END search

[2021-10-09T21:36:00.982Z] : [info]: choose Summary. Send cover letter

[2021-10-09T21:36:02.774Z] : [info]: si aclicar

[2021-10-09T21:36:26.186Z] : [info]: END search

[2021-10-09T21:36:33.671Z] : [info]: choose Summary. Send cover letter

[2021-10-09T21:36:35.372Z] : [info]: si aclicar

[2021-10-09T21:36:59.875Z] : [info]: END search

[2021-10-09T21:37:10.060Z] : [info]: choose Summary. Send cover letter

[2021-10-09T21:37:11.804Z] : [info]: si aclicar

[2021-10-09T21:37:36.514Z] : [info]: END search

[2021-10-09T21:37:43.087Z] : [info]: choose Summary. Send cover letter

[2021-10-09T21:37:44.845Z] : [info]: si aclicar

[2021-10-09T21:38:08.335Z] : [info]: END search

[2021-10-09T21:38:14.904Z] : [info]: choose Summary. Send cover letter

[2021-10-09T21:38:16.733Z] : [info]: si aclicar

[2021-10-09T21:38:40.352Z] : [info]: END search

[2021-10-09T21:38:48.036Z] : [info]: choose Summary. Send cover letter

[2021-10-09T21:38:49.988Z] : [info]: si aclicar

[2021-10-09T21:39:13.811Z] : [info]: END search

[2021-10-09T21:39:21.229Z] : [info]: choose Summary. Send cover letter

[2021-10-09T21:39:22.985Z] : [info]: si aclicar

[2021-10-09T21:39:47.989Z] : [info]: END search

[2021-10-09T21:39:54.514Z] : [info]: choose Summary. Send cover letter

[2021-10-09T21:39:56.146Z] : [info]: si aclicar

[2021-10-09T21:40:19.759Z] : [info]: END search

[2021-10-09T21:40:25.482Z] : [info]: choose Summary. Send cover letter

[2021-10-09T21:40:27.454Z] : [info]: si aclicar

[2021-10-09T21:41:55.849Z] : [error]: Script Stopped.

[2021-10-09T21:41:55.853Z] : [warn]: Total execution time: 7m 26s 229ms

[2021-10-09T21:41:55.855Z] : [info]: ---------------------------------------------

[2021-10-09T21:43:22.417Z] : [success]: Robot saved successfully

[2021-10-09T21:43:28.385Z] : [success]: Robot saved successfully

[2021-10-09T21:43:28.537Z] : [success]: Bot started

[2021-10-09T21:43:28.538Z] : [info]: Robot start

[2021-10-09T21:43:34.767Z] : [info]: <p>Добрый день,</p><p></p><p>Меня зовут Садиэль Годалес. </p><p></p><p>На сайте hh.ru меня заинтересовала вакансия програмист с#, размещённая Вашей компанией.</p><p>Я получил высшее образование в г. Гавана (Куба) и работал программистом у поставщика программного обеспечения. Имею опыт работы с клиентами, занимался защитой информации, управлял базами данных. Знаком со стандартными алгоритмами и структурами данных, немного с Linux. Уверенно программирую на языках C#, SQL. Только что закончил курс по разработке мобильных приложений на Android.</p><p>Владею испанским (родной), русским и английским языками. Люблю свою профессию и не перестаю самосовершенствоваться.</p><p>Больше информации обо мне Вы можете прочитать в резюме. Готов ответить на Ваши вопросы при личной встрече или по скайпу. При необходимости готов выполнить тестовое задание.</p><p>Вы можете связаться со мной по телефону 8 916 257 72 33, WhatsApp +7 963 7169740 или по электронной почте, sadielgodales@gmail.com.</p><p>https://github.com/sad8787/C-repo</p><p>https://github.com/sad8787/Java</p><p></p>

[2021-10-09T21:43:41.463Z] : [info]: someone is there

[2021-10-09T21:44:04.871Z] : [info]: END Loguin

[2021-10-09T21:44:10.068Z] : [info]: END search

[2021-10-09T21:44:20.867Z] : [info]: choose Summary. Send cover letter

[2021-10-09T21:44:22.534Z] : [info]: si aclicar

[2021-10-09T21:44:45.568Z] : [info]: END search

[2021-10-09T21:44:53.243Z] : [info]: choose Summary. Send cover letter

[2021-10-09T21:44:55.438Z] : [info]: si aclicar

[2021-10-09T21:45:20.289Z] : [info]: END search

[2021-10-09T21:45:31.536Z] : [info]: choose Summary. Send cover letter

[2021-10-09T21:45:33.240Z] : [info]: si aclicar

[2021-10-09T21:45:56.353Z] : [info]: END search

[2021-10-09T21:46:01.829Z] : [info]: Una propuesta fue seleccionada

[2021-10-09T21:46:31.867Z] : [info]: choose Summary. Send cover letter

[2021-10-09T21:46:33.555Z] : [info]: si aclicar

[2021-10-09T21:46:57.800Z] : [info]: END search

[2021-10-09T21:47:05.390Z] : [info]: choose Summary. Send cover letter

[2021-10-09T21:47:07.724Z] : [info]: si aclicar

[2021-10-09T21:47:31.213Z] : [info]: END search

[2021-10-09T21:47:37.003Z] : [info]: Una propuesta fue seleccionada

[2021-10-09T21:48:01.268Z] : [info]: choose Summary. Send cover letter

[2021-10-09T21:48:02.952Z] : [info]: si aclicar

[2021-10-09T21:48:27.017Z] : [info]: END search

[2021-10-09T21:48:33.554Z] : [info]: choose Summary. Send cover letter

[2021-10-09T21:48:35.370Z] : [info]: si aclicar

[2021-10-09T21:48:58.970Z] : [info]: END search

[2021-10-09T21:49:06.436Z] : [info]: choose Summary. Send cover letter

[2021-10-09T21:49:08.128Z] : [info]: si aclicar

[2021-10-09T21:49:31.645Z] : [info]: END search

[2021-10-09T21:49:39.338Z] : [info]: choose Summary. Send cover letter

[2021-10-09T21:49:41.049Z] : [info]: si aclicar

[2021-10-09T21:50:04.537Z] : [info]: END search

[2021-10-09T21:50:11.109Z] : [info]: choose Summary. Send cover letter

[2021-10-09T21:50:12.972Z] : [info]: si aclicar

[2021-10-09T21:50:36.544Z] : [info]: END search

[2021-10-09T21:50:41.885Z] : [info]: Una propuesta fue seleccionada

[2021-10-09T21:51:18.079Z] : [info]: choose Summary. Send cover letter

[2021-10-09T21:51:34.208Z] : [info]: no aclicar porque Es examen

[2021-10-09T21:51:55.097Z] : [info]: END search

[2021-10-09T21:52:02.718Z] : [info]: choose Summary. Send cover letter

[2021-10-09T21:52:04.570Z] : [info]: si aclicar

[2021-10-09T21:52:27.759Z] : [info]: END search

[2021-10-09T21:52:41.960Z] : [info]: choose Summary. Send cover letter

[2021-10-09T21:52:43.792Z] : [info]: si aclicar

[2021-10-09T21:53:07.487Z] : [info]: END search

[2021-10-09T21:53:14.202Z] : [info]: choose Summary. Send cover letter

[2021-10-09T21:53:16.383Z] : [info]: si aclicar

[2021-10-09T21:53:40.005Z] : [info]: END search

[2021-10-09T21:53:45.457Z] : [info]: Una propuesta fue seleccionada

[2021-10-09T21:54:11.673Z] : [info]: take contact details

[2021-10-09T21:54:16.522Z] : [info]: choose Summary. Send cover letter

[2021-10-09T21:54:18.434Z] : [info]: si aclicar

[2021-10-09T21:54:42.096Z] : [info]: END search

[2021-10-09T21:58:00.932Z] : [error]: Script Stopped.

[2021-10-09T21:58:00.937Z] : [warn]: Total execution time: 14m 32s 394ms

[2021-10-09T21:58:00.938Z] : [info]: ---------------------------------------------

[2021-10-09T22:04:52.678Z] : [success]: Robot saved successfully

[2021-10-09T22:04:58.849Z] : [success]: Robot saved successfully

[2021-10-09T22:04:59.002Z] : [success]: Bot started

[2021-10-09T22:04:59.003Z] : [info]: Robot start

[2021-10-09T22:05:06.976Z] : [error]: Script Stopped.

[2021-10-09T22:05:06.981Z] : [warn]: Total execution time: 7s 972ms

[2021-10-09T22:05:06.983Z] : [info]: ---------------------------------------------

[2021-10-09T22:09:22.333Z] : [success]: Robot saved successfully

[2021-10-09T22:09:22.475Z] : [success]: Bot started

[2021-10-09T22:09:22.476Z] : [info]: Robot start

[2021-10-09T22:09:25.470Z] : [error]: Selectors: Failed to allocate 25229352 bytes

[2021-10-09T22:09:25.474Z] : [error]: Total execution time: 2s 993ms

[2021-10-09T22:09:25.475Z] : [info]: ---------------------------------------------

[2021-10-09T22:17:31.685Z] : [success]: Robot saved successfully

