
  ==========================================
  Studio Pro version: 6.3.2
  Started at: 7/10/2021 0:29:59
  ==========================================
  

[2021-10-06T21:37:25.114Z] : [success]: Robot saved successfully

[2021-10-06T21:37:27.938Z] : [success]: Robot saved successfully

[2021-10-06T21:37:28.079Z] : [info]: ---------------------------------------------

[2021-10-06T21:37:28.080Z] : [success]: Bot started

[2021-10-06T21:37:28.081Z] : [info]: Robot start

[2021-10-06T21:37:36.028Z] : [info]: <p>Добрый день,</p><p></p><p>Меня зовут Садиэль Годалес. </p><p></p><p>На сайте hh.ru меня заинтересовала вакансия Специалист по IT, размещённая Вашей компанией.</p><p>Я получил высшее образование в г. Гавана (Куба) и работал программистом у поставщика программного обеспечения. Имею опыт работы с клиентами, занимался защитой информации, управлял базами данных. Знаком со стандартными алгоритмами и структурами данных, немного с Linux. Уверенно программирую на языках C#, SQL. Только что закончил курс по разработке мобильных приложений на Android.</p><p>Владею испанским (родной), русским и английским языками. Люблю свою профессию и не перестаю самосовершенствоваться.</p><p>Больше информации обо мне Вы можете прочитать в резюме. Готов ответить на Ваши вопросы при личной встрече или по скайпу. При необходимости готов выполнить тестовое задание.</p><p>Вы можете связаться со мной по телефону 8 916 257 72 33, WhatsApp +7 963 7169740 или по электронной почте, sadielgodales@gmail.com.</p><p>https://github.com/sad8787/C-repo</p><p>https://github.com/sad8787/Java</p><p></p>

[2021-10-06T21:37:36.044Z] : [info]:  Добрый день,
 
 Меня зовут Садиэль Годалес. 
 
 На сайте hh.ru меня заинтересовала вакансия Специалист по IT, размещённая Вашей компанией.
 Я получил высшее образование в г. Гавана (Куба) и работал программистом у поставщика программного обеспечения. Имею опыт работы с клиентами, занимался защитой информации, управлял базами данных. Знаком со стандартными алгоритмами и структурами данных, немного с Linux. Уверенно программирую на языках C#, SQL. Только что закончил курс по разработке мобильных приложений на Android.
 Владею испанским (родной), русским и английским языками. Люблю свою профессию и не перестаю самосовершенствоваться.
 Больше информации обо мне Вы можете прочитать в резюме. Готов ответить на Ваши вопросы при личной встрече или по скайпу. При необходимости готов выполнить тестовое задание.
 Вы можете связаться со мной по телефону 8 916 257 72 33, WhatsApp +7 963 7169740 или по электронной почте, sadielgodales@gmail.com.
 https://github.com/sad8787/C-repo
 https://github.com/sad8787/Java
 


[2021-10-06T21:37:40.806Z] : [info]: someone is there

[2021-10-06T21:37:59.137Z] : [info]: END Loguin

[2021-10-06T21:38:03.641Z] : [info]: END search

[2021-10-06T21:38:06.516Z] : [info]: choose Summary. Send cover letter

[2021-10-06T21:38:08.357Z] : [info]: si aclicar

[2021-10-06T21:38:15.385Z] : [error]: Selectors: Nothing found

[2021-10-06T21:38:15.392Z] : [error]: Total execution time: 47s 303ms

[2021-10-06T21:38:15.394Z] : [info]: ---------------------------------------------

[2021-10-06T21:40:24.059Z] : [success]: Robot saved successfully

[2021-10-06T21:40:24.258Z] : [success]: Bot started

[2021-10-06T21:40:24.259Z] : [info]: Robot start

[2021-10-06T21:40:28.475Z] : [info]: <p>Добрый день,</p><p></p><p>Меня зовут Садиэль Годалес. </p><p></p><p>На сайте hh.ru меня заинтересовала вакансия Специалист по IT, размещённая Вашей компанией.</p><p>Я получил высшее образование в г. Гавана (Куба) и работал программистом у поставщика программного обеспечения. Имею опыт работы с клиентами, занимался защитой информации, управлял базами данных. Знаком со стандартными алгоритмами и структурами данных, немного с Linux. Уверенно программирую на языках C#, SQL. Только что закончил курс по разработке мобильных приложений на Android.</p><p>Владею испанским (родной), русским и английским языками. Люблю свою профессию и не перестаю самосовершенствоваться.</p><p>Больше информации обо мне Вы можете прочитать в резюме. Готов ответить на Ваши вопросы при личной встрече или по скайпу. При необходимости готов выполнить тестовое задание.</p><p>Вы можете связаться со мной по телефону 8 916 257 72 33, WhatsApp +7 963 7169740 или по электронной почте, sadielgodales@gmail.com.</p><p>https://github.com/sad8787/C-repo</p><p>https://github.com/sad8787/Java</p><p></p>

[2021-10-06T21:40:28.486Z] : [info]:  Добрый день,
 
 Меня зовут Садиэль Годалес. 
 
 На сайте hh.ru меня заинтересовала вакансия Специалист по IT, размещённая Вашей компанией.
 Я получил высшее образование в г. Гавана (Куба) и работал программистом у поставщика программного обеспечения. Имею опыт работы с клиентами, занимался защитой информации, управлял базами данных. Знаком со стандартными алгоритмами и структурами данных, немного с Linux. Уверенно программирую на языках C#, SQL. Только что закончил курс по разработке мобильных приложений на Android.
 Владею испанским (родной), русским и английским языками. Люблю свою профессию и не перестаю самосовершенствоваться.
 Больше информации обо мне Вы можете прочитать в резюме. Готов ответить на Ваши вопросы при личной встрече или по скайпу. При необходимости готов выполнить тестовое задание.
 Вы можете связаться со мной по телефону 8 916 257 72 33, WhatsApp +7 963 7169740 или по электронной почте, sadielgodales@gmail.com.
 https://github.com/sad8787/C-repo
 https://github.com/sad8787/Java
 


[2021-10-06T21:40:33.023Z] : [info]: someone is there

[2021-10-06T21:40:50.984Z] : [info]: END Loguin

[2021-10-06T21:40:55.645Z] : [info]: END search

[2021-10-06T21:40:59.166Z] : [info]: choose Summary. Send cover letter

[2021-10-06T21:41:01.216Z] : [info]: si aclicar

[2021-10-06T21:41:03.814Z] : [error]: Selectors: Nothing found

[2021-10-06T21:41:03.821Z] : [error]: Total execution time: 39s 550ms

[2021-10-06T21:41:03.823Z] : [info]: ---------------------------------------------

[2021-10-06T21:43:27.320Z] : [success]: Robot saved successfully

[2021-10-06T21:43:27.445Z] : [success]: Bot started

[2021-10-06T21:43:27.447Z] : [info]: Robot start

[2021-10-06T21:43:32.561Z] : [info]: <p>Добрый день,</p><p></p><p>Меня зовут Садиэль Годалес. </p><p></p><p>На сайте hh.ru меня заинтересовала вакансия Специалист по IT, размещённая Вашей компанией.</p><p>Я получил высшее образование в г. Гавана (Куба) и работал программистом у поставщика программного обеспечения. Имею опыт работы с клиентами, занимался защитой информации, управлял базами данных. Знаком со стандартными алгоритмами и структурами данных, немного с Linux. Уверенно программирую на языках C#, SQL. Только что закончил курс по разработке мобильных приложений на Android.</p><p>Владею испанским (родной), русским и английским языками. Люблю свою профессию и не перестаю самосовершенствоваться.</p><p>Больше информации обо мне Вы можете прочитать в резюме. Готов ответить на Ваши вопросы при личной встрече или по скайпу. При необходимости готов выполнить тестовое задание.</p><p>Вы можете связаться со мной по телефону 8 916 257 72 33, WhatsApp +7 963 7169740 или по электронной почте, sadielgodales@gmail.com.</p><p>https://github.com/sad8787/C-repo</p><p>https://github.com/sad8787/Java</p><p></p>

[2021-10-06T21:43:32.577Z] : [info]:  Добрый день,
 
 Меня зовут Садиэль Годалес. 
 
 На сайте hh.ru меня заинтересовала вакансия Специалист по IT, размещённая Вашей компанией.
 Я получил высшее образование в г. Гавана (Куба) и работал программистом у поставщика программного обеспечения. Имею опыт работы с клиентами, занимался защитой информации, управлял базами данных. Знаком со стандартными алгоритмами и структурами данных, немного с Linux. Уверенно программирую на языках C#, SQL. Только что закончил курс по разработке мобильных приложений на Android.
 Владею испанским (родной), русским и английским языками. Люблю свою профессию и не перестаю самосовершенствоваться.
 Больше информации обо мне Вы можете прочитать в резюме. Готов ответить на Ваши вопросы при личной встрече или по скайпу. При необходимости готов выполнить тестовое задание.
 Вы можете связаться со мной по телефону 8 916 257 72 33, WhatsApp +7 963 7169740 или по электронной почте, sadielgodales@gmail.com.
 https://github.com/sad8787/C-repo
 https://github.com/sad8787/Java
 


[2021-10-06T21:43:36.998Z] : [info]: someone is there

[2021-10-06T21:43:55.344Z] : [info]: END Loguin

[2021-10-06T21:44:00.008Z] : [info]: END search

[2021-10-06T21:44:05.853Z] : [error]: Selectors: Nothing found

[2021-10-06T21:44:05.880Z] : [error]: Total execution time: 38s 403ms

[2021-10-06T21:44:05.882Z] : [info]: ---------------------------------------------

[2021-10-06T21:46:13.167Z] : [success]: Robot saved successfully

[2021-10-06T21:46:15.960Z] : [success]: Robot saved successfully

[2021-10-06T21:46:16.100Z] : [success]: Bot started

[2021-10-06T21:46:16.102Z] : [info]: Robot start

[2021-10-06T21:46:20.980Z] : [info]: <p>Добрый день,</p><p></p><p>Меня зовут Садиэль Годалес. </p><p></p><p>На сайте hh.ru меня заинтересовала вакансия Специалист по IT, размещённая Вашей компанией.</p><p>Я получил высшее образование в г. Гавана (Куба) и работал программистом у поставщика программного обеспечения. Имею опыт работы с клиентами, занимался защитой информации, управлял базами данных. Знаком со стандартными алгоритмами и структурами данных, немного с Linux. Уверенно программирую на языках C#, SQL. Только что закончил курс по разработке мобильных приложений на Android.</p><p>Владею испанским (родной), русским и английским языками. Люблю свою профессию и не перестаю самосовершенствоваться.</p><p>Больше информации обо мне Вы можете прочитать в резюме. Готов ответить на Ваши вопросы при личной встрече или по скайпу. При необходимости готов выполнить тестовое задание.</p><p>Вы можете связаться со мной по телефону 8 916 257 72 33, WhatsApp +7 963 7169740 или по электронной почте, sadielgodales@gmail.com.</p><p>https://github.com/sad8787/C-repo</p><p>https://github.com/sad8787/Java</p><p></p>

[2021-10-06T21:46:21.002Z] : [info]:  Добрый день,
 
 Меня зовут Садиэль Годалес. 
 
 На сайте hh.ru меня заинтересовала вакансия Специалист по IT, размещённая Вашей компанией.
 Я получил высшее образование в г. Гавана (Куба) и работал программистом у поставщика программного обеспечения. Имею опыт работы с клиентами, занимался защитой информации, управлял базами данных. Знаком со стандартными алгоритмами и структурами данных, немного с Linux. Уверенно программирую на языках C#, SQL. Только что закончил курс по разработке мобильных приложений на Android.
 Владею испанским (родной), русским и английским языками. Люблю свою профессию и не перестаю самосовершенствоваться.
 Больше информации обо мне Вы можете прочитать в резюме. Готов ответить на Ваши вопросы при личной встрече или по скайпу. При необходимости готов выполнить тестовое задание.
 Вы можете связаться со мной по телефону 8 916 257 72 33, WhatsApp +7 963 7169740 или по электронной почте, sadielgodales@gmail.com.
 https://github.com/sad8787/C-repo
 https://github.com/sad8787/Java
 


[2021-10-06T21:46:25.549Z] : [info]: someone is there

[2021-10-06T21:46:44.124Z] : [info]: END Loguin

[2021-10-06T21:46:48.895Z] : [info]: END search

[2021-10-06T21:47:14.117Z] : [info]: 1231 ; 695

[2021-10-06T21:47:31.371Z] : [success]: Bot finished successfully, total execution time: 1m 15s 265ms

[2021-10-06T21:47:31.374Z] : [info]: ---------------------------------------------

[2021-10-06T21:49:09.106Z] : [success]: Robot saved successfully

[2021-10-06T21:49:13.328Z] : [success]: Robot saved successfully

[2021-10-06T21:49:13.439Z] : [success]: Bot started

[2021-10-06T21:49:13.440Z] : [info]: Robot start

[2021-10-06T21:49:18.044Z] : [info]: <p>Добрый день,</p><p></p><p>Меня зовут Садиэль Годалес. </p><p></p><p>На сайте hh.ru меня заинтересовала вакансия Специалист по IT, размещённая Вашей компанией.</p><p>Я получил высшее образование в г. Гавана (Куба) и работал программистом у поставщика программного обеспечения. Имею опыт работы с клиентами, занимался защитой информации, управлял базами данных. Знаком со стандартными алгоритмами и структурами данных, немного с Linux. Уверенно программирую на языках C#, SQL. Только что закончил курс по разработке мобильных приложений на Android.</p><p>Владею испанским (родной), русским и английским языками. Люблю свою профессию и не перестаю самосовершенствоваться.</p><p>Больше информации обо мне Вы можете прочитать в резюме. Готов ответить на Ваши вопросы при личной встрече или по скайпу. При необходимости готов выполнить тестовое задание.</p><p>Вы можете связаться со мной по телефону 8 916 257 72 33, WhatsApp +7 963 7169740 или по электронной почте, sadielgodales@gmail.com.</p><p>https://github.com/sad8787/C-repo</p><p>https://github.com/sad8787/Java</p><p></p>

[2021-10-06T21:49:18.055Z] : [info]:  Добрый день,
 
 Меня зовут Садиэль Годалес. 
 
 На сайте hh.ru меня заинтересовала вакансия Специалист по IT, размещённая Вашей компанией.
 Я получил высшее образование в г. Гавана (Куба) и работал программистом у поставщика программного обеспечения. Имею опыт работы с клиентами, занимался защитой информации, управлял базами данных. Знаком со стандартными алгоритмами и структурами данных, немного с Linux. Уверенно программирую на языках C#, SQL. Только что закончил курс по разработке мобильных приложений на Android.
 Владею испанским (родной), русским и английским языками. Люблю свою профессию и не перестаю самосовершенствоваться.
 Больше информации обо мне Вы можете прочитать в резюме. Готов ответить на Ваши вопросы при личной встрече или по скайпу. При необходимости готов выполнить тестовое задание.
 Вы можете связаться со мной по телефону 8 916 257 72 33, WhatsApp +7 963 7169740 или по электронной почте, sadielgodales@gmail.com.
 https://github.com/sad8787/C-repo
 https://github.com/sad8787/Java
 


[2021-10-06T21:49:22.554Z] : [info]: someone is there

[2021-10-06T21:49:41.008Z] : [info]: END Loguin

[2021-10-06T21:49:45.701Z] : [info]: END search

[2021-10-06T21:50:11.120Z] : [info]: 1231 ; 688

[2021-10-06T21:50:14.294Z] : [info]: Una propuesta fue seleccionada

[2021-10-06T21:50:29.171Z] : [warn]: There is a small amount of free memory (RAM) left, 94.02% of RAM is being used (5696 MBs). The performance of Studio Pro and bots during execution may be unstable. Close applications that are not being used, increase the memory, or optimize the workflow.

[2021-10-06T21:50:59.119Z] : [info]: choose Summary. Send cover letter

[2021-10-06T21:51:00.834Z] : [info]: si aclicar

[2021-10-06T21:51:26.545Z] : [info]: END search

[2021-10-06T21:52:11.118Z] : [info]: 1231 ; 694

[2021-10-06T21:52:12.787Z] : [info]: Una propuesta fue seleccionada

[2021-10-06T21:52:50.383Z] : [info]: choose Summary. Send cover letter

[2021-10-06T21:53:06.331Z] : [info]: no aclicar

[2021-10-06T21:53:07.246Z] : [success]: Bot finished successfully, total execution time: 3m 53s 799ms

[2021-10-06T21:53:07.248Z] : [info]: ---------------------------------------------

[2021-10-06T21:54:49.019Z] : [success]: Robot saved successfully

[2021-10-06T21:54:53.145Z] : [success]: Robot saved successfully

[2021-10-06T21:54:53.255Z] : [success]: Bot started

[2021-10-06T21:54:53.256Z] : [info]: Robot start

[2021-10-06T21:54:57.919Z] : [info]: <p>Добрый день,</p><p></p><p>Меня зовут Садиэль Годалес. </p><p></p><p>На сайте hh.ru меня заинтересовала вакансия Специалист по IT, размещённая Вашей компанией.</p><p>Я получил высшее образование в г. Гавана (Куба) и работал программистом у поставщика программного обеспечения. Имею опыт работы с клиентами, занимался защитой информации, управлял базами данных. Знаком со стандартными алгоритмами и структурами данных, немного с Linux. Уверенно программирую на языках C#, SQL. Только что закончил курс по разработке мобильных приложений на Android.</p><p>Владею испанским (родной), русским и английским языками. Люблю свою профессию и не перестаю самосовершенствоваться.</p><p>Больше информации обо мне Вы можете прочитать в резюме. Готов ответить на Ваши вопросы при личной встрече или по скайпу. При необходимости готов выполнить тестовое задание.</p><p>Вы можете связаться со мной по телефону 8 916 257 72 33, WhatsApp +7 963 7169740 или по электронной почте, sadielgodales@gmail.com.</p><p>https://github.com/sad8787/C-repo</p><p>https://github.com/sad8787/Java</p><p></p>

[2021-10-06T21:54:57.930Z] : [info]:  Добрый день,
 
 Меня зовут Садиэль Годалес. 
 
 На сайте hh.ru меня заинтересовала вакансия Специалист по IT, размещённая Вашей компанией.
 Я получил высшее образование в г. Гавана (Куба) и работал программистом у поставщика программного обеспечения. Имею опыт работы с клиентами, занимался защитой информации, управлял базами данных. Знаком со стандартными алгоритмами и структурами данных, немного с Linux. Уверенно программирую на языках C#, SQL. Только что закончил курс по разработке мобильных приложений на Android.
 Владею испанским (родной), русским и английским языками. Люблю свою профессию и не перестаю самосовершенствоваться.
 Больше информации обо мне Вы можете прочитать в резюме. Готов ответить на Ваши вопросы при личной встрече или по скайпу. При необходимости готов выполнить тестовое задание.
 Вы можете связаться со мной по телефону 8 916 257 72 33, WhatsApp +7 963 7169740 или по электронной почте, sadielgodales@gmail.com.
 https://github.com/sad8787/C-repo
 https://github.com/sad8787/Java
 


[2021-10-06T21:55:02.408Z] : [info]: someone is there

[2021-10-06T21:55:20.942Z] : [info]: END Loguin

[2021-10-06T21:55:25.579Z] : [info]: END search

[2021-10-06T21:55:28.829Z] : [info]: choose Summary. Send cover letter

[2021-10-06T21:55:44.222Z] : [info]: no aclicar

[2021-10-06T21:55:45.281Z] : [success]: Bot finished successfully, total execution time: 52s 24ms

[2021-10-06T21:55:45.283Z] : [info]: ---------------------------------------------

[2021-10-06T21:56:32.177Z] : [success]: Robot saved successfully

[2021-10-06T21:56:36.368Z] : [success]: Robot saved successfully

[2021-10-06T21:56:36.497Z] : [success]: Bot started

[2021-10-06T21:56:36.498Z] : [info]: Robot start

[2021-10-06T21:56:41.794Z] : [info]: <p>Добрый день,</p><p></p><p>Меня зовут Садиэль Годалес. </p><p></p><p>На сайте hh.ru меня заинтересовала вакансия Специалист по IT, размещённая Вашей компанией.</p><p>Я получил высшее образование в г. Гавана (Куба) и работал программистом у поставщика программного обеспечения. Имею опыт работы с клиентами, занимался защитой информации, управлял базами данных. Знаком со стандартными алгоритмами и структурами данных, немного с Linux. Уверенно программирую на языках C#, SQL. Только что закончил курс по разработке мобильных приложений на Android.</p><p>Владею испанским (родной), русским и английским языками. Люблю свою профессию и не перестаю самосовершенствоваться.</p><p>Больше информации обо мне Вы можете прочитать в резюме. Готов ответить на Ваши вопросы при личной встрече или по скайпу. При необходимости готов выполнить тестовое задание.</p><p>Вы можете связаться со мной по телефону 8 916 257 72 33, WhatsApp +7 963 7169740 или по электронной почте, sadielgodales@gmail.com.</p><p>https://github.com/sad8787/C-repo</p><p>https://github.com/sad8787/Java</p><p></p>

[2021-10-06T21:56:41.864Z] : [info]:  Добрый день,
 
 Меня зовут Садиэль Годалес. 
 
 На сайте hh.ru меня заинтересовала вакансия Специалист по IT, размещённая Вашей компанией.
 Я получил высшее образование в г. Гавана (Куба) и работал программистом у поставщика программного обеспечения. Имею опыт работы с клиентами, занимался защитой информации, управлял базами данных. Знаком со стандартными алгоритмами и структурами данных, немного с Linux. Уверенно программирую на языках C#, SQL. Только что закончил курс по разработке мобильных приложений на Android.
 Владею испанским (родной), русским и английским языками. Люблю свою профессию и не перестаю самосовершенствоваться.
 Больше информации обо мне Вы можете прочитать в резюме. Готов ответить на Ваши вопросы при личной встрече или по скайпу. При необходимости готов выполнить тестовое задание.
 Вы можете связаться со мной по телефону 8 916 257 72 33, WhatsApp +7 963 7169740 или по электронной почте, sadielgodales@gmail.com.
 https://github.com/sad8787/C-repo
 https://github.com/sad8787/Java
 


[2021-10-06T21:56:46.607Z] : [info]: someone is there

[2021-10-06T21:57:04.829Z] : [info]: END Loguin

[2021-10-06T21:57:09.774Z] : [info]: END search

[2021-10-06T21:57:12.535Z] : [error]: Selectors: Nothing found

[2021-10-06T21:57:12.542Z] : [error]: Total execution time: 36s 35ms

[2021-10-06T21:57:12.544Z] : [info]: ---------------------------------------------

[2021-10-06T21:58:37.476Z] : [success]: Robot saved successfully

[2021-10-06T21:58:48.493Z] : [success]: Robot saved successfully

[2021-10-06T21:58:48.607Z] : [success]: Bot started

[2021-10-06T21:58:48.608Z] : [info]: Robot start

[2021-10-06T21:58:53.414Z] : [info]: <p>Добрый день,</p><p></p><p>Меня зовут Садиэль Годалес. </p><p></p><p>На сайте hh.ru меня заинтересовала вакансия Специалист по IT, размещённая Вашей компанией.</p><p>Я получил высшее образование в г. Гавана (Куба) и работал программистом у поставщика программного обеспечения. Имею опыт работы с клиентами, занимался защитой информации, управлял базами данных. Знаком со стандартными алгоритмами и структурами данных, немного с Linux. Уверенно программирую на языках C#, SQL. Только что закончил курс по разработке мобильных приложений на Android.</p><p>Владею испанским (родной), русским и английским языками. Люблю свою профессию и не перестаю самосовершенствоваться.</p><p>Больше информации обо мне Вы можете прочитать в резюме. Готов ответить на Ваши вопросы при личной встрече или по скайпу. При необходимости готов выполнить тестовое задание.</p><p>Вы можете связаться со мной по телефону 8 916 257 72 33, WhatsApp +7 963 7169740 или по электронной почте, sadielgodales@gmail.com.</p><p>https://github.com/sad8787/C-repo</p><p>https://github.com/sad8787/Java</p><p></p>

[2021-10-06T21:58:53.431Z] : [info]:  Добрый день,
 
 Меня зовут Садиэль Годалес. 
 
 На сайте hh.ru меня заинтересовала вакансия Специалист по IT, размещённая Вашей компанией.
 Я получил высшее образование в г. Гавана (Куба) и работал программистом у поставщика программного обеспечения. Имею опыт работы с клиентами, занимался защитой информации, управлял базами данных. Знаком со стандартными алгоритмами и структурами данных, немного с Linux. Уверенно программирую на языках C#, SQL. Только что закончил курс по разработке мобильных приложений на Android.
 Владею испанским (родной), русским и английским языками. Люблю свою профессию и не перестаю самосовершенствоваться.
 Больше информации обо мне Вы можете прочитать в резюме. Готов ответить на Ваши вопросы при личной встрече или по скайпу. При необходимости готов выполнить тестовое задание.
 Вы можете связаться со мной по телефону 8 916 257 72 33, WhatsApp +7 963 7169740 или по электронной почте, sadielgodales@gmail.com.
 https://github.com/sad8787/C-repo
 https://github.com/sad8787/Java
 


[2021-10-06T21:58:57.844Z] : [info]: someone is there

[2021-10-06T21:59:16.115Z] : [info]: END Loguin

[2021-10-06T21:59:22.018Z] : [info]: END search

[2021-10-06T21:59:24.837Z] : [info]: choose Summary. Send cover letter

[2021-10-06T21:59:26.829Z] : [info]: si aclicar

[2021-10-06T21:59:52.251Z] : [info]: END search

[2021-10-06T21:59:55.044Z] : [info]: choose Summary. Send cover letter

[2021-10-06T21:59:57.167Z] : [info]: si aclicar

[2021-10-06T22:00:19.849Z] : [info]: END search

[2021-10-06T22:00:22.750Z] : [info]: 1231 ; 495

[2021-10-06T22:00:24.561Z] : [info]: Una propuesta fue seleccionada

[2021-10-06T22:00:46.966Z] : [info]: take contact details

[2021-10-06T22:00:54.121Z] : [info]: choose Summary. Send cover letter

[2021-10-06T22:00:55.758Z] : [info]: si aclicar

[2021-10-06T22:01:20.343Z] : [info]: END search

[2021-10-06T22:01:25.095Z] : [info]: choose Summary. Send cover letter

[2021-10-06T22:01:27.084Z] : [info]: si aclicar

[2021-10-06T22:01:50.696Z] : [info]: END search

[2021-10-06T22:01:55.025Z] : [info]: choose Summary. Send cover letter

[2021-10-06T22:01:57.177Z] : [info]: si aclicar

[2021-10-06T22:02:21.380Z] : [info]: END search

[2021-10-06T22:02:25.645Z] : [error]: Selectors: Nothing found

[2021-10-06T22:02:25.656Z] : [error]: Total execution time: 3m 37s 36ms

[2021-10-06T22:02:25.659Z] : [info]: ---------------------------------------------

[2021-10-06T22:04:00.214Z] : [success]: Robot saved successfully

[2021-10-06T22:04:03.217Z] : [success]: Robot saved successfully

[2021-10-06T22:04:03.341Z] : [success]: Bot started

[2021-10-06T22:04:03.342Z] : [info]: Robot start

[2021-10-06T22:04:08.596Z] : [info]: <p>Добрый день,</p><p></p><p>Меня зовут Садиэль Годалес. </p><p></p><p>На сайте hh.ru меня заинтересовала вакансия Специалист по IT, размещённая Вашей компанией.</p><p>Я получил высшее образование в г. Гавана (Куба) и работал программистом у поставщика программного обеспечения. Имею опыт работы с клиентами, занимался защитой информации, управлял базами данных. Знаком со стандартными алгоритмами и структурами данных, немного с Linux. Уверенно программирую на языках C#, SQL. Только что закончил курс по разработке мобильных приложений на Android.</p><p>Владею испанским (родной), русским и английским языками. Люблю свою профессию и не перестаю самосовершенствоваться.</p><p>Больше информации обо мне Вы можете прочитать в резюме. Готов ответить на Ваши вопросы при личной встрече или по скайпу. При необходимости готов выполнить тестовое задание.</p><p>Вы можете связаться со мной по телефону 8 916 257 72 33, WhatsApp +7 963 7169740 или по электронной почте, sadielgodales@gmail.com.</p><p>https://github.com/sad8787/C-repo</p><p>https://github.com/sad8787/Java</p><p></p>

[2021-10-06T22:04:08.623Z] : [info]:  Добрый день,
 
 Меня зовут Садиэль Годалес. 
 
 На сайте hh.ru меня заинтересовала вакансия Специалист по IT, размещённая Вашей компанией.
 Я получил высшее образование в г. Гавана (Куба) и работал программистом у поставщика программного обеспечения. Имею опыт работы с клиентами, занимался защитой информации, управлял базами данных. Знаком со стандартными алгоритмами и структурами данных, немного с Linux. Уверенно программирую на языках C#, SQL. Только что закончил курс по разработке мобильных приложений на Android.
 Владею испанским (родной), русским и английским языками. Люблю свою профессию и не перестаю самосовершенствоваться.
 Больше информации обо мне Вы можете прочитать в резюме. Готов ответить на Ваши вопросы при личной встрече или по скайпу. При необходимости готов выполнить тестовое задание.
 Вы можете связаться со мной по телефону 8 916 257 72 33, WhatsApp +7 963 7169740 или по электронной почте, sadielgodales@gmail.com.
 https://github.com/sad8787/C-repo
 https://github.com/sad8787/Java
 


[2021-10-06T22:04:13.037Z] : [info]: someone is there

[2021-10-06T22:04:31.335Z] : [info]: END Loguin

[2021-10-06T22:04:37.112Z] : [info]: END search

[2021-10-06T22:04:41.003Z] : [info]: choose Summary. Send cover letter

[2021-10-06T22:04:43.043Z] : [info]: si aclicar

[2021-10-06T22:04:54.139Z] : [info]: END search

[2021-10-06T22:04:58.123Z] : [info]: choose Summary. Send cover letter

[2021-10-06T22:05:00.234Z] : [info]: si aclicar

[2021-10-06T22:05:06.269Z] : [error]: Selectors: Nothing found

[2021-10-06T22:05:06.273Z] : [error]: Total execution time: 1m 2s 926ms

[2021-10-06T22:05:06.275Z] : [info]: ---------------------------------------------

[2021-10-06T22:07:13.926Z] : [success]: Robot saved successfully

[2021-10-06T22:07:17.684Z] : [success]: Robot saved successfully

[2021-10-06T22:07:17.874Z] : [success]: Bot started

[2021-10-06T22:07:17.875Z] : [info]: Robot start

[2021-10-06T22:07:23.590Z] : [info]: <p>Добрый день,</p><p></p><p>Меня зовут Садиэль Годалес. </p><p></p><p>На сайте hh.ru меня заинтересовала вакансия Специалист по IT, размещённая Вашей компанией.</p><p>Я получил высшее образование в г. Гавана (Куба) и работал программистом у поставщика программного обеспечения. Имею опыт работы с клиентами, занимался защитой информации, управлял базами данных. Знаком со стандартными алгоритмами и структурами данных, немного с Linux. Уверенно программирую на языках C#, SQL. Только что закончил курс по разработке мобильных приложений на Android.</p><p>Владею испанским (родной), русским и английским языками. Люблю свою профессию и не перестаю самосовершенствоваться.</p><p>Больше информации обо мне Вы можете прочитать в резюме. Готов ответить на Ваши вопросы при личной встрече или по скайпу. При необходимости готов выполнить тестовое задание.</p><p>Вы можете связаться со мной по телефону 8 916 257 72 33, WhatsApp +7 963 7169740 или по электронной почте, sadielgodales@gmail.com.</p><p>https://github.com/sad8787/C-repo</p><p>https://github.com/sad8787/Java</p><p></p>

[2021-10-06T22:07:23.606Z] : [info]:  Добрый день,
 
 Меня зовут Садиэль Годалес. 
 
 На сайте hh.ru меня заинтересовала вакансия Специалист по IT, размещённая Вашей компанией.
 Я получил высшее образование в г. Гавана (Куба) и работал программистом у поставщика программного обеспечения. Имею опыт работы с клиентами, занимался защитой информации, управлял базами данных. Знаком со стандартными алгоритмами и структурами данных, немного с Linux. Уверенно программирую на языках C#, SQL. Только что закончил курс по разработке мобильных приложений на Android.
 Владею испанским (родной), русским и английским языками. Люблю свою профессию и не перестаю самосовершенствоваться.
 Больше информации обо мне Вы можете прочитать в резюме. Готов ответить на Ваши вопросы при личной встрече или по скайпу. При необходимости готов выполнить тестовое задание.
 Вы можете связаться со мной по телефону 8 916 257 72 33, WhatsApp +7 963 7169740 или по электронной почте, sadielgodales@gmail.com.
 https://github.com/sad8787/C-repo
 https://github.com/sad8787/Java
 


[2021-10-06T22:07:28.069Z] : [info]: someone is there

[2021-10-06T22:07:46.335Z] : [info]: END Loguin

[2021-10-06T22:07:50.882Z] : [info]: END search

[2021-10-06T22:07:55.926Z] : [info]: choose Summary. Send cover letter

[2021-10-06T22:07:57.970Z] : [info]: si aclicar

[2021-10-06T22:08:03.671Z] : [error]: Selectors: Nothing found

[2021-10-06T22:08:03.684Z] : [error]: Total execution time: 45s 794ms

[2021-10-06T22:08:03.692Z] : [info]: ---------------------------------------------

[2021-10-06T22:10:10.600Z] : [success]: Robot saved successfully

[2021-10-06T22:10:13.578Z] : [success]: Robot saved successfully

[2021-10-06T22:10:13.691Z] : [success]: Bot started

[2021-10-06T22:10:13.691Z] : [info]: Robot start

[2021-10-06T22:10:21.655Z] : [info]: <p>Добрый день,</p><p></p><p>Меня зовут Садиэль Годалес. </p><p></p><p>На сайте hh.ru меня заинтересовала вакансия Специалист по IT, размещённая Вашей компанией.</p><p>Я получил высшее образование в г. Гавана (Куба) и работал программистом у поставщика программного обеспечения. Имею опыт работы с клиентами, занимался защитой информации, управлял базами данных. Знаком со стандартными алгоритмами и структурами данных, немного с Linux. Уверенно программирую на языках C#, SQL. Только что закончил курс по разработке мобильных приложений на Android.</p><p>Владею испанским (родной), русским и английским языками. Люблю свою профессию и не перестаю самосовершенствоваться.</p><p>Больше информации обо мне Вы можете прочитать в резюме. Готов ответить на Ваши вопросы при личной встрече или по скайпу. При необходимости готов выполнить тестовое задание.</p><p>Вы можете связаться со мной по телефону 8 916 257 72 33, WhatsApp +7 963 7169740 или по электронной почте, sadielgodales@gmail.com.</p><p>https://github.com/sad8787/C-repo</p><p>https://github.com/sad8787/Java</p><p></p>

[2021-10-06T22:10:21.670Z] : [info]:  Добрый день,
 
 Меня зовут Садиэль Годалес. 
 
 На сайте hh.ru меня заинтересовала вакансия Специалист по IT, размещённая Вашей компанией.
 Я получил высшее образование в г. Гавана (Куба) и работал программистом у поставщика программного обеспечения. Имею опыт работы с клиентами, занимался защитой информации, управлял базами данных. Знаком со стандартными алгоритмами и структурами данных, немного с Linux. Уверенно программирую на языках C#, SQL. Только что закончил курс по разработке мобильных приложений на Android.
 Владею испанским (родной), русским и английским языками. Люблю свою профессию и не перестаю самосовершенствоваться.
 Больше информации обо мне Вы можете прочитать в резюме. Готов ответить на Ваши вопросы при личной встрече или по скайпу. При необходимости готов выполнить тестовое задание.
 Вы можете связаться со мной по телефону 8 916 257 72 33, WhatsApp +7 963 7169740 или по электронной почте, sadielgodales@gmail.com.
 https://github.com/sad8787/C-repo
 https://github.com/sad8787/Java
 


[2021-10-06T22:10:26.166Z] : [info]: someone is there

[2021-10-06T22:10:44.676Z] : [info]: END Loguin

[2021-10-06T22:10:48.963Z] : [info]: END search

[2021-10-06T22:10:53.457Z] : [info]: choose Summary. Send cover letter

[2021-10-06T22:10:55.540Z] : [info]: si aclicar

[2021-10-06T22:11:14.241Z] : [error]: Selectors: Nothing found

[2021-10-06T22:11:14.245Z] : [error]: Total execution time: 1m 548ms

[2021-10-06T22:11:14.247Z] : [info]: ---------------------------------------------

[2021-10-06T22:11:53.558Z] : [success]: Robot saved successfully

[2021-10-06T22:11:53.687Z] : [success]: Bot started

[2021-10-06T22:11:53.688Z] : [info]: Robot start

[2021-10-06T22:11:56.264Z] : [info]: <p>Добрый день,</p><p></p><p>Меня зовут Садиэль Годалес. </p><p></p><p>На сайте hh.ru меня заинтересовала вакансия Специалист по IT, размещённая Вашей компанией.</p><p>Я получил высшее образование в г. Гавана (Куба) и работал программистом у поставщика программного обеспечения. Имею опыт работы с клиентами, занимался защитой информации, управлял базами данных. Знаком со стандартными алгоритмами и структурами данных, немного с Linux. Уверенно программирую на языках C#, SQL. Только что закончил курс по разработке мобильных приложений на Android.</p><p>Владею испанским (родной), русским и английским языками. Люблю свою профессию и не перестаю самосовершенствоваться.</p><p>Больше информации обо мне Вы можете прочитать в резюме. Готов ответить на Ваши вопросы при личной встрече или по скайпу. При необходимости готов выполнить тестовое задание.</p><p>Вы можете связаться со мной по телефону 8 916 257 72 33, WhatsApp +7 963 7169740 или по электронной почте, sadielgodales@gmail.com.</p><p>https://github.com/sad8787/C-repo</p><p>https://github.com/sad8787/Java</p><p></p>

[2021-10-06T22:11:56.362Z] : [info]:  Добрый день,
 
 Меня зовут Садиэль Годалес. 
 
 На сайте hh.ru меня заинтересовала вакансия Специалист по IT, размещённая Вашей компанией.
 Я получил высшее образование в г. Гавана (Куба) и работал программистом у поставщика программного обеспечения. Имею опыт работы с клиентами, занимался защитой информации, управлял базами данных. Знаком со стандартными алгоритмами и структурами данных, немного с Linux. Уверенно программирую на языках C#, SQL. Только что закончил курс по разработке мобильных приложений на Android.
 Владею испанским (родной), русским и английским языками. Люблю свою профессию и не перестаю самосовершенствоваться.
 Больше информации обо мне Вы можете прочитать в резюме. Готов ответить на Ваши вопросы при личной встрече или по скайпу. При необходимости готов выполнить тестовое задание.
 Вы можете связаться со мной по телефону 8 916 257 72 33, WhatsApp +7 963 7169740 или по электронной почте, sadielgodales@gmail.com.
 https://github.com/sad8787/C-repo
 https://github.com/sad8787/Java
 


[2021-10-06T22:12:00.842Z] : [info]: someone is there

[2021-10-06T22:12:19.057Z] : [info]: END Loguin

[2021-10-06T22:12:23.777Z] : [info]: END search

[2021-10-06T22:12:28.068Z] : [info]: choose Summary. Send cover letter

[2021-10-06T22:12:30.315Z] : [info]: si aclicar

[2021-10-06T22:12:54.466Z] : [info]: END search

[2021-10-06T22:12:58.006Z] : [info]: 1231 ; 455

[2021-10-06T22:13:01.281Z] : [info]: Una propuesta fue seleccionada

[2021-10-06T22:13:39.582Z] : [info]: choose Summary. Send cover letter

[2021-10-06T22:13:55.403Z] : [info]: no aclicar

[2021-10-06T22:13:56.322Z] : [success]: Bot finished successfully, total execution time: 2m 2s 614ms

[2021-10-06T22:13:56.323Z] : [info]: ---------------------------------------------

[2021-10-06T22:24:19.804Z] : [success]: Robot saved successfully

[2021-10-06T22:24:22.924Z] : [success]: Robot saved successfully

[2021-10-06T22:24:23.040Z] : [success]: Bot started

[2021-10-06T22:24:23.040Z] : [info]: Robot start

[2021-10-06T22:24:29.973Z] : [success]: Bot finished successfully, total execution time: 6s 929ms

[2021-10-06T22:24:29.976Z] : [info]: ---------------------------------------------

[2021-10-06T22:27:22.876Z] : [success]: Robot saved successfully

[2021-10-06T22:27:32.604Z] : [success]: Robot saved successfully

[2021-10-06T22:27:32.711Z] : [success]: Bot started

[2021-10-06T22:27:32.712Z] : [info]: Robot start

[2021-10-06T22:27:38.225Z] : [success]: Bot finished successfully, total execution time: 5s 511ms

[2021-10-06T22:27:38.227Z] : [info]: ---------------------------------------------

[2021-10-06T22:34:58.051Z] : [success]: Robot saved successfully

[2021-10-06T22:34:58.198Z] : [success]: Bot started

[2021-10-06T22:34:58.199Z] : [info]: Robot start

[2021-10-06T22:35:07.138Z] : [error]: The agent is already running another script.

[2021-10-06T22:35:07.150Z] : [info]: ---------------------------------------------

[2021-10-06T22:35:15.855Z] : [success]: Robot saved successfully

[2021-10-06T22:35:15.962Z] : [success]: Bot started

[2021-10-06T22:35:15.963Z] : [info]: Robot start

[2021-10-06T22:35:21.655Z] : [info]: <p>Добрый день,</p><p></p><p>Меня зовут Садиэль Годалес. </p><p></p><p>На сайте hh.ru меня заинтересовала вакансия Специалист по IT, размещённая Вашей компанией.</p><p>Я получил высшее образование в г. Гавана (Куба) и работал программистом у поставщика программного обеспечения. Имею опыт работы с клиентами, занимался защитой информации, управлял базами данных. Знаком со стандартными алгоритмами и структурами данных, немного с Linux. Уверенно программирую на языках C#, SQL. Только что закончил курс по разработке мобильных приложений на Android.</p><p>Владею испанским (родной), русским и английским языками. Люблю свою профессию и не перестаю самосовершенствоваться.</p><p>Больше информации обо мне Вы можете прочитать в резюме. Готов ответить на Ваши вопросы при личной встрече или по скайпу. При необходимости готов выполнить тестовое задание.</p><p>Вы можете связаться со мной по телефону 8 916 257 72 33, WhatsApp +7 963 7169740 или по электронной почте, sadielgodales@gmail.com.</p><p>https://github.com/sad8787/C-repo</p><p>https://github.com/sad8787/Java</p><p></p>

[2021-10-06T22:35:21.671Z] : [info]:  Добрый день,
 
 Меня зовут Садиэль Годалес. 
 
 На сайте hh.ru меня заинтересовала вакансия Специалист по IT, размещённая Вашей компанией.
 Я получил высшее образование в г. Гавана (Куба) и работал программистом у поставщика программного обеспечения. Имею опыт работы с клиентами, занимался защитой информации, управлял базами данных. Знаком со стандартными алгоритмами и структурами данных, немного с Linux. Уверенно программирую на языках C#, SQL. Только что закончил курс по разработке мобильных приложений на Android.
 Владею испанским (родной), русским и английским языками. Люблю свою профессию и не перестаю самосовершенствоваться.
 Больше информации обо мне Вы можете прочитать в резюме. Готов ответить на Ваши вопросы при личной встрече или по скайпу. При необходимости готов выполнить тестовое задание.
 Вы можете связаться со мной по телефону 8 916 257 72 33, WhatsApp +7 963 7169740 или по электронной почте, sadielgodales@gmail.com.
 https://github.com/sad8787/C-repo
 https://github.com/sad8787/Java
 


[2021-10-06T22:35:32.221Z] : [error]: Selectors: Nothing found

[2021-10-06T22:35:32.225Z] : [error]: Total execution time: 16s 258ms

[2021-10-06T22:35:32.226Z] : [info]: ---------------------------------------------

[2021-10-06T22:35:38.137Z] : [success]: Robot saved successfully

