
  ==========================================
  Studio Pro version: 6.3.2
  Started at: 4/10/2021 13:43:01
  ==========================================
  

[2021-10-04T10:43:15.961Z] : [success]: Robot saved successfully

[2021-10-04T10:43:16.089Z] : [info]: ---------------------------------------------

[2021-10-04T10:43:16.090Z] : [success]: Bot started

[2021-10-04T10:43:16.090Z] : [info]: Robot start

[2021-10-04T10:43:21.259Z] : [info]: <

[2021-10-04T10:43:27.381Z] : [success]: Bot finished successfully, total execution time: 11s 286ms

[2021-10-04T10:43:27.385Z] : [info]: ---------------------------------------------

[2021-10-04T10:44:23.730Z] : [success]: Robot saved successfully

[2021-10-04T10:44:23.844Z] : [success]: Bot started

[2021-10-04T10:44:23.845Z] : [info]: Robot start

[2021-10-04T10:44:30.503Z] : [info]: <p>Hola es a letter</p>

[2021-10-04T10:44:32.141Z] : [success]: Bot finished successfully, total execution time: 8s 287ms

[2021-10-04T10:44:32.144Z] : [info]: ---------------------------------------------

[2021-10-04T10:45:25.136Z] : [success]: Robot saved successfully

[2021-10-04T10:45:25.231Z] : [success]: Bot started

[2021-10-04T10:45:25.232Z] : [info]: Robot start

[2021-10-04T10:45:35.088Z] : [info]: <p><a id="_Hlk83632141"></a>Здравствуйте, коллега!</p><p></p><p></p><p>Текст сообщения………….</p><p></p><p></p>

[2021-10-04T10:45:36.251Z] : [success]: Bot finished successfully, total execution time: 11s 16ms

[2021-10-04T10:45:36.253Z] : [info]: ---------------------------------------------

