
  ==========================================
  Studio Pro version: 6.5.4
  Started at: 27/10/2021 20:59:09
  ==========================================
  

[2021-10-27T18:05:37.851Z] : [success]: Robot saved successfully

[2021-10-27T18:05:43.210Z] : [success]: Robot saved successfully

[2021-10-27T18:05:43.354Z] : [info]: ---------------------------------------------

[2021-10-27T18:05:43.354Z] : [success]: Bot started

[2021-10-27T18:05:43.355Z] : [info]: Robot start

[2021-10-27T18:05:58.314Z] : [info]: <p></p>

[2021-10-27T18:06:13.518Z] : [info]: someone is there

[2021-10-27T18:06:38.307Z] : [info]: END Loguin

[2021-10-27T18:06:45.235Z] : [info]: END search

[2021-10-27T18:06:58.061Z] : [error]: Script Stopped.

[2021-10-27T18:06:58.072Z] : [warn]: Total execution time: 1m 14s 705ms

[2021-10-27T18:06:58.073Z] : [info]: ---------------------------------------------

[2021-10-27T18:12:16.887Z] : [success]: Robot saved successfully

[2021-10-27T18:12:20.876Z] : [success]: Robot saved successfully

[2021-10-27T18:12:21.089Z] : [success]: Bot started

[2021-10-27T18:12:21.090Z] : [info]: Robot start

[2021-10-27T18:12:27.345Z] : [error]: Script Stopped.

[2021-10-27T18:12:27.349Z] : [warn]: Total execution time: 6s 254ms

[2021-10-27T18:12:27.351Z] : [info]: ---------------------------------------------

[2021-10-27T18:13:07.818Z] : [success]: Robot saved successfully

[2021-10-27T18:13:07.979Z] : [success]: Bot started

[2021-10-27T18:13:07.980Z] : [info]: Robot start

[2021-10-27T18:13:12.920Z] : [info]: <p>Добрый день,</p><p></p><p>Меня зовут Садиэль Годалес. </p><p></p><p>На сайте hh.ru меня заинтересовала вакансия Специалист по IT, размещённая Вашей компанией.</p><p>Я получил высшее образование в г. Гавана (Куба) и работал программистом у поставщика программного обеспечения. Имею опыт работы с клиентами, занимался защитой информации, управлял базами данных. Знаком со стандартными алгоритмами и структурами данных. Уверенно программирую на языках C#, SQL. Только что закончил курс по разработке мобильных приложений на Android.</p><p>Владею испанским (родной), русским и английским языками. Люблю свою профессию и не перестаю самосовершенствоваться.</p><p>Больше информации обо мне Вы можете прочитать в резюме. Готов ответить на Ваши вопросы при личной встрече или по скайпу. При необходимости готов выполнить тестовое задание.</p><p>Вы можете связаться со мной по телефону 8 916 257 72 33, WhatsApp +7 963 7169740 или по электронной почте, sadielgodales@gmail.com.</p><p>https://github.com/sad8787/C-repo</p><p>https://github.com/sad8787/Java</p><p></p>

[2021-10-27T18:13:13.513Z] : [error]: No elements were found according to your selection. It may happen because of a wrong selector or because the element takes more time to appear on the screen. Try modifying the selector or increasing the element timeout and run the bot again

[2021-10-27T18:13:13.518Z] : [error]: Total execution time: 5s 531ms

[2021-10-27T18:13:13.519Z] : [info]: ---------------------------------------------

[2021-10-27T18:13:48.937Z] : [success]: Robot saved successfully

[2021-10-27T18:13:49.082Z] : [success]: Bot started

[2021-10-27T18:13:49.082Z] : [info]: Robot start

[2021-10-27T18:13:54.235Z] : [error]: Selectors: Nothing found

[2021-10-27T18:13:54.240Z] : [error]: Total execution time: 5s 152ms

[2021-10-27T18:13:54.241Z] : [info]: ---------------------------------------------

[2021-10-27T18:15:11.571Z] : [success]: Robot saved successfully

