
  ==========================================
  Studio Pro version: 6.3.2
  Started at: 7/10/2021 21:08:20
  ==========================================
  

[2021-10-07T18:10:20.788Z] : [success]: Robot saved successfully

[2021-10-07T18:10:21.034Z] : [info]: ---------------------------------------------

[2021-10-07T18:10:21.035Z] : [success]: Bot started

[2021-10-07T18:10:21.036Z] : [info]: Robot start

[2021-10-07T18:10:25.390Z] : [info]: <p>Добрый день,</p><p></p><p>Меня зовут Садиэль Годалес. </p><p></p><p>На сайте hh.ru меня заинтересовала вакансия Специалист по IT, размещённая Вашей компанией.</p><p>Я получил высшее образование в г. Гавана (Куба) и работал программистом у поставщика программного обеспечения. Имею опыт работы с клиентами, занимался защитой информации, управлял базами данных. Знаком со стандартными алгоритмами и структурами данных, немного с Linux. Уверенно программирую на языках C#, SQL. Только что закончил курс по разработке мобильных приложений на Android.</p><p>Владею испанским (родной), русским и английским языками. Люблю свою профессию и не перестаю самосовершенствоваться.</p><p>Больше информации обо мне Вы можете прочитать в резюме. Готов ответить на Ваши вопросы при личной встрече или по скайпу. При необходимости готов выполнить тестовое задание.</p><p>Вы можете связаться со мной по телефону 8 916 257 72 33, WhatsApp +7 963 7169740 или по электронной почте, sadielgodales@gmail.com.</p><p>https://github.com/sad8787/C-repo</p><p>https://github.com/sad8787/Java</p><p></p>

[2021-10-07T18:10:25.405Z] : [info]:  Добрый день,
 
 Меня зовут Садиэль Годалес. 
 
 На сайте hh.ru меня заинтересовала вакансия Специалист по IT, размещённая Вашей компанией.
 Я получил высшее образование в г. Гавана (Куба) и работал программистом у поставщика программного обеспечения. Имею опыт работы с клиентами, занимался защитой информации, управлял базами данных. Знаком со стандартными алгоритмами и структурами данных, немного с Linux. Уверенно программирую на языках C#, SQL. Только что закончил курс по разработке мобильных приложений на Android.
 Владею испанским (родной), русским и английским языками. Люблю свою профессию и не перестаю самосовершенствоваться.
 Больше информации обо мне Вы можете прочитать в резюме. Готов ответить на Ваши вопросы при личной встрече или по скайпу. При необходимости готов выполнить тестовое задание.
 Вы можете связаться со мной по телефону 8 916 257 72 33, WhatsApp +7 963 7169740 или по электронной почте, sadielgodales@gmail.com.
 https://github.com/sad8787/C-repo
 https://github.com/sad8787/Java
 


[2021-10-07T18:10:42.509Z] : [error]: Selectors: Nothing found

[2021-10-07T18:10:42.521Z] : [error]: Total execution time: 21s 472ms

[2021-10-07T18:10:42.523Z] : [info]: ---------------------------------------------

[2021-10-07T18:12:02.636Z] : [success]: Robot saved successfully

[2021-10-07T18:12:02.747Z] : [success]: Bot started

[2021-10-07T18:12:02.748Z] : [info]: Robot start

[2021-10-07T18:12:05.617Z] : [info]: <p>Добрый день,</p><p></p><p>Меня зовут Садиэль Годалес. </p><p></p><p>На сайте hh.ru меня заинтересовала вакансия Специалист по IT, размещённая Вашей компанией.</p><p>Я получил высшее образование в г. Гавана (Куба) и работал программистом у поставщика программного обеспечения. Имею опыт работы с клиентами, занимался защитой информации, управлял базами данных. Знаком со стандартными алгоритмами и структурами данных, немного с Linux. Уверенно программирую на языках C#, SQL. Только что закончил курс по разработке мобильных приложений на Android.</p><p>Владею испанским (родной), русским и английским языками. Люблю свою профессию и не перестаю самосовершенствоваться.</p><p>Больше информации обо мне Вы можете прочитать в резюме. Готов ответить на Ваши вопросы при личной встрече или по скайпу. При необходимости готов выполнить тестовое задание.</p><p>Вы можете связаться со мной по телефону 8 916 257 72 33, WhatsApp +7 963 7169740 или по электронной почте, sadielgodales@gmail.com.</p><p>https://github.com/sad8787/C-repo</p><p>https://github.com/sad8787/Java</p><p></p>

[2021-10-07T18:12:05.633Z] : [info]:  Добрый день,
 
 Меня зовут Садиэль Годалес. 
 
 На сайте hh.ru меня заинтересовала вакансия Специалист по IT, размещённая Вашей компанией.
 Я получил высшее образование в г. Гавана (Куба) и работал программистом у поставщика программного обеспечения. Имею опыт работы с клиентами, занимался защитой информации, управлял базами данных. Знаком со стандартными алгоритмами и структурами данных, немного с Linux. Уверенно программирую на языках C#, SQL. Только что закончил курс по разработке мобильных приложений на Android.
 Владею испанским (родной), русским и английским языками. Люблю свою профессию и не перестаю самосовершенствоваться.
 Больше информации обо мне Вы можете прочитать в резюме. Готов ответить на Ваши вопросы при личной встрече или по скайпу. При необходимости готов выполнить тестовое задание.
 Вы можете связаться со мной по телефону 8 916 257 72 33, WhatsApp +7 963 7169740 или по электронной почте, sadielgodales@gmail.com.
 https://github.com/sad8787/C-repo
 https://github.com/sad8787/Java
 


[2021-10-07T18:12:10.004Z] : [info]: someone is there

[2021-10-07T18:13:05.546Z] : [error]: Selectors: Nothing found

[2021-10-07T18:13:05.551Z] : [error]: Total execution time: 1m 2s 798ms

[2021-10-07T18:13:05.553Z] : [info]: ---------------------------------------------

[2021-10-07T18:15:13.157Z] : [success]: Robot saved successfully

[2021-10-07T18:15:22.498Z] : [success]: Robot saved successfully

[2021-10-07T18:15:22.643Z] : [info]: ---------------------------------------------

[2021-10-07T18:15:22.644Z] : [success]: Bot started

[2021-10-07T18:15:22.645Z] : [info]: Robot start

[2021-10-07T18:15:27.467Z] : [info]: <p>Добрый день,</p><p></p><p>Меня зовут Садиэль Годалес. </p><p></p><p>На сайте hh.ru меня заинтересовала вакансия Специалист по IT, размещённая Вашей компанией.</p><p>Я получил высшее образование в г. Гавана (Куба) и работал программистом у поставщика программного обеспечения. Имею опыт работы с клиентами, занимался защитой информации, управлял базами данных. Знаком со стандартными алгоритмами и структурами данных, немного с Linux. Уверенно программирую на языках C#, SQL. Только что закончил курс по разработке мобильных приложений на Android.</p><p>Владею испанским (родной), русским и английским языками. Люблю свою профессию и не перестаю самосовершенствоваться.</p><p>Больше информации обо мне Вы можете прочитать в резюме. Готов ответить на Ваши вопросы при личной встрече или по скайпу. При необходимости готов выполнить тестовое задание.</p><p>Вы можете связаться со мной по телефону 8 916 257 72 33, WhatsApp +7 963 7169740 или по электронной почте, sadielgodales@gmail.com.</p><p>https://github.com/sad8787/C-repo</p><p>https://github.com/sad8787/Java</p><p></p>

[2021-10-07T18:15:27.482Z] : [info]:  Добрый день,
 
 Меня зовут Садиэль Годалес. 
 
 На сайте hh.ru меня заинтересовала вакансия Специалист по IT, размещённая Вашей компанией.
 Я получил высшее образование в г. Гавана (Куба) и работал программистом у поставщика программного обеспечения. Имею опыт работы с клиентами, занимался защитой информации, управлял базами данных. Знаком со стандартными алгоритмами и структурами данных, немного с Linux. Уверенно программирую на языках C#, SQL. Только что закончил курс по разработке мобильных приложений на Android.
 Владею испанским (родной), русским и английским языками. Люблю свою профессию и не перестаю самосовершенствоваться.
 Больше информации обо мне Вы можете прочитать в резюме. Готов ответить на Ваши вопросы при личной встрече или по скайпу. При необходимости готов выполнить тестовое задание.
 Вы можете связаться со мной по телефону 8 916 257 72 33, WhatsApp +7 963 7169740 или по электронной почте, sadielgodales@gmail.com.
 https://github.com/sad8787/C-repo
 https://github.com/sad8787/Java
 


[2021-10-07T18:15:39.539Z] : [error]: Selectors: Nothing found

[2021-10-07T18:15:39.542Z] : [error]: Total execution time: 16s 894ms

[2021-10-07T18:15:39.545Z] : [info]: ---------------------------------------------

[2021-10-07T18:17:49.752Z] : [success]: Robot saved successfully

[2021-10-07T18:17:49.880Z] : [success]: Bot started

[2021-10-07T18:17:49.881Z] : [info]: Robot start

[2021-10-07T18:17:53.927Z] : [info]: <p>Добрый день,</p><p></p><p>Меня зовут Садиэль Годалес. </p><p></p><p>На сайте hh.ru меня заинтересовала вакансия Специалист по IT, размещённая Вашей компанией.</p><p>Я получил высшее образование в г. Гавана (Куба) и работал программистом у поставщика программного обеспечения. Имею опыт работы с клиентами, занимался защитой информации, управлял базами данных. Знаком со стандартными алгоритмами и структурами данных, немного с Linux. Уверенно программирую на языках C#, SQL. Только что закончил курс по разработке мобильных приложений на Android.</p><p>Владею испанским (родной), русским и английским языками. Люблю свою профессию и не перестаю самосовершенствоваться.</p><p>Больше информации обо мне Вы можете прочитать в резюме. Готов ответить на Ваши вопросы при личной встрече или по скайпу. При необходимости готов выполнить тестовое задание.</p><p>Вы можете связаться со мной по телефону 8 916 257 72 33, WhatsApp +7 963 7169740 или по электронной почте, sadielgodales@gmail.com.</p><p>https://github.com/sad8787/C-repo</p><p>https://github.com/sad8787/Java</p><p></p>

[2021-10-07T18:17:53.943Z] : [info]:  Добрый день,
 
 Меня зовут Садиэль Годалес. 
 
 На сайте hh.ru меня заинтересовала вакансия Специалист по IT, размещённая Вашей компанией.
 Я получил высшее образование в г. Гавана (Куба) и работал программистом у поставщика программного обеспечения. Имею опыт работы с клиентами, занимался защитой информации, управлял базами данных. Знаком со стандартными алгоритмами и структурами данных, немного с Linux. Уверенно программирую на языках C#, SQL. Только что закончил курс по разработке мобильных приложений на Android.
 Владею испанским (родной), русским и английским языками. Люблю свою профессию и не перестаю самосовершенствоваться.
 Больше информации обо мне Вы можете прочитать в резюме. Готов ответить на Ваши вопросы при личной встрече или по скайпу. При необходимости готов выполнить тестовое задание.
 Вы можете связаться со мной по телефону 8 916 257 72 33, WhatsApp +7 963 7169740 или по электронной почте, sadielgodales@gmail.com.
 https://github.com/sad8787/C-repo
 https://github.com/sad8787/Java
 


[2021-10-07T18:17:58.378Z] : [info]: someone is there

[2021-10-07T18:18:16.968Z] : [info]: END Loguin

[2021-10-07T18:18:23.233Z] : [info]: END search

[2021-10-07T18:18:26.098Z] : [info]: 1231 ; 532

[2021-10-07T18:18:29.593Z] : [info]: Una propuesta fue seleccionada

[2021-10-07T18:18:51.365Z] : [info]: choose Summary. Send cover letter

[2021-10-07T18:18:53.041Z] : [info]: si aclicar

[2021-10-07T18:19:16.496Z] : [info]: END search

[2021-10-07T18:19:20.108Z] : [info]: 1231 ; 492

[2021-10-07T18:19:23.460Z] : [info]: Una propuesta fue seleccionada

[2021-10-07T18:19:45.929Z] : [info]: take contact details

[2021-10-07T18:19:48.462Z] : [info]: choose Summary. Send cover letter

[2021-10-07T18:19:50.117Z] : [info]: si aclicar

[2021-10-07T18:20:14.424Z] : [info]: END search

[2021-10-07T18:20:19.127Z] : [info]: choose Summary. Send cover letter

[2021-10-07T18:20:20.996Z] : [info]: si aclicar

[2021-10-07T18:20:43.594Z] : [info]: END search

[2021-10-07T18:20:49.661Z] : [error]: Selectors: Nothing found

[2021-10-07T18:20:49.675Z] : [error]: Total execution time: 2m 59s 777ms

[2021-10-07T18:20:49.677Z] : [info]: ---------------------------------------------

[2021-10-07T18:23:30.634Z] : [success]: Robot saved successfully

[2021-10-07T18:23:33.048Z] : [success]: Robot saved successfully

[2021-10-07T18:23:33.183Z] : [success]: Bot started

[2021-10-07T18:23:33.184Z] : [info]: Robot start

[2021-10-07T18:23:38.288Z] : [info]: <p>Добрый день,</p><p></p><p>Меня зовут Садиэль Годалес. </p><p></p><p>На сайте hh.ru меня заинтересовала вакансия Специалист по IT, размещённая Вашей компанией.</p><p>Я получил высшее образование в г. Гавана (Куба) и работал программистом у поставщика программного обеспечения. Имею опыт работы с клиентами, занимался защитой информации, управлял базами данных. Знаком со стандартными алгоритмами и структурами данных, немного с Linux. Уверенно программирую на языках C#, SQL. Только что закончил курс по разработке мобильных приложений на Android.</p><p>Владею испанским (родной), русским и английским языками. Люблю свою профессию и не перестаю самосовершенствоваться.</p><p>Больше информации обо мне Вы можете прочитать в резюме. Готов ответить на Ваши вопросы при личной встрече или по скайпу. При необходимости готов выполнить тестовое задание.</p><p>Вы можете связаться со мной по телефону 8 916 257 72 33, WhatsApp +7 963 7169740 или по электронной почте, sadielgodales@gmail.com.</p><p>https://github.com/sad8787/C-repo</p><p>https://github.com/sad8787/Java</p><p></p>

[2021-10-07T18:23:38.307Z] : [info]:  Добрый день,
 
 Меня зовут Садиэль Годалес. 
 
 На сайте hh.ru меня заинтересовала вакансия Специалист по IT, размещённая Вашей компанией.
 Я получил высшее образование в г. Гавана (Куба) и работал программистом у поставщика программного обеспечения. Имею опыт работы с клиентами, занимался защитой информации, управлял базами данных. Знаком со стандартными алгоритмами и структурами данных, немного с Linux. Уверенно программирую на языках C#, SQL. Только что закончил курс по разработке мобильных приложений на Android.
 Владею испанским (родной), русским и английским языками. Люблю свою профессию и не перестаю самосовершенствоваться.
 Больше информации обо мне Вы можете прочитать в резюме. Готов ответить на Ваши вопросы при личной встрече или по скайпу. При необходимости готов выполнить тестовое задание.
 Вы можете связаться со мной по телефону 8 916 257 72 33, WhatsApp +7 963 7169740 или по электронной почте, sadielgodales@gmail.com.
 https://github.com/sad8787/C-repo
 https://github.com/sad8787/Java
 


[2021-10-07T18:23:42.828Z] : [info]: someone is there

[2021-10-07T18:24:05.121Z] : [info]: END Loguin

[2021-10-07T18:24:09.812Z] : [info]: END search

[2021-10-07T18:24:15.216Z] : [error]: Selectors: Nothing found

[2021-10-07T18:24:15.223Z] : [error]: Total execution time: 42s 24ms

[2021-10-07T18:24:15.226Z] : [info]: ---------------------------------------------

[2021-10-07T18:25:40.619Z] : [success]: Robot saved successfully

[2021-10-07T18:25:40.716Z] : [success]: Bot started

[2021-10-07T18:25:40.717Z] : [info]: Robot start

[2021-10-07T18:25:43.480Z] : [info]: <p>Добрый день,</p><p></p><p>Меня зовут Садиэль Годалес. </p><p></p><p>На сайте hh.ru меня заинтересовала вакансия Специалист по IT, размещённая Вашей компанией.</p><p>Я получил высшее образование в г. Гавана (Куба) и работал программистом у поставщика программного обеспечения. Имею опыт работы с клиентами, занимался защитой информации, управлял базами данных. Знаком со стандартными алгоритмами и структурами данных, немного с Linux. Уверенно программирую на языках C#, SQL. Только что закончил курс по разработке мобильных приложений на Android.</p><p>Владею испанским (родной), русским и английским языками. Люблю свою профессию и не перестаю самосовершенствоваться.</p><p>Больше информации обо мне Вы можете прочитать в резюме. Готов ответить на Ваши вопросы при личной встрече или по скайпу. При необходимости готов выполнить тестовое задание.</p><p>Вы можете связаться со мной по телефону 8 916 257 72 33, WhatsApp +7 963 7169740 или по электронной почте, sadielgodales@gmail.com.</p><p>https://github.com/sad8787/C-repo</p><p>https://github.com/sad8787/Java</p><p></p>

[2021-10-07T18:25:43.496Z] : [info]:  Добрый день,
 
 Меня зовут Садиэль Годалес. 
 
 На сайте hh.ru меня заинтересовала вакансия Специалист по IT, размещённая Вашей компанией.
 Я получил высшее образование в г. Гавана (Куба) и работал программистом у поставщика программного обеспечения. Имею опыт работы с клиентами, занимался защитой информации, управлял базами данных. Знаком со стандартными алгоритмами и структурами данных, немного с Linux. Уверенно программирую на языках C#, SQL. Только что закончил курс по разработке мобильных приложений на Android.
 Владею испанским (родной), русским и английским языками. Люблю свою профессию и не перестаю самосовершенствоваться.
 Больше информации обо мне Вы можете прочитать в резюме. Готов ответить на Ваши вопросы при личной встрече или по скайпу. При необходимости готов выполнить тестовое задание.
 Вы можете связаться со мной по телефону 8 916 257 72 33, WhatsApp +7 963 7169740 или по электронной почте, sadielgodales@gmail.com.
 https://github.com/sad8787/C-repo
 https://github.com/sad8787/Java
 


[2021-10-07T18:25:47.994Z] : [info]: someone is there

[2021-10-07T18:26:06.332Z] : [info]: END Loguin

[2021-10-07T18:26:10.997Z] : [info]: END search

[2021-10-07T18:26:17.069Z] : [error]: Selectors: Nothing found

[2021-10-07T18:26:17.076Z] : [error]: Total execution time: 36s 350ms

[2021-10-07T18:26:17.079Z] : [info]: ---------------------------------------------

[2021-10-07T18:28:10.467Z] : [success]: Robot saved successfully

[2021-10-07T18:28:10.586Z] : [success]: Bot started

[2021-10-07T18:28:10.587Z] : [info]: Robot start

[2021-10-07T18:28:15.094Z] : [info]: <p>Добрый день,</p><p></p><p>Меня зовут Садиэль Годалес. </p><p></p><p>На сайте hh.ru меня заинтересовала вакансия Специалист по IT, размещённая Вашей компанией.</p><p>Я получил высшее образование в г. Гавана (Куба) и работал программистом у поставщика программного обеспечения. Имею опыт работы с клиентами, занимался защитой информации, управлял базами данных. Знаком со стандартными алгоритмами и структурами данных, немного с Linux. Уверенно программирую на языках C#, SQL. Только что закончил курс по разработке мобильных приложений на Android.</p><p>Владею испанским (родной), русским и английским языками. Люблю свою профессию и не перестаю самосовершенствоваться.</p><p>Больше информации обо мне Вы можете прочитать в резюме. Готов ответить на Ваши вопросы при личной встрече или по скайпу. При необходимости готов выполнить тестовое задание.</p><p>Вы можете связаться со мной по телефону 8 916 257 72 33, WhatsApp +7 963 7169740 или по электронной почте, sadielgodales@gmail.com.</p><p>https://github.com/sad8787/C-repo</p><p>https://github.com/sad8787/Java</p><p></p>

[2021-10-07T18:28:15.108Z] : [info]:  Добрый день,
 
 Меня зовут Садиэль Годалес. 
 
 На сайте hh.ru меня заинтересовала вакансия Специалист по IT, размещённая Вашей компанией.
 Я получил высшее образование в г. Гавана (Куба) и работал программистом у поставщика программного обеспечения. Имею опыт работы с клиентами, занимался защитой информации, управлял базами данных. Знаком со стандартными алгоритмами и структурами данных, немного с Linux. Уверенно программирую на языках C#, SQL. Только что закончил курс по разработке мобильных приложений на Android.
 Владею испанским (родной), русским и английским языками. Люблю свою профессию и не перестаю самосовершенствоваться.
 Больше информации обо мне Вы можете прочитать в резюме. Готов ответить на Ваши вопросы при личной встрече или по скайпу. При необходимости готов выполнить тестовое задание.
 Вы можете связаться со мной по телефону 8 916 257 72 33, WhatsApp +7 963 7169740 или по электронной почте, sadielgodales@gmail.com.
 https://github.com/sad8787/C-repo
 https://github.com/sad8787/Java
 


[2021-10-07T18:28:19.517Z] : [info]: someone is there

[2021-10-07T18:28:37.852Z] : [info]: END Loguin

[2021-10-07T18:28:42.536Z] : [info]: END search

[2021-10-07T18:28:48.425Z] : [info]: choose Summary. Send cover letter

[2021-10-07T18:28:50.391Z] : [info]: si aclicar

[2021-10-07T18:29:15.350Z] : [info]: END search

[2021-10-07T18:29:17.996Z] : [info]: 1231 ; 532

[2021-10-07T18:29:21.333Z] : [info]: Una propuesta fue seleccionada

[2021-10-07T18:29:39.597Z] : [info]: take contact details

[2021-10-07T18:29:47.512Z] : [info]: choose Summary. Send cover letter

[2021-10-07T18:29:49.152Z] : [info]: si aclicar

[2021-10-07T18:30:13.613Z] : [info]: END search

[2021-10-07T18:30:18.416Z] : [info]: choose Summary. Send cover letter

[2021-10-07T18:30:20.336Z] : [info]: si aclicar

[2021-10-07T18:30:44.859Z] : [info]: END search

[2021-10-07T18:30:47.698Z] : [info]: choose Summary. Send cover letter

[2021-10-07T18:31:03.091Z] : [info]: no aclicar porque Es examen

[2021-10-07T18:31:04.596Z] : [success]: Bot finished successfully, total execution time: 2m 54s

[2021-10-07T18:31:04.598Z] : [info]: ---------------------------------------------

[2021-10-07T19:02:42.733Z] : [success]: Robot saved successfully

[2021-10-07T19:02:45.776Z] : [success]: Robot saved successfully

[2021-10-07T19:02:45.898Z] : [success]: Bot started

[2021-10-07T19:02:45.900Z] : [info]: Robot start

[2021-10-07T19:02:58.156Z] : [info]: <p>Добрый день,</p><p></p><p>Меня зовут Садиэль Годалес. </p><p></p><p>На сайте hh.ru меня заинтересовала вакансия Специалист по IT, размещённая Вашей компанией.</p><p>Я получил высшее образование в г. Гавана (Куба) и работал программистом у поставщика программного обеспечения. Имею опыт работы с клиентами, занимался защитой информации, управлял базами данных. Знаком со стандартными алгоритмами и структурами данных, немного с Linux. Уверенно программирую на языках C#, SQL. Только что закончил курс по разработке мобильных приложений на Android.</p><p>Владею испанским (родной), русским и английским языками. Люблю свою профессию и не перестаю самосовершенствоваться.</p><p>Больше информации обо мне Вы можете прочитать в резюме. Готов ответить на Ваши вопросы при личной встрече или по скайпу. При необходимости готов выполнить тестовое задание.</p><p>Вы можете связаться со мной по телефону 8 916 257 72 33, WhatsApp +7 963 7169740 или по электронной почте, sadielgodales@gmail.com.</p><p>https://github.com/sad8787/C-repo</p><p>https://github.com/sad8787/Java</p><p></p>

[2021-10-07T19:02:58.172Z] : [info]:  Добрый день,
 
 Меня зовут Садиэль Годалес. 
 
 На сайте hh.ru меня заинтересовала вакансия Специалист по IT, размещённая Вашей компанией.
 Я получил высшее образование в г. Гавана (Куба) и работал программистом у поставщика программного обеспечения. Имею опыт работы с клиентами, занимался защитой информации, управлял базами данных. Знаком со стандартными алгоритмами и структурами данных, немного с Linux. Уверенно программирую на языках C#, SQL. Только что закончил курс по разработке мобильных приложений на Android.
 Владею испанским (родной), русским и английским языками. Люблю свою профессию и не перестаю самосовершенствоваться.
 Больше информации обо мне Вы можете прочитать в резюме. Готов ответить на Ваши вопросы при личной встрече или по скайпу. При необходимости готов выполнить тестовое задание.
 Вы можете связаться со мной по телефону 8 916 257 72 33, WhatsApp +7 963 7169740 или по электронной почте, sadielgodales@gmail.com.
 https://github.com/sad8787/C-repo
 https://github.com/sad8787/Java
 


[2021-10-07T19:03:06.781Z] : [info]: someone is there

[2021-10-07T19:03:25.290Z] : [info]: END Loguin

[2021-10-07T19:03:31.449Z] : [info]: END search

[2021-10-07T19:03:35.160Z] : [info]: 1231 ; 492

[2021-10-07T19:03:38.608Z] : [info]: Una propuesta fue seleccionada

[2021-10-07T19:04:16.305Z] : [info]: take contact details

[2021-10-07T19:04:19.260Z] : [info]: choose Summary. Send cover letter

[2021-10-07T19:04:20.970Z] : [info]: si aclicar

[2021-10-07T19:04:44.581Z] : [info]: END search

[2021-10-07T19:04:46.935Z] : [info]: 1231 ; 532

[2021-10-07T19:04:50.308Z] : [info]: Una propuesta fue seleccionada

[2021-10-07T19:05:08.743Z] : [error]: Selectors: Nothing found

[2021-10-07T19:05:08.753Z] : [error]: Total execution time: 2m 22s 842ms

[2021-10-07T19:05:08.755Z] : [info]: ---------------------------------------------

[2021-10-07T19:06:46.571Z] : [success]: Robot saved successfully

[2021-10-07T19:07:09.271Z] : [success]: Robot saved successfully

[2021-10-07T19:07:13.148Z] : [success]: Robot saved successfully

[2021-10-07T19:07:13.329Z] : [success]: Bot started

[2021-10-07T19:07:13.331Z] : [info]: Robot start

[2021-10-07T19:07:15.998Z] : [info]: <p>Добрый день,</p><p></p><p>Меня зовут Садиэль Годалес. </p><p></p><p>На сайте hh.ru меня заинтересовала вакансия Специалист по IT, размещённая Вашей компанией.</p><p>Я получил высшее образование в г. Гавана (Куба) и работал программистом у поставщика программного обеспечения. Имею опыт работы с клиентами, занимался защитой информации, управлял базами данных. Знаком со стандартными алгоритмами и структурами данных, немного с Linux. Уверенно программирую на языках C#, SQL. Только что закончил курс по разработке мобильных приложений на Android.</p><p>Владею испанским (родной), русским и английским языками. Люблю свою профессию и не перестаю самосовершенствоваться.</p><p>Больше информации обо мне Вы можете прочитать в резюме. Готов ответить на Ваши вопросы при личной встрече или по скайпу. При необходимости готов выполнить тестовое задание.</p><p>Вы можете связаться со мной по телефону 8 916 257 72 33, WhatsApp +7 963 7169740 или по электронной почте, sadielgodales@gmail.com.</p><p>https://github.com/sad8787/C-repo</p><p>https://github.com/sad8787/Java</p><p></p>

[2021-10-07T19:07:16.026Z] : [info]:  Добрый день,
 
 Меня зовут Садиэль Годалес. 
 
 На сайте hh.ru меня заинтересовала вакансия Специалист по IT, размещённая Вашей компанией.
 Я получил высшее образование в г. Гавана (Куба) и работал программистом у поставщика программного обеспечения. Имею опыт работы с клиентами, занимался защитой информации, управлял базами данных. Знаком со стандартными алгоритмами и структурами данных, немного с Linux. Уверенно программирую на языках C#, SQL. Только что закончил курс по разработке мобильных приложений на Android.
 Владею испанским (родной), русским и английским языками. Люблю свою профессию и не перестаю самосовершенствоваться.
 Больше информации обо мне Вы можете прочитать в резюме. Готов ответить на Ваши вопросы при личной встрече или по скайпу. При необходимости готов выполнить тестовое задание.
 Вы можете связаться со мной по телефону 8 916 257 72 33, WhatsApp +7 963 7169740 или по электронной почте, sadielgodales@gmail.com.
 https://github.com/sad8787/C-repo
 https://github.com/sad8787/Java
 


[2021-10-07T19:07:20.482Z] : [info]: someone is there

[2021-10-07T19:07:38.940Z] : [info]: END Loguin

[2021-10-07T19:07:43.636Z] : [info]: END search

[2021-10-07T19:07:46.943Z] : [info]: 1231 ; 492

[2021-10-07T19:07:50.346Z] : [info]: Una propuesta fue seleccionada

[2021-10-07T19:08:04.169Z] : [info]: take contact details

[2021-10-07T19:08:07.500Z] : [info]: choose Summary. Send cover letter

[2021-10-07T19:08:09.162Z] : [info]: si aclicar

[2021-10-07T19:08:31.189Z] : [info]: END search

[2021-10-07T19:08:32.023Z] : [info]: 1231 ; 492

[2021-10-07T19:08:48.540Z] : [success]: Bot finished successfully, total execution time: 1m 35s 203ms

[2021-10-07T19:08:48.542Z] : [info]: ---------------------------------------------

[2021-10-07T19:12:59.811Z] : [success]: Robot saved successfully

[2021-10-07T19:13:11.688Z] : [success]: Robot saved successfully

[2021-10-07T19:13:11.832Z] : [success]: Bot started

[2021-10-07T19:13:11.833Z] : [info]: Robot start

[2021-10-07T19:13:17.295Z] : [info]: <p>Добрый день,</p><p></p><p>Меня зовут Садиэль Годалес. </p><p></p><p>На сайте hh.ru меня заинтересовала вакансия Специалист по IT, размещённая Вашей компанией.</p><p>Я получил высшее образование в г. Гавана (Куба) и работал программистом у поставщика программного обеспечения. Имею опыт работы с клиентами, занимался защитой информации, управлял базами данных. Знаком со стандартными алгоритмами и структурами данных, немного с Linux. Уверенно программирую на языках C#, SQL. Только что закончил курс по разработке мобильных приложений на Android.</p><p>Владею испанским (родной), русским и английским языками. Люблю свою профессию и не перестаю самосовершенствоваться.</p><p>Больше информации обо мне Вы можете прочитать в резюме. Готов ответить на Ваши вопросы при личной встрече или по скайпу. При необходимости готов выполнить тестовое задание.</p><p>Вы можете связаться со мной по телефону 8 916 257 72 33, WhatsApp +7 963 7169740 или по электронной почте, sadielgodales@gmail.com.</p><p>https://github.com/sad8787/C-repo</p><p>https://github.com/sad8787/Java</p><p></p>

[2021-10-07T19:13:17.315Z] : [info]:  Добрый день,
 
 Меня зовут Садиэль Годалес. 
 
 На сайте hh.ru меня заинтересовала вакансия Специалист по IT, размещённая Вашей компанией.
 Я получил высшее образование в г. Гавана (Куба) и работал программистом у поставщика программного обеспечения. Имею опыт работы с клиентами, занимался защитой информации, управлял базами данных. Знаком со стандартными алгоритмами и структурами данных, немного с Linux. Уверенно программирую на языках C#, SQL. Только что закончил курс по разработке мобильных приложений на Android.
 Владею испанским (родной), русским и английским языками. Люблю свою профессию и не перестаю самосовершенствоваться.
 Больше информации обо мне Вы можете прочитать в резюме. Готов ответить на Ваши вопросы при личной встрече или по скайпу. При необходимости готов выполнить тестовое задание.
 Вы можете связаться со мной по телефону 8 916 257 72 33, WhatsApp +7 963 7169740 или по электронной почте, sadielgodales@gmail.com.
 https://github.com/sad8787/C-repo
 https://github.com/sad8787/Java
 


[2021-10-07T19:13:21.760Z] : [info]: someone is there

[2021-10-07T19:13:43.314Z] : [info]: END Loguin

[2021-10-07T19:13:47.955Z] : [info]: END search

[2021-10-07T19:13:51.589Z] : [info]: choose Summary. Send cover letter

[2021-10-07T19:13:53.641Z] : [info]: si aclicar

[2021-10-07T19:14:19.286Z] : [info]: END search

[2021-10-07T19:14:24.299Z] : [info]: choose Summary. Send cover letter

[2021-10-07T19:14:26.265Z] : [info]: si aclicar

[2021-10-07T19:14:49.365Z] : [info]: END search

[2021-10-07T19:14:52.952Z] : [info]: choose Summary. Send cover letter

[2021-10-07T19:14:55.039Z] : [info]: si aclicar

[2021-10-07T19:15:18.365Z] : [info]: END search

[2021-10-07T19:15:21.036Z] : [info]: 1209 ; 496

[2021-10-07T19:15:38.604Z] : [success]: Bot finished successfully, total execution time: 2m 26s 764ms

[2021-10-07T19:15:38.606Z] : [info]: ---------------------------------------------

[2021-10-07T19:16:37.623Z] : [success]: Robot saved successfully

[2021-10-07T19:16:42.918Z] : [success]: Robot saved successfully

[2021-10-07T19:16:43.032Z] : [success]: Bot started

[2021-10-07T19:16:43.033Z] : [info]: Robot start

[2021-10-07T19:16:45.643Z] : [info]: <p>Добрый день,</p><p></p><p>Меня зовут Садиэль Годалес. </p><p></p><p>На сайте hh.ru меня заинтересовала вакансия Специалист по IT, размещённая Вашей компанией.</p><p>Я получил высшее образование в г. Гавана (Куба) и работал программистом у поставщика программного обеспечения. Имею опыт работы с клиентами, занимался защитой информации, управлял базами данных. Знаком со стандартными алгоритмами и структурами данных, немного с Linux. Уверенно программирую на языках C#, SQL. Только что закончил курс по разработке мобильных приложений на Android.</p><p>Владею испанским (родной), русским и английским языками. Люблю свою профессию и не перестаю самосовершенствоваться.</p><p>Больше информации обо мне Вы можете прочитать в резюме. Готов ответить на Ваши вопросы при личной встрече или по скайпу. При необходимости готов выполнить тестовое задание.</p><p>Вы можете связаться со мной по телефону 8 916 257 72 33, WhatsApp +7 963 7169740 или по электронной почте, sadielgodales@gmail.com.</p><p>https://github.com/sad8787/C-repo</p><p>https://github.com/sad8787/Java</p><p></p>

[2021-10-07T19:16:45.659Z] : [info]:  Добрый день,
 
 Меня зовут Садиэль Годалес. 
 
 На сайте hh.ru меня заинтересовала вакансия Специалист по IT, размещённая Вашей компанией.
 Я получил высшее образование в г. Гавана (Куба) и работал программистом у поставщика программного обеспечения. Имею опыт работы с клиентами, занимался защитой информации, управлял базами данных. Знаком со стандартными алгоритмами и структурами данных, немного с Linux. Уверенно программирую на языках C#, SQL. Только что закончил курс по разработке мобильных приложений на Android.
 Владею испанским (родной), русским и английским языками. Люблю свою профессию и не перестаю самосовершенствоваться.
 Больше информации обо мне Вы можете прочитать в резюме. Готов ответить на Ваши вопросы при личной встрече или по скайпу. При необходимости готов выполнить тестовое задание.
 Вы можете связаться со мной по телефону 8 916 257 72 33, WhatsApp +7 963 7169740 или по электронной почте, sadielgodales@gmail.com.
 https://github.com/sad8787/C-repo
 https://github.com/sad8787/Java
 


[2021-10-07T19:16:50.062Z] : [info]: someone is there

[2021-10-07T19:17:08.523Z] : [info]: END Loguin

[2021-10-07T19:17:13.222Z] : [info]: END search

[2021-10-07T19:17:15.901Z] : [info]: 1209 ; 496

[2021-10-07T19:17:33.532Z] : [success]: Bot finished successfully, total execution time: 50s 497ms

[2021-10-07T19:17:33.533Z] : [info]: ---------------------------------------------

[2021-10-07T19:18:09.804Z] : [success]: Robot saved successfully

[2021-10-07T19:18:19.614Z] : [success]: Robot saved successfully

[2021-10-07T19:18:19.698Z] : [success]: Bot started

[2021-10-07T19:18:19.699Z] : [info]: Robot start

[2021-10-07T19:18:25.146Z] : [info]: <p>Добрый день,</p><p></p><p>Меня зовут Садиэль Годалес. </p><p></p><p>На сайте hh.ru меня заинтересовала вакансия Специалист по IT, размещённая Вашей компанией.</p><p>Я получил высшее образование в г. Гавана (Куба) и работал программистом у поставщика программного обеспечения. Имею опыт работы с клиентами, занимался защитой информации, управлял базами данных. Знаком со стандартными алгоритмами и структурами данных, немного с Linux. Уверенно программирую на языках C#, SQL. Только что закончил курс по разработке мобильных приложений на Android.</p><p>Владею испанским (родной), русским и английским языками. Люблю свою профессию и не перестаю самосовершенствоваться.</p><p>Больше информации обо мне Вы можете прочитать в резюме. Готов ответить на Ваши вопросы при личной встрече или по скайпу. При необходимости готов выполнить тестовое задание.</p><p>Вы можете связаться со мной по телефону 8 916 257 72 33, WhatsApp +7 963 7169740 или по электронной почте, sadielgodales@gmail.com.</p><p>https://github.com/sad8787/C-repo</p><p>https://github.com/sad8787/Java</p><p></p>

[2021-10-07T19:18:25.164Z] : [info]:  Добрый день,
 
 Меня зовут Садиэль Годалес. 
 
 На сайте hh.ru меня заинтересовала вакансия Специалист по IT, размещённая Вашей компанией.
 Я получил высшее образование в г. Гавана (Куба) и работал программистом у поставщика программного обеспечения. Имею опыт работы с клиентами, занимался защитой информации, управлял базами данных. Знаком со стандартными алгоритмами и структурами данных, немного с Linux. Уверенно программирую на языках C#, SQL. Только что закончил курс по разработке мобильных приложений на Android.
 Владею испанским (родной), русским и английским языками. Люблю свою профессию и не перестаю самосовершенствоваться.
 Больше информации обо мне Вы можете прочитать в резюме. Готов ответить на Ваши вопросы при личной встрече или по скайпу. При необходимости готов выполнить тестовое задание.
 Вы можете связаться со мной по телефону 8 916 257 72 33, WhatsApp +7 963 7169740 или по электронной почте, sadielgodales@gmail.com.
 https://github.com/sad8787/C-repo
 https://github.com/sad8787/Java
 


[2021-10-07T19:18:29.536Z] : [info]: someone is there

[2021-10-07T19:18:47.986Z] : [info]: END Loguin

[2021-10-07T19:18:52.683Z] : [info]: END search

[2021-10-07T19:18:55.224Z] : [info]: 1209 ; 496

[2021-10-07T19:18:58.549Z] : [info]: Una propuesta fue seleccionada

[2021-10-07T19:19:28.992Z] : [info]: choose Summary. Send cover letter

[2021-10-07T19:19:30.751Z] : [info]: si aclicar

[2021-10-07T19:19:54.510Z] : [info]: END search

[2021-10-07T19:19:58.165Z] : [info]: choose Summary. Send cover letter

[2021-10-07T19:19:59.818Z] : [info]: si aclicar

[2021-10-07T19:20:24.592Z] : [info]: END search

[2021-10-07T19:20:28.407Z] : [info]: choose Summary. Send cover letter

[2021-10-07T19:20:30.640Z] : [info]: si aclicar

[2021-10-07T19:20:53.692Z] : [info]: END search

[2021-10-07T19:20:57.280Z] : [info]: 1209 ; 488

[2021-10-07T19:20:59.320Z] : [info]: Una propuesta fue seleccionada

[2021-10-07T19:21:31.495Z] : [info]: choose Summary. Send cover letter

[2021-10-07T19:21:33.268Z] : [info]: si aclicar

[2021-10-07T19:21:56.520Z] : [info]: END search

[2021-10-07T19:21:59.047Z] : [info]: 1209 ; 496

[2021-10-07T19:22:02.210Z] : [info]: Una propuesta fue seleccionada

[2021-10-07T19:22:29.363Z] : [info]: choose Summary. Send cover letter

[2021-10-07T19:22:31.077Z] : [info]: si aclicar

[2021-10-07T19:22:52.521Z] : [info]: END search

[2021-10-07T19:22:53.109Z] : [info]: 1209 ; 496

[2021-10-07T19:22:58.820Z] : [info]: Una propuesta fue seleccionada

[2021-10-07T19:23:52.563Z] : [error]: Selectors: Nothing found

[2021-10-07T19:23:52.573Z] : [error]: Total execution time: 5m 32s 863ms

[2021-10-07T19:23:52.575Z] : [info]: ---------------------------------------------

[2021-10-07T19:31:15.707Z] : [success]: Robot saved successfully

[2021-10-07T19:48:19.035Z] : [success]: Robot saved successfully

[2021-10-07T19:48:19.167Z] : [success]: Bot started

[2021-10-07T19:48:19.168Z] : [info]: Robot start

[2021-10-07T19:48:24.827Z] : [info]: <p>Добрый день,</p><p></p><p>Меня зовут Садиэль Годалес. </p><p></p><p>На сайте hh.ru меня заинтересовала вакансия Специалист по IT, размещённая Вашей компанией.</p><p>Я получил высшее образование в г. Гавана (Куба) и работал программистом у поставщика программного обеспечения. Имею опыт работы с клиентами, занимался защитой информации, управлял базами данных. Знаком со стандартными алгоритмами и структурами данных, немного с Linux. Уверенно программирую на языках C#, SQL. Только что закончил курс по разработке мобильных приложений на Android.</p><p>Владею испанским (родной), русским и английским языками. Люблю свою профессию и не перестаю самосовершенствоваться.</p><p>Больше информации обо мне Вы можете прочитать в резюме. Готов ответить на Ваши вопросы при личной встрече или по скайпу. При необходимости готов выполнить тестовое задание.</p><p>Вы можете связаться со мной по телефону 8 916 257 72 33, WhatsApp +7 963 7169740 или по электронной почте, sadielgodales@gmail.com.</p><p>https://github.com/sad8787/C-repo</p><p>https://github.com/sad8787/Java</p><p></p>

[2021-10-07T19:48:24.842Z] : [info]:  Добрый день,
 
 Меня зовут Садиэль Годалес. 
 
 На сайте hh.ru меня заинтересовала вакансия Специалист по IT, размещённая Вашей компанией.
 Я получил высшее образование в г. Гавана (Куба) и работал программистом у поставщика программного обеспечения. Имею опыт работы с клиентами, занимался защитой информации, управлял базами данных. Знаком со стандартными алгоритмами и структурами данных, немного с Linux. Уверенно программирую на языках C#, SQL. Только что закончил курс по разработке мобильных приложений на Android.
 Владею испанским (родной), русским и английским языками. Люблю свою профессию и не перестаю самосовершенствоваться.
 Больше информации обо мне Вы можете прочитать в резюме. Готов ответить на Ваши вопросы при личной встрече или по скайпу. При необходимости готов выполнить тестовое задание.
 Вы можете связаться со мной по телефону 8 916 257 72 33, WhatsApp +7 963 7169740 или по электронной почте, sadielgodales@gmail.com.
 https://github.com/sad8787/C-repo
 https://github.com/sad8787/Java
 


[2021-10-07T19:48:36.568Z] : [error]: Selectors: Nothing found

[2021-10-07T19:48:36.583Z] : [error]: Total execution time: 17s 399ms

[2021-10-07T19:48:36.584Z] : [info]: ---------------------------------------------

[2021-10-07T19:50:45.631Z] : [success]: Robot saved successfully

[2021-10-07T19:50:45.758Z] : [success]: Bot started

[2021-10-07T19:50:45.759Z] : [info]: Robot start

[2021-10-07T19:50:51.692Z] : [info]: <p>Добрый день,</p><p></p><p>Меня зовут Садиэль Годалес. </p><p></p><p>На сайте hh.ru меня заинтересовала вакансия Специалист по IT, размещённая Вашей компанией.</p><p>Я получил высшее образование в г. Гавана (Куба) и работал программистом у поставщика программного обеспечения. Имею опыт работы с клиентами, занимался защитой информации, управлял базами данных. Знаком со стандартными алгоритмами и структурами данных, немного с Linux. Уверенно программирую на языках C#, SQL. Только что закончил курс по разработке мобильных приложений на Android.</p><p>Владею испанским (родной), русским и английским языками. Люблю свою профессию и не перестаю самосовершенствоваться.</p><p>Больше информации обо мне Вы можете прочитать в резюме. Готов ответить на Ваши вопросы при личной встрече или по скайпу. При необходимости готов выполнить тестовое задание.</p><p>Вы можете связаться со мной по телефону 8 916 257 72 33, WhatsApp +7 963 7169740 или по электронной почте, sadielgodales@gmail.com.</p><p>https://github.com/sad8787/C-repo</p><p>https://github.com/sad8787/Java</p><p></p>

[2021-10-07T19:50:51.703Z] : [info]:  Добрый день,
 
 Меня зовут Садиэль Годалес. 
 
 На сайте hh.ru меня заинтересовала вакансия Специалист по IT, размещённая Вашей компанией.
 Я получил высшее образование в г. Гавана (Куба) и работал программистом у поставщика программного обеспечения. Имею опыт работы с клиентами, занимался защитой информации, управлял базами данных. Знаком со стандартными алгоритмами и структурами данных, немного с Linux. Уверенно программирую на языках C#, SQL. Только что закончил курс по разработке мобильных приложений на Android.
 Владею испанским (родной), русским и английским языками. Люблю свою профессию и не перестаю самосовершенствоваться.
 Больше информации обо мне Вы можете прочитать в резюме. Готов ответить на Ваши вопросы при личной встрече или по скайпу. При необходимости готов выполнить тестовое задание.
 Вы можете связаться со мной по телефону 8 916 257 72 33, WhatsApp +7 963 7169740 или по электронной почте, sadielgodales@gmail.com.
 https://github.com/sad8787/C-repo
 https://github.com/sad8787/Java
 


[2021-10-07T19:50:56.075Z] : [info]: someone is there

[2021-10-07T19:51:14.585Z] : [info]: END Loguin

[2021-10-07T19:51:19.674Z] : [info]: END search

[2021-10-07T19:51:23.108Z] : [info]: 1209 ; 456

[2021-10-07T19:51:32.847Z] : [info]: Una propuesta fue seleccionada

[2021-10-07T19:52:00.349Z] : [info]: choose Summary. Send cover letter

[2021-10-07T19:52:16.290Z] : [info]: no aclicar porque Es examen

[2021-10-07T19:52:17.033Z] : [info]: Error 

[2021-10-07T19:52:18.028Z] : [success]: Bot finished successfully, total execution time: 1m 32s 261ms

[2021-10-07T19:52:18.030Z] : [info]: ---------------------------------------------

[2021-10-07T19:58:58.871Z] : [success]: Robot saved successfully

[2021-10-07T19:59:10.461Z] : [success]: Robot saved successfully

[2021-10-07T19:59:10.562Z] : [success]: Bot started

[2021-10-07T19:59:10.563Z] : [info]: Robot start

[2021-10-07T19:59:16.679Z] : [info]: <p>Добрый день,</p><p></p><p>Меня зовут Садиэль Годалес. </p><p></p><p>На сайте hh.ru меня заинтересовала вакансия Специалист по IT, размещённая Вашей компанией.</p><p>Я получил высшее образование в г. Гавана (Куба) и работал программистом у поставщика программного обеспечения. Имею опыт работы с клиентами, занимался защитой информации, управлял базами данных. Знаком со стандартными алгоритмами и структурами данных, немного с Linux. Уверенно программирую на языках C#, SQL. Только что закончил курс по разработке мобильных приложений на Android.</p><p>Владею испанским (родной), русским и английским языками. Люблю свою профессию и не перестаю самосовершенствоваться.</p><p>Больше информации обо мне Вы можете прочитать в резюме. Готов ответить на Ваши вопросы при личной встрече или по скайпу. При необходимости готов выполнить тестовое задание.</p><p>Вы можете связаться со мной по телефону 8 916 257 72 33, WhatsApp +7 963 7169740 или по электронной почте, sadielgodales@gmail.com.</p><p>https://github.com/sad8787/C-repo</p><p>https://github.com/sad8787/Java</p><p></p>

[2021-10-07T19:59:16.690Z] : [info]:  Добрый день,
 
 Меня зовут Садиэль Годалес. 
 
 На сайте hh.ru меня заинтересовала вакансия Специалист по IT, размещённая Вашей компанией.
 Я получил высшее образование в г. Гавана (Куба) и работал программистом у поставщика программного обеспечения. Имею опыт работы с клиентами, занимался защитой информации, управлял базами данных. Знаком со стандартными алгоритмами и структурами данных, немного с Linux. Уверенно программирую на языках C#, SQL. Только что закончил курс по разработке мобильных приложений на Android.
 Владею испанским (родной), русским и английским языками. Люблю свою профессию и не перестаю самосовершенствоваться.
 Больше информации обо мне Вы можете прочитать в резюме. Готов ответить на Ваши вопросы при личной встрече или по скайпу. При необходимости готов выполнить тестовое задание.
 Вы можете связаться со мной по телефону 8 916 257 72 33, WhatsApp +7 963 7169740 или по электронной почте, sadielgodales@gmail.com.
 https://github.com/sad8787/C-repo
 https://github.com/sad8787/Java
 


[2021-10-07T19:59:28.520Z] : [error]: Selectors: Nothing found

[2021-10-07T19:59:28.523Z] : [error]: Total execution time: 17s 956ms

[2021-10-07T19:59:28.524Z] : [info]: ---------------------------------------------

[2021-10-07T20:00:58.383Z] : [success]: Robot saved successfully

[2021-10-07T20:00:58.507Z] : [success]: Bot started

[2021-10-07T20:00:58.508Z] : [info]: Robot start

[2021-10-07T20:01:04.482Z] : [info]: <p>Добрый день,</p><p></p><p>Меня зовут Садиэль Годалес. </p><p></p><p>На сайте hh.ru меня заинтересовала вакансия Специалист по IT, размещённая Вашей компанией.</p><p>Я получил высшее образование в г. Гавана (Куба) и работал программистом у поставщика программного обеспечения. Имею опыт работы с клиентами, занимался защитой информации, управлял базами данных. Знаком со стандартными алгоритмами и структурами данных, немного с Linux. Уверенно программирую на языках C#, SQL. Только что закончил курс по разработке мобильных приложений на Android.</p><p>Владею испанским (родной), русским и английским языками. Люблю свою профессию и не перестаю самосовершенствоваться.</p><p>Больше информации обо мне Вы можете прочитать в резюме. Готов ответить на Ваши вопросы при личной встрече или по скайпу. При необходимости готов выполнить тестовое задание.</p><p>Вы можете связаться со мной по телефону 8 916 257 72 33, WhatsApp +7 963 7169740 или по электронной почте, sadielgodales@gmail.com.</p><p>https://github.com/sad8787/C-repo</p><p>https://github.com/sad8787/Java</p><p></p>

[2021-10-07T20:01:04.497Z] : [info]:  Добрый день,
 
 Меня зовут Садиэль Годалес. 
 
 На сайте hh.ru меня заинтересовала вакансия Специалист по IT, размещённая Вашей компанией.
 Я получил высшее образование в г. Гавана (Куба) и работал программистом у поставщика программного обеспечения. Имею опыт работы с клиентами, занимался защитой информации, управлял базами данных. Знаком со стандартными алгоритмами и структурами данных, немного с Linux. Уверенно программирую на языках C#, SQL. Только что закончил курс по разработке мобильных приложений на Android.
 Владею испанским (родной), русским и английским языками. Люблю свою профессию и не перестаю самосовершенствоваться.
 Больше информации обо мне Вы можете прочитать в резюме. Готов ответить на Ваши вопросы при личной встрече или по скайпу. При необходимости готов выполнить тестовое задание.
 Вы можете связаться со мной по телефону 8 916 257 72 33, WhatsApp +7 963 7169740 или по электронной почте, sadielgodales@gmail.com.
 https://github.com/sad8787/C-repo
 https://github.com/sad8787/Java
 


[2021-10-07T20:01:08.941Z] : [info]: someone is there

[2021-10-07T20:01:27.393Z] : [info]: END Loguin

[2021-10-07T20:01:32.102Z] : [info]: END search

[2021-10-07T20:01:34.697Z] : [info]: 1209 ; 496

[2021-10-07T20:01:37.920Z] : [info]: Una propuesta fue seleccionada

[2021-10-07T20:02:05.780Z] : [info]: choose Summary. Send cover letter

[2021-10-07T20:02:21.933Z] : [info]: no aclicar porque Es examen

[2021-10-07T20:02:46.626Z] : [error]: Selectors: Nothing found

[2021-10-07T20:02:46.630Z] : [error]: Total execution time: 1m 48s 117ms

[2021-10-07T20:02:46.632Z] : [info]: ---------------------------------------------

[2021-10-07T20:04:19.966Z] : [success]: Robot saved successfully

[2021-10-07T20:04:26.842Z] : [success]: Robot saved successfully

[2021-10-07T20:04:26.970Z] : [success]: Bot started

[2021-10-07T20:04:26.971Z] : [info]: Robot start

[2021-10-07T20:04:33.519Z] : [info]: <p>Добрый день,</p><p></p><p>Меня зовут Садиэль Годалес. </p><p></p><p>На сайте hh.ru меня заинтересовала вакансия Специалист по IT, размещённая Вашей компанией.</p><p>Я получил высшее образование в г. Гавана (Куба) и работал программистом у поставщика программного обеспечения. Имею опыт работы с клиентами, занимался защитой информации, управлял базами данных. Знаком со стандартными алгоритмами и структурами данных, немного с Linux. Уверенно программирую на языках C#, SQL. Только что закончил курс по разработке мобильных приложений на Android.</p><p>Владею испанским (родной), русским и английским языками. Люблю свою профессию и не перестаю самосовершенствоваться.</p><p>Больше информации обо мне Вы можете прочитать в резюме. Готов ответить на Ваши вопросы при личной встрече или по скайпу. При необходимости готов выполнить тестовое задание.</p><p>Вы можете связаться со мной по телефону 8 916 257 72 33, WhatsApp +7 963 7169740 или по электронной почте, sadielgodales@gmail.com.</p><p>https://github.com/sad8787/C-repo</p><p>https://github.com/sad8787/Java</p><p></p>

[2021-10-07T20:04:33.537Z] : [info]:  Добрый день,
 
 Меня зовут Садиэль Годалес. 
 
 На сайте hh.ru меня заинтересовала вакансия Специалист по IT, размещённая Вашей компанией.
 Я получил высшее образование в г. Гавана (Куба) и работал программистом у поставщика программного обеспечения. Имею опыт работы с клиентами, занимался защитой информации, управлял базами данных. Знаком со стандартными алгоритмами и структурами данных, немного с Linux. Уверенно программирую на языках C#, SQL. Только что закончил курс по разработке мобильных приложений на Android.
 Владею испанским (родной), русским и английским языками. Люблю свою профессию и не перестаю самосовершенствоваться.
 Больше информации обо мне Вы можете прочитать в резюме. Готов ответить на Ваши вопросы при личной встрече или по скайпу. При необходимости готов выполнить тестовое задание.
 Вы можете связаться со мной по телефону 8 916 257 72 33, WhatsApp +7 963 7169740 или по электронной почте, sadielgodales@gmail.com.
 https://github.com/sad8787/C-repo
 https://github.com/sad8787/Java
 


[2021-10-07T20:04:38.339Z] : [info]: someone is there

[2021-10-07T20:05:00.859Z] : [info]: END Loguin

[2021-10-07T20:05:05.502Z] : [info]: END search

[2021-10-07T20:05:09.059Z] : [info]: 1209 ; 456

[2021-10-07T20:05:11.037Z] : [info]: Una propuesta fue seleccionada

[2021-10-07T20:05:38.910Z] : [info]: choose Summary. Send cover letter

[2021-10-07T20:05:55.035Z] : [info]: no aclicar porque Es examen

[2021-10-07T20:06:19.566Z] : [error]: Selectors: Nothing found

[2021-10-07T20:06:19.579Z] : [error]: Total execution time: 1m 52s 594ms

[2021-10-07T20:06:19.580Z] : [info]: ---------------------------------------------

[2021-10-07T20:08:03.586Z] : [success]: Robot saved successfully

[2021-10-07T20:08:03.706Z] : [success]: Bot started

[2021-10-07T20:08:03.706Z] : [info]: Robot start

[2021-10-07T20:08:06.788Z] : [info]: <p>Добрый день,</p><p></p><p>Меня зовут Садиэль Годалес. </p><p></p><p>На сайте hh.ru меня заинтересовала вакансия Специалист по IT, размещённая Вашей компанией.</p><p>Я получил высшее образование в г. Гавана (Куба) и работал программистом у поставщика программного обеспечения. Имею опыт работы с клиентами, занимался защитой информации, управлял базами данных. Знаком со стандартными алгоритмами и структурами данных, немного с Linux. Уверенно программирую на языках C#, SQL. Только что закончил курс по разработке мобильных приложений на Android.</p><p>Владею испанским (родной), русским и английским языками. Люблю свою профессию и не перестаю самосовершенствоваться.</p><p>Больше информации обо мне Вы можете прочитать в резюме. Готов ответить на Ваши вопросы при личной встрече или по скайпу. При необходимости готов выполнить тестовое задание.</p><p>Вы можете связаться со мной по телефону 8 916 257 72 33, WhatsApp +7 963 7169740 или по электронной почте, sadielgodales@gmail.com.</p><p>https://github.com/sad8787/C-repo</p><p>https://github.com/sad8787/Java</p><p></p>

[2021-10-07T20:08:06.804Z] : [info]:  Добрый день,
 
 Меня зовут Садиэль Годалес. 
 
 На сайте hh.ru меня заинтересовала вакансия Специалист по IT, размещённая Вашей компанией.
 Я получил высшее образование в г. Гавана (Куба) и работал программистом у поставщика программного обеспечения. Имею опыт работы с клиентами, занимался защитой информации, управлял базами данных. Знаком со стандартными алгоритмами и структурами данных, немного с Linux. Уверенно программирую на языках C#, SQL. Только что закончил курс по разработке мобильных приложений на Android.
 Владею испанским (родной), русским и английским языками. Люблю свою профессию и не перестаю самосовершенствоваться.
 Больше информации обо мне Вы можете прочитать в резюме. Готов ответить на Ваши вопросы при личной встрече или по скайпу. При необходимости готов выполнить тестовое задание.
 Вы можете связаться со мной по телефону 8 916 257 72 33, WhatsApp +7 963 7169740 или по электронной почте, sadielgodales@gmail.com.
 https://github.com/sad8787/C-repo
 https://github.com/sad8787/Java
 


[2021-10-07T20:08:11.145Z] : [info]: someone is there

[2021-10-07T20:08:29.469Z] : [info]: END Loguin

[2021-10-07T20:08:34.096Z] : [info]: END search

[2021-10-07T20:08:36.756Z] : [info]: 1209 ; 496

[2021-10-07T20:08:39.991Z] : [info]: Una propuesta fue seleccionada

[2021-10-07T20:09:06.974Z] : [info]: choose Summary. Send cover letter

[2021-10-07T20:09:23.070Z] : [info]: no aclicar porque Es examen

[2021-10-07T20:09:47.596Z] : [error]: Selectors: Nothing found

[2021-10-07T20:09:47.600Z] : [error]: Total execution time: 1m 43s 889ms

[2021-10-07T20:09:47.601Z] : [info]: ---------------------------------------------

[2021-10-07T20:14:52.884Z] : [success]: Robot saved successfully

[2021-10-07T20:14:58.335Z] : [success]: Robot saved successfully

[2021-10-07T20:14:58.454Z] : [success]: Bot started

[2021-10-07T20:14:58.455Z] : [info]: Robot start

[2021-10-07T20:15:01.387Z] : [info]: <p>Добрый день,</p><p></p><p>Меня зовут Садиэль Годалес. </p><p></p><p>На сайте hh.ru меня заинтересовала вакансия Специалист по IT, размещённая Вашей компанией.</p><p>Я получил высшее образование в г. Гавана (Куба) и работал программистом у поставщика программного обеспечения. Имею опыт работы с клиентами, занимался защитой информации, управлял базами данных. Знаком со стандартными алгоритмами и структурами данных, немного с Linux. Уверенно программирую на языках C#, SQL. Только что закончил курс по разработке мобильных приложений на Android.</p><p>Владею испанским (родной), русским и английским языками. Люблю свою профессию и не перестаю самосовершенствоваться.</p><p>Больше информации обо мне Вы можете прочитать в резюме. Готов ответить на Ваши вопросы при личной встрече или по скайпу. При необходимости готов выполнить тестовое задание.</p><p>Вы можете связаться со мной по телефону 8 916 257 72 33, WhatsApp +7 963 7169740 или по электронной почте, sadielgodales@gmail.com.</p><p>https://github.com/sad8787/C-repo</p><p>https://github.com/sad8787/Java</p><p></p>

[2021-10-07T20:15:01.402Z] : [info]:  Добрый день,
 
 Меня зовут Садиэль Годалес. 
 
 На сайте hh.ru меня заинтересовала вакансия Специалист по IT, размещённая Вашей компанией.
 Я получил высшее образование в г. Гавана (Куба) и работал программистом у поставщика программного обеспечения. Имею опыт работы с клиентами, занимался защитой информации, управлял базами данных. Знаком со стандартными алгоритмами и структурами данных, немного с Linux. Уверенно программирую на языках C#, SQL. Только что закончил курс по разработке мобильных приложений на Android.
 Владею испанским (родной), русским и английским языками. Люблю свою профессию и не перестаю самосовершенствоваться.
 Больше информации обо мне Вы можете прочитать в резюме. Готов ответить на Ваши вопросы при личной встрече или по скайпу. При необходимости готов выполнить тестовое задание.
 Вы можете связаться со мной по телефону 8 916 257 72 33, WhatsApp +7 963 7169740 или по электронной почте, sadielgodales@gmail.com.
 https://github.com/sad8787/C-repo
 https://github.com/sad8787/Java
 


[2021-10-07T20:15:13.568Z] : [error]: Selectors: Nothing found

[2021-10-07T20:15:13.571Z] : [error]: Total execution time: 15s 112ms

[2021-10-07T20:15:13.572Z] : [info]: ---------------------------------------------

[2021-10-07T20:27:44.099Z] : [success]: Robot saved successfully

[2021-10-07T20:27:44.271Z] : [success]: Bot started

[2021-10-07T20:27:44.271Z] : [info]: Robot start

[2021-10-07T20:27:51.163Z] : [info]: <p>Добрый день,</p><p></p><p>Меня зовут Садиэль Годалес. </p><p></p><p>На сайте hh.ru меня заинтересовала вакансия Специалист по IT, размещённая Вашей компанией.</p><p>Я получил высшее образование в г. Гавана (Куба) и работал программистом у поставщика программного обеспечения. Имею опыт работы с клиентами, занимался защитой информации, управлял базами данных. Знаком со стандартными алгоритмами и структурами данных, немного с Linux. Уверенно программирую на языках C#, SQL. Только что закончил курс по разработке мобильных приложений на Android.</p><p>Владею испанским (родной), русским и английским языками. Люблю свою профессию и не перестаю самосовершенствоваться.</p><p>Больше информации обо мне Вы можете прочитать в резюме. Готов ответить на Ваши вопросы при личной встрече или по скайпу. При необходимости готов выполнить тестовое задание.</p><p>Вы можете связаться со мной по телефону 8 916 257 72 33, WhatsApp +7 963 7169740 или по электронной почте, sadielgodales@gmail.com.</p><p>https://github.com/sad8787/C-repo</p><p>https://github.com/sad8787/Java</p><p></p>

[2021-10-07T20:27:51.195Z] : [info]:  Добрый день,
 
 Меня зовут Садиэль Годалес. 
 
 На сайте hh.ru меня заинтересовала вакансия Специалист по IT, размещённая Вашей компанией.
 Я получил высшее образование в г. Гавана (Куба) и работал программистом у поставщика программного обеспечения. Имею опыт работы с клиентами, занимался защитой информации, управлял базами данных. Знаком со стандартными алгоритмами и структурами данных, немного с Linux. Уверенно программирую на языках C#, SQL. Только что закончил курс по разработке мобильных приложений на Android.
 Владею испанским (родной), русским и английским языками. Люблю свою профессию и не перестаю самосовершенствоваться.
 Больше информации обо мне Вы можете прочитать в резюме. Готов ответить на Ваши вопросы при личной встрече или по скайпу. При необходимости готов выполнить тестовое задание.
 Вы можете связаться со мной по телефону 8 916 257 72 33, WhatsApp +7 963 7169740 или по электронной почте, sadielgodales@gmail.com.
 https://github.com/sad8787/C-repo
 https://github.com/sad8787/Java
 


[2021-10-07T20:27:57.205Z] : [info]: someone is there

[2021-10-07T20:28:15.369Z] : [info]: END Loguin

[2021-10-07T20:28:20.112Z] : [info]: END search

[2021-10-07T20:28:24.436Z] : [info]: choose Summary. Send cover letter

[2021-10-07T20:28:26.594Z] : [info]: si aclicar

[2021-10-07T20:28:48.362Z] : [info]: END search

[2021-10-07T20:28:51.631Z] : [error]: Selectors: Nothing found

[2021-10-07T20:28:51.636Z] : [error]: Total execution time: 1m 7s 359ms

[2021-10-07T20:28:51.638Z] : [info]: ---------------------------------------------

[2021-10-07T20:29:37.685Z] : [success]: Robot saved successfully

[2021-10-07T20:29:50.200Z] : [success]: Robot saved successfully

[2021-10-07T20:29:50.341Z] : [success]: Bot started

[2021-10-07T20:29:50.342Z] : [info]: Robot start

[2021-10-07T20:29:57.096Z] : [info]: <p>Добрый день,</p><p></p><p>Меня зовут Садиэль Годалес. </p><p></p><p>На сайте hh.ru меня заинтересовала вакансия Специалист по IT, размещённая Вашей компанией.</p><p>Я получил высшее образование в г. Гавана (Куба) и работал программистом у поставщика программного обеспечения. Имею опыт работы с клиентами, занимался защитой информации, управлял базами данных. Знаком со стандартными алгоритмами и структурами данных, немного с Linux. Уверенно программирую на языках C#, SQL. Только что закончил курс по разработке мобильных приложений на Android.</p><p>Владею испанским (родной), русским и английским языками. Люблю свою профессию и не перестаю самосовершенствоваться.</p><p>Больше информации обо мне Вы можете прочитать в резюме. Готов ответить на Ваши вопросы при личной встрече или по скайпу. При необходимости готов выполнить тестовое задание.</p><p>Вы можете связаться со мной по телефону 8 916 257 72 33, WhatsApp +7 963 7169740 или по электронной почте, sadielgodales@gmail.com.</p><p>https://github.com/sad8787/C-repo</p><p>https://github.com/sad8787/Java</p><p></p>

[2021-10-07T20:29:57.111Z] : [info]:  Добрый день,
 
 Меня зовут Садиэль Годалес. 
 
 На сайте hh.ru меня заинтересовала вакансия Специалист по IT, размещённая Вашей компанией.
 Я получил высшее образование в г. Гавана (Куба) и работал программистом у поставщика программного обеспечения. Имею опыт работы с клиентами, занимался защитой информации, управлял базами данных. Знаком со стандартными алгоритмами и структурами данных, немного с Linux. Уверенно программирую на языках C#, SQL. Только что закончил курс по разработке мобильных приложений на Android.
 Владею испанским (родной), русским и английским языками. Люблю свою профессию и не перестаю самосовершенствоваться.
 Больше информации обо мне Вы можете прочитать в резюме. Готов ответить на Ваши вопросы при личной встрече или по скайпу. При необходимости готов выполнить тестовое задание.
 Вы можете связаться со мной по телефону 8 916 257 72 33, WhatsApp +7 963 7169740 или по электронной почте, sadielgodales@gmail.com.
 https://github.com/sad8787/C-repo
 https://github.com/sad8787/Java
 


[2021-10-07T20:30:03.023Z] : [info]: someone is there

[2021-10-07T20:30:21.259Z] : [info]: END Loguin

[2021-10-07T20:30:26.051Z] : [info]: END search

[2021-10-07T20:30:29.391Z] : [info]: 1209 ; 488

[2021-10-07T20:30:32.762Z] : [info]: Una propuesta fue seleccionada

[2021-10-07T20:30:54.304Z] : [info]: take contact details

[2021-10-07T20:31:02.421Z] : [info]: choose Summary. Send cover letter

[2021-10-07T20:31:04.108Z] : [info]: si aclicar

[2021-10-07T20:31:25.946Z] : [info]: END search

[2021-10-07T20:31:27.503Z] : [info]: choose Summary. Send cover letter

[2021-10-07T20:31:43.100Z] : [info]: no aclicar porque Es examen

[2021-10-07T20:31:43.811Z] : [info]: Error 

[2021-10-07T20:31:44.583Z] : [success]: Bot finished successfully, total execution time: 1m 54s 239ms

[2021-10-07T20:31:44.585Z] : [info]: ---------------------------------------------

[2021-10-07T20:32:22.328Z] : [success]: Robot saved successfully

[2021-10-07T20:32:22.459Z] : [success]: Bot started

[2021-10-07T20:32:22.460Z] : [info]: Robot start

[2021-10-07T20:32:29.477Z] : [info]: <p>Добрый день,</p><p></p><p>Меня зовут Садиэль Годалес. </p><p></p><p>На сайте hh.ru меня заинтересовала вакансия Специалист по IT, размещённая Вашей компанией.</p><p>Я получил высшее образование в г. Гавана (Куба) и работал программистом у поставщика программного обеспечения. Имею опыт работы с клиентами, занимался защитой информации, управлял базами данных. Знаком со стандартными алгоритмами и структурами данных, немного с Linux. Уверенно программирую на языках C#, SQL. Только что закончил курс по разработке мобильных приложений на Android.</p><p>Владею испанским (родной), русским и английским языками. Люблю свою профессию и не перестаю самосовершенствоваться.</p><p>Больше информации обо мне Вы можете прочитать в резюме. Готов ответить на Ваши вопросы при личной встрече или по скайпу. При необходимости готов выполнить тестовое задание.</p><p>Вы можете связаться со мной по телефону 8 916 257 72 33, WhatsApp +7 963 7169740 или по электронной почте, sadielgodales@gmail.com.</p><p>https://github.com/sad8787/C-repo</p><p>https://github.com/sad8787/Java</p><p></p>

[2021-10-07T20:32:29.493Z] : [info]:  Добрый день,
 
 Меня зовут Садиэль Годалес. 
 
 На сайте hh.ru меня заинтересовала вакансия Специалист по IT, размещённая Вашей компанией.
 Я получил высшее образование в г. Гавана (Куба) и работал программистом у поставщика программного обеспечения. Имею опыт работы с клиентами, занимался защитой информации, управлял базами данных. Знаком со стандартными алгоритмами и структурами данных, немного с Linux. Уверенно программирую на языках C#, SQL. Только что закончил курс по разработке мобильных приложений на Android.
 Владею испанским (родной), русским и английским языками. Люблю свою профессию и не перестаю самосовершенствоваться.
 Больше информации обо мне Вы можете прочитать в резюме. Готов ответить на Ваши вопросы при личной встрече или по скайпу. При необходимости готов выполнить тестовое задание.
 Вы можете связаться со мной по телефону 8 916 257 72 33, WhatsApp +7 963 7169740 или по электронной почте, sadielgodales@gmail.com.
 https://github.com/sad8787/C-repo
 https://github.com/sad8787/Java
 


[2021-10-07T20:32:35.592Z] : [info]: someone is there

[2021-10-07T20:32:53.784Z] : [info]: END Loguin

[2021-10-07T20:32:59.820Z] : [info]: END search

[2021-10-07T20:33:03.384Z] : [info]: 1209 ; 456

[2021-10-07T20:33:06.638Z] : [info]: Una propuesta fue seleccionada

[2021-10-07T20:33:25.287Z] : [info]: choose Summary. Send cover letter

[2021-10-07T20:33:26.924Z] : [info]: si aclicar

[2021-10-07T20:33:50.229Z] : [info]: END search

[2021-10-07T20:33:52.808Z] : [info]: 1209 ; 496

[2021-10-07T20:33:56.052Z] : [info]: Una propuesta fue seleccionada

[2021-10-07T20:34:25.615Z] : [info]: choose Summary. Send cover letter

[2021-10-07T20:34:27.265Z] : [info]: si aclicar

[2021-10-07T20:34:48.581Z] : [error]: Selectors: La entrada no es una cadena Base 64 válida porque contiene un carácter que no es Base 64, más de dos caracteres de relleno o un carácter no válido entre los caracteres de relleno. 

[2021-10-07T20:34:48.587Z] : [error]: Total execution time: 2m 26s 119ms

[2021-10-07T20:34:48.589Z] : [info]: ---------------------------------------------

[2021-10-07T20:35:47.495Z] : [success]: Robot saved successfully

[2021-10-07T20:39:44.100Z] : [success]: Robot saved successfully

[2021-10-07T20:39:47.382Z] : [success]: Robot saved successfully

[2021-10-07T20:39:47.491Z] : [success]: Bot started

[2021-10-07T20:39:47.493Z] : [info]: Robot start

[2021-10-07T20:39:54.712Z] : [info]: <p>Добрый день,</p><p></p><p>Меня зовут Садиэль Годалес. </p><p></p><p>На сайте hh.ru меня заинтересовала вакансия Специалист по IT, размещённая Вашей компанией.</p><p>Я получил высшее образование в г. Гавана (Куба) и работал программистом у поставщика программного обеспечения. Имею опыт работы с клиентами, занимался защитой информации, управлял базами данных. Знаком со стандартными алгоритмами и структурами данных, немного с Linux. Уверенно программирую на языках C#, SQL. Только что закончил курс по разработке мобильных приложений на Android.</p><p>Владею испанским (родной), русским и английским языками. Люблю свою профессию и не перестаю самосовершенствоваться.</p><p>Больше информации обо мне Вы можете прочитать в резюме. Готов ответить на Ваши вопросы при личной встрече или по скайпу. При необходимости готов выполнить тестовое задание.</p><p>Вы можете связаться со мной по телефону 8 916 257 72 33, WhatsApp +7 963 7169740 или по электронной почте, sadielgodales@gmail.com.</p><p>https://github.com/sad8787/C-repo</p><p>https://github.com/sad8787/Java</p><p></p>

[2021-10-07T20:39:54.723Z] : [info]:  Добрый день,
 
 Меня зовут Садиэль Годалес. 
 
 На сайте hh.ru меня заинтересовала вакансия Специалист по IT, размещённая Вашей компанией.
 Я получил высшее образование в г. Гавана (Куба) и работал программистом у поставщика программного обеспечения. Имею опыт работы с клиентами, занимался защитой информации, управлял базами данных. Знаком со стандартными алгоритмами и структурами данных, немного с Linux. Уверенно программирую на языках C#, SQL. Только что закончил курс по разработке мобильных приложений на Android.
 Владею испанским (родной), русским и английским языками. Люблю свою профессию и не перестаю самосовершенствоваться.
 Больше информации обо мне Вы можете прочитать в резюме. Готов ответить на Ваши вопросы при личной встрече или по скайпу. При необходимости готов выполнить тестовое задание.
 Вы можете связаться со мной по телефону 8 916 257 72 33, WhatsApp +7 963 7169740 или по электронной почте, sadielgodales@gmail.com.
 https://github.com/sad8787/C-repo
 https://github.com/sad8787/Java
 


[2021-10-07T20:40:00.623Z] : [info]: someone is there

[2021-10-07T20:40:18.734Z] : [info]: END Loguin

[2021-10-07T20:40:23.684Z] : [info]: END search

[2021-10-07T20:40:27.452Z] : [info]: choose Summary. Send cover letter

[2021-10-07T20:40:29.594Z] : [info]: si aclicar

[2021-10-07T20:46:20.354Z] : [error]: Script Stopped.

[2021-10-07T20:46:20.358Z] : [warn]: Total execution time: 6m 32s 860ms

[2021-10-07T20:46:20.360Z] : [info]: ---------------------------------------------

[2021-10-07T20:46:28.793Z] : [success]: Robot saved successfully

[2021-10-07T20:46:28.930Z] : [success]: Bot started

[2021-10-07T20:46:28.933Z] : [info]: Robot start

[2021-10-07T20:46:35.971Z] : [info]: <p>Добрый день,</p><p></p><p>Меня зовут Садиэль Годалес. </p><p></p><p>На сайте hh.ru меня заинтересовала вакансия Специалист по IT, размещённая Вашей компанией.</p><p>Я получил высшее образование в г. Гавана (Куба) и работал программистом у поставщика программного обеспечения. Имею опыт работы с клиентами, занимался защитой информации, управлял базами данных. Знаком со стандартными алгоритмами и структурами данных, немного с Linux. Уверенно программирую на языках C#, SQL. Только что закончил курс по разработке мобильных приложений на Android.</p><p>Владею испанским (родной), русским и английским языками. Люблю свою профессию и не перестаю самосовершенствоваться.</p><p>Больше информации обо мне Вы можете прочитать в резюме. Готов ответить на Ваши вопросы при личной встрече или по скайпу. При необходимости готов выполнить тестовое задание.</p><p>Вы можете связаться со мной по телефону 8 916 257 72 33, WhatsApp +7 963 7169740 или по электронной почте, sadielgodales@gmail.com.</p><p>https://github.com/sad8787/C-repo</p><p>https://github.com/sad8787/Java</p><p></p>

[2021-10-07T20:46:35.982Z] : [info]:  Добрый день,
 
 Меня зовут Садиэль Годалес. 
 
 На сайте hh.ru меня заинтересовала вакансия Специалист по IT, размещённая Вашей компанией.
 Я получил высшее образование в г. Гавана (Куба) и работал программистом у поставщика программного обеспечения. Имею опыт работы с клиентами, занимался защитой информации, управлял базами данных. Знаком со стандартными алгоритмами и структурами данных, немного с Linux. Уверенно программирую на языках C#, SQL. Только что закончил курс по разработке мобильных приложений на Android.
 Владею испанским (родной), русским и английским языками. Люблю свою профессию и не перестаю самосовершенствоваться.
 Больше информации обо мне Вы можете прочитать в резюме. Готов ответить на Ваши вопросы при личной встрече или по скайпу. При необходимости готов выполнить тестовое задание.
 Вы можете связаться со мной по телефону 8 916 257 72 33, WhatsApp +7 963 7169740 или по электронной почте, sadielgodales@gmail.com.
 https://github.com/sad8787/C-repo
 https://github.com/sad8787/Java
 


[2021-10-07T20:46:48.565Z] : [error]: Selectors: Nothing found

[2021-10-07T20:46:48.568Z] : [error]: Total execution time: 19s 631ms

[2021-10-07T20:46:48.569Z] : [info]: ---------------------------------------------

[2021-10-07T20:47:00.852Z] : [success]: Robot saved successfully

[2021-10-07T20:47:16.591Z] : [success]: Robot saved successfully

