
  ==========================================
  Studio Pro version: 6.5.4
  Started at: 11/11/2021 16:53:39
  ==========================================
  

[2021-11-11T13:54:16.075Z] : [success]: Robot saved successfully

[2021-11-11T13:54:16.259Z] : [info]: ---------------------------------------------

[2021-11-11T13:54:16.260Z] : [success]: Bot started

[2021-11-11T13:54:16.261Z] : [info]: Robot start

[2021-11-11T13:54:31.716Z] : [info]: <p>Добрый день,</p><p></p><p>Меня зовут Садиэль Годалес. </p><p></p><p>На сайте hh.ru меня заинтересовала вакансия программист, размещённая Вашей компанией.</p><p>Я получил высшее образование в г. Гавана (Куба) и работал программистом у поставщика программного обеспечения. Имею опыт работы с клиентами, занимался защитой информации, управлял базами данных. Знаком со стандартными алгоритмами и структурами данных. Уверенно программирую на языках C#, SQL. Только что закончил курс по разработке мобильных приложений на Android.</p><p>Владею испанским (родной), русским и английским языками. Люблю свою профессию и не перестаю самосовершенствоваться.</p><p>Больше информации обо мне Вы можете прочитать в резюме. Готов ответить на Ваши вопросы при личной встрече или по скайпу. При необходимости готов выполнить тестовое задание.</p><p>Вы можете связаться со мной по телефону 8 916 257 72 33, WhatsApp +7 963 7169740 или по электронной почте, sadielgodales@gmail.com.</p><p>https://github.com/sad8787/C-repo</p><p>https://github.com/sad8787/Java</p><p></p>

[2021-11-11T13:54:52.546Z] : [info]: someone is there

[2021-11-11T13:55:19.584Z] : [info]: END Loguin

[2021-11-11T13:55:26.797Z] : [info]: END search

[2021-11-11T13:55:45.173Z] : [info]: Una propuesta fue seleccionada

[2021-11-11T13:56:12.556Z] : [info]: take contact details

[2021-11-11T13:56:25.315Z] : [info]: choose Summary. Send cover letter

[2021-11-11T13:56:27.153Z] : [info]: si aclicar

[2021-11-11T13:56:30.348Z] : [warn]: There is a small amount of free memory (RAM) left, 92.62% of RAM is being used (5611 MBs). The performance of Studio Pro and bots during execution may be unstable. Close applications that are not being used, increase the memory, or optimize the workflow.

[2021-11-11T13:56:53.464Z] : [info]: END search

[2021-11-11T13:57:07.223Z] : [info]: choose Summary. Send cover letter

[2021-11-11T13:57:08.849Z] : [info]: si aclicar

[2021-11-11T13:57:33.908Z] : [info]: END search

[2021-11-11T13:57:48.074Z] : [info]: choose Summary. Send cover letter

[2021-11-11T13:57:49.812Z] : [info]: si aclicar

[2021-11-11T13:58:13.705Z] : [info]: END search

[2021-11-11T13:58:27.506Z] : [info]: choose Summary. Send cover letter

[2021-11-11T13:58:29.078Z] : [info]: si aclicar

[2021-11-11T13:58:52.704Z] : [info]: END search

[2021-11-11T13:59:06.510Z] : [info]: choose Summary. Send cover letter

[2021-11-11T13:59:08.148Z] : [info]: si aclicar

[2021-11-11T13:59:33.313Z] : [info]: END search

[2021-11-11T13:59:43.818Z] : [info]: Una propuesta fue seleccionada

[2021-11-11T14:00:12.810Z] : [info]: choose Summary. Send cover letter

[2021-11-11T14:00:14.517Z] : [info]: si aclicar

[2021-11-11T14:00:39.420Z] : [info]: END search

[2021-11-11T14:00:51.320Z] : [info]: Una propuesta fue seleccionada

[2021-11-11T14:01:04.531Z] : [info]: take contact details

[2021-11-11T14:01:05.044Z] : [info]: choose Summary. Send cover letter

[2021-11-11T14:01:06.650Z] : [info]: si aclicar

[2021-11-11T14:01:30.246Z] : [info]: END search

[2021-11-11T14:01:44.842Z] : [info]: choose Summary. Send cover letter

[2021-11-11T14:01:46.470Z] : [info]: si aclicar

[2021-11-11T14:02:11.493Z] : [info]: END search

[2021-11-11T14:02:25.020Z] : [info]: choose Summary. Send cover letter

[2021-11-11T14:02:26.629Z] : [info]: si aclicar

[2021-11-11T14:02:50.293Z] : [info]: END search

[2021-11-11T14:03:05.053Z] : [info]: choose Summary. Send cover letter

[2021-11-11T14:03:06.672Z] : [info]: si aclicar

[2021-11-11T14:03:33.795Z] : [info]: END search

[2021-11-11T14:03:46.948Z] : [info]: choose Summary. Send cover letter

[2021-11-11T14:03:48.612Z] : [info]: si aclicar

[2021-11-11T14:04:14.019Z] : [info]: END search

[2021-11-11T14:04:27.551Z] : [info]: choose Summary. Send cover letter

[2021-11-11T14:04:29.176Z] : [info]: si aclicar

[2021-11-11T14:04:52.768Z] : [info]: END search

[2021-11-11T14:05:04.182Z] : [info]: Una propuesta fue seleccionada

[2021-11-11T14:05:23.236Z] : [info]: take contact details

[2021-11-11T14:05:34.266Z] : [info]: choose Summary. Send cover letter

[2021-11-11T14:05:36.076Z] : [info]: si aclicar

[2021-11-11T14:05:59.857Z] : [info]: END search

[2021-11-11T14:06:12.313Z] : [info]: Una propuesta fue seleccionada

[2021-11-11T14:06:34.633Z] : [info]: take contact details

[2021-11-11T14:06:45.593Z] : [info]: choose Summary. Send cover letter

[2021-11-11T14:06:47.245Z] : [info]: si aclicar

[2021-11-11T14:07:10.970Z] : [info]: END search

[2021-11-11T14:07:25.959Z] : [info]: choose Summary. Send cover letter

[2021-11-11T14:07:27.651Z] : [info]: si aclicar

[2021-11-11T14:07:51.359Z] : [info]: END search

[2021-11-11T14:08:03.350Z] : [info]: Una propuesta fue seleccionada

[2021-11-11T14:08:29.485Z] : [info]: take contact details

[2021-11-11T14:08:34.820Z] : [info]: choose Summary. Send cover letter

[2021-11-11T14:08:36.504Z] : [info]: si aclicar

[2021-11-11T14:09:01.353Z] : [info]: END search

[2021-11-11T14:09:12.468Z] : [info]: Una propuesta fue seleccionada

[2021-11-11T14:09:39.295Z] : [info]: choose Summary. Send cover letter

[2021-11-11T14:09:41.046Z] : [info]: si aclicar

