
  ==========================================
  Studio Pro version: 6.3.2
  Started at: 5/10/2021 22:02:14
  ==========================================
  

[2021-10-05T19:02:42.877Z] : [success]: Workflow успешно сохранен

[2021-10-05T19:02:42.996Z] : [info]: ---------------------------------------------

[2021-10-05T19:02:42.997Z] : [success]: Бот начал работу

[2021-10-05T19:02:42.998Z] : [info]: Robot start

[2021-10-05T19:03:05.426Z] : [info]: <p>Добрый день,<br /><br />Меня зовут Садиэль Годалес. На сайте hh.ru меня заинтересовала вакансия программист, размещённая Вашей компанией.<br /><br />Я получил высшее образование в г. Гавана (Куба) и работал программистом у поставщика программного обеспечения. Имею опыт работы с клиентами, занимался защитой информации, управлял базами данных. Знаком со стандартными алгоритмами и структурами данных, немного с Linux. Уверенно программирую на языках C#, SQL. Только что закончил курс по разработке мобильных приложений на Android.<br />Владею испанским (родной), русским и английским языками. Люблю свою профессию и не перестаю самосовершенствоваться.<br />Больше информации обо мне Вы можете прочитать в резюме. Готов ответить на Ваши вопросы при личной встрече или по скайпу. При необходимости готов выполнить тестовое задание.<br /><br />Вы можете связаться со мной по телефону 8 916 257 72 33, WhatsApp +7 963 7169740 или по электронной почте sadielgodales@gmail.com.<br />https://github.com/sad8787/C-repo<br />https://github.com/sad8787/Java</p>

[2021-10-05T19:03:20.028Z] : [info]: END Loguin

[2021-10-05T19:03:24.791Z] : [info]: END search

[2021-10-05T19:03:28.019Z] : [info]: 1xxx

[2021-10-05T19:03:28.262Z] : [info]: 1231 ; 455

[2021-10-05T19:03:31.837Z] : [info]: Una propuesta fue seleccionada

[2021-10-05T19:03:54.007Z] : [info]: take contact details

[2021-10-05T19:03:58.321Z] : [info]: choose Summary. Send cover letter

[2021-10-05T19:04:00.007Z] : [info]: si aclicar

[2021-10-05T19:04:00.902Z] : [info]: no flecha

[2021-10-05T19:04:01.746Z] : [info]: no flecha

[2021-10-05T19:04:02.615Z] : [info]: no flecha

[2021-10-05T19:04:03.480Z] : [info]: no flecha

[2021-10-05T19:04:04.362Z] : [info]: no flecha

[2021-10-05T19:04:05.296Z] : [info]: no flecha

[2021-10-05T19:04:06.187Z] : [info]: no flecha

[2021-10-05T19:04:07.191Z] : [info]: no flecha

[2021-10-05T19:04:08.016Z] : [info]: no flecha

[2021-10-05T19:04:08.884Z] : [info]: no flecha

[2021-10-05T19:04:09.768Z] : [info]: no flecha

[2021-10-05T19:04:10.682Z] : [info]: no flecha

[2021-10-05T19:04:11.671Z] : [info]: no flecha

[2021-10-05T19:04:12.664Z] : [info]: no flecha

[2021-10-05T19:04:13.600Z] : [info]: no flecha

[2021-10-05T19:04:14.472Z] : [info]: no flecha

[2021-10-05T19:04:15.427Z] : [info]: no flecha

[2021-10-05T19:04:16.373Z] : [info]: no flecha

[2021-10-05T19:04:18.026Z] : [info]: Сопроводительное письмо  negro

[2021-10-05T19:04:40.405Z] : [success]: Бот успешно завершил работу, время выполнения: 1м 57с 399мс

[2021-10-05T19:04:40.412Z] : [info]: ---------------------------------------------

[2021-10-05T19:14:48.392Z] : [success]: Robot saved successfully

[2021-10-05T19:14:48.513Z] : [success]: Bot started

[2021-10-05T19:14:48.514Z] : [info]: Robot start

[2021-10-05T19:14:54.321Z] : [success]: Bot finished successfully, total execution time: 5s 803ms

[2021-10-05T19:14:54.324Z] : [info]: ---------------------------------------------

[2021-10-05T19:16:38.469Z] : [success]: Robot saved successfully

[2021-10-05T19:16:38.553Z] : [success]: Bot started

[2021-10-05T19:16:38.554Z] : [info]: Robot start

[2021-10-05T19:16:41.192Z] : [error]: Selectors: Nothing found

[2021-10-05T19:16:41.196Z] : [error]: Total execution time: 2s 637ms

[2021-10-05T19:16:41.198Z] : [info]: ---------------------------------------------

[2021-10-05T19:28:51.230Z] : [success]: Robot saved successfully

[2021-10-05T19:28:51.359Z] : [success]: Bot started

[2021-10-05T19:28:51.360Z] : [info]: Robot start

[2021-10-05T19:29:00.108Z] : [success]: Bot finished successfully, total execution time: 8s 744ms

[2021-10-05T19:29:00.110Z] : [info]: ---------------------------------------------

[2021-10-05T19:39:20.432Z] : [success]: Robot saved successfully

[2021-10-05T19:39:20.520Z] : [success]: Bot started

[2021-10-05T19:39:20.521Z] : [info]: Robot start

[2021-10-05T19:39:29.223Z] : [success]: Bot finished successfully, total execution time: 8s 697ms

[2021-10-05T19:39:29.225Z] : [info]: ---------------------------------------------

[2021-10-05T19:49:59.645Z] : [success]: Robot saved successfully

[2021-10-05T19:50:06.699Z] : [success]: Robot saved successfully

[2021-10-05T19:50:06.773Z] : [success]: Bot started

[2021-10-05T19:50:06.774Z] : [info]: Robot start

[2021-10-05T19:50:11.075Z] : [success]: Bot finished successfully, total execution time: 4s 298ms

[2021-10-05T19:50:11.077Z] : [info]: ---------------------------------------------

[2021-10-05T19:50:12.632Z] : [error]: Unable to deserialize cloned data due to invalid or unsupported version.

[2021-10-05T19:50:12.648Z] : [error]: Unable to deserialize cloned data due to invalid or unsupported version.

[2021-10-05T19:50:12.653Z] : [error]: Unable to deserialize cloned data due to invalid or unsupported version.

[2021-10-05T19:50:12.658Z] : [error]: Unable to deserialize cloned data due to invalid or unsupported version.

