
  ==========================================
  Studio Pro version: 6.5.4
  Started at: 27/10/2021 21:22:03
  ==========================================
  

[2021-10-27T18:24:34.687Z] : [success]: Robot saved successfully

[2021-10-27T18:24:52.184Z] : [success]: Robot saved successfully

[2021-10-27T18:24:53.453Z] : [success]: Robot saved successfully

[2021-10-27T18:25:08.180Z] : [success]: Robot saved successfully

[2021-10-27T18:25:08.383Z] : [info]: ---------------------------------------------

[2021-10-27T18:25:08.384Z] : [success]: Bot started

[2021-10-27T18:25:08.384Z] : [info]: Robot start

[2021-10-27T18:25:12.157Z] : [info]: <p>Добрый день,</p><p></p><p>Меня зовут Садиэль Годалес. </p><p></p><p>На сайте hh.ru меня заинтересовала вакансия Специалист по IT, размещённая Вашей компанией.</p><p>Я получил высшее образование в г. Гавана (Куба) и работал программистом у поставщика программного обеспечения. Имею опыт работы с клиентами, занимался защитой информации, управлял базами данных. Знаком со стандартными алгоритмами и структурами данных. Уверенно программирую на языках C#, SQL. Только что закончил курс по разработке мобильных приложений на Android.</p><p>Владею испанским (родной), русским и английским языками. Люблю свою профессию и не перестаю самосовершенствоваться.</p><p>Больше информации обо мне Вы можете прочитать в резюме. Готов ответить на Ваши вопросы при личной встрече или по скайпу. При необходимости готов выполнить тестовое задание.</p><p>Вы можете связаться со мной по телефону 8 916 257 72 33, WhatsApp +7 963 7169740 или по электронной почте, sadielgodales@gmail.com.</p><p>https://github.com/sad8787/C-repo</p><p>https://github.com/sad8787/Java</p><p></p>

[2021-10-27T18:25:19.439Z] : [info]: someone is there

[2021-10-27T18:25:43.948Z] : [info]: END Loguin

[2021-10-27T18:25:49.125Z] : [info]: END search

[2021-10-27T18:25:55.657Z] : [info]: Una propuesta fue seleccionada

[2021-10-27T18:26:38.179Z] : [info]: take contact details

[2021-10-27T18:26:48.890Z] : [info]: choose Summary. Send cover letter

[2021-10-27T18:26:50.683Z] : [info]: si aclicar

[2021-10-27T18:27:13.753Z] : [info]: END search

[2021-10-27T18:27:28.373Z] : [error]: Script Stopped.

[2021-10-27T18:27:28.384Z] : [warn]: Total execution time: 2m 19s 988ms

[2021-10-27T18:27:28.386Z] : [info]: ---------------------------------------------

[2021-10-27T18:28:48.514Z] : [success]: Robot saved successfully

[2021-10-27T18:28:53.302Z] : [success]: Robot saved successfully

[2021-10-27T18:28:53.496Z] : [success]: Bot started

[2021-10-27T18:28:53.497Z] : [info]: Robot start

[2021-10-27T18:28:58.276Z] : [info]: <p>Добрый день,</p><p></p><p>Меня зовут Садиэль Годалес. </p><p></p><p>На сайте hh.ru меня заинтересовала вакансия программист, размещённая Вашей компанией.</p><p>Я получил высшее образование в г. Гавана (Куба) и работал программистом у поставщика программного обеспечения. Имею опыт работы с клиентами, занимался защитой информации, управлял базами данных. Знаком со стандартными алгоритмами и структурами данных. Уверенно программирую на языках C#, SQL. Только что закончил курс по разработке мобильных приложений на Android.</p><p>Владею испанским (родной), русским и английским языками. Люблю свою профессию и не перестаю самосовершенствоваться.</p><p>Больше информации обо мне Вы можете прочитать в резюме. Готов ответить на Ваши вопросы при личной встрече или по скайпу. При необходимости готов выполнить тестовое задание.</p><p>Вы можете связаться со мной по телефону 8 916 257 72 33, WhatsApp +7 963 7169740 или по электронной почте, sadielgodales@gmail.com.</p><p>https://github.com/sad8787/C-repo</p><p>https://github.com/sad8787/Java</p><p></p>

[2021-10-27T18:29:05.203Z] : [info]: someone is there

[2021-10-27T18:29:29.526Z] : [info]: END Loguin

[2021-10-27T18:29:34.629Z] : [info]: END search

[2021-10-27T18:29:39.611Z] : [info]: Una propuesta fue seleccionada

[2021-10-27T18:30:10.400Z] : [info]: take contact details

[2021-10-27T18:30:16.277Z] : [info]: choose Summary. Send cover letter

[2021-10-27T18:30:18.021Z] : [info]: si aclicar

[2021-10-27T18:30:40.689Z] : [info]: END search

[2021-10-27T18:31:01.531Z] : [info]: Una propuesta fue seleccionada

[2021-10-27T18:31:24.556Z] : [info]: choose Summary. Send cover letter

[2021-10-27T18:31:26.257Z] : [info]: si aclicar

[2021-10-27T18:31:48.662Z] : [info]: END search

[2021-10-27T18:31:53.519Z] : [info]: Una propuesta fue seleccionada

[2021-10-27T18:32:20.044Z] : [info]: choose Summary. Send cover letter

[2021-10-27T18:32:35.997Z] : [info]: no aclicar porque Es examen

[2021-10-27T18:32:53.252Z] : [error]: Selectors: Nothing found

[2021-10-27T18:32:53.259Z] : [error]: Total execution time: 3m 59s 755ms

[2021-10-27T18:32:53.261Z] : [info]: ---------------------------------------------

[2021-10-27T18:34:23.549Z] : [success]: Robot saved successfully

[2021-10-27T18:34:29.585Z] : [success]: Robot saved successfully

[2021-10-27T18:34:34.226Z] : [success]: Robot saved successfully

[2021-10-27T18:34:34.365Z] : [success]: Bot started

[2021-10-27T18:34:34.366Z] : [info]: Robot start

[2021-10-27T18:34:39.243Z] : [info]: <p>Добрый день,</p><p></p><p>Меня зовут Садиэль Годалес. </p><p></p><p>На сайте hh.ru меня заинтересовала вакансия программист, размещённая Вашей компанией.</p><p>Я получил высшее образование в г. Гавана (Куба) и работал программистом у поставщика программного обеспечения. Имею опыт работы с клиентами, занимался защитой информации, управлял базами данных. Знаком со стандартными алгоритмами и структурами данных. Уверенно программирую на языках C#, SQL. Только что закончил курс по разработке мобильных приложений на Android.</p><p>Владею испанским (родной), русским и английским языками. Люблю свою профессию и не перестаю самосовершенствоваться.</p><p>Больше информации обо мне Вы можете прочитать в резюме. Готов ответить на Ваши вопросы при личной встрече или по скайпу. При необходимости готов выполнить тестовое задание.</p><p>Вы можете связаться со мной по телефону 8 916 257 72 33, WhatsApp +7 963 7169740 или по электронной почте, sadielgodales@gmail.com.</p><p>https://github.com/sad8787/C-repo</p><p>https://github.com/sad8787/Java</p><p></p>

[2021-10-27T18:34:46.065Z] : [info]: someone is there

[2021-10-27T18:35:10.420Z] : [info]: END Loguin

[2021-10-27T18:35:15.316Z] : [info]: END search

[2021-10-27T18:35:20.242Z] : [info]: Una propuesta fue seleccionada

[2021-10-27T18:35:46.185Z] : [info]: choose Summary. Send cover letter

[2021-10-27T18:36:02.117Z] : [info]: no aclicar porque Es examen

[2021-10-27T18:36:25.340Z] : [info]: END search

[2021-10-27T18:36:32.864Z] : [info]: choose Summary. Send cover letter

[2021-10-27T18:36:34.508Z] : [info]: si aclicar

[2021-10-27T18:36:57.148Z] : [info]: END search

[2021-10-27T18:37:04.889Z] : [info]: choose Summary. Send cover letter

[2021-10-27T18:37:06.499Z] : [info]: si aclicar

[2021-10-27T18:37:29.133Z] : [info]: END search

[2021-10-27T18:37:33.066Z] : [info]: Una propuesta fue seleccionada

[2021-10-27T18:37:58.764Z] : [info]: choose Summary. Send cover letter

[2021-10-27T18:38:00.425Z] : [info]: si aclicar

[2021-10-27T18:38:22.749Z] : [info]: END search

[2021-10-27T18:38:27.990Z] : [info]: Una propuesta fue seleccionada

[2021-10-27T18:39:04.569Z] : [info]: choose Summary. Send cover letter

[2021-10-27T18:39:20.624Z] : [info]: no aclicar porque Es examen

[2021-10-27T18:39:39.403Z] : [error]: Selectors: Nothing found

[2021-10-27T18:39:39.410Z] : [error]: Total execution time: 5m 5s 35ms

[2021-10-27T18:39:39.412Z] : [info]: ---------------------------------------------

[2021-10-27T18:40:07.365Z] : [success]: Robot saved successfully

[2021-10-27T18:40:07.503Z] : [success]: Bot started

[2021-10-27T18:40:07.504Z] : [info]: Robot start

[2021-10-27T18:40:11.104Z] : [info]: <p>Добрый день,</p><p></p><p>Меня зовут Садиэль Годалес. </p><p></p><p>На сайте hh.ru меня заинтересовала вакансия программист, размещённая Вашей компанией.</p><p>Я получил высшее образование в г. Гавана (Куба) и работал программистом у поставщика программного обеспечения. Имею опыт работы с клиентами, занимался защитой информации, управлял базами данных. Знаком со стандартными алгоритмами и структурами данных. Уверенно программирую на языках C#, SQL. Только что закончил курс по разработке мобильных приложений на Android.</p><p>Владею испанским (родной), русским и английским языками. Люблю свою профессию и не перестаю самосовершенствоваться.</p><p>Больше информации обо мне Вы можете прочитать в резюме. Готов ответить на Ваши вопросы при личной встрече или по скайпу. При необходимости готов выполнить тестовое задание.</p><p>Вы можете связаться со мной по телефону 8 916 257 72 33, WhatsApp +7 963 7169740 или по электронной почте, sadielgodales@gmail.com.</p><p>https://github.com/sad8787/C-repo</p><p>https://github.com/sad8787/Java</p><p></p>

[2021-10-27T18:40:17.770Z] : [info]: someone is there

[2021-10-27T18:40:42.175Z] : [info]: END Loguin

[2021-10-27T18:40:46.844Z] : [info]: END search

[2021-10-27T18:40:51.860Z] : [info]: Una propuesta fue seleccionada

[2021-10-27T18:41:24.897Z] : [info]: choose Summary. Send cover letter

[2021-10-27T18:41:26.707Z] : [info]: si aclicar

[2021-10-27T18:41:49.054Z] : [info]: END search

[2021-10-27T18:41:55.504Z] : [info]: choose Summary. Send cover letter

[2021-10-27T18:41:57.143Z] : [info]: si aclicar

[2021-10-27T18:42:19.777Z] : [info]: END search

[2021-10-27T18:42:25.336Z] : [info]: choose Summary. Send cover letter

[2021-10-27T18:42:26.918Z] : [info]: si aclicar

[2021-10-27T18:42:50.777Z] : [info]: END search

[2021-10-27T18:42:54.977Z] : [info]: Una propuesta fue seleccionada

[2021-10-27T18:43:25.295Z] : [info]: choose Summary. Send cover letter

[2021-10-27T18:43:26.964Z] : [info]: si aclicar

[2021-10-27T18:43:49.308Z] : [info]: END search

[2021-10-27T18:43:55.871Z] : [info]: choose Summary. Send cover letter

[2021-10-27T18:43:57.525Z] : [info]: si aclicar

[2021-10-27T18:44:19.859Z] : [info]: END search

[2021-10-27T18:44:32.103Z] : [info]: Una propuesta fue seleccionada

[2021-10-27T18:45:00.591Z] : [info]: choose Summary. Send cover letter

[2021-10-27T18:45:02.274Z] : [info]: si aclicar

[2021-10-27T18:45:24.552Z] : [info]: END search

[2021-10-27T18:45:28.802Z] : [info]: Una propuesta fue seleccionada

[2021-10-27T18:45:59.660Z] : [info]: choose Summary. Send cover letter

[2021-10-27T18:46:01.336Z] : [info]: si aclicar

[2021-10-27T18:46:23.756Z] : [info]: END search

[2021-10-27T18:46:28.536Z] : [info]: Una propuesta fue seleccionada

[2021-10-27T18:47:00.239Z] : [info]: take contact details

[2021-10-27T18:47:05.746Z] : [info]: choose Summary. Send cover letter

[2021-10-27T18:47:07.451Z] : [info]: si aclicar

[2021-10-27T18:47:29.759Z] : [info]: END search

[2021-10-27T18:47:37.258Z] : [info]: choose Summary. Send cover letter

[2021-10-27T18:47:42.840Z] : [info]: si aclicar

[2021-10-27T18:48:06.792Z] : [info]: END search

[2021-10-27T18:48:13.380Z] : [info]: choose Summary. Send cover letter

[2021-10-27T18:48:14.983Z] : [info]: si aclicar

[2021-10-27T18:48:37.646Z] : [info]: END search

[2021-10-27T18:48:45.310Z] : [info]: choose Summary. Send cover letter

[2021-10-27T18:48:46.914Z] : [info]: si aclicar

[2021-10-27T18:49:09.488Z] : [info]: END search

[2021-10-27T18:49:13.596Z] : [info]: Una propuesta fue seleccionada

[2021-10-27T18:49:43.823Z] : [info]: choose Summary. Send cover letter

[2021-10-27T18:49:45.632Z] : [info]: si aclicar

[2021-10-27T18:50:08.025Z] : [info]: END search

[2021-10-27T18:50:13.275Z] : [info]: Una propuesta fue seleccionada

[2021-10-27T18:50:46.668Z] : [info]: take contact details

[2021-10-27T18:50:52.021Z] : [info]: choose Summary. Send cover letter

[2021-10-27T18:50:53.722Z] : [info]: si aclicar

[2021-10-27T18:51:17.437Z] : [info]: END search

[2021-10-27T18:51:22.382Z] : [info]: Una propuesta fue seleccionada

[2021-10-27T18:51:55.955Z] : [info]: take contact details

[2021-10-27T18:52:01.443Z] : [info]: choose Summary. Send cover letter

[2021-10-27T18:52:03.130Z] : [info]: si aclicar

[2021-10-27T18:52:25.455Z] : [info]: END search

[2021-10-27T18:52:32.868Z] : [info]: choose Summary. Send cover letter

[2021-10-27T18:52:34.471Z] : [info]: si aclicar

[2021-10-27T18:52:57.028Z] : [info]: END search

[2021-10-27T18:53:04.648Z] : [info]: choose Summary. Send cover letter

[2021-10-27T18:53:06.249Z] : [info]: si aclicar

[2021-10-27T18:53:30.166Z] : [info]: END search

[2021-10-27T18:53:36.860Z] : [info]: choose Summary. Send cover letter

[2021-10-27T18:53:38.473Z] : [info]: si aclicar

[2021-10-27T18:54:01.997Z] : [info]: END search

[2021-10-27T18:54:08.438Z] : [info]: choose Summary. Send cover letter

[2021-10-27T18:54:10.100Z] : [info]: si aclicar

[2021-10-27T18:54:32.724Z] : [info]: END search

[2021-10-27T18:54:39.475Z] : [info]: choose Summary. Send cover letter

[2021-10-27T18:54:41.107Z] : [info]: si aclicar

[2021-10-27T18:55:03.562Z] : [info]: END search

[2021-10-27T18:55:07.483Z] : [info]: Una propuesta fue seleccionada

[2021-10-27T18:55:44.146Z] : [info]: choose Summary. Send cover letter

[2021-10-27T18:55:45.775Z] : [info]: si aclicar

[2021-10-27T18:56:08.235Z] : [info]: END search

[2021-10-27T18:56:13.245Z] : [info]: Una propuesta fue seleccionada

[2021-10-27T18:56:46.033Z] : [info]: choose Summary. Send cover letter

[2021-10-27T18:57:01.992Z] : [info]: no aclicar porque Es examen

[2021-10-27T18:57:25.187Z] : [info]: END search

[2021-10-27T18:57:31.644Z] : [info]: choose Summary. Send cover letter

[2021-10-27T18:57:33.298Z] : [info]: si aclicar

[2021-10-27T18:57:55.751Z] : [info]: END search

[2021-10-27T18:57:59.604Z] : [info]: Una propuesta fue seleccionada

[2021-10-27T18:58:20.884Z] : [info]: take contact details

[2021-10-27T18:58:32.163Z] : [info]: choose Summary. Send cover letter

[2021-10-27T18:58:33.877Z] : [info]: si aclicar

[2021-10-27T18:58:56.241Z] : [info]: END search

[2021-10-27T18:59:03.894Z] : [info]: choose Summary. Send cover letter

[2021-10-27T18:59:05.500Z] : [info]: si aclicar

[2021-10-27T18:59:28.151Z] : [info]: END search

[2021-10-27T18:59:35.694Z] : [info]: choose Summary. Send cover letter

[2021-10-27T18:59:37.279Z] : [info]: si aclicar

[2021-10-27T18:59:59.877Z] : [info]: END search

[2021-10-27T19:14:08.683Z] : [info]: choose Summary. Send cover letter

[2021-10-27T19:14:14.985Z] : [error]: Script Stopped.

[2021-10-27T19:14:14.988Z] : [warn]: Total execution time: 34m 7s 480ms

[2021-10-27T19:14:14.989Z] : [info]: ---------------------------------------------

[2021-10-27T19:14:25.229Z] : [success]: Robot saved successfully

[2021-10-27T19:14:25.358Z] : [success]: Bot started

[2021-10-27T19:14:25.359Z] : [info]: Robot start

[2021-10-27T19:14:35.067Z] : [info]: <p>Добрый день,</p><p></p><p>Меня зовут Садиэль Годалес. </p><p></p><p>На сайте hh.ru меня заинтересовала вакансия программист, размещённая Вашей компанией.</p><p>Я получил высшее образование в г. Гавана (Куба) и работал программистом у поставщика программного обеспечения. Имею опыт работы с клиентами, занимался защитой информации, управлял базами данных. Знаком со стандартными алгоритмами и структурами данных. Уверенно программирую на языках C#, SQL. Только что закончил курс по разработке мобильных приложений на Android.</p><p>Владею испанским (родной), русским и английским языками. Люблю свою профессию и не перестаю самосовершенствоваться.</p><p>Больше информации обо мне Вы можете прочитать в резюме. Готов ответить на Ваши вопросы при личной встрече или по скайпу. При необходимости готов выполнить тестовое задание.</p><p>Вы можете связаться со мной по телефону 8 916 257 72 33, WhatsApp +7 963 7169740 или по электронной почте, sadielgodales@gmail.com.</p><p>https://github.com/sad8787/C-repo</p><p>https://github.com/sad8787/Java</p><p></p>

[2021-10-27T19:14:41.845Z] : [info]: someone is there

[2021-10-27T19:15:06.355Z] : [info]: END Loguin

[2021-10-27T19:15:11.278Z] : [info]: END search

[2021-10-27T19:18:34.222Z] : [error]: Script Stopped.

[2021-10-27T19:18:34.229Z] : [warn]: Total execution time: 4m 8s 862ms

[2021-10-27T19:18:34.231Z] : [info]: ---------------------------------------------

[2021-10-27T19:30:33.501Z] : [success]: Robot saved successfully

[2021-10-27T19:33:20.191Z] : [success]: Robot saved successfully

[2021-10-27T19:33:25.851Z] : [success]: Robot saved successfully

[2021-10-27T19:33:25.993Z] : [success]: Bot started

[2021-10-27T19:33:25.994Z] : [info]: Robot start

[2021-10-27T19:33:34.036Z] : [error]: Script Stopped.

[2021-10-27T19:33:34.040Z] : [warn]: Total execution time: 8s 41ms

[2021-10-27T19:33:34.041Z] : [info]: ---------------------------------------------

[2021-10-27T19:49:04.008Z] : [success]: Robot saved successfully

