
  ==========================================
  Studio Pro version: 6.3.2
  Started at: 6/10/2021 21:06:28
  ==========================================
  

[2021-10-06T18:09:27.489Z] : [success]: Robot saved successfully

[2021-10-06T18:09:33.589Z] : [success]: Robot saved successfully

[2021-10-06T18:10:02.021Z] : [success]: Robot saved successfully

[2021-10-06T18:10:08.075Z] : [success]: Robot saved successfully

[2021-10-06T18:10:11.100Z] : [success]: Robot saved successfully

[2021-10-06T18:10:11.199Z] : [info]: ---------------------------------------------

[2021-10-06T18:10:11.199Z] : [success]: Bot started

[2021-10-06T18:10:11.200Z] : [info]: Robot start

[2021-10-06T18:10:20.311Z] : [info]: <p>Добрый день,</p><p>Меня зовут Садиэль Годалес. </p><p>На сайте hh.ru меня заинтересовала вакансия программист, размещённая Вашей компанией.</p><p>Я получил высшее образование в г. Гавана (Куба) и работал программистом у поставщика программного обеспечения. Имею опыт работы с клиентами, занимался защитой информации, управлял базами данных. Знаком со стандартными алгоритмами и структурами данных, немного с Linux. Уверенно программирую на языках C#, SQL. Только что закончил курс по разработке мобильных приложений на Android.</p><p>Владею испанским (родной), русским и английским языками. Люблю свою профессию и не перестаю самосовершенствоваться.</p><p>Больше информации обо мне Вы можете прочитать в резюме. Готов ответить на Ваши вопросы при личной встрече или по скайпу. При необходимости готов выполнить тестовое задание.</p><p>Вы можете связаться со мной по телефону 8 916 257 72 33, WhatsApp +7 963 7169740 или по электронной почте <a href="mailto:sadielgodales@gmail.com">sadielgodales@gmail.com</a>.</p><p><a href="https://github.com/sad8787/C-repo">https://github.com/sad8787/C-repo</a></p><p>https://github.com/sad8787/Java</p>

[2021-10-06T18:10:23.502Z] : [error]: a is not defined

[2021-10-06T18:10:23.506Z] : [error]: Total execution time: 12s 301ms

[2021-10-06T18:10:23.507Z] : [info]: ---------------------------------------------

[2021-10-06T18:10:41.032Z] : [success]: Robot saved successfully

[2021-10-06T18:10:45.141Z] : [success]: Robot saved successfully

[2021-10-06T18:10:45.244Z] : [success]: Bot started

[2021-10-06T18:10:45.246Z] : [info]: Robot start

[2021-10-06T18:10:47.499Z] : [info]: <p>Добрый день,</p><p>Меня зовут Садиэль Годалес. </p><p>На сайте hh.ru меня заинтересовала вакансия программист, размещённая Вашей компанией.</p><p>Я получил высшее образование в г. Гавана (Куба) и работал программистом у поставщика программного обеспечения. Имею опыт работы с клиентами, занимался защитой информации, управлял базами данных. Знаком со стандартными алгоритмами и структурами данных, немного с Linux. Уверенно программирую на языках C#, SQL. Только что закончил курс по разработке мобильных приложений на Android.</p><p>Владею испанским (родной), русским и английским языками. Люблю свою профессию и не перестаю самосовершенствоваться.</p><p>Больше информации обо мне Вы можете прочитать в резюме. Готов ответить на Ваши вопросы при личной встрече или по скайпу. При необходимости готов выполнить тестовое задание.</p><p>Вы можете связаться со мной по телефону 8 916 257 72 33, WhatsApp +7 963 7169740 или по электронной почте <a href="mailto:sadielgodales@gmail.com">sadielgodales@gmail.com</a>.</p><p><a href="https://github.com/sad8787/C-repo">https://github.com/sad8787/C-repo</a></p><p>https://github.com/sad8787/Java</p>

[2021-10-06T18:10:47.510Z] : [info]:  Добрый день,/n Меня зовут Садиэль Годалес. /n На сайте hh.ru меня заинтересовала вакансия программист, размещённая Вашей компанией./n Я получил высшее образование в г. Гавана (Куба) и работал программистом у поставщика программного обеспечения. Имею опыт работы с клиентами, занимался защитой информации, управлял базами данных. Знаком со стандартными алгоритмами и структурами данных, немного с Linux. Уверенно программирую на языках C#, SQL. Только что закончил курс по разработке мобильных приложений на Android./n Владею испанским (родной), русским и английским языками. Люблю свою профессию и не перестаю самосовершенствоваться./n Больше информации обо мне Вы можете прочитать в резюме. Готов ответить на Ваши вопросы при личной встрече или по скайпу. При необходимости готов выполнить тестовое задание./n Вы можете связаться со мной по телефону 8 916 257 72 33, WhatsApp +7 963 7169740 или по электронной почте  href="mailto:sadielgodales@gmail.com">sadielgodales@gmail.com/n./n  href="https://github.com/sad8787/C-repo">https://github.com/sad8787/C-repo/n/n https://github.com/sad8787/Java/n

[2021-10-06T18:10:49.516Z] : [success]: Bot finished successfully, total execution time: 4s 251ms

[2021-10-06T18:10:49.518Z] : [info]: ---------------------------------------------

[2021-10-06T18:12:58.137Z] : [success]: Robot saved successfully

[2021-10-06T18:13:05.007Z] : [success]: Robot saved successfully

[2021-10-06T18:13:11.519Z] : [success]: Robot saved successfully

[2021-10-06T18:13:11.628Z] : [success]: Bot started

[2021-10-06T18:13:11.628Z] : [info]: Robot start

[2021-10-06T18:13:14.040Z] : [info]: <p>Добрый день,</p><p>Меня зовут Садиэль Годалес. </p><p>На сайте hh.ru меня заинтересовала вакансия программист, размещённая Вашей компанией.</p><p>Я получил высшее образование в г. Гавана (Куба) и работал программистом у поставщика программного обеспечения. Имею опыт работы с клиентами, занимался защитой информации, управлял базами данных. Знаком со стандартными алгоритмами и структурами данных, немного с Linux. Уверенно программирую на языках C#, SQL. Только что закончил курс по разработке мобильных приложений на Android.</p><p>Владею испанским (родной), русским и английским языками. Люблю свою профессию и не перестаю самосовершенствоваться.</p><p>Больше информации обо мне Вы можете прочитать в резюме. Готов ответить на Ваши вопросы при личной встрече или по скайпу. При необходимости готов выполнить тестовое задание.</p><p>Вы можете связаться со мной по телефону 8 916 257 72 33, WhatsApp +7 963 7169740 или по электронной почте <a href="mailto:sadielgodales@gmail.com">sadielgodales@gmail.com</a>.</p><p><a href="https://github.com/sad8787/C-repo">https://github.com/sad8787/C-repo</a></p><p>https://github.com/sad8787/Java</p>

[2021-10-06T18:13:14.055Z] : [info]:  Добрый день,/n Меня зовут Садиэль Годалес. /n На сайте hh.ru меня заинтересовала вакансия программист, размещённая Вашей компанией./n Я получил высшее образование в г. Гавана (Куба) и работал программистом у поставщика программного обеспечения. Имею опыт работы с клиентами, занимался защитой информации, управлял базами данных. Знаком со стандартными алгоритмами и структурами данных, немного с Linux. Уверенно программирую на языках C#, SQL. Только что закончил курс по разработке мобильных приложений на Android./n Владею испанским (родной), русским и английским языками. Люблю свою профессию и не перестаю самосовершенствоваться./n Больше информации обо мне Вы можете прочитать в резюме. Готов ответить на Ваши вопросы при личной встрече или по скайпу. При необходимости готов выполнить тестовое задание./n Вы можете связаться со мной по телефону 8 916 257 72 33, WhatsApp +7 963 7169740 или по электронной почте  href="mailto:sadielgodales@gmail.com">sadielgodales@gmail.com/n./n  href="https://github.com/sad8787/C-repo">https://github.com/sad8787/C-repo/n/n https://github.com/sad8787/Java/n

[2021-10-06T18:13:15.232Z] : [success]: Bot finished successfully, total execution time: 3s 602ms

[2021-10-06T18:13:15.234Z] : [info]: ---------------------------------------------

[2021-10-06T18:15:30.882Z] : [success]: Robot saved successfully

[2021-10-06T18:15:39.307Z] : [success]: Robot saved successfully

[2021-10-06T18:15:39.419Z] : [success]: Bot started

[2021-10-06T18:15:39.420Z] : [info]: Robot start

[2021-10-06T18:15:41.636Z] : [info]: <p>Добрый день,</p><p>Меня зовут Садиэль Годалес. </p><p>На сайте hh.ru меня заинтересовала вакансия программист, размещённая Вашей компанией.</p><p>Я получил высшее образование в г. Гавана (Куба) и работал программистом у поставщика программного обеспечения. Имею опыт работы с клиентами, занимался защитой информации, управлял базами данных. Знаком со стандартными алгоритмами и структурами данных, немного с Linux. Уверенно программирую на языках C#, SQL. Только что закончил курс по разработке мобильных приложений на Android.</p><p>Владею испанским (родной), русским и английским языками. Люблю свою профессию и не перестаю самосовершенствоваться.</p><p>Больше информации обо мне Вы можете прочитать в резюме. Готов ответить на Ваши вопросы при личной встрече или по скайпу. При необходимости готов выполнить тестовое задание.</p><p>Вы можете связаться со мной по телефону 8 916 257 72 33, WhatsApp +7 963 7169740 или по электронной почте <a href="mailto:sadielgodales@gmail.com">sadielgodales@gmail.com</a>.</p><p><a href="https://github.com/sad8787/C-repo">https://github.com/sad8787/C-repo</a></p><p>https://github.com/sad8787/Java</p>

[2021-10-06T18:15:41.652Z] : [info]:  Добрый день,/n Меня зовут Садиэль Годалес. /n На сайте hh.ru меня заинтересовала вакансия программист, размещённая Вашей компанией./n Я получил высшее образование в г. Гавана (Куба) и работал программистом у поставщика программного обеспечения. Имею опыт работы с клиентами, занимался защитой информации, управлял базами данных. Знаком со стандартными алгоритмами и структурами данных, немного с Linux. Уверенно программирую на языках C#, SQL. Только что закончил курс по разработке мобильных приложений на Android./n Владею испанским (родной), русским и английским языками. Люблю свою профессию и не перестаю самосовершенствоваться./n Больше информации обо мне Вы можете прочитать в резюме. Готов ответить на Ваши вопросы при личной встрече или по скайпу. При необходимости готов выполнить тестовое задание./n Вы можете связаться со мной по телефону 8 916 257 72 33, WhatsApp +7 963 7169740 или по электронной почте  href="mailto:sadielgodales@gmail.com">sadielgodales@gmail.com/n./n  href="https://github.com/sad8787/C-repo">https://github.com/sad8787/C-repo/n/n https://github.com/sad8787/Java/n

[2021-10-06T18:16:03.230Z] : [error]: Selectors: Nothing found

[2021-10-06T18:16:03.353Z] : [error]: Total execution time: 23s 809ms

[2021-10-06T18:16:03.378Z] : [info]: ---------------------------------------------

[2021-10-06T18:17:18.216Z] : [success]: Robot saved successfully

[2021-10-06T18:17:22.055Z] : [success]: Robot saved successfully

[2021-10-06T18:17:22.174Z] : [success]: Bot started

[2021-10-06T18:17:22.175Z] : [info]: Robot start

[2021-10-06T18:17:26.674Z] : [info]: <p>Добрый день,</p><p>Меня зовут Садиэль Годалес. </p><p>На сайте hh.ru меня заинтересовала вакансия программист, размещённая Вашей компанией.</p><p>Я получил высшее образование в г. Гавана (Куба) и работал программистом у поставщика программного обеспечения. Имею опыт работы с клиентами, занимался защитой информации, управлял базами данных. Знаком со стандартными алгоритмами и структурами данных, немного с Linux. Уверенно программирую на языках C#, SQL. Только что закончил курс по разработке мобильных приложений на Android.</p><p>Владею испанским (родной), русским и английским языками. Люблю свою профессию и не перестаю самосовершенствоваться.</p><p>Больше информации обо мне Вы можете прочитать в резюме. Готов ответить на Ваши вопросы при личной встрече или по скайпу. При необходимости готов выполнить тестовое задание.</p><p>Вы можете связаться со мной по телефону 8 916 257 72 33, WhatsApp +7 963 7169740 или по электронной почте <a href="mailto:sadielgodales@gmail.com">sadielgodales@gmail.com</a>.</p><p><a href="https://github.com/sad8787/C-repo">https://github.com/sad8787/C-repo</a></p><p>https://github.com/sad8787/Java</p>

[2021-10-06T18:17:26.690Z] : [info]:  Добрый день,/n Меня зовут Садиэль Годалес. /n На сайте hh.ru меня заинтересовала вакансия программист, размещённая Вашей компанией./n Я получил высшее образование в г. Гавана (Куба) и работал программистом у поставщика программного обеспечения. Имею опыт работы с клиентами, занимался защитой информации, управлял базами данных. Знаком со стандартными алгоритмами и структурами данных, немного с Linux. Уверенно программирую на языках C#, SQL. Только что закончил курс по разработке мобильных приложений на Android./n Владею испанским (родной), русским и английским языками. Люблю свою профессию и не перестаю самосовершенствоваться./n Больше информации обо мне Вы можете прочитать в резюме. Готов ответить на Ваши вопросы при личной встрече или по скайпу. При необходимости готов выполнить тестовое задание./n Вы можете связаться со мной по телефону 8 916 257 72 33, WhatsApp +7 963 7169740 или по электронной почте  href="mailto:sadielgodales@gmail.com">sadielgodales@gmail.com/n./n  href="https://github.com/sad8787/C-repo">https://github.com/sad8787/C-repo/n/n https://github.com/sad8787/Java/n

[2021-10-06T18:17:44.150Z] : [info]: END Loguin

[2021-10-06T18:17:48.619Z] : [info]: END search

[2021-10-06T18:17:51.874Z] : [info]: 1xxx

[2021-10-06T18:17:52.191Z] : [info]: 1231 ; 455

[2021-10-06T18:17:55.466Z] : [info]: Una propuesta fue seleccionada

[2021-10-06T18:18:16.679Z] : [warn]: There is a small amount of free memory (RAM) left, 92.42% of RAM is being used (5599 MBs). The performance of Studio Pro and bots during execution may be unstable. Close applications that are not being used, increase the memory, or optimize the workflow.

[2021-10-06T18:18:21.392Z] : [info]: take contact details

[2021-10-06T18:18:26.573Z] : [info]: choose Summary. Send cover letter

[2021-10-06T18:18:28.428Z] : [info]: si aclicar

[2021-10-06T18:18:54.929Z] : [success]: Bot finished successfully, total execution time: 1m 32s 746ms

[2021-10-06T18:18:54.931Z] : [info]: ---------------------------------------------

[2021-10-06T18:23:28.073Z] : [success]: Robot saved successfully

[2021-10-06T18:23:36.396Z] : [success]: Robot saved successfully

[2021-10-06T18:23:36.484Z] : [success]: Bot started

[2021-10-06T18:23:36.485Z] : [info]: Robot start

[2021-10-06T18:23:42.870Z] : [success]: Bot finished successfully, total execution time: 6s 383ms

[2021-10-06T18:23:42.872Z] : [info]: ---------------------------------------------

[2021-10-06T18:24:06.836Z] : [success]: Robot saved successfully

[2021-10-06T18:24:08.233Z] : [success]: Robot saved successfully

[2021-10-06T18:24:11.016Z] : [success]: Robot saved successfully

[2021-10-06T18:24:11.094Z] : [info]: ---------------------------------------------

[2021-10-06T18:24:11.095Z] : [success]: Bot started

[2021-10-06T18:24:11.096Z] : [info]: Robot start

[2021-10-06T18:24:13.197Z] : [success]: Bot finished successfully, total execution time: 2s 100ms

[2021-10-06T18:24:13.199Z] : [info]: ---------------------------------------------

[2021-10-06T18:24:48.857Z] : [success]: Robot saved successfully

[2021-10-06T18:24:48.944Z] : [success]: Bot started

[2021-10-06T18:24:48.945Z] : [info]: Robot start

[2021-10-06T18:24:51.541Z] : [success]: Bot finished successfully, total execution time: 2s 594ms

[2021-10-06T18:24:51.543Z] : [info]: ---------------------------------------------

[2021-10-06T18:25:02.560Z] : [success]: Robot saved successfully

