
  ==========================================
  Studio Pro version: 6.3.2
  Started at: 1/10/2021 18:56:59
  ==========================================
  

[2021-10-01T15:57:58.781Z] : [success]: Workflow успешно сохранен

[2021-10-01T15:57:58.868Z] : [info]: ---------------------------------------------

[2021-10-01T15:57:58.869Z] : [success]: Бот начал работу

[2021-10-01T15:57:58.870Z] : [info]: Robot start

[2021-10-01T15:58:38.341Z] : [info]: someone is there

[2021-10-01T15:58:56.099Z] : [info]: END Loguin

[2021-10-01T15:58:59.058Z] : [info]: END search

[2021-10-01T15:59:07.988Z] : [error]: Terminal: Se produjo una excepción en el inicializador de tipo de 'ElectroneekWinAgent.SelectorsApi.Controllers.TerminalController'.

[2021-10-01T15:59:07.994Z] : [error]: Время выполнения: 1м 9с 117мс

[2021-10-01T15:59:07.996Z] : [info]: ---------------------------------------------

[2021-10-01T16:02:03.581Z] : [success]: Robot saved successfully

[2021-10-01T16:02:03.703Z] : [success]: Bot started

[2021-10-01T16:02:03.704Z] : [info]: Robot start

[2021-10-01T16:02:12.197Z] : [info]: someone is there

[2021-10-01T16:02:19.485Z] : [error]: Selectors: Nothing found

[2021-10-01T16:02:19.489Z] : [error]: Total execution time: 15s 779ms

[2021-10-01T16:02:19.491Z] : [info]: ---------------------------------------------

[2021-10-01T16:02:43.400Z] : [success]: Robot saved successfully

[2021-10-01T16:02:43.505Z] : [success]: Bot started

[2021-10-01T16:02:43.506Z] : [info]: Robot start

[2021-10-01T16:02:51.908Z] : [info]: someone is there

[2021-10-01T16:03:09.619Z] : [info]: END Loguin

[2021-10-01T16:03:12.582Z] : [info]: END search

[2021-10-01T16:03:31.793Z] : [error]: chrome not reachable
  (Session info: chrome=94.0.4606.61)

[2021-10-01T16:03:31.797Z] : [error]: Total execution time: 48s 287ms

[2021-10-01T16:03:31.798Z] : [info]: ---------------------------------------------

[2021-10-01T16:06:37.016Z] : [success]: Robot saved successfully

[2021-10-01T16:06:37.123Z] : [success]: Bot started

[2021-10-01T16:06:37.126Z] : [info]: Robot start

[2021-10-01T16:07:26.031Z] : [info]: someone is there

[2021-10-01T16:07:43.181Z] : [info]: END Loguin

[2021-10-01T16:07:46.179Z] : [info]: END search

[2021-10-01T16:07:48.724Z] : [error]: Terminal: Se produjo una excepción en el inicializador de tipo de 'ElectroneekWinAgent.SelectorsApi.Controllers.TerminalController'.

[2021-10-01T16:07:48.728Z] : [error]: Total execution time: 1m 11s 596ms

[2021-10-01T16:07:48.730Z] : [info]: ---------------------------------------------

[2021-10-01T16:10:38.198Z] : [success]: Robot saved successfully

[2021-10-01T16:10:38.279Z] : [success]: Bot started

[2021-10-01T16:10:38.281Z] : [info]: Robot start

[2021-10-01T16:11:30.429Z] : [info]: someone is there

[2021-10-01T16:11:48.042Z] : [info]: END Loguin

[2021-10-01T16:11:51.024Z] : [info]: END search

[2021-10-01T16:11:55.633Z] : [error]: Terminal: Se produjo una excepción en el inicializador de tipo de 'ElectroneekWinAgent.SelectorsApi.Controllers.TerminalController'.

[2021-10-01T16:11:55.643Z] : [error]: Total execution time: 1m 17s 350ms

[2021-10-01T16:11:55.646Z] : [info]: ---------------------------------------------

[2021-10-01T16:20:16.430Z] : [success]: Robot saved successfully

[2021-10-01T16:20:16.559Z] : [success]: Bot started

[2021-10-01T16:20:16.560Z] : [info]: Robot start

[2021-10-01T16:21:05.567Z] : [info]: someone is there

[2021-10-01T16:21:23.036Z] : [info]: END Loguin

[2021-10-01T16:21:26.029Z] : [info]: END search

[2021-10-01T16:21:30.560Z] : [success]: Bot finished successfully, total execution time: 1m 13s 996ms

[2021-10-01T16:21:30.562Z] : [info]: ---------------------------------------------

[2021-10-01T16:24:26.514Z] : [success]: Robot saved successfully

[2021-10-01T16:24:26.602Z] : [success]: Bot started

[2021-10-01T16:24:26.603Z] : [info]: Robot start

[2021-10-01T16:25:15.947Z] : [info]: someone is there

[2021-10-01T16:25:33.843Z] : [info]: END Loguin

[2021-10-01T16:25:36.734Z] : [info]: END search

[2021-10-01T16:25:39.950Z] : [error]: Terminal: Se produjo una excepción en el inicializador de tipo de 'ElectroneekWinAgent.SelectorsApi.Controllers.TerminalController'.

[2021-10-01T16:25:39.956Z] : [error]: Total execution time: 1m 13s 346ms

[2021-10-01T16:25:39.960Z] : [info]: ---------------------------------------------

[2021-10-01T18:48:01.810Z] : [success]: Robot saved successfully

[2021-10-01T18:48:01.903Z] : [success]: Bot started

[2021-10-01T18:48:01.904Z] : [info]: Robot start

[2021-10-01T18:48:53.033Z] : [info]: someone is there

[2021-10-01T18:49:10.703Z] : [info]: END Loguin

[2021-10-01T18:49:13.651Z] : [info]: END search

[2021-10-01T18:49:17.519Z] : [error]: Terminal: Se produjo una excepción en el inicializador de tipo de 'ElectroneekWinAgent.SelectorsApi.Controllers.TerminalController'.

[2021-10-01T18:49:17.526Z] : [error]: Total execution time: 1m 15s 613ms

[2021-10-01T18:49:17.528Z] : [info]: ---------------------------------------------

[2021-10-01T19:03:53.073Z] : [success]: Robot saved successfully

[2021-10-01T19:03:53.153Z] : [success]: Bot started

[2021-10-01T19:03:53.154Z] : [info]: Robot start

[2021-10-01T19:04:42.611Z] : [info]: someone is there

[2021-10-01T19:05:00.419Z] : [info]: END Loguin

[2021-10-01T19:05:03.369Z] : [info]: END search

[2021-10-01T19:05:05.786Z] : [info]: 307 625

[2021-10-01T19:05:06.634Z] : [success]: Bot finished successfully, total execution time: 1m 13s 469ms

[2021-10-01T19:05:06.636Z] : [info]: ---------------------------------------------

[2021-10-01T19:09:26.974Z] : [success]: Robot saved successfully

[2021-10-01T19:09:27.062Z] : [success]: Bot started

[2021-10-01T19:09:27.063Z] : [info]: Robot start

[2021-10-01T19:10:16.458Z] : [info]: someone is there

[2021-10-01T19:10:34.299Z] : [info]: END Loguin

[2021-10-01T19:10:37.399Z] : [info]: END search

[2021-10-01T19:10:39.969Z] : [info]: 307 664

[2021-10-01T19:10:41.135Z] : [error]: Selectors: Error converting value {null} to type 'System.Int32'. Path 'y', line 1, position 46.

[2021-10-01T19:10:41.142Z] : [error]: Total execution time: 1m 14s 69ms

[2021-10-01T19:10:41.144Z] : [info]: ---------------------------------------------

[2021-10-01T19:12:15.044Z] : [success]: Robot saved successfully

[2021-10-01T19:12:15.111Z] : [success]: Bot started

[2021-10-01T19:12:15.112Z] : [info]: Robot start

[2021-10-01T19:13:02.766Z] : [info]: someone is there

[2021-10-01T19:13:20.731Z] : [info]: END Loguin

[2021-10-01T19:13:22.760Z] : [error]: Selectors: Nothing found

[2021-10-01T19:13:22.770Z] : [error]: Total execution time: 1m 7s 647ms

[2021-10-01T19:13:22.772Z] : [info]: ---------------------------------------------

[2021-10-01T19:14:15.834Z] : [success]: Robot saved successfully

[2021-10-01T19:14:15.908Z] : [success]: Bot started

[2021-10-01T19:14:15.908Z] : [info]: Robot start

[2021-10-01T19:15:05.458Z] : [info]: someone is there

[2021-10-01T19:15:23.044Z] : [info]: END Loguin

[2021-10-01T19:15:26.057Z] : [info]: END search

[2021-10-01T19:15:28.160Z] : [info]: 307 663

[2021-10-01T19:15:29.669Z] : [success]: Bot finished successfully, total execution time: 1m 13s 757ms

[2021-10-01T19:15:29.672Z] : [info]: ---------------------------------------------

[2021-10-01T19:18:01.053Z] : [success]: Robot saved successfully

[2021-10-01T19:18:01.116Z] : [success]: Bot started

[2021-10-01T19:18:01.116Z] : [info]: Robot start

[2021-10-01T19:18:51.178Z] : [info]: someone is there

[2021-10-01T19:19:08.932Z] : [info]: END Loguin

[2021-10-01T19:19:11.920Z] : [info]: END search

[2021-10-01T19:19:14.377Z] : [info]: 307 655

[2021-10-01T19:19:15.893Z] : [success]: Bot finished successfully, total execution time: 1m 14s 770ms

[2021-10-01T19:19:15.897Z] : [info]: ---------------------------------------------

[2021-10-01T19:21:51.366Z] : [success]: Robot saved successfully

[2021-10-01T19:21:51.426Z] : [success]: Bot started

[2021-10-01T19:21:51.427Z] : [info]: Robot start

[2021-10-01T19:22:41.376Z] : [info]: someone is there

[2021-10-01T19:22:58.822Z] : [info]: END Loguin

[2021-10-01T19:23:01.956Z] : [info]: END search

[2021-10-01T19:23:04.539Z] : [info]: 307 573

[2021-10-01T19:23:06.846Z] : [success]: Bot finished successfully, total execution time: 1m 15s 379ms

[2021-10-01T19:23:06.848Z] : [info]: ---------------------------------------------

[2021-10-01T19:25:48.965Z] : [success]: Robot saved successfully

[2021-10-01T19:25:49.032Z] : [success]: Bot started

[2021-10-01T19:25:49.033Z] : [info]: Robot start

[2021-10-01T19:26:38.685Z] : [info]: someone is there

[2021-10-01T19:26:56.736Z] : [info]: END Loguin

[2021-10-01T19:26:59.876Z] : [info]: END search

[2021-10-01T19:27:02.200Z] : [info]: 307 653

[2021-10-01T19:27:04.599Z] : [success]: Bot finished successfully, total execution time: 1m 15s 472ms

[2021-10-01T19:27:04.604Z] : [info]: ---------------------------------------------

[2021-10-01T19:27:37.709Z] : [success]: Robot saved successfully

[2021-10-01T19:27:37.766Z] : [success]: Bot started

[2021-10-01T19:27:37.766Z] : [info]: Robot start

[2021-10-01T19:28:25.585Z] : [info]: someone is there

[2021-10-01T19:28:43.137Z] : [info]: END Loguin

[2021-10-01T19:28:46.049Z] : [info]: END search

[2021-10-01T19:28:48.088Z] : [info]: 307 656

[2021-10-01T19:28:48.637Z] : [success]: Bot finished successfully, total execution time: 1m 10s 867ms

[2021-10-01T19:28:48.639Z] : [info]: ---------------------------------------------

[2021-10-01T19:54:50.560Z] : [success]: Robot saved successfully

[2021-10-01T19:54:50.691Z] : [success]: Bot started

[2021-10-01T19:54:50.692Z] : [info]: Robot start

[2021-10-01T19:55:42.287Z] : [info]: someone is there

[2021-10-01T19:55:59.882Z] : [info]: END Loguin

[2021-10-01T19:56:02.807Z] : [info]: END search

[2021-10-01T19:56:04.635Z] : [info]: Una propuesta fue seleccionada

[2021-10-01T19:56:30.394Z] : [error]: Selectors: Nothing found

[2021-10-01T19:56:30.397Z] : [error]: Total execution time: 1m 39s 700ms

[2021-10-01T19:56:30.399Z] : [info]: ---------------------------------------------

[2021-10-01T19:57:45.593Z] : [success]: Robot saved successfully

[2021-10-01T19:57:45.694Z] : [success]: Bot started

[2021-10-01T19:57:45.695Z] : [info]: Robot start

[2021-10-01T19:58:42.422Z] : [error]: Selectors: Nothing found

[2021-10-01T19:58:42.426Z] : [error]: Total execution time: 56s 727ms

[2021-10-01T19:58:42.427Z] : [info]: ---------------------------------------------

[2021-10-01T20:00:42.011Z] : [success]: Robot saved successfully

[2021-10-01T20:00:42.155Z] : [success]: Bot started

[2021-10-01T20:00:42.156Z] : [info]: Robot start

[2021-10-01T20:01:38.453Z] : [error]: Selectors: Nothing found

[2021-10-01T20:01:38.458Z] : [error]: Total execution time: 56s 296ms

[2021-10-01T20:01:38.461Z] : [info]: ---------------------------------------------

[2021-10-01T20:03:05.387Z] : [success]: Robot saved successfully

[2021-10-01T20:03:05.468Z] : [success]: Bot started

[2021-10-01T20:03:05.469Z] : [info]: Robot start

[2021-10-01T20:03:55.784Z] : [info]: someone is there

[2021-10-01T20:04:13.232Z] : [info]: END Loguin

[2021-10-01T20:04:16.140Z] : [info]: END search

[2021-10-01T20:04:18.979Z] : [info]: Una propuesta fue seleccionada

[2021-10-01T20:04:22.447Z] : [error]: Selectors: Nothing found

[2021-10-01T20:04:22.509Z] : [error]: Total execution time: 1m 16s 976ms

[2021-10-01T20:04:22.511Z] : [info]: ---------------------------------------------

[2021-10-01T20:07:24.071Z] : [success]: Robot saved successfully

[2021-10-01T20:07:24.168Z] : [success]: Bot started

[2021-10-01T20:07:24.168Z] : [info]: Robot start

[2021-10-01T20:08:14.441Z] : [info]: someone is there

[2021-10-01T20:08:32.321Z] : [info]: END Loguin

[2021-10-01T20:08:34.527Z] : [error]: Selectors: Nothing found

[2021-10-01T20:08:34.531Z] : [error]: Total execution time: 1m 10s 357ms

[2021-10-01T20:08:34.533Z] : [info]: ---------------------------------------------

[2021-10-01T20:10:42.957Z] : [success]: Robot saved successfully

[2021-10-01T20:10:43.215Z] : [success]: Bot started

[2021-10-01T20:10:43.215Z] : [info]: Robot start

[2021-10-01T20:11:45.747Z] : [info]: END Loguin

[2021-10-01T20:11:48.388Z] : [error]: Selectors: Nothing found

[2021-10-01T20:11:48.391Z] : [error]: Total execution time: 1m 5s 172ms

[2021-10-01T20:11:48.393Z] : [info]: ---------------------------------------------

[2021-10-01T20:52:00.256Z] : [success]: Robot saved successfully

[2021-10-01T20:52:00.343Z] : [success]: Bot started

[2021-10-01T20:52:00.344Z] : [info]: Robot start

[2021-10-01T20:53:07.485Z] : [info]: END Loguin

[2021-10-01T20:53:10.396Z] : [info]: END search

[2021-10-01T20:53:15.358Z] : [info]: Una propuesta fue seleccionada

[2021-10-01T20:59:21.909Z] : [error]: Script Stopped.

[2021-10-01T20:59:22.111Z] : [warn]: Total execution time: 7m 21s 565ms

[2021-10-01T20:59:22.116Z] : [info]: ---------------------------------------------

[2021-10-01T21:00:17.038Z] : [success]: Robot saved successfully

[2021-10-01T21:00:17.169Z] : [success]: Bot started

[2021-10-01T21:00:17.170Z] : [info]: Robot start

[2021-10-01T21:00:59.029Z] : [error]: Script Stopped.

[2021-10-01T21:00:59.032Z] : [warn]: Total execution time: 41s 859ms

[2021-10-01T21:00:59.033Z] : [info]: ---------------------------------------------

[2021-10-01T21:01:34.618Z] : [success]: Robot saved successfully

[2021-10-01T21:01:34.768Z] : [success]: Bot started

[2021-10-01T21:01:34.770Z] : [info]: Robot start

[2021-10-01T21:02:29.912Z] : [info]: someone is there

[2021-10-01T21:02:47.900Z] : [info]: END Loguin

[2021-10-01T21:02:52.640Z] : [success]: Bot finished successfully, total execution time: 1m 17s 862ms

[2021-10-01T21:02:52.644Z] : [info]: ---------------------------------------------

[2021-10-01T21:03:45.894Z] : [success]: Robot saved successfully

[2021-10-01T21:03:45.978Z] : [success]: Bot started

[2021-10-01T21:03:45.979Z] : [info]: Robot start

[2021-10-01T21:04:36.803Z] : [info]: someone is there

[2021-10-01T21:04:54.309Z] : [info]: END Loguin

[2021-10-01T21:04:57.379Z] : [info]: END search

[2021-10-01T21:05:02.560Z] : [success]: Bot finished successfully, total execution time: 1m 16s 578ms

[2021-10-01T21:05:02.562Z] : [info]: ---------------------------------------------

[2021-10-01T21:07:13.251Z] : [success]: Robot saved successfully

[2021-10-01T21:07:13.345Z] : [success]: Bot started

[2021-10-01T21:07:13.346Z] : [info]: Robot start

[2021-10-01T21:08:01.623Z] : [info]: someone is there

[2021-10-01T21:08:19.382Z] : [info]: END Loguin

[2021-10-01T21:08:22.612Z] : [info]: END search

[2021-10-01T21:08:27.597Z] : [success]: Bot finished successfully, total execution time: 1m 14s 248ms

[2021-10-01T21:08:27.600Z] : [info]: ---------------------------------------------

[2021-10-01T21:08:57.282Z] : [success]: Robot saved successfully

[2021-10-01T21:08:57.337Z] : [success]: Bot started

[2021-10-01T21:08:57.337Z] : [info]: Robot start

[2021-10-01T21:09:46.023Z] : [info]: someone is there

[2021-10-01T21:10:03.754Z] : [info]: END Loguin

[2021-10-01T21:10:07.084Z] : [info]: END search

[2021-10-01T21:10:13.279Z] : [success]: Bot finished successfully, total execution time: 1m 15s 917ms

[2021-10-01T21:10:13.437Z] : [info]: ---------------------------------------------

[2021-10-01T21:10:59.486Z] : [success]: Robot saved successfully

[2021-10-01T21:10:59.582Z] : [success]: Bot started

[2021-10-01T21:10:59.583Z] : [info]: Robot start

[2021-10-01T21:11:50.352Z] : [info]: someone is there

[2021-10-01T21:12:07.998Z] : [info]: END Loguin

[2021-10-01T21:12:11.030Z] : [info]: END search

[2021-10-01T21:12:14.366Z] : [info]: Una propuesta fue seleccionada

[2021-10-01T21:12:35.544Z] : [success]: Bot finished successfully, total execution time: 1m 35s 960ms

[2021-10-01T21:12:35.545Z] : [info]: ---------------------------------------------

[2021-10-01T21:18:01.212Z] : [success]: Robot saved successfully

[2021-10-01T21:18:01.286Z] : [success]: Bot started

[2021-10-01T21:18:01.287Z] : [info]: Robot start

[2021-10-01T21:18:49.210Z] : [info]: someone is there

[2021-10-01T21:19:06.829Z] : [info]: END Loguin

[2021-10-01T21:19:09.873Z] : [info]: END search

[2021-10-01T21:19:13.614Z] : [info]: Una propuesta fue seleccionada

[2021-10-01T21:19:28.770Z] : [success]: Bot finished successfully, total execution time: 1m 27s 476ms

[2021-10-01T21:19:28.771Z] : [info]: ---------------------------------------------

[2021-10-01T21:21:39.647Z] : [success]: Robot saved successfully

[2021-10-01T21:21:39.734Z] : [success]: Bot started

[2021-10-01T21:21:39.735Z] : [info]: Robot start

[2021-10-01T21:22:31.115Z] : [info]: someone is there

[2021-10-01T21:22:48.953Z] : [info]: END Loguin

[2021-10-01T21:22:51.935Z] : [info]: END search

[2021-10-01T21:22:55.422Z] : [info]: Una propuesta fue seleccionada

[2021-10-01T21:23:07.574Z] : [success]: Bot finished successfully, total execution time: 1m 27s 836ms

[2021-10-01T21:23:07.576Z] : [info]: ---------------------------------------------

[2021-10-01T21:25:05.071Z] : [success]: Robot saved successfully

[2021-10-01T21:25:05.163Z] : [success]: Bot started

[2021-10-01T21:25:05.164Z] : [info]: Robot start

[2021-10-01T21:25:53.127Z] : [info]: someone is there

[2021-10-01T21:26:10.850Z] : [info]: END Loguin

[2021-10-01T21:26:14.034Z] : [info]: END search

[2021-10-01T21:26:17.361Z] : [info]: Una propuesta fue seleccionada

[2021-10-01T21:26:30.574Z] : [success]: Bot finished successfully, total execution time: 1m 25s 407ms

[2021-10-01T21:26:30.575Z] : [info]: ---------------------------------------------

[2021-10-01T21:49:35.520Z] : [success]: Robot saved successfully

[2021-10-01T21:49:35.656Z] : [success]: Bot started

[2021-10-01T21:49:35.657Z] : [info]: Robot start

[2021-10-01T21:50:26.957Z] : [info]: someone is there

[2021-10-01T21:50:44.551Z] : [info]: END Loguin

[2021-10-01T21:50:47.594Z] : [info]: END search

[2021-10-01T21:50:50.673Z] : [info]: Una propuesta fue seleccionada

[2021-10-01T21:51:03.587Z] : [success]: Bot finished successfully, total execution time: 1m 27s 927ms

[2021-10-01T21:51:03.588Z] : [info]: ---------------------------------------------

[2021-10-01T21:54:41.984Z] : [success]: Robot saved successfully

[2021-10-01T21:54:42.078Z] : [success]: Bot started

[2021-10-01T21:54:42.079Z] : [info]: Robot start

[2021-10-01T21:54:48.335Z] : [error]: Invalid PDF structure

[2021-10-01T21:54:48.339Z] : [error]: Total execution time: 6s 255ms

[2021-10-01T21:54:48.341Z] : [info]: ---------------------------------------------

[2021-10-01T22:02:55.470Z] : [success]: Robot saved successfully

[2021-10-01T22:02:55.582Z] : [success]: Bot started

[2021-10-01T22:02:55.583Z] : [info]: Robot start

[2021-10-01T22:03:46.985Z] : [info]: someone is there

[2021-10-01T22:04:04.636Z] : [info]: END Loguin

[2021-10-01T22:04:07.716Z] : [info]: END search

[2021-10-01T22:04:11.571Z] : [info]: Una propuesta fue seleccionada

[2021-10-01T22:04:24.571Z] : [error]: Terminal: Se produjo una excepción en el inicializador de tipo de 'ElectroneekWinAgent.SelectorsApi.Controllers.TerminalController'.

[2021-10-01T22:04:24.574Z] : [error]: Total execution time: 1m 28s 987ms

[2021-10-01T22:04:24.576Z] : [info]: ---------------------------------------------

[2021-10-01T22:04:49.561Z] : [success]: Robot saved successfully

[2021-10-01T22:04:49.628Z] : [success]: Bot started

[2021-10-01T22:04:49.629Z] : [info]: Robot start

[2021-10-01T22:05:41.768Z] : [info]: someone is there

[2021-10-01T22:05:59.538Z] : [info]: END Loguin

[2021-10-01T22:06:02.507Z] : [info]: END search

[2021-10-01T22:06:05.856Z] : [info]: Una propuesta fue seleccionada

[2021-10-01T22:06:18.545Z] : [error]: Terminal: Se produjo una excepción en el inicializador de tipo de 'ElectroneekWinAgent.SelectorsApi.Controllers.TerminalController'.

[2021-10-01T22:06:18.551Z] : [error]: Total execution time: 1m 28s 915ms

[2021-10-01T22:06:18.553Z] : [info]: ---------------------------------------------

[2021-10-01T22:16:27.860Z] : [success]: Robot saved successfully

