
  ==========================================
  Studio Pro version: 6.5.4
  Started at: 10/11/2021 19:26:17
  ==========================================
  

[2021-11-10T16:26:21.479Z] : [success]: Robot saved successfully

[2021-11-10T16:26:21.682Z] : [success]: Bot started

[2021-11-10T16:26:21.683Z] : [info]: Robot start

[2021-11-10T16:26:32.209Z] : [info]: <p>Добрый день,</p><p></p><p>Меня зовут Садиэль Годалес. </p><p></p><p>На сайте hh.ru меня заинтересовала вакансия программист, размещённая Вашей компанией.</p><p>Я получил высшее образование в г. Гавана (Куба) и работал программистом у поставщика программного обеспечения. Имею опыт работы с клиентами, занимался защитой информации, управлял базами данных. Знаком со стандартными алгоритмами и структурами данных. Уверенно программирую на языках C#, SQL. Только что закончил курс по разработке мобильных приложений на Android.</p><p>Владею испанским (родной), русским и английским языками. Люблю свою профессию и не перестаю самосовершенствоваться.</p><p>Больше информации обо мне Вы можете прочитать в резюме. Готов ответить на Ваши вопросы при личной встрече или по скайпу. При необходимости готов выполнить тестовое задание.</p><p>Вы можете связаться со мной по телефону 8 916 257 72 33, WhatsApp +7 963 7169740 или по электронной почте, sadielgodales@gmail.com.</p><p>https://github.com/sad8787/C-repo</p><p>https://github.com/sad8787/Java</p><p></p>

[2021-11-10T16:26:47.323Z] : [warn]: There is a small amount of free memory (RAM) left, 90.03% of RAM is being used (5454 MBs). The performance of Studio Pro and bots during execution may be unstable. Close applications that are not being used, increase the memory, or optimize the workflow.

[2021-11-10T16:26:52.684Z] : [error]: Selectors: Nothing found

[2021-11-10T16:26:52.708Z] : [error]: Total execution time: 30s 998ms

[2021-11-10T16:26:52.710Z] : [info]: ---------------------------------------------

[2021-11-10T16:27:06.785Z] : [success]: Robot saved successfully

[2021-11-10T16:27:07.124Z] : [success]: Bot started

[2021-11-10T16:27:07.125Z] : [info]: Robot start

[2021-11-10T16:27:11.151Z] : [info]: <p>Добрый день,</p><p></p><p>Меня зовут Садиэль Годалес. </p><p></p><p>На сайте hh.ru меня заинтересовала вакансия программист, размещённая Вашей компанией.</p><p>Я получил высшее образование в г. Гавана (Куба) и работал программистом у поставщика программного обеспечения. Имею опыт работы с клиентами, занимался защитой информации, управлял базами данных. Знаком со стандартными алгоритмами и структурами данных. Уверенно программирую на языках C#, SQL. Только что закончил курс по разработке мобильных приложений на Android.</p><p>Владею испанским (родной), русским и английским языками. Люблю свою профессию и не перестаю самосовершенствоваться.</p><p>Больше информации обо мне Вы можете прочитать в резюме. Готов ответить на Ваши вопросы при личной встрече или по скайпу. При необходимости готов выполнить тестовое задание.</p><p>Вы можете связаться со мной по телефону 8 916 257 72 33, WhatsApp +7 963 7169740 или по электронной почте, sadielgodales@gmail.com.</p><p>https://github.com/sad8787/C-repo</p><p>https://github.com/sad8787/Java</p><p></p>

[2021-11-10T16:27:35.383Z] : [info]: END Loguin

[2021-11-10T16:27:43.012Z] : [info]: END search

[2021-11-10T16:27:49.186Z] : [warn]: There is a small amount of free memory (RAM) left, 92.36% of RAM is being used (5595 MBs). The performance of Studio Pro and bots during execution may be unstable. Close applications that are not being used, increase the memory, or optimize the workflow.

[2021-11-10T16:27:50.550Z] : [info]: Una propuesta fue seleccionada

[2021-11-10T16:29:23.897Z] : [info]: choose Summary. Send cover letter

[2021-11-10T16:29:25.894Z] : [info]: si aclicar

[2021-11-10T16:29:53.258Z] : [info]: END search

[2021-11-10T16:30:01.949Z] : [info]: choose Summary. Send cover letter

[2021-11-10T16:30:04.525Z] : [info]: si aclicar

[2021-11-10T16:30:34.944Z] : [info]: END search

[2021-11-10T16:30:39.854Z] : [info]: Una propuesta fue seleccionada

[2021-11-10T16:30:53.104Z] : [warn]: There is a small amount of free memory (RAM) left, 93.15% of RAM is being used (5643 MBs). The performance of Studio Pro and bots during execution may be unstable. Close applications that are not being used, increase the memory, or optimize the workflow.

[2021-11-10T16:31:22.835Z] : [info]: choose Summary. Send cover letter

[2021-11-10T16:31:39.003Z] : [info]: no aclicar porque Es examen

[2021-11-10T16:31:44.758Z] : [info]: Error 

[2021-11-10T16:31:46.468Z] : [success]: Bot finished successfully, total execution time: 4m 39s 336ms

[2021-11-10T16:31:46.469Z] : [info]: ---------------------------------------------

[2021-11-10T16:32:24.923Z] : [success]: Robot saved successfully

[2021-11-10T16:32:36.356Z] : [success]: Robot saved successfully

[2021-11-10T16:32:36.587Z] : [success]: Bot started

[2021-11-10T16:32:36.588Z] : [info]: Robot start

[2021-11-10T16:32:42.259Z] : [success]: Bot finished successfully, total execution time: 5s 665ms

[2021-11-10T16:32:42.262Z] : [info]: ---------------------------------------------

[2021-11-10T16:40:39.501Z] : [success]: Robot saved successfully

[2021-11-10T16:40:39.619Z] : [success]: Bot started

[2021-11-10T16:40:39.620Z] : [info]: Robot start

[2021-11-10T16:40:52.289Z] : [error]: Selectors: Nothing found

[2021-11-10T16:40:52.333Z] : [error]: Total execution time: 12s 668ms

[2021-11-10T16:40:52.341Z] : [info]: ---------------------------------------------

[2021-11-10T17:16:04.078Z] : [success]: Robot saved successfully

[2021-11-10T17:16:04.320Z] : [success]: Bot started

[2021-11-10T17:16:04.322Z] : [info]: Robot start

[2021-11-10T17:16:28.418Z] : [error]: Script Stopped.

[2021-11-10T17:16:28.422Z] : [warn]: Total execution time: 24s 95ms

[2021-11-10T17:16:28.424Z] : [info]: ---------------------------------------------

[2021-11-10T17:16:37.163Z] : [success]: Robot saved successfully

[2021-11-10T17:16:37.717Z] : [success]: Bot started

[2021-11-10T17:16:37.719Z] : [info]: Robot start

[2021-11-10T17:16:42.967Z] : [info]: <p>Добрый день,</p><p></p><p>Меня зовут Садиэль Годалес. </p><p></p><p>На сайте hh.ru меня заинтересовала вакансия программист, размещённая Вашей компанией.</p><p>Я получил высшее образование в г. Гавана (Куба) и работал программистом у поставщика программного обеспечения. Имею опыт работы с клиентами, занимался защитой информации, управлял базами данных. Знаком со стандартными алгоритмами и структурами данных. Уверенно программирую на языках C#, SQL. Только что закончил курс по разработке мобильных приложений на Android.</p><p>Владею испанским (родной), русским и английским языками. Люблю свою профессию и не перестаю самосовершенствоваться.</p><p>Больше информации обо мне Вы можете прочитать в резюме. Готов ответить на Ваши вопросы при личной встрече или по скайпу. При необходимости готов выполнить тестовое задание.</p><p>Вы можете связаться со мной по телефону 8 916 257 72 33, WhatsApp +7 963 7169740 или по электронной почте, sadielgodales@gmail.com.</p><p>https://github.com/sad8787/C-repo</p><p>https://github.com/sad8787/Java</p><p></p>

[2021-11-10T17:16:50.706Z] : [info]: someone is there

[2021-11-10T17:17:16.070Z] : [info]: END Loguin

[2021-11-10T17:17:22.668Z] : [info]: END search

[2021-11-10T17:17:32.469Z] : [info]: choose Summary. Send cover letter

[2021-11-10T17:17:34.405Z] : [info]: si aclicar

[2021-11-10T17:18:01.122Z] : [info]: END search

[2021-11-10T17:18:08.699Z] : [info]: Una propuesta fue seleccionada

[2021-11-10T17:18:35.228Z] : [info]: choose Summary. Send cover letter

[2021-11-10T17:18:37.384Z] : [info]: si aclicar

[2021-11-10T17:19:04.397Z] : [info]: END search

[2021-11-10T17:19:12.600Z] : [info]: choose Summary. Send cover letter

[2021-11-10T17:19:14.576Z] : [info]: si aclicar

[2021-11-10T17:19:39.272Z] : [info]: END search

[2021-11-10T17:19:45.273Z] : [info]: Una propuesta fue seleccionada

[2021-11-10T17:20:26.284Z] : [info]: take contact details

[2021-11-10T17:20:41.852Z] : [info]: choose Summary. Send cover letter

[2021-11-10T17:20:43.772Z] : [info]: si aclicar

[2021-11-10T17:21:19.660Z] : [info]: choose Summary. Send cover letter

[2021-11-10T17:21:21.958Z] : [info]: si aclicar

[2021-11-10T17:21:47.284Z] : [info]: END search

[2021-11-10T17:21:55.121Z] : [info]: choose Summary. Send cover letter

[2021-11-10T17:21:57.600Z] : [info]: si aclicar

[2021-11-10T17:22:23.085Z] : [info]: END search

[2021-11-10T17:22:31.941Z] : [info]: choose Summary. Send cover letter

[2021-11-10T17:22:33.953Z] : [info]: si aclicar

[2021-11-10T17:22:58.932Z] : [info]: END search

[2021-11-10T17:23:06.469Z] : [info]: choose Summary. Send cover letter

[2021-11-10T17:23:08.702Z] : [info]: si aclicar

[2021-11-10T17:23:35.301Z] : [info]: END search

[2021-11-10T17:23:42.522Z] : [info]: choose Summary. Send cover letter

[2021-11-10T17:23:44.622Z] : [info]: si aclicar

[2021-11-10T17:24:09.305Z] : [info]: END search

[2021-11-10T17:24:18.154Z] : [info]: choose Summary. Send cover letter

[2021-11-10T17:24:20.282Z] : [info]: si aclicar

[2021-11-10T17:24:45.539Z] : [info]: END search

[2021-11-10T17:25:08.537Z] : [info]: Una propuesta fue seleccionada

[2021-11-10T17:25:42.873Z] : [info]: take contact details

[2021-11-10T17:25:58.264Z] : [info]: choose Summary. Send cover letter

[2021-11-10T17:26:00.173Z] : [info]: si aclicar

[2021-11-10T17:26:24.684Z] : [info]: END search

[2021-11-10T17:26:33.288Z] : [info]: choose Summary. Send cover letter

[2021-11-10T17:26:36.026Z] : [info]: si aclicar

[2021-11-10T17:27:01.093Z] : [info]: END search

[2021-11-10T17:27:07.519Z] : [info]: Una propuesta fue seleccionada

[2021-11-10T17:27:27.414Z] : [info]: choose Summary. Send cover letter

[2021-11-10T17:27:29.301Z] : [info]: si aclicar

[2021-11-10T17:27:55.485Z] : [info]: END search

[2021-11-10T17:28:04.535Z] : [info]: choose Summary. Send cover letter

[2021-11-10T17:28:07.207Z] : [info]: si aclicar

[2021-11-10T17:28:32.964Z] : [info]: END search

[2021-11-10T17:28:39.296Z] : [info]: Una propuesta fue seleccionada

[2021-11-10T17:29:27.817Z] : [info]: choose Summary. Send cover letter

[2021-11-10T17:29:29.844Z] : [info]: si aclicar

[2021-11-10T17:29:55.312Z] : [info]: END search

[2021-11-10T17:30:02.726Z] : [info]: Una propuesta fue seleccionada

[2021-11-10T17:30:40.969Z] : [info]: take contact details

[2021-11-10T17:30:47.235Z] : [info]: choose Summary. Send cover letter

[2021-11-10T17:30:49.153Z] : [info]: si aclicar

[2021-11-10T17:31:15.264Z] : [info]: END search

[2021-11-10T17:31:22.884Z] : [info]: Una propuesta fue seleccionada

[2021-11-10T17:32:08.611Z] : [info]: choose Summary. Send cover letter

[2021-11-10T17:32:10.593Z] : [info]: si aclicar

[2021-11-10T17:32:35.338Z] : [info]: END search

[2021-11-10T17:32:44.233Z] : [info]: Una propuesta fue seleccionada

[2021-11-10T17:33:37.149Z] : [info]: take contact details

[2021-11-10T17:33:42.872Z] : [info]: choose Summary. Send cover letter

[2021-11-10T17:33:44.868Z] : [info]: si aclicar

