
  ==========================================
  Studio Pro version: 6.5.4
  Started at: 12/10/2021 23:25:53
  ==========================================
  

[2021-10-12T20:26:17.235Z] : [success]: Robot saved successfully

[2021-10-12T20:26:17.403Z] : [info]: ---------------------------------------------

[2021-10-12T20:26:17.404Z] : [success]: Bot started

[2021-10-12T20:26:17.404Z] : [info]: Robot start

[2021-10-12T20:26:20.265Z] : [info]: <p>Добрый день,</p><p></p><p>Меня зовут Садиэль Годалес. </p><p></p><p>На сайте hh.ru меня заинтересовала вакансия Специалист по IT, размещённая Вашей компанией.</p><p>Я получил высшее образование в г. Гавана (Куба) и работал программистом у поставщика программного обеспечения. Имею опыт работы с клиентами, занимался защитой информации, управлял базами данных. Знаком со стандартными алгоритмами и структурами данных, немного с Linux. Уверенно программирую на языках C#, SQL. Только что закончил курс по разработке мобильных приложений на Android.</p><p>Владею испанским (родной), русским и английским языками. Люблю свою профессию и не перестаю самосовершенствоваться.</p><p>Больше информации обо мне Вы можете прочитать в резюме. Готов ответить на Ваши вопросы при личной встрече или по скайпу. При необходимости готов выполнить тестовое задание.</p><p>Вы можете связаться со мной по телефону 8 916 257 72 33, WhatsApp +7 963 7169740 или по электронной почте, sadielgodales@gmail.com.</p><p>https://github.com/sad8787/C-repo</p><p>https://github.com/sad8787/Java</p><p></p>

[2021-10-12T20:26:27.332Z] : [info]: someone is there

[2021-10-12T20:26:51.798Z] : [info]: END Loguin

[2021-10-12T20:26:56.966Z] : [info]: END search

[2021-10-12T20:27:01.883Z] : [info]: Una propuesta fue seleccionada

[2021-10-12T20:27:30.189Z] : [warn]: There is a small amount of free memory (RAM) left, 92.79% of RAM is being used (5621 MBs). The performance of Studio Pro and bots during execution may be unstable. Close applications that are not being used, increase the memory, or optimize the workflow.

[2021-10-12T20:27:47.252Z] : [info]: take contact details

[2021-10-12T20:28:09.196Z] : [error]: No elements were found according to your selection. It may happen because of a wrong selector or because the element takes more time to appear on the screen. Try modifying the selector or increasing the element timeout and run the bot again

[2021-10-12T20:28:09.209Z] : [error]: Total execution time: 1m 51s 792ms

[2021-10-12T20:28:09.211Z] : [info]: ---------------------------------------------

[2021-10-12T20:48:20.199Z] : [success]: Robot saved successfully

[2021-10-12T20:48:30.504Z] : [success]: Robot saved successfully

[2021-10-12T20:48:30.627Z] : [success]: Bot started

[2021-10-12T20:48:30.628Z] : [info]: Robot start

[2021-10-12T20:48:35.196Z] : [error]: No elements were found according to your selection. It may happen because of a wrong selector or because the element takes more time to appear on the screen. Try modifying the selector or increasing the element timeout and run the bot again

[2021-10-12T20:48:35.200Z] : [error]: Total execution time: 4s 567ms

[2021-10-12T20:48:35.202Z] : [info]: ---------------------------------------------

[2021-10-12T20:49:45.881Z] : [success]: Robot saved successfully

[2021-10-12T20:49:46.005Z] : [success]: Bot started

[2021-10-12T20:49:46.006Z] : [info]: Robot start

[2021-10-12T20:49:50.125Z] : [error]: The agent is already running another script.

[2021-10-12T20:49:50.136Z] : [info]: ---------------------------------------------

[2021-10-12T20:50:05.659Z] : [success]: Robot saved successfully

[2021-10-12T20:50:09.014Z] : [success]: Robot saved successfully

