
  ==========================================
  Studio Pro version: 6.5.4
  Started at: 19/11/2021 10:47:42
  ==========================================
  

[2021-11-19T07:48:10.160Z] : [success]: Robot saved successfully

[2021-11-19T07:48:10.397Z] : [info]: ---------------------------------------------

[2021-11-19T07:48:10.398Z] : [success]: Bot started

[2021-11-19T07:48:10.399Z] : [info]: Robot start

[2021-11-19T07:48:30.041Z] : [info]: <p>Добрый день,</p><p></p><p>Меня зовут Садиэль Годалес. </p><p></p><p>На сайте hh.ru меня заинтересовала вакансия программист, размещённая Вашей компанией.</p><p>Я получил высшее образование в г. Гавана (Куба) и работал программистом у поставщика программного обеспечения. Имею опыт работы с клиентами, занимался защитой информации, управлял базами данных. Знаком со стандартными алгоритмами и структурами данных. Уверенно программирую на языках C#, SQL. Только что закончил курс по разработке мобильных приложений на Android.</p><p>Владею испанским (родной), русским и английским языками. Люблю свою профессию и не перестаю самосовершенствоваться.</p><p>Больше информации обо мне Вы можете прочитать в резюме. Готов ответить на Ваши вопросы при личной встрече или по скайпу. При необходимости готов выполнить тестовое задание.</p><p>Вы можете связаться со мной по телефону 8 916 257 72 33, WhatsApp +7 963 7169740 или по электронной почте, sadielgodales@gmail.com.</p><p>https://github.com/sad8787/C-repo</p><p>https://github.com/sad8787/Java</p><p></p>

[2021-11-19T07:48:50.000Z] : [info]: someone is there

[2021-11-19T07:49:22.086Z] : [info]: END Loguin

[2021-11-19T07:50:15.801Z] : [info]: END search

[2021-11-19T07:50:21.874Z] : [info]: Una propuesta fue seleccionada

[2021-11-19T07:50:47.727Z] : [info]: choose Summary. Send cover letter

[2021-11-19T07:50:49.523Z] : [info]: si aclicar

[2021-11-19T07:51:12.840Z] : [info]: END search

[2021-11-19T07:51:21.136Z] : [info]: choose Summary. Send cover letter

[2021-11-19T07:51:23.346Z] : [info]: si aclicar

[2021-11-19T07:51:49.540Z] : [info]: END search

[2021-11-19T07:51:55.413Z] : [info]: Una propuesta fue seleccionada

[2021-11-19T07:52:26.711Z] : [info]: take contact details

[2021-11-19T07:52:40.864Z] : [info]: choose Summary. Send cover letter

[2021-11-19T07:52:42.672Z] : [info]: si aclicar

[2021-11-19T07:53:06.410Z] : [info]: END search

[2021-11-19T07:53:14.830Z] : [info]: choose Summary. Send cover letter

[2021-11-19T07:53:17.277Z] : [info]: si aclicar

[2021-11-19T07:53:42.363Z] : [info]: END search

[2021-11-19T07:53:49.989Z] : [info]: Una propuesta fue seleccionada

[2021-11-19T07:54:26.874Z] : [info]: take contact details

[2021-11-19T07:54:39.714Z] : [info]: choose Summary. Send cover letter

[2021-11-19T07:54:41.497Z] : [info]: si aclicar

[2021-11-19T07:55:05.338Z] : [info]: END search

[2021-11-19T07:55:27.514Z] : [info]: Una propuesta fue seleccionada

[2021-11-19T07:56:00.919Z] : [info]: take contact details

[2021-11-19T07:56:07.655Z] : [info]: choose Summary. Send cover letter

[2021-11-19T07:56:09.465Z] : [info]: si aclicar

[2021-11-19T07:56:46.336Z] : [info]: END search

[2021-11-19T07:56:53.495Z] : [info]: Una propuesta fue seleccionada

[2021-11-19T07:57:15.738Z] : [info]: take contact details

[2021-11-19T07:57:29.703Z] : [info]: choose Summary. Send cover letter

[2021-11-19T07:57:31.413Z] : [info]: si aclicar

[2021-11-19T07:58:05.370Z] : [info]: END search

[2021-11-19T07:58:12.812Z] : [info]: Una propuesta fue seleccionada

[2021-11-19T07:58:44.759Z] : [info]: choose Summary. Send cover letter

[2021-11-19T07:58:46.510Z] : [info]: si aclicar

[2021-11-19T07:59:09.489Z] : [info]: END search

[2021-11-19T07:59:19.838Z] : [info]: choose Summary. Send cover letter

[2021-11-19T07:59:21.496Z] : [info]: si aclicar

[2021-11-19T07:59:46.876Z] : [info]: END search

[2021-11-19T07:59:54.316Z] : [info]: Una propuesta fue seleccionada

[2021-11-19T08:00:37.120Z] : [info]: choose Summary. Send cover letter

[2021-11-19T08:00:38.738Z] : [info]: si aclicar

