
  ==========================================
  Studio Pro version: 6.5.4
  Started at: 27/10/2021 22:52:34
  ==========================================
  

[2021-10-27T19:52:38.287Z] : [success]: Robot saved successfully

[2021-10-27T19:52:46.226Z] : [success]: Robot saved successfully

[2021-10-27T19:52:46.423Z] : [info]: ---------------------------------------------

[2021-10-27T19:52:46.424Z] : [success]: Bot started

[2021-10-27T19:52:46.425Z] : [info]: Robot start

[2021-10-27T19:52:50.730Z] : [info]: <p>Добрый день,</p><p></p><p>Меня зовут Садиэль Годалес. </p><p></p><p>На сайте hh.ru меня заинтересовала вакансия программист, размещённая Вашей компанией.</p><p>Я получил высшее образование в г. Гавана (Куба) и работал программистом у поставщика программного обеспечения. Имею опыт работы с клиентами, занимался защитой информации, управлял базами данных. Знаком со стандартными алгоритмами и структурами данных. Уверенно программирую на языках C#, SQL. Только что закончил курс по разработке мобильных приложений на Android.</p><p>Владею испанским (родной), русским и английским языками. Люблю свою профессию и не перестаю самосовершенствоваться.</p><p>Больше информации обо мне Вы можете прочитать в резюме. Готов ответить на Ваши вопросы при личной встрече или по скайпу. При необходимости готов выполнить тестовое задание.</p><p>Вы можете связаться со мной по телефону 8 916 257 72 33, WhatsApp +7 963 7169740 или по электронной почте, sadielgodales@gmail.com.</p><p>https://github.com/sad8787/C-repo</p><p>https://github.com/sad8787/Java</p><p></p>

[2021-10-27T19:52:58.702Z] : [info]: someone is there

[2021-10-27T19:53:22.941Z] : [info]: END Loguin

[2021-10-27T19:53:27.962Z] : [info]: END search

[2021-10-27T19:53:35.612Z] : [info]: choose Summary. Send cover letter

[2021-10-27T19:53:37.183Z] : [info]: si aclicar

[2021-10-27T19:53:58.683Z] : [info]: END search

[2021-10-27T19:54:05.903Z] : [info]: Una propuesta fue seleccionada

[2021-10-27T19:54:48.526Z] : [info]: choose Summary. Send cover letter

[2021-10-27T19:54:50.215Z] : [info]: si aclicar

[2021-10-27T19:55:12.370Z] : [info]: END search

[2021-10-27T19:55:19.000Z] : [info]: choose Summary. Send cover letter

[2021-10-27T19:55:20.629Z] : [info]: si aclicar

[2021-10-27T19:55:43.440Z] : [info]: END search

[2021-10-27T19:55:49.930Z] : [info]: choose Summary. Send cover letter

[2021-10-27T19:55:51.554Z] : [info]: si aclicar

[2021-10-27T19:56:14.222Z] : [info]: END search

[2021-10-27T19:56:18.643Z] : [info]: Una propuesta fue seleccionada

[2021-10-27T19:56:45.611Z] : [info]: choose Summary. Send cover letter

[2021-10-27T19:56:47.250Z] : [info]: si aclicar

[2021-10-27T19:57:09.805Z] : [info]: END search

[2021-10-27T19:57:15.377Z] : [info]: choose Summary. Send cover letter

[2021-10-27T19:57:16.997Z] : [info]: si aclicar

[2021-10-27T19:57:38.057Z] : [info]: END search

[2021-10-27T19:57:43.295Z] : [info]: Una propuesta fue seleccionada

[2021-10-27T19:58:15.476Z] : [info]: choose Summary. Send cover letter

[2021-10-27T19:58:17.148Z] : [info]: si aclicar

[2021-10-27T19:58:39.433Z] : [info]: END search

[2021-10-27T19:58:45.778Z] : [info]: Una propuesta fue seleccionada

[2021-10-27T19:59:08.600Z] : [info]: take contact details

[2021-10-27T19:59:19.945Z] : [info]: choose Summary. Send cover letter

[2021-10-27T19:59:21.595Z] : [info]: si aclicar

[2021-10-27T19:59:44.014Z] : [info]: END search

[2021-10-27T19:59:49.391Z] : [info]: Una propuesta fue seleccionada

[2021-10-27T20:00:28.204Z] : [info]: choose Summary. Send cover letter

[2021-10-27T20:00:29.877Z] : [info]: si aclicar

[2021-10-27T20:00:52.291Z] : [info]: END search

[2021-10-27T20:01:02.089Z] : [info]: choose Summary. Send cover letter

[2021-10-27T20:01:03.754Z] : [info]: si aclicar

[2021-10-27T20:01:26.255Z] : [info]: END search

[2021-10-27T20:01:31.825Z] : [info]: choose Summary. Send cover letter

[2021-10-27T20:01:33.518Z] : [info]: si aclicar

[2021-10-27T20:01:57.573Z] : [info]: END search

[2021-10-27T20:02:05.138Z] : [info]: choose Summary. Send cover letter

[2021-10-27T20:02:06.738Z] : [info]: si aclicar

[2021-10-27T20:02:29.327Z] : [info]: END search

[2021-10-27T20:02:35.737Z] : [info]: Una propuesta fue seleccionada

[2021-10-27T20:02:59.173Z] : [info]: take contact details

[2021-10-27T20:03:09.545Z] : [info]: choose Summary. Send cover letter

[2021-10-27T20:03:11.174Z] : [info]: si aclicar

[2021-10-27T20:03:33.764Z] : [info]: END search

[2021-10-27T20:03:40.408Z] : [info]: choose Summary. Send cover letter

[2021-10-27T20:03:42.030Z] : [info]: si aclicar

[2021-10-27T20:04:06.067Z] : [info]: END search

[2021-10-27T20:04:11.399Z] : [info]: Una propuesta fue seleccionada

[2021-10-27T20:04:24.381Z] : [info]: take contact details

[2021-10-27T20:04:35.390Z] : [info]: choose Summary. Send cover letter

[2021-10-27T20:04:37.030Z] : [info]: si aclicar

[2021-10-27T20:04:59.296Z] : [info]: END search

[2021-10-27T20:05:06.700Z] : [info]: choose Summary. Send cover letter

[2021-10-27T20:05:08.285Z] : [info]: si aclicar

[2021-10-27T20:05:33.430Z] : [info]: END search

[2021-10-27T20:05:38.608Z] : [info]: Una propuesta fue seleccionada

[2021-10-27T20:05:51.829Z] : [info]: take contact details

[2021-10-27T20:05:52.363Z] : [info]: choose Summary. Send cover letter

[2021-10-27T20:05:53.992Z] : [info]: si aclicar

[2021-10-27T20:06:16.537Z] : [info]: END search

[2021-10-27T20:06:22.653Z] : [info]: Una propuesta fue seleccionada

[2021-10-27T20:06:44.331Z] : [info]: choose Summary. Send cover letter

[2021-10-27T20:06:45.947Z] : [info]: si aclicar

[2021-10-27T20:07:08.270Z] : [info]: END search

[2021-10-27T20:07:13.104Z] : [info]: Una propuesta fue seleccionada

[2021-10-27T20:07:42.195Z] : [info]: take contact details

[2021-10-27T20:07:47.657Z] : [info]: choose Summary. Send cover letter

[2021-10-27T20:07:49.321Z] : [info]: si aclicar

[2021-10-27T20:08:11.621Z] : [info]: END search

[2021-10-27T20:08:19.006Z] : [info]: choose Summary. Send cover letter

[2021-10-27T20:08:20.634Z] : [info]: si aclicar

[2021-10-27T20:08:43.328Z] : [info]: END search

[2021-10-27T20:08:47.293Z] : [info]: Una propuesta fue seleccionada

[2021-10-27T20:09:14.727Z] : [info]: choose Summary. Send cover letter

[2021-10-27T20:09:16.433Z] : [info]: si aclicar

[2021-10-27T20:09:39.106Z] : [info]: END search

[2021-10-27T20:09:44.161Z] : [info]: Una propuesta fue seleccionada

[2021-10-27T20:10:17.232Z] : [info]: take contact details

[2021-10-27T20:10:22.021Z] : [info]: choose Summary. Send cover letter

[2021-10-27T20:10:23.692Z] : [info]: si aclicar

[2021-10-27T20:10:47.715Z] : [info]: END search

[2021-10-27T20:10:52.823Z] : [info]: Una propuesta fue seleccionada

[2021-10-27T20:11:18.856Z] : [info]: take contact details

[2021-10-27T20:11:24.402Z] : [info]: choose Summary. Send cover letter

[2021-10-27T20:11:26.103Z] : [info]: si aclicar

[2021-10-27T20:11:48.602Z] : [info]: END search

[2021-10-27T20:11:52.509Z] : [info]: Una propuesta fue seleccionada

[2021-10-27T20:12:23.181Z] : [info]: choose Summary. Send cover letter

[2021-10-27T20:12:24.737Z] : [info]: si aclicar

[2021-10-27T20:12:47.145Z] : [info]: END search

[2021-10-27T20:12:54.643Z] : [info]: choose Summary. Send cover letter

[2021-10-27T20:12:56.256Z] : [info]: si aclicar

[2021-10-27T20:13:18.940Z] : [info]: END search

[2021-10-27T20:13:25.199Z] : [info]: Una propuesta fue seleccionada

[2021-10-27T20:13:40.455Z] : [info]: choose Summary. Send cover letter

[2021-10-27T20:13:42.084Z] : [info]: si aclicar

[2021-10-27T20:14:04.497Z] : [info]: END search

[2021-10-27T20:14:11.129Z] : [info]: choose Summary. Send cover letter

[2021-10-27T20:14:12.775Z] : [info]: si aclicar

[2021-10-27T20:14:33.850Z] : [info]: END search

[2021-10-27T20:14:42.209Z] : [info]: choose Summary. Send cover letter

[2021-10-27T20:14:43.867Z] : [info]: si aclicar

[2021-10-27T20:15:06.389Z] : [info]: END search

[2021-10-27T20:15:20.804Z] : [info]: choose Summary. Send cover letter

[2021-10-27T20:15:22.413Z] : [info]: si aclicar

[2021-10-27T20:15:47.617Z] : [info]: END search

[2021-10-27T20:15:55.298Z] : [info]: choose Summary. Send cover letter

[2021-10-27T20:15:57.338Z] : [info]: si aclicar

[2021-10-27T20:16:18.813Z] : [info]: END search

[2021-10-27T20:16:26.164Z] : [info]: Una propuesta fue seleccionada

[2021-10-27T20:16:49.879Z] : [info]: choose Summary. Send cover letter

[2021-10-27T20:16:51.556Z] : [info]: si aclicar

[2021-10-27T20:17:13.879Z] : [info]: END search

[2021-10-27T20:17:20.311Z] : [info]: choose Summary. Send cover letter

[2021-10-27T20:17:21.990Z] : [info]: si aclicar

[2021-10-27T20:17:45.877Z] : [info]: END search

[2021-10-27T20:17:52.437Z] : [info]: choose Summary. Send cover letter

[2021-10-27T20:17:54.061Z] : [info]: si aclicar

[2021-10-27T20:18:16.744Z] : [info]: END search

[2021-10-27T20:18:23.014Z] : [info]: Una propuesta fue seleccionada

[2021-10-27T20:18:51.725Z] : [info]: choose Summary. Send cover letter

[2021-10-27T20:18:53.319Z] : [info]: si aclicar

[2021-10-27T20:19:15.688Z] : [info]: END search

[2021-10-27T20:19:20.785Z] : [info]: Una propuesta fue seleccionada

[2021-10-27T20:19:48.916Z] : [info]: choose Summary. Send cover letter

[2021-10-27T20:19:50.571Z] : [info]: si aclicar

[2021-10-27T20:20:11.635Z] : [info]: END search

[2021-10-27T20:21:50.007Z] : [error]: Script Stopped.

[2021-10-27T20:21:50.017Z] : [warn]: Total execution time: 29m 3s 581ms

[2021-10-27T20:21:50.019Z] : [info]: ---------------------------------------------

[2021-10-27T20:22:26.947Z] : [success]: Robot saved successfully

[2021-10-27T20:22:27.108Z] : [success]: Bot started

[2021-10-27T20:22:27.109Z] : [info]: Robot start

[2021-10-27T20:22:33.892Z] : [info]: <p>Добрый день,</p><p></p><p>Меня зовут Садиэль Годалес. </p><p></p><p>На сайте hh.ru меня заинтересовала вакансия программист, размещённая Вашей компанией.</p><p>Я получил высшее образование в г. Гавана (Куба) и работал программистом у поставщика программного обеспечения. Имею опыт работы с клиентами, занимался защитой информации, управлял базами данных. Знаком со стандартными алгоритмами и структурами данных. Уверенно программирую на языках C#, SQL. Только что закончил курс по разработке мобильных приложений на Android.</p><p>Владею испанским (родной), русским и английским языками. Люблю свою профессию и не перестаю самосовершенствоваться.</p><p>Больше информации обо мне Вы можете прочитать в резюме. Готов ответить на Ваши вопросы при личной встрече или по скайпу. При необходимости готов выполнить тестовое задание.</p><p>Вы можете связаться со мной по телефону 8 916 257 72 33, WhatsApp +7 963 7169740 или по электронной почте, sadielgodales@gmail.com.</p><p>https://github.com/sad8787/C-repo</p><p>https://github.com/sad8787/Java</p><p></p>

[2021-10-27T20:22:40.728Z] : [info]: someone is there

[2021-10-27T20:23:05.071Z] : [info]: END Loguin

[2021-10-27T20:23:09.937Z] : [info]: END search

[2021-10-27T20:23:16.551Z] : [info]: choose Summary. Send cover letter

[2021-10-27T20:23:18.223Z] : [info]: si aclicar

[2021-10-27T20:23:40.833Z] : [info]: END search

[2021-10-27T20:23:44.748Z] : [info]: Una propuesta fue seleccionada

[2021-10-27T20:24:40.154Z] : [info]: choose Summary. Send cover letter

[2021-10-27T20:24:41.800Z] : [info]: si aclicar

[2021-10-27T20:25:04.247Z] : [info]: END search

[2021-10-27T20:25:10.765Z] : [info]: choose Summary. Send cover letter

[2021-10-27T20:25:12.388Z] : [info]: si aclicar

[2021-10-27T20:25:36.418Z] : [info]: END search

[2021-10-27T20:25:39.105Z] : [info]: Una propuesta fue seleccionada

[2021-10-27T20:26:05.943Z] : [info]: choose Summary. Send cover letter

[2021-10-27T20:26:07.655Z] : [info]: si aclicar

[2021-10-27T20:26:31.371Z] : [info]: END search

[2021-10-27T20:26:36.243Z] : [info]: Una propuesta fue seleccionada

[2021-10-27T20:27:10.310Z] : [info]: take contact details

[2021-10-27T20:27:21.429Z] : [info]: choose Summary. Send cover letter

[2021-10-27T20:27:23.075Z] : [info]: si aclicar

[2021-10-27T20:27:45.384Z] : [info]: END search

[2021-10-27T20:27:51.858Z] : [info]: choose Summary. Send cover letter

[2021-10-27T20:27:53.470Z] : [info]: si aclicar

[2021-10-27T20:28:16.235Z] : [info]: END search

[2021-10-27T20:28:19.936Z] : [info]: Una propuesta fue seleccionada

[2021-10-27T20:28:51.783Z] : [info]: choose Summary. Send cover letter

[2021-10-27T20:28:53.470Z] : [info]: si aclicar

[2021-10-27T20:29:15.797Z] : [info]: END search

[2021-10-27T20:29:20.672Z] : [info]: Una propuesta fue seleccionada

[2021-10-27T20:29:44.520Z] : [info]: take contact details

[2021-10-27T20:29:55.670Z] : [info]: choose Summary. Send cover letter

[2021-10-27T20:29:57.331Z] : [info]: si aclicar

[2021-10-27T20:30:19.714Z] : [info]: END search

[2021-10-27T20:30:26.211Z] : [info]: choose Summary. Send cover letter

[2021-10-27T20:30:27.842Z] : [info]: si aclicar

[2021-10-27T20:30:50.414Z] : [info]: END search

[2021-10-27T20:30:58.026Z] : [info]: choose Summary. Send cover letter

[2021-10-27T20:30:59.646Z] : [info]: si aclicar

[2021-10-27T20:31:23.839Z] : [info]: END search

[2021-10-27T20:31:27.731Z] : [info]: Una propuesta fue seleccionada

[2021-10-27T20:31:55.185Z] : [info]: choose Summary. Send cover letter

[2021-10-27T20:32:11.194Z] : [info]: no aclicar porque Es examen

[2021-10-27T20:32:30.277Z] : [error]: Selectors: Nothing found

[2021-10-27T20:32:30.285Z] : [error]: Total execution time: 10m 3s 167ms

[2021-10-27T20:32:30.286Z] : [info]: ---------------------------------------------

[2021-10-27T20:40:54.279Z] : [success]: Robot saved successfully

[2021-10-27T20:40:54.424Z] : [success]: Bot started

[2021-10-27T20:40:54.425Z] : [info]: Robot start

[2021-10-27T20:41:05.019Z] : [error]: Selectors: Nothing found

[2021-10-27T20:41:05.023Z] : [error]: Total execution time: 10s 592ms

[2021-10-27T20:41:05.026Z] : [info]: ---------------------------------------------

[2021-10-27T21:56:24.542Z] : [success]: Robot saved successfully

