
  ==========================================
  Studio Pro version: 6.3.2
  Started at: 6/10/2021 21:26:28
  ==========================================
  

[2021-10-06T18:26:45.457Z] : [success]: Robot saved successfully

[2021-10-06T18:26:45.572Z] : [info]: ---------------------------------------------

[2021-10-06T18:26:45.572Z] : [success]: Bot started

[2021-10-06T18:26:45.573Z] : [info]: Robot start

[2021-10-06T18:26:48.007Z] : [info]: <p>Добрый день,</p><p>Меня зовут Садиэль Годалес. </p><p>На сайте hh.ru меня заинтересовала вакансия программист, размещённая Вашей компанией.</p><p>Я получил высшее образование в г. Гавана (Куба) и работал программистом у поставщика программного обеспечения. Имею опыт работы с клиентами, занимался защитой информации, управлял базами данных. Знаком со стандартными алгоритмами и структурами данных, немного с Linux. Уверенно программирую на языках C#, SQL. Только что закончил курс по разработке мобильных приложений на Android.</p><p>Владею испанским (родной), русским и английским языками. Люблю свою профессию и не перестаю самосовершенствоваться.</p><p>Больше информации обо мне Вы можете прочитать в резюме. Готов ответить на Ваши вопросы при личной встрече или по скайпу. При необходимости готов выполнить тестовое задание.</p><p>Вы можете связаться со мной по телефону 8 916 257 72 33, WhatsApp +7 963 7169740 или по электронной почте <a href="mailto:sadielgodales@gmail.com">sadielgodales@gmail.com</a>.</p><p><a href="https://github.com/sad8787/C-repo">https://github.com/sad8787/C-repo</a></p><p>https://github.com/sad8787/Java</p>

[2021-10-06T18:26:48.038Z] : [info]:  Добрый день,
 Меня зовут Садиэль Годалес. 
 На сайте hh.ru меня заинтересовала вакансия программист, размещённая Вашей компанией.
 Я получил высшее образование в г. Гавана (Куба) и работал программистом у поставщика программного обеспечения. Имею опыт работы с клиентами, занимался защитой информации, управлял базами данных. Знаком со стандартными алгоритмами и структурами данных, немного с Linux. Уверенно программирую на языках C#, SQL. Только что закончил курс по разработке мобильных приложений на Android.
 Владею испанским (родной), русским и английским языками. Люблю свою профессию и не перестаю самосовершенствоваться.
 Больше информации обо мне Вы можете прочитать в резюме. Готов ответить на Ваши вопросы при личной встрече или по скайпу. При необходимости готов выполнить тестовое задание.
 Вы можете связаться со мной по телефону 8 916 257 72 33, WhatsApp +7 963 7169740 или по электронной почте  href="mailto:sadielgodales@gmail.com">sadielgodales@gmail.com
.
  href="https://github.com/sad8787/C-repo">https://github.com/sad8787/C-repo

 https://github.com/sad8787/Java


[2021-10-06T18:26:51.866Z] : [success]: Bot finished successfully, total execution time: 6s 286ms

[2021-10-06T18:26:51.872Z] : [info]: ---------------------------------------------

[2021-10-06T18:27:54.338Z] : [success]: Robot saved successfully

[2021-10-06T18:27:54.478Z] : [success]: Bot started

[2021-10-06T18:27:54.479Z] : [info]: Robot start

[2021-10-06T18:27:56.761Z] : [info]: <p>Добрый день,</p><p>Меня зовут Садиэль Годалес. </p><p>На сайте hh.ru меня заинтересовала вакансия программист, размещённая Вашей компанией.</p><p>Я получил высшее образование в г. Гавана (Куба) и работал программистом у поставщика программного обеспечения. Имею опыт работы с клиентами, занимался защитой информации, управлял базами данных. Знаком со стандартными алгоритмами и структурами данных, немного с Linux. Уверенно программирую на языках C#, SQL. Только что закончил курс по разработке мобильных приложений на Android.</p><p>Владею испанским (родной), русским и английским языками. Люблю свою профессию и не перестаю самосовершенствоваться.</p><p>Больше информации обо мне Вы можете прочитать в резюме. Готов ответить на Ваши вопросы при личной встрече или по скайпу. При необходимости готов выполнить тестовое задание.</p><p>Вы можете связаться со мной по телефону 8 916 257 72 33, WhatsApp +7 963 7169740 или по электронной почте <a href="mailto:sadielgodales@gmail.com">sadielgodales@gmail.com</a>.</p><p><a href="https://github.com/sad8787/C-repo">https://github.com/sad8787/C-repo</a></p><p>https://github.com/sad8787/Java</p>

[2021-10-06T18:27:56.778Z] : [info]:  Добрый день,
 Меня зовут Садиэль Годалес. 
 На сайте hh.ru меня заинтересовала вакансия программист, размещённая Вашей компанией.
 Я получил высшее образование в г. Гавана (Куба) и работал программистом у поставщика программного обеспечения. Имею опыт работы с клиентами, занимался защитой информации, управлял базами данных. Знаком со стандартными алгоритмами и структурами данных, немного с Linux. Уверенно программирую на языках C#, SQL. Только что закончил курс по разработке мобильных приложений на Android.
 Владею испанским (родной), русским и английским языками. Люблю свою профессию и не перестаю самосовершенствоваться.
 Больше информации обо мне Вы можете прочитать в резюме. Готов ответить на Ваши вопросы при личной встрече или по скайпу. При необходимости готов выполнить тестовое задание.
 Вы можете связаться со мной по телефону 8 916 257 72 33, WhatsApp +7 963 7169740 или по электронной почте  href="mailto:sadielgodales@gmail.com">sadielgodales@gmail.com
.
  href="https://github.com/sad8787/C-repo">https://github.com/sad8787/C-repo

 https://github.com/sad8787/Java


[2021-10-06T18:28:01.541Z] : [info]: someone is there

[2021-10-06T18:28:23.115Z] : [info]: END Loguin

[2021-10-06T18:28:27.648Z] : [info]: END search

[2021-10-06T18:28:30.307Z] : [info]: 1xxx

[2021-10-06T18:28:30.605Z] : [info]: 1231 ; 495

[2021-10-06T18:28:33.961Z] : [info]: Una propuesta fue seleccionada

[2021-10-06T18:28:56.698Z] : [info]: take contact details

[2021-10-06T18:29:01.039Z] : [info]: choose Summary. Send cover letter

[2021-10-06T18:29:02.708Z] : [info]: si aclicar

[2021-10-06T18:29:05.358Z] : [error]: Selectors: Nothing found

[2021-10-06T18:29:05.369Z] : [error]: Total execution time: 1m 10s 877ms

[2021-10-06T18:29:05.371Z] : [info]: ---------------------------------------------

[2021-10-06T18:37:45.827Z] : [success]: Robot saved successfully

[2021-10-06T18:37:45.938Z] : [success]: Bot started

[2021-10-06T18:37:45.940Z] : [info]: Robot start

[2021-10-06T18:37:54.046Z] : [error]: Selectors: Nothing found

[2021-10-06T18:37:54.053Z] : [error]: Total execution time: 8s 104ms

[2021-10-06T18:37:54.055Z] : [info]: ---------------------------------------------

[2021-10-06T18:38:42.678Z] : [success]: Robot saved successfully

[2021-10-06T18:38:42.813Z] : [success]: Bot started

[2021-10-06T18:38:42.814Z] : [info]: Robot start

[2021-10-06T18:38:46.995Z] : [info]: <p>Добрый день,</p><p>Меня зовут Садиэль Годалес. </p><p>На сайте hh.ru меня заинтересовала вакансия программист, размещённая Вашей компанией.</p><p>Я получил высшее образование в г. Гавана (Куба) и работал программистом у поставщика программного обеспечения. Имею опыт работы с клиентами, занимался защитой информации, управлял базами данных. Знаком со стандартными алгоритмами и структурами данных, немного с Linux. Уверенно программирую на языках C#, SQL. Только что закончил курс по разработке мобильных приложений на Android.</p><p>Владею испанским (родной), русским и английским языками. Люблю свою профессию и не перестаю самосовершенствоваться.</p><p>Больше информации обо мне Вы можете прочитать в резюме. Готов ответить на Ваши вопросы при личной встрече или по скайпу. При необходимости готов выполнить тестовое задание.</p><p>Вы можете связаться со мной по телефону 8 916 257 72 33, WhatsApp +7 963 7169740 или по электронной почте <a href="mailto:sadielgodales@gmail.com">sadielgodales@gmail.com</a>.</p><p><a href="https://github.com/sad8787/C-repo">https://github.com/sad8787/C-repo</a></p><p>https://github.com/sad8787/Java</p>

[2021-10-06T18:38:47.005Z] : [info]:  Добрый день,
 Меня зовут Садиэль Годалес. 
 На сайте hh.ru меня заинтересовала вакансия программист, размещённая Вашей компанией.
 Я получил высшее образование в г. Гавана (Куба) и работал программистом у поставщика программного обеспечения. Имею опыт работы с клиентами, занимался защитой информации, управлял базами данных. Знаком со стандартными алгоритмами и структурами данных, немного с Linux. Уверенно программирую на языках C#, SQL. Только что закончил курс по разработке мобильных приложений на Android.
 Владею испанским (родной), русским и английским языками. Люблю свою профессию и не перестаю самосовершенствоваться.
 Больше информации обо мне Вы можете прочитать в резюме. Готов ответить на Ваши вопросы при личной встрече или по скайпу. При необходимости готов выполнить тестовое задание.
 Вы можете связаться со мной по телефону 8 916 257 72 33, WhatsApp +7 963 7169740 или по электронной почте  href="mailto:sadielgodales@gmail.com">sadielgodales@gmail.com
.
  href="https://github.com/sad8787/C-repo">https://github.com/sad8787/C-repo

 https://github.com/sad8787/Java


[2021-10-06T18:38:47.631Z] : [error]: Selectors: Nothing found

[2021-10-06T18:38:47.638Z] : [error]: Total execution time: 4s 815ms

[2021-10-06T18:38:47.640Z] : [info]: ---------------------------------------------

[2021-10-06T18:49:08.777Z] : [success]: Robot saved successfully

[2021-10-06T18:49:17.044Z] : [success]: Robot saved successfully

[2021-10-06T18:49:17.158Z] : [success]: Bot started

[2021-10-06T18:49:17.159Z] : [info]: Robot start

[2021-10-06T18:49:23.609Z] : [success]: Bot finished successfully, total execution time: 6s 447ms

[2021-10-06T18:49:23.611Z] : [info]: ---------------------------------------------

[2021-10-06T18:53:05.971Z] : [success]: Robot saved successfully

[2021-10-06T18:53:19.335Z] : [success]: Robot saved successfully

[2021-10-06T18:53:19.456Z] : [success]: Bot started

[2021-10-06T18:53:19.457Z] : [info]: Robot start

[2021-10-06T18:53:23.210Z] : [success]: Bot finished successfully, total execution time: 3s 749ms

[2021-10-06T18:53:23.212Z] : [info]: ---------------------------------------------

[2021-10-06T19:00:18.663Z] : [success]: Robot saved successfully

[2021-10-06T19:00:22.685Z] : [success]: Robot saved successfully

[2021-10-06T19:00:22.811Z] : [success]: Bot started

[2021-10-06T19:00:22.812Z] : [info]: Robot start

[2021-10-06T19:00:29.215Z] : [success]: Bot finished successfully, total execution time: 6s 400ms

[2021-10-06T19:00:29.216Z] : [info]: ---------------------------------------------

[2021-10-06T19:08:30.451Z] : [success]: Robot saved successfully

[2021-10-06T19:08:33.490Z] : [success]: Robot saved successfully

[2021-10-06T19:08:33.637Z] : [success]: Bot started

[2021-10-06T19:08:33.638Z] : [info]: Robot start

[2021-10-06T19:08:38.306Z] : [success]: Bot finished successfully, total execution time: 4s 666ms

[2021-10-06T19:08:38.309Z] : [info]: ---------------------------------------------

[2021-10-06T19:12:30.849Z] : [success]: Robot saved successfully

[2021-10-06T19:12:30.966Z] : [success]: Bot started

[2021-10-06T19:12:30.966Z] : [info]: Robot start

[2021-10-06T19:12:35.255Z] : [success]: Bot finished successfully, total execution time: 4s 282ms

[2021-10-06T19:12:35.258Z] : [info]: ---------------------------------------------

[2021-10-06T19:15:40.660Z] : [success]: Robot saved successfully

[2021-10-06T19:15:40.731Z] : [success]: Bot started

[2021-10-06T19:15:40.732Z] : [info]: Robot start

[2021-10-06T19:15:43.270Z] : [success]: Bot finished successfully, total execution time: 2s 535ms

[2021-10-06T19:15:43.271Z] : [info]: ---------------------------------------------

[2021-10-06T19:30:38.601Z] : [success]: Robot saved successfully

[2021-10-06T19:30:43.664Z] : [success]: Robot saved successfully

[2021-10-06T19:30:43.781Z] : [success]: Bot started

[2021-10-06T19:30:43.782Z] : [info]: Robot start

[2021-10-06T19:30:52.771Z] : [success]: Bot finished successfully, total execution time: 8s 986ms

[2021-10-06T19:30:52.773Z] : [info]: ---------------------------------------------

[2021-10-06T19:33:43.482Z] : [success]: Robot saved successfully

[2021-10-06T19:33:45.890Z] : [success]: Robot saved successfully

[2021-10-06T19:33:46.076Z] : [success]: Bot started

[2021-10-06T19:33:46.077Z] : [info]: Robot start

[2021-10-06T19:33:50.171Z] : [error]: Selectors: Nothing found

[2021-10-06T19:33:50.173Z] : [error]: Total execution time: 4s 93ms

[2021-10-06T19:33:50.175Z] : [info]: ---------------------------------------------

[2021-10-06T19:37:14.211Z] : [success]: Robot saved successfully

[2021-10-06T19:37:21.792Z] : [success]: Robot saved successfully

[2021-10-06T19:37:22.001Z] : [success]: Bot started

[2021-10-06T19:37:22.002Z] : [info]: Robot start

[2021-10-06T19:37:26.146Z] : [error]: The agent is already running another script.

[2021-10-06T19:37:26.154Z] : [info]: ---------------------------------------------

[2021-10-06T19:37:39.097Z] : [success]: Robot saved successfully

[2021-10-06T19:37:49.565Z] : [success]: Robot saved successfully

[2021-10-06T19:37:52.095Z] : [success]: Robot saved successfully

[2021-10-06T19:37:52.185Z] : [info]: ---------------------------------------------

[2021-10-06T19:37:52.185Z] : [success]: Bot started

[2021-10-06T19:37:52.186Z] : [info]: Robot start

[2021-10-06T19:37:56.239Z] : [info]: <p>Добрый день,</p><p></p><p>Меня зовут Садиэль Годалес. </p><p></p><p>На сайте hh.ru меня заинтересовала вакансия программист, размещённая Вашей компанией.</p><p>Я получил высшее образование в г. Гавана (Куба) и работал программистом у поставщика программного обеспечения. Имею опыт работы с клиентами, занимался защитой информации, управлял базами данных. Знаком со стандартными алгоритмами и структурами данных, немного с Linux. Уверенно программирую на языках C#, SQL. Только что закончил курс по разработке мобильных приложений на Android.</p><p>Владею испанским (родной), русским и английским языками. Люблю свою профессию и не перестаю самосовершенствоваться.</p><p>Больше информации обо мне Вы можете прочитать в резюме. Готов ответить на Ваши вопросы при личной встрече или по скайпу. При необходимости готов выполнить тестовое задание.</p><p>Вы можете связаться со мной по телефону 8 916 257 72 33, WhatsApp +7 963 7169740 или по электронной почте, sadielgodales@gmail.com.</p><p>https://github.com/sad8787/C-repo</p><p>https://github.com/sad8787/Java</p><p></p>

[2021-10-06T19:37:56.249Z] : [info]:  Добрый день,
 
 Меня зовут Садиэль Годалес. 
 
 На сайте hh.ru меня заинтересовала вакансия программист, размещённая Вашей компанией.
 Я получил высшее образование в г. Гавана (Куба) и работал программистом у поставщика программного обеспечения. Имею опыт работы с клиентами, занимался защитой информации, управлял базами данных. Знаком со стандартными алгоритмами и структурами данных, немного с Linux. Уверенно программирую на языках C#, SQL. Только что закончил курс по разработке мобильных приложений на Android.
 Владею испанским (родной), русским и английским языками. Люблю свою профессию и не перестаю самосовершенствоваться.
 Больше информации обо мне Вы можете прочитать в резюме. Готов ответить на Ваши вопросы при личной встрече или по скайпу. При необходимости готов выполнить тестовое задание.
 Вы можете связаться со мной по телефону 8 916 257 72 33, WhatsApp +7 963 7169740 или по электронной почте, sadielgodales@gmail.com.
 https://github.com/sad8787/C-repo
 https://github.com/sad8787/Java
 


[2021-10-06T19:38:00.618Z] : [info]: someone is there

[2021-10-06T19:38:18.945Z] : [info]: END Loguin

[2021-10-06T19:38:23.589Z] : [info]: END search

[2021-10-06T19:38:26.303Z] : [info]: 1xxx

[2021-10-06T19:38:26.590Z] : [info]: 1231 ; 495

[2021-10-06T19:38:29.792Z] : [info]: Una propuesta fue seleccionada

[2021-10-06T19:38:32.917Z] : [error]: Selectors: Nothing found

[2021-10-06T19:38:32.926Z] : [error]: Total execution time: 40s 730ms

[2021-10-06T19:38:32.929Z] : [info]: ---------------------------------------------

[2021-10-06T19:41:52.865Z] : [success]: Robot saved successfully

[2021-10-06T19:41:55.631Z] : [success]: Robot saved successfully

[2021-10-06T19:41:55.762Z] : [success]: Bot started

[2021-10-06T19:41:55.763Z] : [info]: Robot start

[2021-10-06T19:42:00.687Z] : [info]: <p>Добрый день,</p><p></p><p>Меня зовут Садиэль Годалес. </p><p></p><p>На сайте hh.ru меня заинтересовала вакансия программист, размещённая Вашей компанией.</p><p>Я получил высшее образование в г. Гавана (Куба) и работал программистом у поставщика программного обеспечения. Имею опыт работы с клиентами, занимался защитой информации, управлял базами данных. Знаком со стандартными алгоритмами и структурами данных, немного с Linux. Уверенно программирую на языках C#, SQL. Только что закончил курс по разработке мобильных приложений на Android.</p><p>Владею испанским (родной), русским и английским языками. Люблю свою профессию и не перестаю самосовершенствоваться.</p><p>Больше информации обо мне Вы можете прочитать в резюме. Готов ответить на Ваши вопросы при личной встрече или по скайпу. При необходимости готов выполнить тестовое задание.</p><p>Вы можете связаться со мной по телефону 8 916 257 72 33, WhatsApp +7 963 7169740 или по электронной почте, sadielgodales@gmail.com.</p><p>https://github.com/sad8787/C-repo</p><p>https://github.com/sad8787/Java</p><p></p>

[2021-10-06T19:42:00.702Z] : [info]:  Добрый день,
 
 Меня зовут Садиэль Годалес. 
 
 На сайте hh.ru меня заинтересовала вакансия программист, размещённая Вашей компанией.
 Я получил высшее образование в г. Гавана (Куба) и работал программистом у поставщика программного обеспечения. Имею опыт работы с клиентами, занимался защитой информации, управлял базами данных. Знаком со стандартными алгоритмами и структурами данных, немного с Linux. Уверенно программирую на языках C#, SQL. Только что закончил курс по разработке мобильных приложений на Android.
 Владею испанским (родной), русским и английским языками. Люблю свою профессию и не перестаю самосовершенствоваться.
 Больше информации обо мне Вы можете прочитать в резюме. Готов ответить на Ваши вопросы при личной встрече или по скайпу. При необходимости готов выполнить тестовое задание.
 Вы можете связаться со мной по телефону 8 916 257 72 33, WhatsApp +7 963 7169740 или по электронной почте, sadielgodales@gmail.com.
 https://github.com/sad8787/C-repo
 https://github.com/sad8787/Java
 


[2021-10-06T19:42:05.208Z] : [info]: someone is there

[2021-10-06T19:42:23.619Z] : [info]: END Loguin

[2021-10-06T19:42:29.660Z] : [info]: END search

[2021-10-06T19:42:31.877Z] : [info]: 1xxx

[2021-10-06T19:42:32.174Z] : [info]: 1231 ; 542

[2021-10-06T19:42:35.489Z] : [info]: Una propuesta fue seleccionada

[2021-10-06T19:42:51.906Z] : [info]: choose Summary. Send cover letter

[2021-10-06T19:42:53.571Z] : [info]: si aclicar

[2021-10-06T19:43:21.661Z] : [info]: END search

[2021-10-06T19:43:23.287Z] : [info]: 1xxx

[2021-10-06T19:43:23.587Z] : [info]: 1231 ; 350

[2021-10-06T19:43:26.692Z] : [info]: Una propuesta fue seleccionada

[2021-10-06T19:43:46.308Z] : [error]: Selectors: Nothing found

[2021-10-06T19:43:46.312Z] : [error]: Total execution time: 1m 50s 544ms

[2021-10-06T19:43:46.313Z] : [info]: ---------------------------------------------

[2021-10-06T19:45:51.135Z] : [success]: Robot saved successfully

[2021-10-06T19:45:52.828Z] : [success]: Robot saved successfully

[2021-10-06T19:45:54.090Z] : [success]: Robot saved successfully

[2021-10-06T19:45:57.472Z] : [success]: Robot saved successfully

[2021-10-06T19:45:57.585Z] : [success]: Bot started

[2021-10-06T19:45:57.586Z] : [info]: Robot start

[2021-10-06T19:46:02.613Z] : [info]: <p>Добрый день,</p><p></p><p>Меня зовут Садиэль Годалес. </p><p></p><p>На сайте hh.ru меня заинтересовала вакансия программист, размещённая Вашей компанией.</p><p>Я получил высшее образование в г. Гавана (Куба) и работал программистом у поставщика программного обеспечения. Имею опыт работы с клиентами, занимался защитой информации, управлял базами данных. Знаком со стандартными алгоритмами и структурами данных, немного с Linux. Уверенно программирую на языках C#, SQL. Только что закончил курс по разработке мобильных приложений на Android.</p><p>Владею испанским (родной), русским и английским языками. Люблю свою профессию и не перестаю самосовершенствоваться.</p><p>Больше информации обо мне Вы можете прочитать в резюме. Готов ответить на Ваши вопросы при личной встрече или по скайпу. При необходимости готов выполнить тестовое задание.</p><p>Вы можете связаться со мной по телефону 8 916 257 72 33, WhatsApp +7 963 7169740 или по электронной почте, sadielgodales@gmail.com.</p><p>https://github.com/sad8787/C-repo</p><p>https://github.com/sad8787/Java</p><p></p>

[2021-10-06T19:46:02.628Z] : [info]:  Добрый день,
 
 Меня зовут Садиэль Годалес. 
 
 На сайте hh.ru меня заинтересовала вакансия программист, размещённая Вашей компанией.
 Я получил высшее образование в г. Гавана (Куба) и работал программистом у поставщика программного обеспечения. Имею опыт работы с клиентами, занимался защитой информации, управлял базами данных. Знаком со стандартными алгоритмами и структурами данных, немного с Linux. Уверенно программирую на языках C#, SQL. Только что закончил курс по разработке мобильных приложений на Android.
 Владею испанским (родной), русским и английским языками. Люблю свою профессию и не перестаю самосовершенствоваться.
 Больше информации обо мне Вы можете прочитать в резюме. Готов ответить на Ваши вопросы при личной встрече или по скайпу. При необходимости готов выполнить тестовое задание.
 Вы можете связаться со мной по телефону 8 916 257 72 33, WhatsApp +7 963 7169740 или по электронной почте, sadielgodales@gmail.com.
 https://github.com/sad8787/C-repo
 https://github.com/sad8787/Java
 


[2021-10-06T19:46:07.004Z] : [info]: someone is there

[2021-10-06T19:46:25.539Z] : [info]: END Loguin

[2021-10-06T19:46:29.984Z] : [info]: END search

[2021-10-06T19:46:33.244Z] : [info]: 1xxx

[2021-10-06T19:46:33.538Z] : [info]: 1231 ; 455

[2021-10-06T19:46:39.358Z] : [info]: Una propuesta fue seleccionada

[2021-10-06T19:46:59.140Z] : [info]: take contact details

[2021-10-06T19:47:00.923Z] : [info]: choose Summary. Send cover letter

[2021-10-06T19:47:02.605Z] : [info]: si aclicar

[2021-10-06T19:47:27.076Z] : [info]: END search

[2021-10-06T19:47:29.642Z] : [info]: 1xxx

[2021-10-06T19:47:29.913Z] : [info]: 1231 ; 495

[2021-10-06T19:47:33.067Z] : [info]: Una propuesta fue seleccionada

[2021-10-06T19:47:57.216Z] : [info]: take contact details

[2021-10-06T19:47:58.919Z] : [info]: choose Summary. Send cover letter

[2021-10-06T19:48:00.596Z] : [info]: si aclicar

[2021-10-06T19:48:24.670Z] : [info]: END search

[2021-10-06T19:48:27.075Z] : [info]: 1xxx

[2021-10-06T19:48:27.426Z] : [info]: 2xxx

[2021-10-06T19:48:28.446Z] : [info]: 1xxx

[2021-10-06T19:48:28.778Z] : [info]: 2xxx

[2021-10-06T19:48:29.576Z] : [info]: 1xxx

[2021-10-06T19:48:29.866Z] : [info]: 2xxx

[2021-10-06T19:48:30.634Z] : [info]: 1xxx

[2021-10-06T19:48:30.856Z] : [info]: 2xxx

[2021-10-06T19:48:31.384Z] : [info]: 1xxx

[2021-10-06T19:48:31.593Z] : [info]: 2xxx

[2021-10-06T19:48:32.131Z] : [info]: 1xxx

[2021-10-06T19:48:32.317Z] : [info]: 2xxx

[2021-10-06T19:48:32.837Z] : [info]: 1xxx

[2021-10-06T19:48:33.029Z] : [info]: 2xxx

[2021-10-06T19:48:33.518Z] : [info]: 1xxx

[2021-10-06T19:48:33.722Z] : [info]: 2xxx

[2021-10-06T19:48:34.262Z] : [info]: 1xxx

[2021-10-06T19:48:34.436Z] : [info]: 2xxx

[2021-10-06T19:48:34.928Z] : [info]: 1xxx

[2021-10-06T19:48:35.128Z] : [info]: 2xxx

[2021-10-06T19:48:35.627Z] : [info]: 1xxx

[2021-10-06T19:48:35.834Z] : [info]: 2xxx

[2021-10-06T19:48:36.307Z] : [info]: 1xxx

[2021-10-06T19:48:36.501Z] : [info]: 2xxx

[2021-10-06T19:48:36.989Z] : [info]: 1xxx

[2021-10-06T19:48:37.167Z] : [info]: 2xxx

[2021-10-06T19:48:37.650Z] : [info]: 1xxx

[2021-10-06T19:48:37.849Z] : [info]: 1231 ; 671

[2021-10-06T19:48:40.875Z] : [info]: Una propuesta fue seleccionada

[2021-10-06T19:49:00.707Z] : [info]: take contact details

[2021-10-06T19:49:02.685Z] : [info]: choose Summary. Send cover letter

[2021-10-06T19:49:04.315Z] : [info]: si aclicar

[2021-10-06T19:49:27.199Z] : [info]: END search

[2021-10-06T19:49:29.680Z] : [info]: 1xxx

[2021-10-06T19:49:29.920Z] : [info]: 2xxx

[2021-10-06T19:49:30.595Z] : [info]: 1xxx

[2021-10-06T19:49:30.821Z] : [info]: 2xxx

[2021-10-06T19:49:31.837Z] : [info]: 1xxx

[2021-10-06T19:49:32.391Z] : [info]: 2xxx

[2021-10-06T19:49:33.166Z] : [info]: 1xxx

[2021-10-06T19:49:33.552Z] : [info]: 2xxx

[2021-10-06T19:49:34.253Z] : [info]: 1xxx

[2021-10-06T19:49:34.657Z] : [info]: 2xxx

[2021-10-06T19:49:35.548Z] : [info]: 1xxx

[2021-10-06T19:49:35.751Z] : [info]: 2xxx

[2021-10-06T19:49:36.274Z] : [info]: 1xxx

[2021-10-06T19:49:36.453Z] : [info]: 2xxx

[2021-10-06T19:49:36.965Z] : [info]: 1xxx

[2021-10-06T19:49:37.177Z] : [info]: 2xxx

[2021-10-06T19:49:37.667Z] : [info]: 1xxx

[2021-10-06T19:49:37.840Z] : [info]: 2xxx

[2021-10-06T19:49:38.336Z] : [info]: 1xxx

[2021-10-06T19:49:38.525Z] : [info]: 2xxx

[2021-10-06T19:49:39.017Z] : [info]: 1xxx

[2021-10-06T19:49:39.240Z] : [info]: 2xxx

[2021-10-06T19:49:39.733Z] : [info]: 1xxx

[2021-10-06T19:49:39.930Z] : [info]: 2xxx

[2021-10-06T19:49:40.462Z] : [info]: 1xxx

[2021-10-06T19:49:40.656Z] : [info]: 2xxx

[2021-10-06T19:49:41.177Z] : [info]: 1xxx

[2021-10-06T19:49:41.349Z] : [info]: 2xxx

[2021-10-06T19:49:41.879Z] : [info]: 1xxx

[2021-10-06T19:49:42.055Z] : [info]: 2xxx

[2021-10-06T19:49:42.540Z] : [info]: 1xxx

[2021-10-06T19:49:42.737Z] : [info]: 2xxx

[2021-10-06T19:49:43.231Z] : [info]: 1xxx

[2021-10-06T19:49:43.406Z] : [info]: 2xxx

[2021-10-06T19:49:43.919Z] : [info]: 1xxx

[2021-10-06T19:49:44.124Z] : [info]: 2xxx

[2021-10-06T19:49:44.613Z] : [info]: 1xxx

[2021-10-06T19:49:44.803Z] : [info]: 2xxx

[2021-10-06T19:49:45.336Z] : [info]: 1xxx

[2021-10-06T19:49:45.510Z] : [info]: 2xxx

[2021-10-06T19:49:46.018Z] : [info]: 1xxx

[2021-10-06T19:49:46.203Z] : [info]: 2xxx

[2021-10-06T19:49:46.691Z] : [info]: 1xxx

[2021-10-06T19:49:46.864Z] : [info]: 2xxx

[2021-10-06T19:49:47.406Z] : [info]: 1xxx

[2021-10-06T19:49:47.589Z] : [info]: 2xxx

[2021-10-06T19:49:48.081Z] : [info]: 1xxx

[2021-10-06T19:49:48.285Z] : [info]: 2xxx

[2021-10-06T19:49:48.779Z] : [info]: 1xxx

[2021-10-06T19:49:48.979Z] : [info]: 2xxx

[2021-10-06T19:49:49.478Z] : [info]: 1xxx

[2021-10-06T19:49:49.665Z] : [info]: 2xxx

[2021-10-06T19:49:50.212Z] : [info]: 1xxx

[2021-10-06T19:49:50.415Z] : [info]: 2xxx

[2021-10-06T19:49:50.895Z] : [info]: 1xxx

[2021-10-06T19:49:51.077Z] : [info]: 2xxx

[2021-10-06T19:49:51.605Z] : [info]: 1xxx

[2021-10-06T19:49:51.783Z] : [info]: 2xxx

[2021-10-06T19:49:52.278Z] : [info]: 1xxx

[2021-10-06T19:49:52.486Z] : [info]: 2xxx

[2021-10-06T19:49:52.993Z] : [info]: 1xxx

[2021-10-06T19:49:53.174Z] : [info]: 2xxx

[2021-10-06T19:49:53.717Z] : [info]: 1xxx

[2021-10-06T19:49:53.927Z] : [info]: 1231 ; 686

[2021-10-06T19:49:56.950Z] : [info]: Una propuesta fue seleccionada

[2021-10-06T19:50:18.849Z] : [info]: choose Summary. Send cover letter

[2021-10-06T19:50:20.575Z] : [info]: si aclicar

[2021-10-06T19:50:45.778Z] : [info]: END search

[2021-10-06T19:50:48.225Z] : [info]: 1xxx

[2021-10-06T19:50:48.476Z] : [info]: 2xxx

[2021-10-06T19:50:49.163Z] : [info]: 1xxx

[2021-10-06T19:50:49.442Z] : [info]: 2xxx

[2021-10-06T19:50:50.314Z] : [info]: 1xxx

[2021-10-06T19:50:50.858Z] : [info]: 2xxx

[2021-10-06T19:50:51.651Z] : [info]: 1xxx

[2021-10-06T19:50:51.988Z] : [info]: 2xxx

[2021-10-06T19:50:52.685Z] : [info]: 1xxx

[2021-10-06T19:50:52.972Z] : [info]: 2xxx

[2021-10-06T19:50:53.633Z] : [info]: 1xxx

[2021-10-06T19:50:53.863Z] : [info]: 2xxx

[2021-10-06T19:50:54.352Z] : [info]: 1xxx

[2021-10-06T19:50:54.547Z] : [info]: 2xxx

[2021-10-06T19:50:55.033Z] : [info]: 1xxx

[2021-10-06T19:50:55.227Z] : [info]: 2xxx

[2021-10-06T19:50:55.725Z] : [info]: 1xxx

[2021-10-06T19:50:55.907Z] : [info]: 2xxx

[2021-10-06T19:50:56.417Z] : [info]: 1xxx

[2021-10-06T19:50:56.600Z] : [info]: 2xxx

[2021-10-06T19:50:57.095Z] : [info]: 1xxx

[2021-10-06T19:50:57.293Z] : [info]: 2xxx

[2021-10-06T19:50:57.775Z] : [info]: 1xxx

[2021-10-06T19:50:57.959Z] : [info]: 2xxx

[2021-10-06T19:50:58.468Z] : [info]: 1xxx

[2021-10-06T19:50:58.646Z] : [info]: 2xxx

[2021-10-06T19:50:59.124Z] : [info]: 1xxx

[2021-10-06T19:50:59.331Z] : [info]: 2xxx

[2021-10-06T19:50:59.811Z] : [info]: 1xxx

[2021-10-06T19:51:00.009Z] : [info]: 2xxx

[2021-10-06T19:51:00.530Z] : [info]: 1xxx

[2021-10-06T19:51:00.740Z] : [info]: 2xxx

[2021-10-06T19:51:01.227Z] : [info]: 1xxx

[2021-10-06T19:51:01.396Z] : [info]: 2xxx

[2021-10-06T19:51:01.905Z] : [info]: 1xxx

[2021-10-06T19:51:02.085Z] : [info]: 2xxx

[2021-10-06T19:51:02.571Z] : [info]: 1xxx

[2021-10-06T19:51:02.780Z] : [info]: 2xxx

[2021-10-06T19:51:03.259Z] : [info]: 1xxx

[2021-10-06T19:51:03.438Z] : [info]: 2xxx

[2021-10-06T19:51:03.951Z] : [info]: 1xxx

[2021-10-06T19:51:04.161Z] : [info]: 2xxx

[2021-10-06T19:51:04.645Z] : [info]: 1xxx

[2021-10-06T19:51:04.823Z] : [info]: 2xxx

[2021-10-06T19:51:05.337Z] : [info]: 1xxx

[2021-10-06T19:51:05.511Z] : [info]: 2xxx

[2021-10-06T19:51:05.997Z] : [info]: 1xxx

[2021-10-06T19:51:06.200Z] : [info]: 2xxx

[2021-10-06T19:51:06.682Z] : [info]: 1xxx

[2021-10-06T19:51:06.864Z] : [info]: 2xxx

[2021-10-06T19:51:07.394Z] : [info]: 1xxx

[2021-10-06T19:51:07.566Z] : [info]: 2xxx

[2021-10-06T19:51:08.062Z] : [info]: 1xxx

[2021-10-06T19:51:08.251Z] : [info]: 2xxx

[2021-10-06T19:51:08.742Z] : [info]: 1xxx

[2021-10-06T19:51:08.939Z] : [info]: 2xxx

[2021-10-06T19:51:09.448Z] : [info]: 1xxx

[2021-10-06T19:51:09.625Z] : [info]: 2xxx

[2021-10-06T19:51:10.099Z] : [info]: 1xxx

[2021-10-06T19:51:10.280Z] : [info]: 2xxx

[2021-10-06T19:51:10.783Z] : [info]: 1xxx

[2021-10-06T19:51:10.964Z] : [info]: 2xxx

[2021-10-06T19:51:11.447Z] : [info]: 1xxx

[2021-10-06T19:51:11.648Z] : [info]: 2xxx

[2021-10-06T19:51:12.137Z] : [info]: 1xxx

[2021-10-06T19:51:12.321Z] : [info]: 2xxx

[2021-10-06T19:51:12.826Z] : [info]: 1xxx

[2021-10-06T19:51:12.997Z] : [info]: 2xxx

[2021-10-06T19:51:13.479Z] : [info]: 1xxx

[2021-10-06T19:51:13.694Z] : [info]: 2xxx

[2021-10-06T19:51:14.178Z] : [info]: 1xxx

[2021-10-06T19:51:14.357Z] : [info]: 2xxx

[2021-10-06T19:51:14.936Z] : [info]: 1xxx

[2021-10-06T19:51:15.132Z] : [info]: 2xxx

[2021-10-06T19:51:15.610Z] : [info]: 1xxx

[2021-10-06T19:51:15.788Z] : [info]: 2xxx

[2021-10-06T19:51:16.321Z] : [info]: 1xxx

[2021-10-06T19:51:16.499Z] : [info]: 2xxx

[2021-10-06T19:51:16.967Z] : [info]: 1xxx

[2021-10-06T19:51:17.176Z] : [info]: 2xxx

[2021-10-06T19:51:17.656Z] : [info]: 1xxx

[2021-10-06T19:51:17.837Z] : [info]: 2xxx

[2021-10-06T19:51:18.331Z] : [info]: 1xxx

[2021-10-06T19:51:18.533Z] : [info]: 1231 ; 684

[2021-10-06T19:51:21.608Z] : [info]: Una propuesta fue seleccionada

[2021-10-06T19:51:33.380Z] : [info]: take contact details

[2021-10-06T19:51:37.893Z] : [info]: choose Summary. Send cover letter

[2021-10-06T19:51:39.508Z] : [info]: si aclicar

[2021-10-06T19:52:04.315Z] : [info]: END search

[2021-10-06T19:52:06.861Z] : [info]: 1xxx

[2021-10-06T19:52:06.868Z] : [info]: 2xxx

[2021-10-06T19:52:09.551Z] : [error]: Selectors: Nothing found

[2021-10-06T19:52:09.576Z] : [error]: Total execution time: 6m 11s 964ms

[2021-10-06T19:52:09.578Z] : [info]: ---------------------------------------------

[2021-10-06T19:55:28.698Z] : [success]: Robot saved successfully

[2021-10-06T19:55:28.838Z] : [success]: Bot started

[2021-10-06T19:55:28.839Z] : [info]: Robot start

[2021-10-06T19:55:38.445Z] : [info]: <p>Добрый день,</p><p></p><p>Меня зовут Садиэль Годалес. </p><p></p><p>На сайте hh.ru меня заинтересовала вакансия программист, размещённая Вашей компанией.</p><p>Я получил высшее образование в г. Гавана (Куба) и работал программистом у поставщика программного обеспечения. Имею опыт работы с клиентами, занимался защитой информации, управлял базами данных. Знаком со стандартными алгоритмами и структурами данных, немного с Linux. Уверенно программирую на языках C#, SQL. Только что закончил курс по разработке мобильных приложений на Android.</p><p>Владею испанским (родной), русским и английским языками. Люблю свою профессию и не перестаю самосовершенствоваться.</p><p>Больше информации обо мне Вы можете прочитать в резюме. Готов ответить на Ваши вопросы при личной встрече или по скайпу. При необходимости готов выполнить тестовое задание.</p><p>Вы можете связаться со мной по телефону 8 916 257 72 33, WhatsApp +7 963 7169740 или по электронной почте, sadielgodales@gmail.com.</p><p>https://github.com/sad8787/C-repo</p><p>https://github.com/sad8787/Java</p><p></p>

[2021-10-06T19:55:38.461Z] : [info]:  Добрый день,
 
 Меня зовут Садиэль Годалес. 
 
 На сайте hh.ru меня заинтересовала вакансия программист, размещённая Вашей компанией.
 Я получил высшее образование в г. Гавана (Куба) и работал программистом у поставщика программного обеспечения. Имею опыт работы с клиентами, занимался защитой информации, управлял базами данных. Знаком со стандартными алгоритмами и структурами данных, немного с Linux. Уверенно программирую на языках C#, SQL. Только что закончил курс по разработке мобильных приложений на Android.
 Владею испанским (родной), русским и английским языками. Люблю свою профессию и не перестаю самосовершенствоваться.
 Больше информации обо мне Вы можете прочитать в резюме. Готов ответить на Ваши вопросы при личной встрече или по скайпу. При необходимости готов выполнить тестовое задание.
 Вы можете связаться со мной по телефону 8 916 257 72 33, WhatsApp +7 963 7169740 или по электронной почте, sadielgodales@gmail.com.
 https://github.com/sad8787/C-repo
 https://github.com/sad8787/Java
 


[2021-10-06T19:55:43.134Z] : [info]: someone is there

[2021-10-06T19:56:01.443Z] : [info]: END Loguin

[2021-10-06T19:56:06.447Z] : [info]: END search

[2021-10-06T19:56:08.848Z] : [info]: 1xxx

[2021-10-06T19:56:09.129Z] : [info]: 2xxx

[2021-10-06T19:56:09.888Z] : [info]: 1xxx

[2021-10-06T19:56:10.324Z] : [info]: 2xxx

[2021-10-06T19:56:11.331Z] : [info]: 1xxx

[2021-10-06T19:56:11.339Z] : [info]: 2xxx

[2021-10-06T19:56:12.568Z] : [info]: 1xxx

[2021-10-06T19:56:12.963Z] : [info]: 2xxx

[2021-10-06T19:56:14.074Z] : [info]: 1xxx

[2021-10-06T19:56:14.480Z] : [info]: 2xxx

[2021-10-06T19:56:15.231Z] : [info]: 1xxx

[2021-10-06T19:56:15.239Z] : [info]: 2xxx

[2021-10-06T19:57:05.568Z] : [error]: Selectors: Failed to allocate 25229352 bytes

[2021-10-06T19:57:05.582Z] : [error]: Total execution time: 1m 36s 728ms

[2021-10-06T19:57:05.584Z] : [info]: ---------------------------------------------

[2021-10-06T19:57:43.582Z] : [success]: Robot saved successfully

[2021-10-06T19:57:48.199Z] : [success]: Robot saved successfully

[2021-10-06T19:57:48.311Z] : [success]: Bot started

[2021-10-06T19:57:48.312Z] : [info]: Robot start

[2021-10-06T19:57:54.731Z] : [info]: <p>Добрый день,</p><p></p><p>Меня зовут Садиэль Годалес. </p><p></p><p>На сайте hh.ru меня заинтересовала вакансия программист, размещённая Вашей компанией.</p><p>Я получил высшее образование в г. Гавана (Куба) и работал программистом у поставщика программного обеспечения. Имею опыт работы с клиентами, занимался защитой информации, управлял базами данных. Знаком со стандартными алгоритмами и структурами данных, немного с Linux. Уверенно программирую на языках C#, SQL. Только что закончил курс по разработке мобильных приложений на Android.</p><p>Владею испанским (родной), русским и английским языками. Люблю свою профессию и не перестаю самосовершенствоваться.</p><p>Больше информации обо мне Вы можете прочитать в резюме. Готов ответить на Ваши вопросы при личной встрече или по скайпу. При необходимости готов выполнить тестовое задание.</p><p>Вы можете связаться со мной по телефону 8 916 257 72 33, WhatsApp +7 963 7169740 или по электронной почте, sadielgodales@gmail.com.</p><p>https://github.com/sad8787/C-repo</p><p>https://github.com/sad8787/Java</p><p></p>

[2021-10-06T19:57:54.755Z] : [info]:  Добрый день,
 
 Меня зовут Садиэль Годалес. 
 
 На сайте hh.ru меня заинтересовала вакансия программист, размещённая Вашей компанией.
 Я получил высшее образование в г. Гавана (Куба) и работал программистом у поставщика программного обеспечения. Имею опыт работы с клиентами, занимался защитой информации, управлял базами данных. Знаком со стандартными алгоритмами и структурами данных, немного с Linux. Уверенно программирую на языках C#, SQL. Только что закончил курс по разработке мобильных приложений на Android.
 Владею испанским (родной), русским и английским языками. Люблю свою профессию и не перестаю самосовершенствоваться.
 Больше информации обо мне Вы можете прочитать в резюме. Готов ответить на Ваши вопросы при личной встрече или по скайпу. При необходимости готов выполнить тестовое задание.
 Вы можете связаться со мной по телефону 8 916 257 72 33, WhatsApp +7 963 7169740 или по электронной почте, sadielgodales@gmail.com.
 https://github.com/sad8787/C-repo
 https://github.com/sad8787/Java
 


[2021-10-06T19:57:59.339Z] : [info]: someone is there

[2021-10-06T19:58:17.583Z] : [info]: END Loguin

[2021-10-06T19:58:22.249Z] : [info]: END search

[2021-10-06T19:58:24.918Z] : [info]: 1xxx

[2021-10-06T19:58:25.198Z] : [info]: 2xxx

[2021-10-06T19:58:25.824Z] : [info]: 1xxx

[2021-10-06T19:58:26.217Z] : [info]: 2xxx

[2021-10-06T19:58:27.169Z] : [info]: 1xxx

[2021-10-06T19:58:27.533Z] : [info]: 2xxx

[2021-10-06T19:58:28.559Z] : [info]: 1xxx

[2021-10-06T19:58:28.927Z] : [info]: 2xxx

[2021-10-06T19:58:29.927Z] : [info]: 1xxx

[2021-10-06T19:58:30.346Z] : [info]: 2xxx

[2021-10-06T19:58:31.121Z] : [info]: 1xxx

[2021-10-06T19:58:31.404Z] : [info]: 2xxx

[2021-10-06T19:58:31.912Z] : [info]: 1xxx

[2021-10-06T19:58:32.089Z] : [info]: 2xxx

[2021-10-06T19:58:32.631Z] : [info]: 1xxx

[2021-10-06T19:58:32.822Z] : [info]: 2xxx

[2021-10-06T19:58:33.330Z] : [info]: 1xxx

[2021-10-06T19:58:33.510Z] : [info]: 2xxx

[2021-10-06T19:58:34.018Z] : [info]: 1xxx

[2021-10-06T19:58:34.204Z] : [info]: 2xxx

[2021-10-06T19:58:34.690Z] : [info]: 1xxx

[2021-10-06T19:58:34.886Z] : [info]: 2xxx

[2021-10-06T19:58:35.393Z] : [info]: 1xxx

[2021-10-06T19:58:35.570Z] : [info]: 2xxx

[2021-10-06T19:58:36.061Z] : [info]: 1xxx

[2021-10-06T19:58:36.265Z] : [info]: 2xxx

[2021-10-06T19:58:36.764Z] : [info]: 1xxx

[2021-10-06T19:58:36.979Z] : [info]: 2xxx

[2021-10-06T19:58:37.479Z] : [info]: 1xxx

[2021-10-06T19:58:37.661Z] : [info]: 2xxx

[2021-10-06T19:58:38.157Z] : [info]: 1xxx

[2021-10-06T19:58:38.357Z] : [info]: 2xxx

[2021-10-06T19:58:38.840Z] : [info]: 1xxx

[2021-10-06T19:58:39.049Z] : [info]: 2xxx

[2021-10-06T19:58:39.544Z] : [info]: 1xxx

[2021-10-06T19:58:39.732Z] : [info]: 2xxx

[2021-10-06T19:58:40.257Z] : [info]: 1xxx

[2021-10-06T19:58:40.431Z] : [info]: 2xxx

[2021-10-06T19:58:40.923Z] : [info]: 1xxx

[2021-10-06T19:58:41.108Z] : [info]: 2xxx

[2021-10-06T19:58:41.620Z] : [info]: 1xxx

[2021-10-06T19:58:41.824Z] : [info]: 2xxx

[2021-10-06T19:58:42.343Z] : [info]: 1xxx

[2021-10-06T19:58:42.537Z] : [info]: 2xxx

[2021-10-06T19:58:43.049Z] : [info]: 1xxx

[2021-10-06T19:58:43.246Z] : [info]: 2xxx

[2021-10-06T19:58:43.752Z] : [info]: 1xxx

[2021-10-06T19:58:43.957Z] : [info]: 2xxx

[2021-10-06T19:58:44.445Z] : [info]: 1xxx

[2021-10-06T19:58:44.627Z] : [info]: 2xxx

[2021-10-06T19:58:45.171Z] : [info]: 1xxx

[2021-10-06T19:58:45.355Z] : [info]: 2xxx

[2021-10-06T19:58:45.859Z] : [info]: 1xxx

[2021-10-06T19:58:46.041Z] : [info]: 2xxx

[2021-10-06T19:58:46.517Z] : [info]: 1xxx

[2021-10-06T19:58:46.698Z] : [info]: 2xxx

[2021-10-06T19:58:47.218Z] : [info]: 1xxx

[2021-10-06T19:58:47.406Z] : [info]: 2xxx

[2021-10-06T19:58:47.891Z] : [info]: 1xxx

[2021-10-06T19:58:48.096Z] : [info]: 2xxx

[2021-10-06T19:58:48.594Z] : [info]: 1xxx

[2021-10-06T19:58:48.781Z] : [info]: 2xxx

[2021-10-06T19:58:49.297Z] : [info]: 1xxx

[2021-10-06T19:58:49.470Z] : [info]: 2xxx

[2021-10-06T19:58:49.946Z] : [info]: 1xxx

[2021-10-06T19:58:50.130Z] : [info]: 2xxx

[2021-10-06T19:58:50.693Z] : [info]: 1xxx

[2021-10-06T19:58:50.876Z] : [info]: 2xxx

[2021-10-06T19:58:51.406Z] : [info]: 1xxx

[2021-10-06T19:58:51.579Z] : [info]: 2xxx

[2021-10-06T19:58:52.095Z] : [info]: 1xxx

[2021-10-06T19:58:52.304Z] : [info]: 2xxx

[2021-10-06T19:58:52.810Z] : [info]: 1xxx

[2021-10-06T19:58:52.986Z] : [info]: 2xxx

[2021-10-06T19:58:53.514Z] : [info]: 1xxx

[2021-10-06T19:58:53.703Z] : [info]: 2xxx

[2021-10-06T19:58:54.190Z] : [info]: 1xxx

[2021-10-06T19:58:54.407Z] : [info]: 2xxx

[2021-10-06T19:58:54.889Z] : [info]: 1xxx

[2021-10-06T19:58:55.083Z] : [info]: 2xxx

[2021-10-06T19:58:55.595Z] : [info]: 1xxx

[2021-10-06T19:58:55.784Z] : [info]: 1231 ; 691

[2021-10-06T19:58:58.842Z] : [info]: Una propuesta fue seleccionada

[2021-10-06T19:59:00.037Z] : [error]: Selectors: Nothing found

[2021-10-06T19:59:00.043Z] : [error]: Total execution time: 1m 11s 724ms

[2021-10-06T19:59:00.045Z] : [info]: ---------------------------------------------

[2021-10-06T20:00:10.157Z] : [success]: Robot saved successfully

[2021-10-06T20:00:18.526Z] : [success]: Robot saved successfully

[2021-10-06T20:00:18.639Z] : [success]: Bot started

[2021-10-06T20:00:18.677Z] : [info]: Robot start

[2021-10-06T20:00:25.955Z] : [info]: <p>Добрый день,</p><p></p><p>Меня зовут Садиэль Годалес. </p><p></p><p>На сайте hh.ru меня заинтересовала вакансия программист, размещённая Вашей компанией.</p><p>Я получил высшее образование в г. Гавана (Куба) и работал программистом у поставщика программного обеспечения. Имею опыт работы с клиентами, занимался защитой информации, управлял базами данных. Знаком со стандартными алгоритмами и структурами данных, немного с Linux. Уверенно программирую на языках C#, SQL. Только что закончил курс по разработке мобильных приложений на Android.</p><p>Владею испанским (родной), русским и английским языками. Люблю свою профессию и не перестаю самосовершенствоваться.</p><p>Больше информации обо мне Вы можете прочитать в резюме. Готов ответить на Ваши вопросы при личной встрече или по скайпу. При необходимости готов выполнить тестовое задание.</p><p>Вы можете связаться со мной по телефону 8 916 257 72 33, WhatsApp +7 963 7169740 или по электронной почте, sadielgodales@gmail.com.</p><p>https://github.com/sad8787/C-repo</p><p>https://github.com/sad8787/Java</p><p></p>

[2021-10-06T20:00:25.975Z] : [info]:  Добрый день,
 
 Меня зовут Садиэль Годалес. 
 
 На сайте hh.ru меня заинтересовала вакансия программист, размещённая Вашей компанией.
 Я получил высшее образование в г. Гавана (Куба) и работал программистом у поставщика программного обеспечения. Имею опыт работы с клиентами, занимался защитой информации, управлял базами данных. Знаком со стандартными алгоритмами и структурами данных, немного с Linux. Уверенно программирую на языках C#, SQL. Только что закончил курс по разработке мобильных приложений на Android.
 Владею испанским (родной), русским и английским языками. Люблю свою профессию и не перестаю самосовершенствоваться.
 Больше информации обо мне Вы можете прочитать в резюме. Готов ответить на Ваши вопросы при личной встрече или по скайпу. При необходимости готов выполнить тестовое задание.
 Вы можете связаться со мной по телефону 8 916 257 72 33, WhatsApp +7 963 7169740 или по электронной почте, sadielgodales@gmail.com.
 https://github.com/sad8787/C-repo
 https://github.com/sad8787/Java
 


[2021-10-06T20:00:30.337Z] : [info]: someone is there

[2021-10-06T20:00:48.762Z] : [info]: END Loguin

[2021-10-06T20:00:54.747Z] : [info]: END search

[2021-10-06T20:00:57.195Z] : [info]: 1xxx

[2021-10-06T20:00:57.638Z] : [info]: 2xxx

[2021-10-06T20:00:58.630Z] : [info]: 1xxx

[2021-10-06T20:00:58.975Z] : [info]: 2xxx

[2021-10-06T20:00:59.706Z] : [info]: 1xxx

[2021-10-06T20:01:00.072Z] : [info]: 2xxx

[2021-10-06T20:01:00.990Z] : [info]: 1xxx

[2021-10-06T20:01:01.301Z] : [info]: 2xxx

[2021-10-06T20:01:02.171Z] : [info]: 1xxx

[2021-10-06T20:01:02.488Z] : [info]: 2xxx

[2021-10-06T20:01:03.251Z] : [info]: 1xxx

[2021-10-06T20:01:03.476Z] : [info]: 2xxx

[2021-10-06T20:01:04.040Z] : [info]: 1xxx

[2021-10-06T20:01:04.268Z] : [info]: 2xxx

[2021-10-06T20:01:04.799Z] : [info]: 1xxx

[2021-10-06T20:01:05.003Z] : [info]: 2xxx

[2021-10-06T20:01:05.551Z] : [info]: 1xxx

[2021-10-06T20:01:05.771Z] : [info]: 2xxx

[2021-10-06T20:01:06.298Z] : [info]: 1xxx

[2021-10-06T20:01:06.515Z] : [info]: 2xxx

[2021-10-06T20:01:07.042Z] : [info]: 1xxx

[2021-10-06T20:01:07.262Z] : [info]: 2xxx

[2021-10-06T20:01:07.839Z] : [info]: 1xxx

[2021-10-06T20:01:08.049Z] : [info]: 2xxx

[2021-10-06T20:01:08.567Z] : [info]: 1xxx

[2021-10-06T20:01:08.759Z] : [info]: 2xxx

[2021-10-06T20:01:09.314Z] : [info]: 1xxx

[2021-10-06T20:01:09.514Z] : [info]: 2xxx

[2021-10-06T20:01:10.044Z] : [info]: 1xxx

[2021-10-06T20:01:10.256Z] : [info]: 2xxx

[2021-10-06T20:01:10.787Z] : [info]: 1xxx

[2021-10-06T20:01:11.003Z] : [info]: 2xxx

[2021-10-06T20:01:11.539Z] : [info]: 1xxx

[2021-10-06T20:01:11.738Z] : [info]: 2xxx

[2021-10-06T20:01:12.259Z] : [info]: 1xxx

[2021-10-06T20:01:12.455Z] : [info]: 2xxx

[2021-10-06T20:01:12.999Z] : [info]: 1xxx

[2021-10-06T20:01:13.205Z] : [info]: 2xxx

[2021-10-06T20:01:13.738Z] : [info]: 1xxx

[2021-10-06T20:01:13.938Z] : [info]: 2xxx

[2021-10-06T20:01:14.502Z] : [info]: 1xxx

[2021-10-06T20:01:14.707Z] : [info]: 2xxx

[2021-10-06T20:01:15.234Z] : [info]: 1xxx

[2021-10-06T20:01:15.434Z] : [info]: 2xxx

[2021-10-06T20:01:15.972Z] : [info]: 1xxx

[2021-10-06T20:01:16.168Z] : [info]: 2xxx

[2021-10-06T20:01:16.699Z] : [info]: 1xxx

[2021-10-06T20:01:16.900Z] : [info]: 2xxx

[2021-10-06T20:01:17.427Z] : [info]: 1xxx

[2021-10-06T20:01:17.649Z] : [info]: 2xxx

[2021-10-06T20:01:18.203Z] : [info]: 1xxx

[2021-10-06T20:01:18.427Z] : [info]: 2xxx

[2021-10-06T20:01:18.952Z] : [info]: 1xxx

[2021-10-06T20:01:19.164Z] : [info]: 2xxx

[2021-10-06T20:01:19.691Z] : [info]: 1xxx

[2021-10-06T20:01:19.888Z] : [info]: 2xxx

[2021-10-06T20:01:20.403Z] : [info]: 1xxx

[2021-10-06T20:01:20.615Z] : [info]: 2xxx

[2021-10-06T20:01:21.133Z] : [info]: 1xxx

[2021-10-06T20:01:21.346Z] : [info]: 2xxx

[2021-10-06T20:01:21.884Z] : [info]: 1xxx

[2021-10-06T20:01:22.124Z] : [info]: 2xxx

[2021-10-06T20:01:22.664Z] : [info]: 1xxx

[2021-10-06T20:01:22.866Z] : [info]: 2xxx

[2021-10-06T20:01:23.397Z] : [info]: 1xxx

[2021-10-06T20:01:23.623Z] : [info]: 2xxx

[2021-10-06T20:01:24.151Z] : [info]: 1xxx

[2021-10-06T20:01:24.362Z] : [info]: 2xxx

[2021-10-06T20:01:24.936Z] : [info]: 1xxx

[2021-10-06T20:01:25.143Z] : [info]: 2xxx

[2021-10-06T20:01:25.698Z] : [info]: 1xxx

[2021-10-06T20:01:25.902Z] : [info]: 2xxx

[2021-10-06T20:01:26.513Z] : [info]: 1xxx

[2021-10-06T20:01:26.754Z] : [info]: 2xxx

[2021-10-06T20:01:27.396Z] : [info]: 1xxx

[2021-10-06T20:01:27.674Z] : [info]: 2xxx

[2021-10-06T20:01:28.319Z] : [info]: 1xxx

[2021-10-06T20:01:28.617Z] : [info]: 2xxx

[2021-10-06T20:01:29.253Z] : [info]: 1xxx

[2021-10-06T20:01:29.514Z] : [info]: 2xxx

[2021-10-06T20:01:30.131Z] : [info]: 1xxx

[2021-10-06T20:01:30.377Z] : [info]: 1231 ; 691

[2021-10-06T20:01:32.075Z] : [info]: Una propuesta fue seleccionada

[2021-10-06T20:01:52.252Z] : [error]: Selectors: Failed to allocate 25229352 bytes

[2021-10-06T20:01:52.257Z] : [error]: Total execution time: 1m 33s 574ms

[2021-10-06T20:01:52.259Z] : [info]: ---------------------------------------------

[2021-10-06T20:02:58.577Z] : [success]: Robot saved successfully

[2021-10-06T20:03:13.655Z] : [success]: Robot saved successfully

[2021-10-06T20:03:16.990Z] : [success]: Robot saved successfully

[2021-10-06T20:03:17.096Z] : [success]: Bot started

[2021-10-06T20:03:17.097Z] : [info]: Robot start

[2021-10-06T20:03:19.662Z] : [info]: <p>Добрый день,</p><p></p><p>Меня зовут Садиэль Годалес. </p><p></p><p>На сайте hh.ru меня заинтересовала вакансия программист, размещённая Вашей компанией.</p><p>Я получил высшее образование в г. Гавана (Куба) и работал программистом у поставщика программного обеспечения. Имею опыт работы с клиентами, занимался защитой информации, управлял базами данных. Знаком со стандартными алгоритмами и структурами данных, немного с Linux. Уверенно программирую на языках C#, SQL. Только что закончил курс по разработке мобильных приложений на Android.</p><p>Владею испанским (родной), русским и английским языками. Люблю свою профессию и не перестаю самосовершенствоваться.</p><p>Больше информации обо мне Вы можете прочитать в резюме. Готов ответить на Ваши вопросы при личной встрече или по скайпу. При необходимости готов выполнить тестовое задание.</p><p>Вы можете связаться со мной по телефону 8 916 257 72 33, WhatsApp +7 963 7169740 или по электронной почте, sadielgodales@gmail.com.</p><p>https://github.com/sad8787/C-repo</p><p>https://github.com/sad8787/Java</p><p></p>

[2021-10-06T20:03:19.678Z] : [info]:  Добрый день,
 
 Меня зовут Садиэль Годалес. 
 
 На сайте hh.ru меня заинтересовала вакансия программист, размещённая Вашей компанией.
 Я получил высшее образование в г. Гавана (Куба) и работал программистом у поставщика программного обеспечения. Имею опыт работы с клиентами, занимался защитой информации, управлял базами данных. Знаком со стандартными алгоритмами и структурами данных, немного с Linux. Уверенно программирую на языках C#, SQL. Только что закончил курс по разработке мобильных приложений на Android.
 Владею испанским (родной), русским и английским языками. Люблю свою профессию и не перестаю самосовершенствоваться.
 Больше информации обо мне Вы можете прочитать в резюме. Готов ответить на Ваши вопросы при личной встрече или по скайпу. При необходимости готов выполнить тестовое задание.
 Вы можете связаться со мной по телефону 8 916 257 72 33, WhatsApp +7 963 7169740 или по электронной почте, sadielgodales@gmail.com.
 https://github.com/sad8787/C-repo
 https://github.com/sad8787/Java
 


[2021-10-06T20:03:25.133Z] : [info]: someone is there

[2021-10-06T20:06:15.823Z] : [error]: Delay been disposed

[2021-10-06T20:06:15.826Z] : [error]: Total execution time: 2m 58s 725ms

[2021-10-06T20:06:15.827Z] : [info]: ---------------------------------------------

[2021-10-06T20:27:39.351Z] : [success]: Robot saved successfully

[2021-10-06T20:27:39.470Z] : [success]: Bot started

[2021-10-06T20:27:39.471Z] : [info]: Robot start

[2021-10-06T20:27:47.130Z] : [error]: Delay been disposed

[2021-10-06T20:27:47.134Z] : [error]: Total execution time: 7s 657ms

[2021-10-06T20:27:47.136Z] : [info]: ---------------------------------------------

[2021-10-06T20:29:09.742Z] : [warn]: There is a small amount of free memory (RAM) left, 91.7% of RAM is being used (5555 MBs). The performance of Studio Pro and bots during execution may be unstable. Close applications that are not being used, increase the memory, or optimize the workflow.

[2021-10-06T20:35:13.054Z] : [success]: Robot saved successfully

[2021-10-06T20:35:30.092Z] : [success]: Robot saved successfully

[2021-10-06T20:35:30.216Z] : [success]: Bot started

[2021-10-06T20:35:30.217Z] : [info]: Robot start

[2021-10-06T20:35:40.271Z] : [error]: Selectors: Failed to allocate 25229352 bytes

[2021-10-06T20:35:40.274Z] : [error]: Total execution time: 10s 53ms

[2021-10-06T20:35:40.276Z] : [info]: ---------------------------------------------

[2021-10-06T20:53:18.082Z] : [success]: Robot saved successfully

[2021-10-06T20:53:18.251Z] : [success]: Bot started

[2021-10-06T20:53:18.252Z] : [info]: Robot start

[2021-10-06T20:53:25.168Z] : [error]: Selectors: Nothing found

[2021-10-06T20:53:25.174Z] : [error]: Total execution time: 6s 913ms

[2021-10-06T20:53:25.176Z] : [info]: ---------------------------------------------

[2021-10-06T20:56:57.005Z] : [success]: Robot saved successfully

[2021-10-06T20:57:00.267Z] : [success]: Robot saved successfully

[2021-10-06T20:57:00.369Z] : [success]: Bot started

[2021-10-06T20:57:00.370Z] : [info]: Robot start

[2021-10-06T20:57:03.193Z] : [error]: Selectors: Nothing found

[2021-10-06T20:57:03.199Z] : [error]: Total execution time: 2s 822ms

[2021-10-06T20:57:03.200Z] : [info]: ---------------------------------------------

[2021-10-06T21:24:12.392Z] : [success]: Robot saved successfully

[2021-10-06T21:25:39.832Z] : [success]: Robot saved successfully

[2021-10-06T21:25:39.952Z] : [success]: Bot started

[2021-10-06T21:25:39.953Z] : [info]: Robot start

[2021-10-06T21:25:49.990Z] : [error]: Selectors: Nothing found

[2021-10-06T21:25:49.995Z] : [error]: Total execution time: 10s 35ms

[2021-10-06T21:25:49.998Z] : [info]: ---------------------------------------------

[2021-10-06T21:28:40.713Z] : [success]: Robot saved successfully

