
  ==========================================
  Studio Pro version: 6.5.4
  Started at: 11/10/2021 20:57:37
  ==========================================
  

[2021-10-11T17:57:41.441Z] : [success]: Robot saved successfully

[2021-10-11T17:57:41.617Z] : [info]: ---------------------------------------------

[2021-10-11T17:57:41.618Z] : [success]: Bot started

[2021-10-11T17:57:41.619Z] : [info]: Robot start

[2021-10-11T17:57:51.300Z] : [info]: <p>Добрый день,</p><p></p><p>Меня зовут Садиэль Годалес. </p><p></p><p>На сайте hh.ru меня заинтересовала вакансия Специалист по IT, размещённая Вашей компанией.</p><p>Я получил высшее образование в г. Гавана (Куба) и работал программистом у поставщика программного обеспечения. Имею опыт работы с клиентами, занимался защитой информации, управлял базами данных. Знаком со стандартными алгоритмами и структурами данных, немного с Linux. Уверенно программирую на языках C#, SQL. Только что закончил курс по разработке мобильных приложений на Android.</p><p>Владею испанским (родной), русским и английским языками. Люблю свою профессию и не перестаю самосовершенствоваться.</p><p>Больше информации обо мне Вы можете прочитать в резюме. Готов ответить на Ваши вопросы при личной встрече или по скайпу. При необходимости готов выполнить тестовое задание.</p><p>Вы можете связаться со мной по телефону 8 916 257 72 33, WhatsApp +7 963 7169740 или по электронной почте, sadielgodales@gmail.com.</p><p>https://github.com/sad8787/C-repo</p><p>https://github.com/sad8787/Java</p><p></p>

[2021-10-11T17:58:27.681Z] : [info]: someone is there

[2021-10-11T17:58:48.561Z] : [error]: Selectors: Nothing found

[2021-10-11T17:58:48.576Z] : [error]: Total execution time: 1m 6s 942ms

[2021-10-11T17:58:48.578Z] : [info]: ---------------------------------------------

[2021-10-11T18:00:02.022Z] : [success]: Robot saved successfully

[2021-10-11T18:00:02.189Z] : [success]: Bot started

[2021-10-11T18:00:02.190Z] : [info]: Robot start

[2021-10-11T18:00:07.081Z] : [info]: <p>Добрый день,</p><p></p><p>Меня зовут Садиэль Годалес. </p><p></p><p>На сайте hh.ru меня заинтересовала вакансия Специалист по IT, размещённая Вашей компанией.</p><p>Я получил высшее образование в г. Гавана (Куба) и работал программистом у поставщика программного обеспечения. Имею опыт работы с клиентами, занимался защитой информации, управлял базами данных. Знаком со стандартными алгоритмами и структурами данных, немного с Linux. Уверенно программирую на языках C#, SQL. Только что закончил курс по разработке мобильных приложений на Android.</p><p>Владею испанским (родной), русским и английским языками. Люблю свою профессию и не перестаю самосовершенствоваться.</p><p>Больше информации обо мне Вы можете прочитать в резюме. Готов ответить на Ваши вопросы при личной встрече или по скайпу. При необходимости готов выполнить тестовое задание.</p><p>Вы можете связаться со мной по телефону 8 916 257 72 33, WhatsApp +7 963 7169740 или по электронной почте, sadielgodales@gmail.com.</p><p>https://github.com/sad8787/C-repo</p><p>https://github.com/sad8787/Java</p><p></p>

[2021-10-11T18:00:34.544Z] : [info]: someone is there

[2021-10-11T18:00:52.584Z] : [error]: Selectors: Nothing found

[2021-10-11T18:00:52.588Z] : [error]: Total execution time: 50s 393ms

[2021-10-11T18:00:52.589Z] : [info]: ---------------------------------------------

[2021-10-11T18:04:50.611Z] : [success]: Robot saved successfully

[2021-10-11T18:04:57.164Z] : [success]: Robot saved successfully

[2021-10-11T18:04:57.333Z] : [success]: Bot started

[2021-10-11T18:04:57.334Z] : [info]: Robot start

[2021-10-11T18:05:02.254Z] : [info]: <p>Добрый день,</p><p></p><p>Меня зовут Садиэль Годалес. </p><p></p><p>На сайте hh.ru меня заинтересовала вакансия Специалист по IT, размещённая Вашей компанией.</p><p>Я получил высшее образование в г. Гавана (Куба) и работал программистом у поставщика программного обеспечения. Имею опыт работы с клиентами, занимался защитой информации, управлял базами данных. Знаком со стандартными алгоритмами и структурами данных, немного с Linux. Уверенно программирую на языках C#, SQL. Только что закончил курс по разработке мобильных приложений на Android.</p><p>Владею испанским (родной), русским и английским языками. Люблю свою профессию и не перестаю самосовершенствоваться.</p><p>Больше информации обо мне Вы можете прочитать в резюме. Готов ответить на Ваши вопросы при личной встрече или по скайпу. При необходимости готов выполнить тестовое задание.</p><p>Вы можете связаться со мной по телефону 8 916 257 72 33, WhatsApp +7 963 7169740 или по электронной почте, sadielgodales@gmail.com.</p><p>https://github.com/sad8787/C-repo</p><p>https://github.com/sad8787/Java</p><p></p>

[2021-10-11T18:05:45.012Z] : [info]: END Loguin

[2021-10-11T18:05:50.457Z] : [info]: END search

[2021-10-11T18:05:57.514Z] : [info]: Una propuesta fue seleccionada

[2021-10-11T18:06:18.547Z] : [warn]: There is a small amount of free memory (RAM) left, 90.54% of RAM is being used (5485 MBs). The performance of Studio Pro and bots during execution may be unstable. Close applications that are not being used, increase the memory, or optimize the workflow.

[2021-10-11T18:06:37.989Z] : [info]: choose Summary. Send cover letter

[2021-10-11T18:06:39.879Z] : [info]: si aclicar

[2021-10-11T18:07:04.384Z] : [info]: END search

[2021-10-11T18:07:11.274Z] : [info]: Una propuesta fue seleccionada

[2021-10-11T18:07:40.303Z] : [info]: choose Summary. Send cover letter

[2021-10-11T18:07:42.022Z] : [info]: si aclicar

[2021-10-11T18:08:06.204Z] : [info]: END search

[2021-10-11T18:08:15.022Z] : [info]: choose Summary. Send cover letter

[2021-10-11T18:08:16.909Z] : [info]: si aclicar

[2021-10-11T18:08:40.218Z] : [info]: END search

[2021-10-11T18:08:49.039Z] : [info]: choose Summary. Send cover letter

[2021-10-11T18:08:50.756Z] : [info]: si aclicar

[2021-10-11T18:09:14.208Z] : [info]: END search

[2021-10-11T18:09:23.023Z] : [info]: choose Summary. Send cover letter

[2021-10-11T18:09:24.687Z] : [info]: si aclicar

[2021-10-11T18:09:48.095Z] : [info]: END search

[2021-10-11T18:09:57.402Z] : [info]: Una propuesta fue seleccionada

[2021-10-11T18:10:19.117Z] : [info]: take contact details

[2021-10-11T18:10:25.166Z] : [info]: choose Summary. Send cover letter

[2021-10-11T18:10:26.917Z] : [info]: si aclicar

[2021-10-11T18:10:51.310Z] : [info]: END search

[2021-10-11T18:10:57.894Z] : [info]: Una propuesta fue seleccionada

[2021-10-11T18:11:25.751Z] : [info]: choose Summary. Send cover letter

[2021-10-11T18:11:27.463Z] : [info]: si aclicar

[2021-10-11T18:11:52.376Z] : [info]: END search

[2021-10-11T18:12:00.262Z] : [info]: choose Summary. Send cover letter

[2021-10-11T18:12:02.189Z] : [info]: si aclicar

[2021-10-11T18:12:26.415Z] : [info]: END search

[2021-10-11T18:12:35.395Z] : [info]: choose Summary. Send cover letter

[2021-10-11T18:12:37.157Z] : [info]: si aclicar

[2021-10-11T18:13:22.783Z] : [info]: END search

[2021-10-11T18:13:31.750Z] : [info]: choose Summary. Send cover letter

[2021-10-11T18:13:33.456Z] : [info]: si aclicar

[2021-10-11T18:13:56.907Z] : [info]: END search

[2021-10-11T18:14:05.955Z] : [info]: choose Summary. Send cover letter

[2021-10-11T18:14:07.680Z] : [info]: si aclicar

[2021-10-11T18:15:18.521Z] : [info]: END search

[2021-10-11T18:15:26.573Z] : [info]: Una propuesta fue seleccionada

[2021-10-11T18:15:51.404Z] : [info]: take contact details

[2021-10-11T18:16:04.763Z] : [info]: choose Summary. Send cover letter

[2021-10-11T18:16:06.509Z] : [info]: si aclicar

[2021-10-11T18:16:30.385Z] : [info]: END search

[2021-10-11T18:16:38.346Z] : [info]: choose Summary. Send cover letter

[2021-10-11T18:16:40.363Z] : [info]: si aclicar

[2021-10-11T18:17:03.637Z] : [info]: END search

[2021-10-11T18:17:12.521Z] : [info]: choose Summary. Send cover letter

[2021-10-11T18:17:14.230Z] : [info]: si aclicar

[2021-10-11T18:17:38.903Z] : [info]: END search

[2021-10-11T18:17:46.009Z] : [info]: Una propuesta fue seleccionada

[2021-10-11T18:19:17.195Z] : [info]: choose Summary. Send cover letter

[2021-10-11T18:19:19.056Z] : [info]: si aclicar

[2021-10-11T18:20:04.816Z] : [info]: END search

[2021-10-11T18:20:14.101Z] : [info]: choose Summary. Send cover letter

[2021-10-11T18:20:16.147Z] : [info]: si aclicar

[2021-10-11T18:20:41.372Z] : [info]: END search

[2021-10-11T18:20:48.131Z] : [info]: Una propuesta fue seleccionada

[2021-10-11T18:21:25.885Z] : [info]: choose Summary. Send cover letter

[2021-10-11T18:21:27.602Z] : [info]: si aclicar

[2021-10-11T18:22:51.657Z] : [info]: END search

[2021-10-11T18:22:59.545Z] : [info]: choose Summary. Send cover letter

[2021-10-11T18:23:01.568Z] : [info]: si aclicar

[2021-10-11T18:23:25.212Z] : [info]: END search

[2021-10-11T18:23:33.118Z] : [info]: choose Summary. Send cover letter

[2021-10-11T18:23:35.169Z] : [info]: si aclicar

[2021-10-11T18:24:41.477Z] : [info]: END search

[2021-10-11T18:24:50.710Z] : [info]: choose Summary. Send cover letter

[2021-10-11T18:24:52.605Z] : [info]: si aclicar

[2021-10-11T18:25:28.253Z] : [info]: END search

[2021-10-11T18:25:37.409Z] : [info]: choose Summary. Send cover letter

[2021-10-11T18:25:39.101Z] : [info]: si aclicar

[2021-10-11T18:26:45.611Z] : [info]: END search

[2021-10-11T18:26:53.241Z] : [info]: Una propuesta fue seleccionada

[2021-10-11T18:27:22.344Z] : [info]: take contact details

[2021-10-11T18:27:27.701Z] : [info]: choose Summary. Send cover letter

[2021-10-11T18:27:29.408Z] : [info]: si aclicar

[2021-10-11T18:27:56.093Z] : [info]: END search

[2021-10-11T18:28:02.732Z] : [info]: Una propuesta fue seleccionada

[2021-10-11T18:28:32.193Z] : [info]: choose Summary. Send cover letter

[2021-10-11T18:28:34.236Z] : [info]: si aclicar

[2021-10-11T18:29:29.771Z] : [info]: END search

[2021-10-11T18:29:36.608Z] : [info]: Una propuesta fue seleccionada

[2021-10-11T18:30:52.787Z] : [info]: choose Summary. Send cover letter

[2021-10-11T18:30:54.618Z] : [info]: si aclicar

[2021-10-11T18:31:48.565Z] : [info]: END search

[2021-10-11T18:31:57.537Z] : [info]: choose Summary. Send cover letter

[2021-10-11T18:31:59.392Z] : [info]: si aclicar

[2021-10-11T18:32:23.005Z] : [info]: END search

[2021-10-11T18:32:39.983Z] : [error]: Script Stopped.

[2021-10-11T18:32:39.988Z] : [warn]: Total execution time: 27m 42s 649ms

[2021-10-11T18:32:39.990Z] : [info]: ---------------------------------------------

[2021-10-11T18:32:46.443Z] : [success]: Robot saved successfully

[2021-10-11T18:32:46.579Z] : [success]: Bot started

[2021-10-11T18:32:46.580Z] : [info]: Robot start

[2021-10-11T18:32:53.068Z] : [info]: <p>Добрый день,</p><p></p><p>Меня зовут Садиэль Годалес. </p><p></p><p>На сайте hh.ru меня заинтересовала вакансия Специалист по IT, размещённая Вашей компанией.</p><p>Я получил высшее образование в г. Гавана (Куба) и работал программистом у поставщика программного обеспечения. Имею опыт работы с клиентами, занимался защитой информации, управлял базами данных. Знаком со стандартными алгоритмами и структурами данных, немного с Linux. Уверенно программирую на языках C#, SQL. Только что закончил курс по разработке мобильных приложений на Android.</p><p>Владею испанским (родной), русским и английским языками. Люблю свою профессию и не перестаю самосовершенствоваться.</p><p>Больше информации обо мне Вы можете прочитать в резюме. Готов ответить на Ваши вопросы при личной встрече или по скайпу. При необходимости готов выполнить тестовое задание.</p><p>Вы можете связаться со мной по телефону 8 916 257 72 33, WhatsApp +7 963 7169740 или по электронной почте, sadielgodales@gmail.com.</p><p>https://github.com/sad8787/C-repo</p><p>https://github.com/sad8787/Java</p><p></p>

[2021-10-11T18:33:20.764Z] : [info]: someone is there

[2021-10-11T18:33:46.277Z] : [info]: END Loguin

[2021-10-11T18:33:51.781Z] : [info]: END search

[2021-10-11T18:34:00.961Z] : [info]: choose Summary. Send cover letter

[2021-10-11T18:34:02.885Z] : [info]: si aclicar

[2021-10-11T18:34:28.252Z] : [info]: END search

[2021-10-11T18:34:34.931Z] : [info]: Una propuesta fue seleccionada

[2021-10-11T18:34:51.213Z] : [info]: choose Summary. Send cover letter

[2021-10-11T18:34:53.282Z] : [info]: si aclicar

[2021-10-11T18:35:19.041Z] : [info]: END search

[2021-10-11T18:35:25.683Z] : [info]: Una propuesta fue seleccionada

[2021-10-11T18:36:04.259Z] : [info]: choose Summary. Send cover letter

[2021-10-11T18:36:07.294Z] : [info]: si aclicar

[2021-10-11T18:36:33.143Z] : [info]: END search

[2021-10-11T18:36:39.757Z] : [info]: Una propuesta fue seleccionada

[2021-10-11T18:37:19.899Z] : [info]: choose Summary. Send cover letter

[2021-10-11T18:37:21.716Z] : [info]: si aclicar

[2021-10-11T18:37:47.088Z] : [info]: END search

[2021-10-11T18:37:52.669Z] : [info]: Una propuesta fue seleccionada

[2021-10-11T18:38:39.140Z] : [info]: choose Summary. Send cover letter

[2021-10-11T18:38:40.956Z] : [info]: si aclicar

[2021-10-11T18:39:06.748Z] : [info]: END search

[2021-10-11T18:39:14.757Z] : [info]: Una propuesta fue seleccionada

[2021-10-11T18:40:30.444Z] : [info]: take contact details

[2021-10-11T18:40:42.807Z] : [info]: choose Summary. Send cover letter

[2021-10-11T18:40:44.603Z] : [info]: si aclicar

[2021-10-11T18:41:11.364Z] : [info]: END search

[2021-10-11T18:41:17.981Z] : [info]: Una propuesta fue seleccionada

[2021-10-11T18:42:37.285Z] : [info]: choose Summary. Send cover letter

[2021-10-11T18:42:39.228Z] : [info]: si aclicar

[2021-10-11T18:43:04.894Z] : [info]: END search

[2021-10-11T18:43:13.736Z] : [info]: choose Summary. Send cover letter

[2021-10-11T18:43:15.886Z] : [info]: si aclicar

[2021-10-11T18:43:41.055Z] : [info]: END search

[2021-10-11T18:43:50.452Z] : [info]: choose Summary. Send cover letter

[2021-10-11T18:43:52.327Z] : [info]: si aclicar

[2021-10-11T18:44:19.154Z] : [info]: END search

[2021-10-11T18:44:31.397Z] : [info]: choose Summary. Send cover letter

[2021-10-11T18:44:33.311Z] : [info]: si aclicar

[2021-10-11T18:44:58.848Z] : [info]: END search

[2021-10-11T18:45:10.216Z] : [info]: choose Summary. Send cover letter

[2021-10-11T18:45:12.162Z] : [info]: si aclicar

[2021-10-11T18:45:36.665Z] : [info]: END search

[2021-10-11T18:45:48.994Z] : [info]: choose Summary. Send cover letter

[2021-10-11T18:45:51.013Z] : [info]: si aclicar

[2021-10-11T18:46:18.117Z] : [info]: END search

[2021-10-11T18:46:25.908Z] : [info]: choose Summary. Send cover letter

[2021-10-11T18:46:27.643Z] : [info]: si aclicar

[2021-10-11T18:46:52.720Z] : [info]: END search

[2021-10-11T18:46:59.517Z] : [info]: Una propuesta fue seleccionada

[2021-10-11T18:47:40.337Z] : [info]: choose Summary. Send cover letter

[2021-10-11T18:47:42.404Z] : [info]: si aclicar

[2021-10-11T18:48:09.293Z] : [info]: END search

[2021-10-11T18:48:15.869Z] : [info]: Una propuesta fue seleccionada

[2021-10-11T18:48:57.455Z] : [info]: choose Summary. Send cover letter

[2021-10-11T18:48:59.198Z] : [info]: si aclicar

[2021-10-11T18:49:24.306Z] : [info]: END search

[2021-10-11T18:49:31.323Z] : [info]: Una propuesta fue seleccionada

[2021-10-11T18:50:20.051Z] : [info]: take contact details

[2021-10-11T18:50:33.275Z] : [info]: choose Summary. Send cover letter

[2021-10-11T18:50:35.109Z] : [info]: si aclicar

[2021-10-11T18:50:59.486Z] : [info]: END search

[2021-10-11T18:51:08.414Z] : [info]: choose Summary. Send cover letter

[2021-10-11T18:51:10.302Z] : [info]: si aclicar

[2021-10-11T18:51:36.638Z] : [info]: END search

[2021-10-11T18:51:43.670Z] : [info]: Una propuesta fue seleccionada

[2021-10-11T18:52:41.060Z] : [info]: take contact details

[2021-10-11T18:52:53.429Z] : [info]: choose Summary. Send cover letter

[2021-10-11T18:52:55.261Z] : [info]: si aclicar

[2021-10-11T18:53:20.801Z] : [info]: END search

[2021-10-11T18:53:27.511Z] : [info]: Una propuesta fue seleccionada

[2021-10-11T18:54:14.710Z] : [info]: choose Summary. Send cover letter

[2021-10-11T18:54:16.727Z] : [info]: si aclicar

[2021-10-11T18:54:43.271Z] : [info]: END search

[2021-10-11T18:54:51.967Z] : [info]: choose Summary. Send cover letter

[2021-10-11T18:54:53.745Z] : [info]: si aclicar

[2021-10-11T18:55:18.351Z] : [info]: END search

[2021-10-11T18:55:27.891Z] : [info]: choose Summary. Send cover letter

[2021-10-11T18:55:40.748Z] : [error]: Script Stopped.

[2021-10-11T18:55:40.753Z] : [warn]: Total execution time: 22m 54s 166ms

[2021-10-11T18:55:40.755Z] : [info]: ---------------------------------------------

[2021-10-11T18:58:57.963Z] : [success]: Robot saved successfully

[2021-10-11T18:58:58.208Z] : [success]: Bot started

[2021-10-11T18:58:58.209Z] : [info]: Robot start

[2021-10-11T18:59:01.366Z] : [info]: <p>Добрый день,</p><p></p><p>Меня зовут Садиэль Годалес. </p><p></p><p>На сайте hh.ru меня заинтересовала вакансия Специалист по IT, размещённая Вашей компанией.</p><p>Я получил высшее образование в г. Гавана (Куба) и работал программистом у поставщика программного обеспечения. Имею опыт работы с клиентами, занимался защитой информации, управлял базами данных. Знаком со стандартными алгоритмами и структурами данных, немного с Linux. Уверенно программирую на языках C#, SQL. Только что закончил курс по разработке мобильных приложений на Android.</p><p>Владею испанским (родной), русским и английским языками. Люблю свою профессию и не перестаю самосовершенствоваться.</p><p>Больше информации обо мне Вы можете прочитать в резюме. Готов ответить на Ваши вопросы при личной встрече или по скайпу. При необходимости готов выполнить тестовое задание.</p><p>Вы можете связаться со мной по телефону 8 916 257 72 33, WhatsApp +7 963 7169740 или по электронной почте, sadielgodales@gmail.com.</p><p>https://github.com/sad8787/C-repo</p><p>https://github.com/sad8787/Java</p><p></p>

[2021-10-11T18:59:28.568Z] : [info]: someone is there

[2021-10-11T18:59:53.310Z] : [info]: END Loguin

[2021-10-11T18:59:59.147Z] : [info]: END search

[2021-10-11T19:00:06.217Z] : [info]: Una propuesta fue seleccionada

[2021-10-11T19:01:27.648Z] : [info]: choose Summary. Send cover letter

[2021-10-11T19:01:43.912Z] : [info]: no aclicar porque Es examen

[2021-10-11T19:02:04.674Z] : [info]: END search

[2021-10-11T19:02:10.315Z] : [info]: Una propuesta fue seleccionada

[2021-10-11T19:03:28.780Z] : [info]: choose Summary. Send cover letter

[2021-10-11T19:03:44.966Z] : [info]: no aclicar porque Es examen

[2021-10-11T19:04:05.518Z] : [info]: END search

[2021-10-11T19:04:11.177Z] : [info]: Una propuesta fue seleccionada

[2021-10-11T19:04:38.668Z] : [info]: take contact details

[2021-10-11T19:04:51.378Z] : [info]: choose Summary. Send cover letter

[2021-10-11T19:04:53.236Z] : [info]: si aclicar

[2021-10-11T19:05:19.832Z] : [info]: END search

[2021-10-11T19:05:29.733Z] : [info]: choose Summary. Send cover letter

[2021-10-11T19:05:31.535Z] : [info]: si aclicar

[2021-10-11T19:05:54.653Z] : [info]: END search

[2021-10-11T19:06:04.475Z] : [info]: choose Summary. Send cover letter

[2021-10-11T19:06:06.577Z] : [info]: si aclicar

[2021-10-11T19:06:29.884Z] : [info]: END search

[2021-10-11T19:06:36.686Z] : [info]: Una propuesta fue seleccionada

[2021-10-11T19:07:22.141Z] : [info]: take contact details

[2021-10-11T19:07:28.298Z] : [info]: choose Summary. Send cover letter

[2021-10-11T19:07:30.154Z] : [info]: si aclicar

[2021-10-11T19:07:56.071Z] : [info]: END search

[2021-10-11T19:08:04.113Z] : [info]: choose Summary. Send cover letter

[2021-10-11T19:08:06.234Z] : [info]: si aclicar

[2021-10-11T19:08:31.584Z] : [info]: END search

[2021-10-11T19:08:37.928Z] : [info]: Una propuesta fue seleccionada

[2021-10-11T19:08:57.893Z] : [info]: choose Summary. Send cover letter

[2021-10-11T19:08:59.610Z] : [info]: si aclicar

[2021-10-11T19:09:25.717Z] : [info]: END search

[2021-10-11T19:09:31.202Z] : [info]: Una propuesta fue seleccionada

[2021-10-11T19:09:56.482Z] : [info]: choose Summary. Send cover letter

[2021-10-11T19:09:58.165Z] : [info]: si aclicar

[2021-10-11T19:10:22.394Z] : [info]: END search

[2021-10-11T19:11:06.411Z] : [info]: Una propuesta fue seleccionada

[2021-10-11T19:11:26.249Z] : [info]: take contact details

[2021-10-11T19:11:38.361Z] : [info]: choose Summary. Send cover letter

[2021-10-11T19:11:40.105Z] : [info]: si aclicar

[2021-10-11T19:12:04.251Z] : [info]: END search

[2021-10-11T19:12:11.145Z] : [info]: Una propuesta fue seleccionada

[2021-10-11T19:12:40.475Z] : [info]: take contact details

[2021-10-11T19:12:42.741Z] : [error]: Selectors: Nothing found

[2021-10-11T19:12:42.750Z] : [error]: Total execution time: 13m 44s 531ms

[2021-10-11T19:12:42.752Z] : [info]: ---------------------------------------------

[2021-10-11T19:17:51.045Z] : [success]: Robot saved successfully

[2021-10-11T19:17:51.205Z] : [success]: Bot started

[2021-10-11T19:17:51.206Z] : [info]: Robot start

[2021-10-11T19:17:59.915Z] : [info]: <p>Добрый день,</p><p></p><p>Меня зовут Садиэль Годалес. </p><p></p><p>На сайте hh.ru меня заинтересовала вакансия Специалист по IT, размещённая Вашей компанией.</p><p>Я получил высшее образование в г. Гавана (Куба) и работал программистом у поставщика программного обеспечения. Имею опыт работы с клиентами, занимался защитой информации, управлял базами данных. Знаком со стандартными алгоритмами и структурами данных, немного с Linux. Уверенно программирую на языках C#, SQL. Только что закончил курс по разработке мобильных приложений на Android.</p><p>Владею испанским (родной), русским и английским языками. Люблю свою профессию и не перестаю самосовершенствоваться.</p><p>Больше информации обо мне Вы можете прочитать в резюме. Готов ответить на Ваши вопросы при личной встрече или по скайпу. При необходимости готов выполнить тестовое задание.</p><p>Вы можете связаться со мной по телефону 8 916 257 72 33, WhatsApp +7 963 7169740 или по электронной почте, sadielgodales@gmail.com.</p><p>https://github.com/sad8787/C-repo</p><p>https://github.com/sad8787/Java</p><p></p>

[2021-10-11T19:18:27.552Z] : [info]: someone is there

[2021-10-11T19:18:36.135Z] : [error]: Script Stopped.

[2021-10-11T19:18:36.140Z] : [warn]: Total execution time: 44s 927ms

[2021-10-11T19:18:36.141Z] : [info]: ---------------------------------------------

[2021-10-11T19:18:38.654Z] : [success]: Robot saved successfully

[2021-10-11T19:18:38.785Z] : [success]: Bot started

[2021-10-11T19:18:38.786Z] : [info]: Robot start

[2021-10-11T19:18:46.429Z] : [info]: <p>Добрый день,</p><p></p><p>Меня зовут Садиэль Годалес. </p><p></p><p>На сайте hh.ru меня заинтересовала вакансия Специалист по IT, размещённая Вашей компанией.</p><p>Я получил высшее образование в г. Гавана (Куба) и работал программистом у поставщика программного обеспечения. Имею опыт работы с клиентами, занимался защитой информации, управлял базами данных. Знаком со стандартными алгоритмами и структурами данных, немного с Linux. Уверенно программирую на языках C#, SQL. Только что закончил курс по разработке мобильных приложений на Android.</p><p>Владею испанским (родной), русским и английским языками. Люблю свою профессию и не перестаю самосовершенствоваться.</p><p>Больше информации обо мне Вы можете прочитать в резюме. Готов ответить на Ваши вопросы при личной встрече или по скайпу. При необходимости готов выполнить тестовое задание.</p><p>Вы можете связаться со мной по телефону 8 916 257 72 33, WhatsApp +7 963 7169740 или по электронной почте, sadielgodales@gmail.com.</p><p>https://github.com/sad8787/C-repo</p><p>https://github.com/sad8787/Java</p><p></p>

[2021-10-11T19:19:13.392Z] : [info]: someone is there

[2021-10-11T19:19:37.728Z] : [info]: END Loguin

[2021-10-11T19:19:42.930Z] : [info]: END search

[2021-10-11T19:19:49.644Z] : [info]: Una propuesta fue seleccionada

[2021-10-11T19:20:20.686Z] : [info]: take contact details

[2021-10-11T19:20:25.918Z] : [info]: choose Summary. Send cover letter

[2021-10-11T19:20:27.638Z] : [info]: si aclicar

[2021-10-11T19:20:53.081Z] : [info]: END search

[2021-10-11T19:20:57.759Z] : [info]: Una propuesta fue seleccionada

[2021-10-11T19:21:32.251Z] : [info]: choose Summary. Send cover letter

[2021-10-11T19:21:34.010Z] : [info]: si aclicar

[2021-10-11T19:22:00.279Z] : [info]: END search

[2021-10-11T19:22:07.858Z] : [info]: choose Summary. Send cover letter

[2021-10-11T19:22:09.619Z] : [info]: si aclicar

[2021-10-11T19:22:33.313Z] : [info]: END search

[2021-10-11T19:22:40.351Z] : [info]: Una propuesta fue seleccionada

[2021-10-11T19:23:00.286Z] : [info]: take contact details

[2021-10-11T19:23:13.329Z] : [info]: choose Summary. Send cover letter

[2021-10-11T19:23:15.049Z] : [info]: si aclicar

[2021-10-11T19:23:39.877Z] : [info]: END search

[2021-10-11T19:23:46.731Z] : [info]: Una propuesta fue seleccionada

[2021-10-11T19:24:01.290Z] : [info]: take contact details

[2021-10-11T19:24:01.847Z] : [info]: choose Summary. Send cover letter

[2021-10-11T19:24:03.613Z] : [info]: si aclicar

[2021-10-11T19:24:28.068Z] : [info]: END search

[2021-10-11T19:24:32.799Z] : [info]: Una propuesta fue seleccionada

[2021-10-11T19:25:05.770Z] : [info]: choose Summary. Send cover letter

[2021-10-11T19:25:07.469Z] : [info]: si aclicar

[2021-10-11T19:25:32.450Z] : [info]: END search

[2021-10-11T19:25:49.484Z] : [info]: choose Summary. Send cover letter

[2021-10-11T19:25:51.487Z] : [info]: si aclicar

[2021-10-11T19:26:19.365Z] : [info]: END search

[2021-10-11T19:26:25.300Z] : [info]: Una propuesta fue seleccionada

[2021-10-11T19:26:50.335Z] : [info]: choose Summary. Send cover letter

[2021-10-11T19:26:52.272Z] : [info]: si aclicar

[2021-10-11T19:27:16.683Z] : [info]: END search

[2021-10-11T19:27:22.464Z] : [info]: choose Summary. Send cover letter

[2021-10-11T19:27:24.634Z] : [info]: si aclicar

[2021-10-11T19:27:49.689Z] : [info]: END search

[2021-10-11T19:27:55.950Z] : [info]: Una propuesta fue seleccionada

[2021-10-11T19:28:15.788Z] : [info]: choose Summary. Send cover letter

[2021-10-11T19:28:17.509Z] : [info]: si aclicar

[2021-10-11T19:28:42.106Z] : [info]: END search

[2021-10-11T19:28:52.229Z] : [info]: choose Summary. Send cover letter

[2021-10-11T19:28:53.967Z] : [info]: si aclicar

[2021-10-11T19:29:17.640Z] : [info]: END search

[2021-10-11T19:29:29.104Z] : [info]: choose Summary. Send cover letter

[2021-10-11T19:29:30.891Z] : [info]: si aclicar

[2021-10-11T19:29:55.809Z] : [info]: END search

[2021-10-11T19:30:05.837Z] : [info]: choose Summary. Send cover letter

[2021-10-11T19:30:07.615Z] : [info]: si aclicar

[2021-10-11T19:30:31.015Z] : [info]: END search

[2021-10-11T19:30:37.935Z] : [info]: Una propuesta fue seleccionada

[2021-10-11T19:31:24.771Z] : [info]: choose Summary. Send cover letter

[2021-10-11T19:31:26.526Z] : [info]: si aclicar

[2021-10-11T19:31:51.325Z] : [info]: END search

[2021-10-11T19:32:00.105Z] : [info]: choose Summary. Send cover letter

[2021-10-11T19:32:01.832Z] : [info]: si aclicar

[2021-10-11T19:32:25.238Z] : [info]: END search

[2021-10-11T19:32:32.030Z] : [info]: choose Summary. Send cover letter

[2021-10-11T19:32:34.075Z] : [info]: si aclicar

[2021-10-11T19:32:57.840Z] : [info]: END search

[2021-10-11T19:33:03.568Z] : [info]: Una propuesta fue seleccionada

[2021-10-11T19:33:22.296Z] : [info]: take contact details

[2021-10-11T19:33:34.736Z] : [info]: choose Summary. Send cover letter

[2021-10-11T19:33:36.642Z] : [info]: si aclicar

[2021-10-11T19:34:02.397Z] : [info]: END search

[2021-10-11T19:34:10.404Z] : [info]: choose Summary. Send cover letter

[2021-10-11T19:34:12.289Z] : [info]: si aclicar

[2021-10-11T19:34:35.868Z] : [info]: END search

[2021-10-11T19:34:41.612Z] : [info]: Una propuesta fue seleccionada

[2021-10-11T19:35:14.957Z] : [info]: choose Summary. Send cover letter

[2021-10-11T19:35:16.695Z] : [info]: si aclicar

[2021-10-11T19:35:41.131Z] : [info]: END search

[2021-10-11T19:35:49.029Z] : [info]: choose Summary. Send cover letter

[2021-10-11T19:35:50.958Z] : [info]: si aclicar

[2021-10-11T19:36:15.919Z] : [info]: END search

[2021-10-11T19:36:25.114Z] : [info]: choose Summary. Send cover letter

[2021-10-11T19:36:26.997Z] : [info]: si aclicar

[2021-10-11T19:36:53.659Z] : [info]: END search

[2021-10-11T19:36:59.346Z] : [info]: Una propuesta fue seleccionada

[2021-10-11T19:37:37.409Z] : [info]: choose Summary. Send cover letter

[2021-10-11T19:37:39.235Z] : [info]: si aclicar

[2021-10-11T19:38:05.191Z] : [info]: END search

[2021-10-11T19:38:13.184Z] : [info]: choose Summary. Send cover letter

[2021-10-11T19:38:15.353Z] : [info]: si aclicar

[2021-10-11T19:38:40.119Z] : [info]: END search

[2021-10-11T19:38:47.188Z] : [info]: choose Summary. Send cover letter

[2021-10-11T19:38:49.654Z] : [info]: si aclicar

[2021-10-11T19:39:16.163Z] : [info]: END search

[2021-10-11T19:39:21.946Z] : [info]: Una propuesta fue seleccionada

[2021-10-11T19:39:53.469Z] : [info]: choose Summary. Send cover letter

[2021-10-11T19:39:55.330Z] : [info]: si aclicar

[2021-10-11T19:40:19.743Z] : [info]: END search

[2021-10-11T19:41:02.008Z] : [info]: Una propuesta fue seleccionada

[2021-10-11T19:42:05.269Z] : [info]: choose Summary. Send cover letter

[2021-10-11T19:42:07.081Z] : [info]: si aclicar

[2021-10-11T19:42:30.285Z] : [info]: END search

[2021-10-11T19:42:37.166Z] : [info]: Una propuesta fue seleccionada

[2021-10-11T19:43:10.163Z] : [info]: choose Summary. Send cover letter

[2021-10-11T19:43:11.969Z] : [info]: si aclicar

[2021-10-11T19:43:36.798Z] : [info]: END search

[2021-10-11T19:43:47.023Z] : [info]: choose Summary. Send cover letter

[2021-10-11T19:43:48.718Z] : [info]: si aclicar

[2021-10-11T19:44:12.363Z] : [info]: END search

[2021-10-11T19:44:18.050Z] : [info]: Una propuesta fue seleccionada

[2021-10-11T19:45:07.774Z] : [info]: take contact details

[2021-10-11T19:45:20.947Z] : [info]: choose Summary. Send cover letter

[2021-10-11T19:45:22.769Z] : [info]: si aclicar

[2021-10-11T19:45:47.461Z] : [info]: END search

[2021-10-11T19:45:55.350Z] : [info]: choose Summary. Send cover letter

[2021-10-11T19:45:57.866Z] : [info]: si aclicar

[2021-10-11T19:46:23.955Z] : [info]: END search

[2021-10-11T19:46:32.319Z] : [info]: choose Summary. Send cover letter

[2021-10-11T19:46:34.690Z] : [info]: si aclicar

[2021-10-11T19:47:02.744Z] : [info]: END search

[2021-10-11T19:47:10.686Z] : [info]: choose Summary. Send cover letter

[2021-10-11T19:47:12.385Z] : [info]: si aclicar

[2021-10-11T19:47:35.628Z] : [info]: END search

[2021-10-11T19:47:41.534Z] : [info]: choose Summary. Send cover letter

[2021-10-11T19:47:43.816Z] : [info]: si aclicar

[2021-10-11T19:48:07.328Z] : [info]: END search

[2021-10-11T19:48:15.296Z] : [info]: choose Summary. Send cover letter

[2021-10-11T19:48:17.419Z] : [info]: si aclicar

[2021-10-11T19:48:42.003Z] : [info]: END search

[2021-10-11T19:48:47.897Z] : [info]: Una propuesta fue seleccionada

[2021-10-11T19:49:18.644Z] : [info]: choose Summary. Send cover letter

[2021-10-11T19:49:20.512Z] : [info]: si aclicar

[2021-10-11T19:49:46.304Z] : [info]: END search

[2021-10-11T19:49:53.050Z] : [info]: Una propuesta fue seleccionada

[2021-10-11T19:50:29.289Z] : [info]: take contact details

[2021-10-11T19:50:35.298Z] : [info]: choose Summary. Send cover letter

[2021-10-11T19:50:37.040Z] : [info]: si aclicar

[2021-10-11T19:51:02.591Z] : [info]: END search

[2021-10-11T19:51:09.875Z] : [info]: Una propuesta fue seleccionada

[2021-10-11T19:52:00.215Z] : [info]: choose Summary. Send cover letter

[2021-10-11T19:52:02.033Z] : [info]: si aclicar

[2021-10-11T19:52:27.322Z] : [info]: END search

[2021-10-11T19:52:35.439Z] : [info]: choose Summary. Send cover letter

[2021-10-11T19:52:37.617Z] : [info]: si aclicar

[2021-10-11T19:53:02.115Z] : [info]: END search

[2021-10-11T19:53:13.569Z] : [info]: choose Summary. Send cover letter

[2021-10-11T19:53:15.646Z] : [info]: si aclicar

[2021-10-11T19:53:42.032Z] : [info]: END search

[2021-10-11T19:53:49.022Z] : [info]: choose Summary. Send cover letter

[2021-10-11T19:53:51.273Z] : [info]: si aclicar

[2021-10-11T19:54:16.178Z] : [info]: END search

[2021-10-11T19:54:22.029Z] : [info]: Una propuesta fue seleccionada

[2021-10-11T19:55:05.818Z] : [info]: choose Summary. Send cover letter

[2021-10-11T19:55:07.649Z] : [info]: si aclicar

[2021-10-11T19:55:33.279Z] : [info]: END search

[2021-10-11T19:55:40.300Z] : [info]: Una propuesta fue seleccionada

[2021-10-11T19:56:19.066Z] : [info]: choose Summary. Send cover letter

[2021-10-11T19:56:20.836Z] : [info]: si aclicar

[2021-10-11T19:56:47.614Z] : [info]: END search

[2021-10-11T19:56:53.125Z] : [info]: Una propuesta fue seleccionada

[2021-10-11T19:57:14.840Z] : [info]: take contact details

[2021-10-11T19:57:20.224Z] : [info]: choose Summary. Send cover letter

[2021-10-11T19:57:21.992Z] : [info]: si aclicar

[2021-10-11T19:57:49.169Z] : [info]: END search

[2021-10-11T19:57:55.811Z] : [info]: Una propuesta fue seleccionada

[2021-10-11T19:58:35.104Z] : [info]: choose Summary. Send cover letter

[2021-10-11T19:58:36.970Z] : [info]: si aclicar

[2021-10-11T19:59:04.099Z] : [info]: END search

[2021-10-11T19:59:10.713Z] : [info]: Una propuesta fue seleccionada

[2021-10-11T19:59:25.934Z] : [info]: take contact details

[2021-10-11T19:59:40.189Z] : [info]: choose Summary. Send cover letter

[2021-10-11T19:59:42.008Z] : [info]: si aclicar

[2021-10-11T20:00:06.436Z] : [info]: END search

[2021-10-11T20:00:12.899Z] : [info]: Una propuesta fue seleccionada

[2021-10-11T20:00:33.121Z] : [info]: take contact details

[2021-10-11T20:00:39.274Z] : [info]: choose Summary. Send cover letter

[2021-10-11T20:00:41.066Z] : [info]: si aclicar

[2021-10-11T20:01:06.459Z] : [info]: END search

[2021-10-11T20:01:13.687Z] : [info]: choose Summary. Send cover letter

[2021-10-11T20:01:16.179Z] : [info]: si aclicar

[2021-10-11T20:01:42.915Z] : [info]: END search

[2021-10-11T20:01:48.787Z] : [info]: Una propuesta fue seleccionada

[2021-10-11T20:02:19.533Z] : [info]: choose Summary. Send cover letter

[2021-10-11T20:02:21.335Z] : [info]: si aclicar

[2021-10-11T20:02:47.677Z] : [info]: END search

[2021-10-11T20:02:54.720Z] : [info]: choose Summary. Send cover letter

[2021-10-11T20:02:57.074Z] : [info]: si aclicar

[2021-10-11T20:03:24.209Z] : [info]: END search

[2021-10-11T20:03:30.827Z] : [info]: Una propuesta fue seleccionada

[2021-10-11T20:04:00.879Z] : [info]: choose Summary. Send cover letter

[2021-10-11T20:04:02.768Z] : [info]: si aclicar

[2021-10-11T20:04:27.318Z] : [info]: END search

[2021-10-11T20:04:34.215Z] : [info]: choose Summary. Send cover letter

[2021-10-11T20:04:36.698Z] : [info]: si aclicar

[2021-10-11T20:05:06.622Z] : [info]: END search

[2021-10-11T20:05:14.750Z] : [info]: choose Summary. Send cover letter

[2021-10-11T20:05:16.561Z] : [info]: si aclicar

[2021-10-11T20:05:39.971Z] : [info]: END search

[2021-10-11T20:05:47.067Z] : [info]: choose Summary. Send cover letter

[2021-10-11T20:05:49.254Z] : [info]: si aclicar

[2021-10-11T20:06:12.249Z] : [info]: END search

[2021-10-11T20:06:19.081Z] : [info]: Una propuesta fue seleccionada

[2021-10-11T20:06:45.679Z] : [info]: choose Summary. Send cover letter

[2021-10-11T20:06:47.438Z] : [info]: si aclicar

[2021-10-11T20:07:13.991Z] : [info]: END search

[2021-10-11T20:07:19.700Z] : [info]: Una propuesta fue seleccionada

[2021-10-11T20:08:10.893Z] : [info]: choose Summary. Send cover letter

[2021-10-11T20:08:12.674Z] : [info]: si aclicar

[2021-10-11T20:08:37.136Z] : [info]: END search

[2021-10-11T20:08:42.547Z] : [info]: Una propuesta fue seleccionada

[2021-10-11T20:09:26.809Z] : [info]: choose Summary. Send cover letter

[2021-10-11T20:09:28.572Z] : [info]: si aclicar

[2021-10-11T20:09:52.818Z] : [info]: END search

[2021-10-11T20:10:04.924Z] : [info]: choose Summary. Send cover letter

[2021-10-11T20:10:06.692Z] : [info]: si aclicar

[2021-10-11T20:10:30.176Z] : [info]: END search

[2021-10-11T20:10:38.075Z] : [info]: choose Summary. Send cover letter

[2021-10-11T20:10:40.102Z] : [info]: si aclicar

[2021-10-11T20:11:04.873Z] : [info]: END search

[2021-10-11T20:11:11.743Z] : [info]: choose Summary. Send cover letter

[2021-10-11T20:11:13.895Z] : [info]: si aclicar

[2021-10-11T20:11:39.269Z] : [info]: END search

[2021-10-11T20:11:50.672Z] : [info]: choose Summary. Send cover letter

[2021-10-11T20:11:52.474Z] : [info]: si aclicar

[2021-10-11T20:12:17.157Z] : [info]: END search

[2021-10-11T20:12:23.837Z] : [info]: Una propuesta fue seleccionada

[2021-10-11T20:12:46.239Z] : [info]: take contact details

[2021-10-11T20:12:52.399Z] : [info]: choose Summary. Send cover letter

[2021-10-11T20:12:54.103Z] : [info]: si aclicar

[2021-10-11T20:13:20.079Z] : [info]: END search

[2021-10-11T20:13:29.139Z] : [info]: choose Summary. Send cover letter

[2021-10-11T20:13:31.231Z] : [info]: si aclicar

[2021-10-11T20:13:56.658Z] : [info]: END search

[2021-10-11T20:14:04.359Z] : [info]: choose Summary. Send cover letter

[2021-10-11T20:14:06.181Z] : [info]: si aclicar

[2021-10-11T20:14:30.885Z] : [info]: END search

[2021-10-11T20:14:37.544Z] : [info]: Una propuesta fue seleccionada

[2021-10-11T20:15:04.393Z] : [info]: take contact details

[2021-10-11T20:15:09.610Z] : [info]: choose Summary. Send cover letter

[2021-10-11T20:15:11.312Z] : [info]: si aclicar

[2021-10-11T20:15:37.514Z] : [info]: END search

[2021-10-11T20:15:42.164Z] : [info]: Una propuesta fue seleccionada

[2021-10-11T20:16:13.632Z] : [info]: choose Summary. Send cover letter

[2021-10-11T20:16:15.399Z] : [info]: si aclicar

[2021-10-11T20:16:41.047Z] : [info]: END search

[2021-10-11T20:16:48.842Z] : [info]: choose Summary. Send cover letter

[2021-10-11T20:16:50.968Z] : [info]: si aclicar

[2021-10-11T20:17:17.361Z] : [info]: END search

[2021-10-11T20:17:25.522Z] : [info]: choose Summary. Send cover letter

[2021-10-11T20:17:27.924Z] : [info]: si aclicar

[2021-10-11T20:17:54.469Z] : [info]: END search

[2021-10-11T20:18:01.397Z] : [info]: Una propuesta fue seleccionada

[2021-10-11T20:18:39.473Z] : [info]: choose Summary. Send cover letter

[2021-10-11T20:18:41.398Z] : [info]: si aclicar

[2021-10-11T20:19:08.236Z] : [info]: END search

[2021-10-11T20:19:13.813Z] : [info]: Una propuesta fue seleccionada

[2021-10-11T20:19:41.369Z] : [info]: take contact details

[2021-10-11T20:19:46.564Z] : [info]: choose Summary. Send cover letter

[2021-10-11T20:19:48.263Z] : [info]: si aclicar

[2021-10-11T20:20:13.359Z] : [info]: END search

[2021-10-11T20:20:19.000Z] : [info]: Una propuesta fue seleccionada

[2021-10-11T20:20:50.776Z] : [info]: choose Summary. Send cover letter

[2021-10-11T20:20:52.569Z] : [info]: si aclicar

[2021-10-11T20:21:18.016Z] : [info]: END search

[2021-10-11T20:21:57.414Z] : [error]: Script Stopped.

[2021-10-11T20:21:57.422Z] : [warn]: Total execution time: 1h 3m 18s 627ms

[2021-10-11T20:21:57.423Z] : [info]: ---------------------------------------------

[2021-10-11T20:25:06.524Z] : [success]: Robot saved successfully

[2021-10-11T20:25:06.681Z] : [success]: Bot started

[2021-10-11T20:25:06.682Z] : [info]: Robot start

[2021-10-11T20:25:18.840Z] : [info]: <p>Добрый день,</p><p></p><p>Меня зовут Садиэль Годалес. </p><p></p><p>На сайте hh.ru меня заинтересовала вакансия Специалист по IT, размещённая Вашей компанией.</p><p>Я получил высшее образование в г. Гавана (Куба) и работал программистом у поставщика программного обеспечения. Имею опыт работы с клиентами, занимался защитой информации, управлял базами данных. Знаком со стандартными алгоритмами и структурами данных, немного с Linux. Уверенно программирую на языках C#, SQL. Только что закончил курс по разработке мобильных приложений на Android.</p><p>Владею испанским (родной), русским и английским языками. Люблю свою профессию и не перестаю самосовершенствоваться.</p><p>Больше информации обо мне Вы можете прочитать в резюме. Готов ответить на Ваши вопросы при личной встрече или по скайпу. При необходимости готов выполнить тестовое задание.</p><p>Вы можете связаться со мной по телефону 8 916 257 72 33, WhatsApp +7 963 7169740 или по электронной почте, sadielgodales@gmail.com.</p><p>https://github.com/sad8787/C-repo</p><p>https://github.com/sad8787/Java</p><p></p>

[2021-10-11T20:25:47.109Z] : [info]: someone is there

[2021-10-11T20:26:11.958Z] : [info]: END Loguin

[2021-10-11T20:26:17.559Z] : [info]: END search

[2021-10-11T20:26:24.157Z] : [info]: Una propuesta fue seleccionada

[2021-10-11T20:26:51.015Z] : [info]: take contact details

[2021-10-11T20:27:03.564Z] : [info]: choose Summary. Send cover letter

[2021-10-11T20:27:05.294Z] : [info]: si aclicar

[2021-10-11T20:27:30.472Z] : [info]: END search

[2021-10-11T20:28:21.790Z] : [info]: choose Summary. Send cover letter

[2021-10-11T20:28:23.535Z] : [info]: si aclicar

[2021-10-11T20:28:47.628Z] : [info]: END search

[2021-10-11T20:28:54.180Z] : [info]: Una propuesta fue seleccionada

[2021-10-11T20:29:24.998Z] : [info]: take contact details

[2021-10-11T20:29:37.542Z] : [info]: choose Summary. Send cover letter

[2021-10-11T20:29:39.262Z] : [info]: si aclicar

[2021-10-11T20:30:05.194Z] : [info]: END search

[2021-10-11T20:30:10.674Z] : [info]: Una propuesta fue seleccionada

[2021-10-11T20:30:40.086Z] : [info]: choose Summary. Send cover letter

[2021-10-11T20:30:41.932Z] : [info]: si aclicar

[2021-10-11T20:31:06.724Z] : [info]: END search

[2021-10-11T20:31:13.259Z] : [info]: Una propuesta fue seleccionada

[2021-10-11T20:31:40.444Z] : [info]: take contact details

[2021-10-11T20:31:45.666Z] : [info]: choose Summary. Send cover letter

[2021-10-11T20:31:47.464Z] : [info]: si aclicar

[2021-10-11T20:32:12.999Z] : [info]: END search

[2021-10-11T20:32:21.060Z] : [info]: choose Summary. Send cover letter

[2021-10-11T20:32:23.265Z] : [info]: si aclicar

[2021-10-11T20:32:51.518Z] : [info]: END search

[2021-10-11T20:33:02.638Z] : [info]: choose Summary. Send cover letter

[2021-10-11T20:33:04.601Z] : [info]: si aclicar

[2021-10-11T20:33:30.314Z] : [info]: END search

[2021-10-11T20:33:38.395Z] : [info]: choose Summary. Send cover letter

[2021-10-11T20:33:40.532Z] : [info]: si aclicar

[2021-10-11T20:34:08.198Z] : [info]: END search

[2021-10-11T20:34:14.826Z] : [info]: Una propuesta fue seleccionada

[2021-10-11T20:34:53.331Z] : [info]: choose Summary. Send cover letter

[2021-10-11T20:34:55.262Z] : [info]: si aclicar

[2021-10-11T20:35:20.178Z] : [info]: END search

[2021-10-11T20:35:28.120Z] : [info]: choose Summary. Send cover letter

[2021-10-11T20:35:30.265Z] : [info]: si aclicar

[2021-10-11T20:35:53.670Z] : [info]: END search

[2021-10-11T20:36:01.551Z] : [info]: choose Summary. Send cover letter

[2021-10-11T20:36:03.478Z] : [info]: si aclicar

[2021-10-11T20:36:26.901Z] : [info]: END search

[2021-10-11T20:36:32.837Z] : [info]: Una propuesta fue seleccionada

[2021-10-11T20:37:07.330Z] : [info]: choose Summary. Send cover letter

[2021-10-11T20:37:09.085Z] : [info]: si aclicar

[2021-10-11T20:37:35.000Z] : [info]: END search

[2021-10-11T20:37:40.490Z] : [info]: Una propuesta fue seleccionada

[2021-10-11T20:38:25.894Z] : [info]: choose Summary. Send cover letter

[2021-10-11T20:38:27.698Z] : [info]: si aclicar

[2021-10-11T20:38:52.514Z] : [info]: END search

[2021-10-11T20:38:59.390Z] : [info]: choose Summary. Send cover letter

[2021-10-11T20:39:02.012Z] : [info]: si aclicar

[2021-10-11T20:45:27.528Z] : [error]: Script Stopped.

[2021-10-11T20:45:27.532Z] : [warn]: Total execution time: 20m 20s 845ms

[2021-10-11T20:45:27.533Z] : [info]: ---------------------------------------------

[2021-10-11T20:49:35.785Z] : [success]: Robot saved successfully

[2021-10-11T20:49:44.269Z] : [success]: Robot saved successfully

[2021-10-11T20:49:44.511Z] : [success]: Bot started

[2021-10-11T20:49:44.512Z] : [info]: Robot start

[2021-10-11T20:49:55.791Z] : [info]: <p>Добрый день,</p><p></p><p>Меня зовут Садиэль Годалес. </p><p></p><p>На сайте hh.ru меня заинтересовала вакансия Специалист по IT, размещённая Вашей компанией.</p><p>Я получил высшее образование в г. Гавана (Куба) и работал программистом у поставщика программного обеспечения. Имею опыт работы с клиентами, занимался защитой информации, управлял базами данных. Знаком со стандартными алгоритмами и структурами данных, немного с Linux. Уверенно программирую на языках C#, SQL. Только что закончил курс по разработке мобильных приложений на Android.</p><p>Владею испанским (родной), русским и английским языками. Люблю свою профессию и не перестаю самосовершенствоваться.</p><p>Больше информации обо мне Вы можете прочитать в резюме. Готов ответить на Ваши вопросы при личной встрече или по скайпу. При необходимости готов выполнить тестовое задание.</p><p>Вы можете связаться со мной по телефону 8 916 257 72 33, WhatsApp +7 963 7169740 или по электронной почте, sadielgodales@gmail.com.</p><p>https://github.com/sad8787/C-repo</p><p>https://github.com/sad8787/Java</p><p></p>

[2021-10-11T20:50:22.918Z] : [info]: someone is there

[2021-10-11T20:50:47.620Z] : [info]: END Loguin

[2021-10-11T20:50:53.065Z] : [info]: END search

[2021-10-11T20:52:24.253Z] : [error]: Script Stopped.

[2021-10-11T20:52:24.263Z] : [warn]: Total execution time: 2m 39s 740ms

[2021-10-11T20:52:24.265Z] : [info]: ---------------------------------------------

[2021-10-11T20:55:07.678Z] : [success]: Robot saved successfully

[2021-10-11T20:55:17.335Z] : [success]: Robot saved successfully

[2021-10-11T20:55:17.503Z] : [success]: Bot started

[2021-10-11T20:55:17.504Z] : [info]: Robot start

[2021-10-11T20:55:29.896Z] : [info]: <p>Добрый день,</p><p></p><p>Меня зовут Садиэль Годалес. </p><p></p><p>На сайте hh.ru меня заинтересовала вакансия Специалист по IT, размещённая Вашей компанией.</p><p>Я получил высшее образование в г. Гавана (Куба) и работал программистом у поставщика программного обеспечения. Имею опыт работы с клиентами, занимался защитой информации, управлял базами данных. Знаком со стандартными алгоритмами и структурами данных, немного с Linux. Уверенно программирую на языках C#, SQL. Только что закончил курс по разработке мобильных приложений на Android.</p><p>Владею испанским (родной), русским и английским языками. Люблю свою профессию и не перестаю самосовершенствоваться.</p><p>Больше информации обо мне Вы можете прочитать в резюме. Готов ответить на Ваши вопросы при личной встрече или по скайпу. При необходимости готов выполнить тестовое задание.</p><p>Вы можете связаться со мной по телефону 8 916 257 72 33, WhatsApp +7 963 7169740 или по электронной почте, sadielgodales@gmail.com.</p><p>https://github.com/sad8787/C-repo</p><p>https://github.com/sad8787/Java</p><p></p>

[2021-10-11T20:55:57.263Z] : [info]: someone is there

[2021-10-11T20:56:21.773Z] : [info]: END Loguin

[2021-10-11T20:56:27.234Z] : [info]: END search

[2021-10-11T20:56:32.889Z] : [info]: Una propuesta fue seleccionada

[2021-10-11T20:57:09.063Z] : [info]: choose Summary. Send cover letter

[2021-10-11T20:57:10.802Z] : [info]: si aclicar

[2021-10-11T20:57:36.736Z] : [info]: END search

[2021-10-11T20:57:41.784Z] : [info]: Una propuesta fue seleccionada

[2021-10-11T20:58:31.462Z] : [info]: choose Summary. Send cover letter

[2021-10-11T20:58:33.207Z] : [info]: si aclicar

[2021-10-11T20:58:59.685Z] : [info]: END search

[2021-10-11T20:59:08.017Z] : [info]: Una propuesta fue seleccionada

[2021-10-11T20:59:36.953Z] : [info]: take contact details

[2021-10-11T20:59:43.202Z] : [info]: choose Summary. Send cover letter

[2021-10-11T20:59:45.008Z] : [info]: si aclicar

[2021-10-11T21:00:08.806Z] : [info]: END search

[2021-10-11T21:00:15.237Z] : [info]: Una propuesta fue seleccionada

[2021-10-11T21:00:42.094Z] : [info]: take contact details

[2021-10-11T21:00:56.003Z] : [info]: choose Summary. Send cover letter

[2021-10-11T21:00:57.756Z] : [info]: si aclicar

[2021-10-11T21:01:24.145Z] : [info]: END search

[2021-10-11T21:01:30.454Z] : [info]: Una propuesta fue seleccionada

[2021-10-11T21:02:09.892Z] : [info]: take contact details

[2021-10-11T21:02:22.448Z] : [info]: choose Summary. Send cover letter

[2021-10-11T21:02:24.233Z] : [info]: si aclicar

[2021-10-11T21:02:49.114Z] : [info]: END search

[2021-10-11T21:02:55.835Z] : [info]: choose Summary. Send cover letter

[2021-10-11T21:02:57.954Z] : [info]: si aclicar

[2021-10-11T21:03:21.455Z] : [info]: END search

[2021-10-11T21:03:27.930Z] : [info]: Una propuesta fue seleccionada

[2021-10-11T21:03:44.268Z] : [info]: take contact details

[2021-10-11T21:03:50.206Z] : [info]: choose Summary. Send cover letter

[2021-10-11T21:03:51.975Z] : [info]: si aclicar

[2021-10-11T21:04:16.560Z] : [info]: END search

[2021-10-11T21:04:24.574Z] : [info]: choose Summary. Send cover letter

[2021-10-11T21:04:26.522Z] : [info]: si aclicar

[2021-10-11T21:04:50.038Z] : [info]: END search

[2021-10-11T21:04:54.675Z] : [info]: Una propuesta fue seleccionada

[2021-10-11T21:05:32.983Z] : [info]: choose Summary. Send cover letter

[2021-10-11T21:05:34.756Z] : [info]: si aclicar

[2021-10-11T21:06:00.876Z] : [info]: END search

[2021-10-11T21:06:06.114Z] : [info]: Una propuesta fue seleccionada

[2021-10-11T21:06:22.650Z] : [info]: take contact details

[2021-10-11T21:06:28.749Z] : [info]: choose Summary. Send cover letter

[2021-10-11T21:06:30.403Z] : [info]: si aclicar

[2021-10-11T21:06:56.053Z] : [info]: END search

[2021-10-11T21:07:03.128Z] : [info]: choose Summary. Send cover letter

[2021-10-11T21:07:05.644Z] : [info]: si aclicar

[2021-10-11T21:07:32.927Z] : [info]: END search

[2021-10-11T21:07:39.546Z] : [info]: Una propuesta fue seleccionada

[2021-10-11T21:08:59.777Z] : [info]: take contact details

[2021-10-11T21:09:13.288Z] : [info]: choose Summary. Send cover letter

[2021-10-11T21:09:15.074Z] : [info]: si aclicar

[2021-10-11T21:09:41.000Z] : [info]: END search

[2021-10-11T21:09:46.102Z] : [info]: Una propuesta fue seleccionada

[2021-10-11T21:10:14.267Z] : [info]: take contact details

[2021-10-11T21:10:27.016Z] : [info]: choose Summary. Send cover letter

[2021-10-11T21:10:28.757Z] : [info]: si aclicar

[2021-10-11T21:10:54.303Z] : [info]: END search

[2021-10-11T21:11:00.771Z] : [info]: Una propuesta fue seleccionada

[2021-10-11T21:11:19.476Z] : [info]: choose Summary. Send cover letter

[2021-10-11T21:11:21.155Z] : [info]: si aclicar

[2021-10-11T21:11:45.888Z] : [info]: END search

[2021-10-11T21:11:52.852Z] : [info]: choose Summary. Send cover letter

[2021-10-11T21:11:55.520Z] : [info]: si aclicar

[2021-10-11T21:12:22.757Z] : [info]: END search

[2021-10-11T21:12:29.694Z] : [info]: Una propuesta fue seleccionada

[2021-10-11T21:12:59.937Z] : [info]: take contact details

[2021-10-11T21:13:12.758Z] : [info]: choose Summary. Send cover letter

[2021-10-11T21:13:14.462Z] : [info]: si aclicar

[2021-10-11T21:13:39.623Z] : [info]: END search

[2021-10-11T21:13:46.698Z] : [info]: choose Summary. Send cover letter

[2021-10-11T21:13:49.204Z] : [info]: si aclicar

[2021-10-11T21:14:16.381Z] : [info]: END search

[2021-10-11T21:14:23.479Z] : [info]: choose Summary. Send cover letter

[2021-10-11T21:14:25.762Z] : [info]: si aclicar

[2021-10-11T21:14:51.077Z] : [info]: END search

[2021-10-11T21:14:58.364Z] : [info]: choose Summary. Send cover letter

[2021-10-11T21:15:01.125Z] : [info]: si aclicar

[2021-10-11T21:15:30.711Z] : [info]: END search

[2021-10-11T21:15:43.132Z] : [info]: choose Summary. Send cover letter

[2021-10-11T21:15:45.155Z] : [info]: si aclicar

[2021-10-11T21:16:10.064Z] : [info]: END search

[2021-10-11T21:19:15.794Z] : [error]: Script Stopped.

[2021-10-11T21:19:15.801Z] : [warn]: Total execution time: 23m 58s 289ms

[2021-10-11T21:19:15.803Z] : [info]: ---------------------------------------------

