
  ==========================================
  Studio Pro version: 6.0.25
  Started at: 29/9/2021 21:55:47
  ==========================================
  

[2021-09-29T18:56:08.686Z] : [success]: Robot saved successfully

[2021-09-29T18:56:08.728Z] : [info]: ---------------------------------------------

[2021-09-29T18:56:08.729Z] : [success]: Bot started

[2021-09-29T18:56:08.731Z] : [info]: Robot start

[2021-09-29T18:56:17.932Z] : [info]: la imajen esta en 462 y 290

[2021-09-29T18:56:21.847Z] : [error]: Selectors: Nothing found

[2021-09-29T18:56:21.857Z] : [error]: Total execution time: 13s 116ms

[2021-09-29T18:56:21.858Z] : [info]: ---------------------------------------------

[2021-09-29T18:56:51.148Z] : [success]: Robot saved successfully

[2021-09-29T18:56:51.235Z] : [success]: Bot started

[2021-09-29T18:56:51.236Z] : [info]: Robot start

[2021-09-29T18:57:01.244Z] : [info]: la imajen esta en 462 y 290

[2021-09-29T18:57:06.189Z] : [success]: Bot finished successfully, total execution time: 14s 951ms

[2021-09-29T18:57:06.191Z] : [info]: ---------------------------------------------

[2021-09-29T19:12:08.055Z] : [success]: Robot saved successfully

[2021-09-29T19:12:08.114Z] : [success]: Bot started

[2021-09-29T19:12:08.115Z] : [info]: Robot start

[2021-09-29T19:12:23.114Z] : [info]: Comiensa el trabajo 1

[2021-09-29T19:12:24.423Z] : [success]: Bot finished successfully, total execution time: 16s 293ms

[2021-09-29T19:12:24.425Z] : [info]: ---------------------------------------------

[2021-09-29T19:12:40.353Z] : [success]: Robot saved successfully

[2021-09-29T19:12:40.415Z] : [success]: Bot started

[2021-09-29T19:12:40.416Z] : [info]: Robot start

[2021-09-29T19:12:46.802Z] : [info]: alguien esta aki

[2021-09-29T19:12:48.183Z] : [success]: Bot finished successfully, total execution time: 7s 764ms

[2021-09-29T19:12:48.185Z] : [info]: ---------------------------------------------

[2021-09-29T20:19:53.572Z] : [success]: Robot saved successfully

[2021-09-29T20:19:56.232Z] : [success]: Robot saved successfully

[2021-09-29T20:19:56.296Z] : [success]: Bot started

[2021-09-29T20:19:56.297Z] : [info]: Robot start

[2021-09-29T20:20:02.904Z] : [info]: someone is there

[2021-09-29T20:20:05.479Z] : [error]: Selectors: Nothing found

[2021-09-29T20:20:05.485Z] : [error]: Total execution time: 9s 180ms

[2021-09-29T20:20:05.487Z] : [info]: ---------------------------------------------

[2021-09-29T20:20:50.885Z] : [success]: Robot saved successfully

[2021-09-29T20:20:50.960Z] : [success]: Bot started

[2021-09-29T20:20:50.961Z] : [info]: Robot start

[2021-09-29T20:20:57.168Z] : [info]: someone is there

[2021-09-29T20:21:08.062Z] : [info]: Comiensa el trabajo 1

[2021-09-29T20:21:08.301Z] : [success]: Bot finished successfully, total execution time: 17s 336ms

[2021-09-29T20:21:08.303Z] : [info]: ---------------------------------------------

[2021-09-29T20:31:52.397Z] : [success]: Robot saved successfully

[2021-09-29T20:31:52.451Z] : [success]: Bot started

[2021-09-29T20:31:52.453Z] : [info]: Robot start

[2021-09-29T20:31:59.025Z] : [info]: someone is there

[2021-09-29T20:32:01.464Z] : [info]: someone is there

[2021-09-29T20:32:06.404Z] : [error]: Selectors: Nothing found

[2021-09-29T20:32:06.407Z] : [error]: Total execution time: 13s 950ms

[2021-09-29T20:32:06.408Z] : [info]: ---------------------------------------------

[2021-09-29T20:32:31.241Z] : [success]: Robot saved successfully

[2021-09-29T20:32:31.300Z] : [success]: Bot started

[2021-09-29T20:32:31.301Z] : [info]: Robot start

[2021-09-29T20:32:37.974Z] : [info]: someone is there

[2021-09-29T20:32:39.301Z] : [error]: Selectors: Nothing found

[2021-09-29T20:32:39.313Z] : [error]: Total execution time: 8s

[2021-09-29T20:32:39.348Z] : [info]: ---------------------------------------------

[2021-09-29T20:35:29.948Z] : [success]: Robot saved successfully

[2021-09-29T20:35:30.013Z] : [success]: Bot started

[2021-09-29T20:35:30.014Z] : [info]: Robot start

[2021-09-29T20:35:45.053Z] : [info]: Comiensa el trabajo 1

[2021-09-29T20:35:47.300Z] : [error]: Selectors: Nothing found

[2021-09-29T20:35:47.321Z] : [error]: Total execution time: 17s 285ms

[2021-09-29T20:35:47.322Z] : [info]: ---------------------------------------------

[2021-09-29T20:36:58.379Z] : [success]: Robot saved successfully

[2021-09-29T20:37:00.962Z] : [success]: Robot saved successfully

[2021-09-29T20:37:01.017Z] : [success]: Bot started

[2021-09-29T20:37:01.018Z] : [info]: Robot start

[2021-09-29T20:37:11.146Z] : [error]: Selectors: Nothing found

[2021-09-29T20:37:11.149Z] : [error]: Total execution time: 10s 127ms

[2021-09-29T20:37:11.150Z] : [info]: ---------------------------------------------

[2021-09-29T20:39:17.638Z] : [success]: Robot saved successfully

[2021-09-29T20:39:17.711Z] : [success]: Bot started

[2021-09-29T20:39:17.711Z] : [info]: Robot start

[2021-09-29T20:39:25.179Z] : [error]: Selectors: Nothing found

[2021-09-29T20:39:25.183Z] : [error]: Total execution time: 7s 466ms

[2021-09-29T20:39:25.184Z] : [info]: ---------------------------------------------

[2021-09-29T20:39:42.613Z] : [success]: Robot saved successfully

[2021-09-29T20:39:42.668Z] : [success]: Bot started

[2021-09-29T20:39:42.669Z] : [info]: Robot start

[2021-09-29T20:39:52.283Z] : [info]: someone is there

[2021-09-29T20:39:53.266Z] : [error]: Selectors: Nothing found

[2021-09-29T20:39:53.270Z] : [error]: Total execution time: 10s 596ms

[2021-09-29T20:39:53.272Z] : [info]: ---------------------------------------------

[2021-09-29T20:40:01.110Z] : [success]: Robot saved successfully

[2021-09-29T20:40:01.147Z] : [success]: Bot started

[2021-09-29T20:40:01.147Z] : [info]: Robot start

[2021-09-29T20:40:19.976Z] : [error]: Script Stopped.

[2021-09-29T20:40:19.979Z] : [warn]: Total execution time: 18s 828ms

[2021-09-29T20:40:19.981Z] : [info]: ---------------------------------------------

[2021-09-29T20:41:29.517Z] : [success]: Robot saved successfully

[2021-09-29T20:41:29.576Z] : [success]: Bot started

[2021-09-29T20:41:29.577Z] : [info]: Robot start

[2021-09-29T20:41:37.303Z] : [info]: someone is there

[2021-09-29T20:41:38.121Z] : [error]: Selectors: Nothing found

[2021-09-29T20:41:38.126Z] : [error]: Total execution time: 8s 542ms

[2021-09-29T20:41:38.128Z] : [info]: ---------------------------------------------

[2021-09-29T20:41:41.446Z] : [success]: Robot saved successfully

[2021-09-29T20:41:53.139Z] : [success]: Robot saved successfully

[2021-09-29T20:41:53.185Z] : [success]: Bot started

[2021-09-29T20:41:53.186Z] : [info]: Robot start

[2021-09-29T20:42:00.973Z] : [info]: someone is there

[2021-09-29T20:42:02.159Z] : [error]: Selectors: Nothing found

[2021-09-29T20:42:02.162Z] : [error]: Total execution time: 8s 972ms

[2021-09-29T20:42:02.164Z] : [info]: ---------------------------------------------

[2021-09-29T20:43:13.688Z] : [success]: Robot saved successfully

[2021-09-29T20:43:13.754Z] : [success]: Bot started

[2021-09-29T20:43:13.755Z] : [info]: Robot start

[2021-09-29T20:43:21.275Z] : [info]: someone is there

[2021-09-29T20:43:22.165Z] : [error]: Selectors: Nothing found

[2021-09-29T20:43:22.197Z] : [error]: Total execution time: 8s 409ms

[2021-09-29T20:43:22.198Z] : [info]: ---------------------------------------------

[2021-09-29T20:43:30.689Z] : [success]: Robot saved successfully

