
  ==========================================
  Studio Pro version: 6.3.2
  Started at: 7/10/2021 1:37:04
  ==========================================
  

[2021-10-06T22:37:22.610Z] : [success]: Robot saved successfully

[2021-10-06T22:37:22.757Z] : [info]: ---------------------------------------------

[2021-10-06T22:37:22.757Z] : [success]: Bot started

[2021-10-06T22:37:22.759Z] : [info]: Robot start

[2021-10-06T22:37:25.222Z] : [info]: <p>Добрый день,</p><p></p><p>Меня зовут Садиэль Годалес. </p><p></p><p>На сайте hh.ru меня заинтересовала вакансия Специалист по IT, размещённая Вашей компанией.</p><p>Я получил высшее образование в г. Гавана (Куба) и работал программистом у поставщика программного обеспечения. Имею опыт работы с клиентами, занимался защитой информации, управлял базами данных. Знаком со стандартными алгоритмами и структурами данных, немного с Linux. Уверенно программирую на языках C#, SQL. Только что закончил курс по разработке мобильных приложений на Android.</p><p>Владею испанским (родной), русским и английским языками. Люблю свою профессию и не перестаю самосовершенствоваться.</p><p>Больше информации обо мне Вы можете прочитать в резюме. Готов ответить на Ваши вопросы при личной встрече или по скайпу. При необходимости готов выполнить тестовое задание.</p><p>Вы можете связаться со мной по телефону 8 916 257 72 33, WhatsApp +7 963 7169740 или по электронной почте, sadielgodales@gmail.com.</p><p>https://github.com/sad8787/C-repo</p><p>https://github.com/sad8787/Java</p><p></p>

[2021-10-06T22:37:25.237Z] : [info]:  Добрый день,
 
 Меня зовут Садиэль Годалес. 
 
 На сайте hh.ru меня заинтересовала вакансия Специалист по IT, размещённая Вашей компанией.
 Я получил высшее образование в г. Гавана (Куба) и работал программистом у поставщика программного обеспечения. Имею опыт работы с клиентами, занимался защитой информации, управлял базами данных. Знаком со стандартными алгоритмами и структурами данных, немного с Linux. Уверенно программирую на языках C#, SQL. Только что закончил курс по разработке мобильных приложений на Android.
 Владею испанским (родной), русским и английским языками. Люблю свою профессию и не перестаю самосовершенствоваться.
 Больше информации обо мне Вы можете прочитать в резюме. Готов ответить на Ваши вопросы при личной встрече или по скайпу. При необходимости готов выполнить тестовое задание.
 Вы можете связаться со мной по телефону 8 916 257 72 33, WhatsApp +7 963 7169740 или по электронной почте, sadielgodales@gmail.com.
 https://github.com/sad8787/C-repo
 https://github.com/sad8787/Java
 


[2021-10-06T22:37:29.851Z] : [info]: someone is there

[2021-10-06T22:37:48.103Z] : [info]: END Loguin

[2021-10-06T22:37:52.847Z] : [info]: END search

[2021-10-06T22:38:22.865Z] : [info]: 1231 ; 686

[2021-10-06T22:38:57.859Z] : [error]: Script Stopped.

[2021-10-06T22:38:57.870Z] : [warn]: Total execution time: 1m 35s 99ms

[2021-10-06T22:38:57.871Z] : [info]: ---------------------------------------------

[2021-10-06T22:39:08.563Z] : [success]: Robot saved successfully

[2021-10-06T22:39:08.670Z] : [success]: Bot started

[2021-10-06T22:39:08.670Z] : [info]: Robot start

[2021-10-06T22:39:11.339Z] : [info]: <p>Добрый день,</p><p></p><p>Меня зовут Садиэль Годалес. </p><p></p><p>На сайте hh.ru меня заинтересовала вакансия Специалист по IT, размещённая Вашей компанией.</p><p>Я получил высшее образование в г. Гавана (Куба) и работал программистом у поставщика программного обеспечения. Имею опыт работы с клиентами, занимался защитой информации, управлял базами данных. Знаком со стандартными алгоритмами и структурами данных, немного с Linux. Уверенно программирую на языках C#, SQL. Только что закончил курс по разработке мобильных приложений на Android.</p><p>Владею испанским (родной), русским и английским языками. Люблю свою профессию и не перестаю самосовершенствоваться.</p><p>Больше информации обо мне Вы можете прочитать в резюме. Готов ответить на Ваши вопросы при личной встрече или по скайпу. При необходимости готов выполнить тестовое задание.</p><p>Вы можете связаться со мной по телефону 8 916 257 72 33, WhatsApp +7 963 7169740 или по электронной почте, sadielgodales@gmail.com.</p><p>https://github.com/sad8787/C-repo</p><p>https://github.com/sad8787/Java</p><p></p>

[2021-10-06T22:39:11.356Z] : [info]:  Добрый день,
 
 Меня зовут Садиэль Годалес. 
 
 На сайте hh.ru меня заинтересовала вакансия Специалист по IT, размещённая Вашей компанией.
 Я получил высшее образование в г. Гавана (Куба) и работал программистом у поставщика программного обеспечения. Имею опыт работы с клиентами, занимался защитой информации, управлял базами данных. Знаком со стандартными алгоритмами и структурами данных, немного с Linux. Уверенно программирую на языках C#, SQL. Только что закончил курс по разработке мобильных приложений на Android.
 Владею испанским (родной), русским и английским языками. Люблю свою профессию и не перестаю самосовершенствоваться.
 Больше информации обо мне Вы можете прочитать в резюме. Готов ответить на Ваши вопросы при личной встрече или по скайпу. При необходимости готов выполнить тестовое задание.
 Вы можете связаться со мной по телефону 8 916 257 72 33, WhatsApp +7 963 7169740 или по электронной почте, sadielgodales@gmail.com.
 https://github.com/sad8787/C-repo
 https://github.com/sad8787/Java
 


[2021-10-06T22:39:29.213Z] : [error]: An error occured while performing the activity as multiple elements were found for the selector you provided. Please, make sure the selector of the indicated element is unique before interacting with it

[2021-10-06T22:39:29.216Z] : [error]: Total execution time: 20s 543ms

[2021-10-06T22:39:29.218Z] : [info]: ---------------------------------------------

[2021-10-06T22:39:39.240Z] : [success]: Robot saved successfully

[2021-10-06T22:39:39.352Z] : [success]: Bot started

[2021-10-06T22:39:39.353Z] : [info]: Robot start

[2021-10-06T22:39:43.571Z] : [info]: <p>Добрый день,</p><p></p><p>Меня зовут Садиэль Годалес. </p><p></p><p>На сайте hh.ru меня заинтересовала вакансия Специалист по IT, размещённая Вашей компанией.</p><p>Я получил высшее образование в г. Гавана (Куба) и работал программистом у поставщика программного обеспечения. Имею опыт работы с клиентами, занимался защитой информации, управлял базами данных. Знаком со стандартными алгоритмами и структурами данных, немного с Linux. Уверенно программирую на языках C#, SQL. Только что закончил курс по разработке мобильных приложений на Android.</p><p>Владею испанским (родной), русским и английским языками. Люблю свою профессию и не перестаю самосовершенствоваться.</p><p>Больше информации обо мне Вы можете прочитать в резюме. Готов ответить на Ваши вопросы при личной встрече или по скайпу. При необходимости готов выполнить тестовое задание.</p><p>Вы можете связаться со мной по телефону 8 916 257 72 33, WhatsApp +7 963 7169740 или по электронной почте, sadielgodales@gmail.com.</p><p>https://github.com/sad8787/C-repo</p><p>https://github.com/sad8787/Java</p><p></p>

[2021-10-06T22:39:43.583Z] : [info]:  Добрый день,
 
 Меня зовут Садиэль Годалес. 
 
 На сайте hh.ru меня заинтересовала вакансия Специалист по IT, размещённая Вашей компанией.
 Я получил высшее образование в г. Гавана (Куба) и работал программистом у поставщика программного обеспечения. Имею опыт работы с клиентами, занимался защитой информации, управлял базами данных. Знаком со стандартными алгоритмами и структурами данных, немного с Linux. Уверенно программирую на языках C#, SQL. Только что закончил курс по разработке мобильных приложений на Android.
 Владею испанским (родной), русским и английским языками. Люблю свою профессию и не перестаю самосовершенствоваться.
 Больше информации обо мне Вы можете прочитать в резюме. Готов ответить на Ваши вопросы при личной встрече или по скайпу. При необходимости готов выполнить тестовое задание.
 Вы можете связаться со мной по телефону 8 916 257 72 33, WhatsApp +7 963 7169740 или по электронной почте, sadielgodales@gmail.com.
 https://github.com/sad8787/C-repo
 https://github.com/sad8787/Java
 


[2021-10-06T22:39:47.920Z] : [info]: someone is there

[2021-10-06T22:40:06.119Z] : [info]: END Loguin

[2021-10-06T22:40:10.683Z] : [info]: END search

[2021-10-06T22:40:40.505Z] : [info]: 1231 ; 686

[2021-10-06T22:40:51.292Z] : [error]: Script Stopped.

[2021-10-06T22:40:51.299Z] : [warn]: Total execution time: 1m 11s 938ms

[2021-10-06T22:40:51.301Z] : [info]: ---------------------------------------------

[2021-10-06T22:41:51.941Z] : [success]: Robot saved successfully

[2021-10-06T22:41:58.998Z] : [success]: Robot saved successfully

[2021-10-06T22:41:59.153Z] : [success]: Bot started

[2021-10-06T22:41:59.154Z] : [info]: Robot start

[2021-10-06T22:42:01.826Z] : [info]: <p>Добрый день,</p><p></p><p>Меня зовут Садиэль Годалес. </p><p></p><p>На сайте hh.ru меня заинтересовала вакансия Специалист по IT, размещённая Вашей компанией.</p><p>Я получил высшее образование в г. Гавана (Куба) и работал программистом у поставщика программного обеспечения. Имею опыт работы с клиентами, занимался защитой информации, управлял базами данных. Знаком со стандартными алгоритмами и структурами данных, немного с Linux. Уверенно программирую на языках C#, SQL. Только что закончил курс по разработке мобильных приложений на Android.</p><p>Владею испанским (родной), русским и английским языками. Люблю свою профессию и не перестаю самосовершенствоваться.</p><p>Больше информации обо мне Вы можете прочитать в резюме. Готов ответить на Ваши вопросы при личной встрече или по скайпу. При необходимости готов выполнить тестовое задание.</p><p>Вы можете связаться со мной по телефону 8 916 257 72 33, WhatsApp +7 963 7169740 или по электронной почте, sadielgodales@gmail.com.</p><p>https://github.com/sad8787/C-repo</p><p>https://github.com/sad8787/Java</p><p></p>

[2021-10-06T22:42:01.837Z] : [info]:  Добрый день,
 
 Меня зовут Садиэль Годалес. 
 
 На сайте hh.ru меня заинтересовала вакансия Специалист по IT, размещённая Вашей компанией.
 Я получил высшее образование в г. Гавана (Куба) и работал программистом у поставщика программного обеспечения. Имею опыт работы с клиентами, занимался защитой информации, управлял базами данных. Знаком со стандартными алгоритмами и структурами данных, немного с Linux. Уверенно программирую на языках C#, SQL. Только что закончил курс по разработке мобильных приложений на Android.
 Владею испанским (родной), русским и английским языками. Люблю свою профессию и не перестаю самосовершенствоваться.
 Больше информации обо мне Вы можете прочитать в резюме. Готов ответить на Ваши вопросы при личной встрече или по скайпу. При необходимости готов выполнить тестовое задание.
 Вы можете связаться со мной по телефону 8 916 257 72 33, WhatsApp +7 963 7169740 или по электронной почте, sadielgodales@gmail.com.
 https://github.com/sad8787/C-repo
 https://github.com/sad8787/Java
 


[2021-10-06T22:42:06.241Z] : [info]: someone is there

[2021-10-06T22:42:27.819Z] : [info]: END Loguin

[2021-10-06T22:42:32.491Z] : [info]: END search

[2021-10-06T22:43:01.271Z] : [info]: 1231 ; 688

[2021-10-06T22:43:13.254Z] : [error]: Script Stopped.

[2021-10-06T22:43:13.258Z] : [warn]: Total execution time: 1m 14s 100ms

[2021-10-06T22:43:13.259Z] : [info]: ---------------------------------------------

[2021-10-06T22:46:39.911Z] : [success]: Robot saved successfully

[2021-10-06T22:46:40.027Z] : [success]: Bot started

[2021-10-06T22:46:40.028Z] : [info]: Robot start

[2021-10-06T22:46:42.661Z] : [info]: <p>Добрый день,</p><p></p><p>Меня зовут Садиэль Годалес. </p><p></p><p>На сайте hh.ru меня заинтересовала вакансия Специалист по IT, размещённая Вашей компанией.</p><p>Я получил высшее образование в г. Гавана (Куба) и работал программистом у поставщика программного обеспечения. Имею опыт работы с клиентами, занимался защитой информации, управлял базами данных. Знаком со стандартными алгоритмами и структурами данных, немного с Linux. Уверенно программирую на языках C#, SQL. Только что закончил курс по разработке мобильных приложений на Android.</p><p>Владею испанским (родной), русским и английским языками. Люблю свою профессию и не перестаю самосовершенствоваться.</p><p>Больше информации обо мне Вы можете прочитать в резюме. Готов ответить на Ваши вопросы при личной встрече или по скайпу. При необходимости готов выполнить тестовое задание.</p><p>Вы можете связаться со мной по телефону 8 916 257 72 33, WhatsApp +7 963 7169740 или по электронной почте, sadielgodales@gmail.com.</p><p>https://github.com/sad8787/C-repo</p><p>https://github.com/sad8787/Java</p><p></p>

[2021-10-06T22:46:42.671Z] : [info]:  Добрый день,
 
 Меня зовут Садиэль Годалес. 
 
 На сайте hh.ru меня заинтересовала вакансия Специалист по IT, размещённая Вашей компанией.
 Я получил высшее образование в г. Гавана (Куба) и работал программистом у поставщика программного обеспечения. Имею опыт работы с клиентами, занимался защитой информации, управлял базами данных. Знаком со стандартными алгоритмами и структурами данных, немного с Linux. Уверенно программирую на языках C#, SQL. Только что закончил курс по разработке мобильных приложений на Android.
 Владею испанским (родной), русским и английским языками. Люблю свою профессию и не перестаю самосовершенствоваться.
 Больше информации обо мне Вы можете прочитать в резюме. Готов ответить на Ваши вопросы при личной встрече или по скайпу. При необходимости готов выполнить тестовое задание.
 Вы можете связаться со мной по телефону 8 916 257 72 33, WhatsApp +7 963 7169740 или по электронной почте, sadielgodales@gmail.com.
 https://github.com/sad8787/C-repo
 https://github.com/sad8787/Java
 


[2021-10-06T22:46:46.977Z] : [info]: someone is there

[2021-10-06T22:47:05.430Z] : [info]: END Loguin

[2021-10-06T22:47:10.164Z] : [info]: END search

[2021-10-06T22:47:18.068Z] : [error]: Selectors: Nothing found

[2021-10-06T22:47:18.090Z] : [error]: Total execution time: 38s 35ms

[2021-10-06T22:47:18.093Z] : [info]: ---------------------------------------------

[2021-10-06T22:47:36.619Z] : [success]: Robot saved successfully

[2021-10-06T22:47:36.793Z] : [success]: Bot started

[2021-10-06T22:47:36.794Z] : [info]: Robot start

[2021-10-06T22:47:39.465Z] : [info]: <p>Добрый день,</p><p></p><p>Меня зовут Садиэль Годалес. </p><p></p><p>На сайте hh.ru меня заинтересовала вакансия Специалист по IT, размещённая Вашей компанией.</p><p>Я получил высшее образование в г. Гавана (Куба) и работал программистом у поставщика программного обеспечения. Имею опыт работы с клиентами, занимался защитой информации, управлял базами данных. Знаком со стандартными алгоритмами и структурами данных, немного с Linux. Уверенно программирую на языках C#, SQL. Только что закончил курс по разработке мобильных приложений на Android.</p><p>Владею испанским (родной), русским и английским языками. Люблю свою профессию и не перестаю самосовершенствоваться.</p><p>Больше информации обо мне Вы можете прочитать в резюме. Готов ответить на Ваши вопросы при личной встрече или по скайпу. При необходимости готов выполнить тестовое задание.</p><p>Вы можете связаться со мной по телефону 8 916 257 72 33, WhatsApp +7 963 7169740 или по электронной почте, sadielgodales@gmail.com.</p><p>https://github.com/sad8787/C-repo</p><p>https://github.com/sad8787/Java</p><p></p>

[2021-10-06T22:47:39.480Z] : [info]:  Добрый день,
 
 Меня зовут Садиэль Годалес. 
 
 На сайте hh.ru меня заинтересовала вакансия Специалист по IT, размещённая Вашей компанией.
 Я получил высшее образование в г. Гавана (Куба) и работал программистом у поставщика программного обеспечения. Имею опыт работы с клиентами, занимался защитой информации, управлял базами данных. Знаком со стандартными алгоритмами и структурами данных, немного с Linux. Уверенно программирую на языках C#, SQL. Только что закончил курс по разработке мобильных приложений на Android.
 Владею испанским (родной), русским и английским языками. Люблю свою профессию и не перестаю самосовершенствоваться.
 Больше информации обо мне Вы можете прочитать в резюме. Готов ответить на Ваши вопросы при личной встрече или по скайпу. При необходимости готов выполнить тестовое задание.
 Вы можете связаться со мной по телефону 8 916 257 72 33, WhatsApp +7 963 7169740 или по электронной почте, sadielgodales@gmail.com.
 https://github.com/sad8787/C-repo
 https://github.com/sad8787/Java
 


[2021-10-06T22:47:43.844Z] : [info]: someone is there

[2021-10-06T22:48:02.255Z] : [info]: END Loguin

[2021-10-06T22:48:06.858Z] : [info]: END search

[2021-10-06T22:48:44.648Z] : [info]: 1231 ; 695

[2021-10-06T22:49:00.868Z] : [success]: Bot finished successfully, total execution time: 1m 24s 70ms

[2021-10-06T22:49:00.870Z] : [info]: ---------------------------------------------

[2021-10-06T22:49:17.789Z] : [success]: Robot saved successfully

[2021-10-06T22:49:27.442Z] : [success]: Robot saved successfully

[2021-10-06T22:49:27.556Z] : [success]: Bot started

[2021-10-06T22:49:27.557Z] : [info]: Robot start

[2021-10-06T22:49:30.108Z] : [info]: <p>Добрый день,</p><p></p><p>Меня зовут Садиэль Годалес. </p><p></p><p>На сайте hh.ru меня заинтересовала вакансия Специалист по IT, размещённая Вашей компанией.</p><p>Я получил высшее образование в г. Гавана (Куба) и работал программистом у поставщика программного обеспечения. Имею опыт работы с клиентами, занимался защитой информации, управлял базами данных. Знаком со стандартными алгоритмами и структурами данных, немного с Linux. Уверенно программирую на языках C#, SQL. Только что закончил курс по разработке мобильных приложений на Android.</p><p>Владею испанским (родной), русским и английским языками. Люблю свою профессию и не перестаю самосовершенствоваться.</p><p>Больше информации обо мне Вы можете прочитать в резюме. Готов ответить на Ваши вопросы при личной встрече или по скайпу. При необходимости готов выполнить тестовое задание.</p><p>Вы можете связаться со мной по телефону 8 916 257 72 33, WhatsApp +7 963 7169740 или по электронной почте, sadielgodales@gmail.com.</p><p>https://github.com/sad8787/C-repo</p><p>https://github.com/sad8787/Java</p><p></p>

[2021-10-06T22:49:30.119Z] : [info]:  Добрый день,
 
 Меня зовут Садиэль Годалес. 
 
 На сайте hh.ru меня заинтересовала вакансия Специалист по IT, размещённая Вашей компанией.
 Я получил высшее образование в г. Гавана (Куба) и работал программистом у поставщика программного обеспечения. Имею опыт работы с клиентами, занимался защитой информации, управлял базами данных. Знаком со стандартными алгоритмами и структурами данных, немного с Linux. Уверенно программирую на языках C#, SQL. Только что закончил курс по разработке мобильных приложений на Android.
 Владею испанским (родной), русским и английским языками. Люблю свою профессию и не перестаю самосовершенствоваться.
 Больше информации обо мне Вы можете прочитать в резюме. Готов ответить на Ваши вопросы при личной встрече или по скайпу. При необходимости готов выполнить тестовое задание.
 Вы можете связаться со мной по телефону 8 916 257 72 33, WhatsApp +7 963 7169740 или по электронной почте, sadielgodales@gmail.com.
 https://github.com/sad8787/C-repo
 https://github.com/sad8787/Java
 


[2021-10-06T22:49:34.492Z] : [info]: someone is there

[2021-10-06T22:49:52.799Z] : [info]: END Loguin

[2021-10-06T22:49:57.445Z] : [info]: END search

[2021-10-06T22:50:36.099Z] : [info]: 1231 ; 702

[2021-10-06T22:50:39.219Z] : [info]: Una propuesta fue seleccionada

[2021-10-06T22:51:08.244Z] : [warn]: There is a small amount of free memory (RAM) left, 94.59% of RAM is being used (5730 MBs). The performance of Studio Pro and bots during execution may be unstable. Close applications that are not being used, increase the memory, or optimize the workflow.

[2021-10-06T22:51:11.217Z] : [info]: take contact details

[2021-10-06T22:51:18.722Z] : [info]: choose Summary. Send cover letter

[2021-10-06T22:51:34.662Z] : [info]: no aclicar porque Es examen

[2021-10-06T22:51:35.277Z] : [success]: Bot finished successfully, total execution time: 2m 7s 714ms

[2021-10-06T22:51:35.278Z] : [info]: ---------------------------------------------

[2021-10-06T22:53:32.434Z] : [success]: Robot saved successfully

[2021-10-06T22:53:35.849Z] : [success]: Robot saved successfully

[2021-10-06T22:53:35.967Z] : [success]: Bot started

[2021-10-06T22:53:35.968Z] : [info]: Robot start

[2021-10-06T22:53:39.596Z] : [success]: Bot finished successfully, total execution time: 3s 625ms

[2021-10-06T22:53:39.600Z] : [info]: ---------------------------------------------

[2021-10-06T22:55:57.863Z] : [success]: Robot saved successfully

[2021-10-06T22:55:57.993Z] : [success]: Bot started

[2021-10-06T22:55:57.994Z] : [info]: Robot start

[2021-10-06T22:56:03.199Z] : [error]: Selectors: Nothing found

[2021-10-06T22:56:03.203Z] : [error]: Total execution time: 5s 204ms

[2021-10-06T22:56:03.204Z] : [info]: ---------------------------------------------

[2021-10-06T22:56:55.627Z] : [success]: Robot saved successfully

