
  ==========================================
  Studio Pro version: 6.3.2
  Started at: 5/10/2021 19:50:57
  ==========================================
  

[2021-10-05T17:15:01.716Z] : [success]: Workflow успешно сохранен

[2021-10-05T17:15:01.844Z] : [info]: ---------------------------------------------

[2021-10-05T17:15:01.845Z] : [success]: Бот начал работу

[2021-10-05T17:15:01.846Z] : [info]: Robot start

[2021-10-05T17:15:42.458Z] : [info]: <p>sfdasad</p>

[2021-10-05T17:15:57.617Z] : [info]: END Loguin

[2021-10-05T17:16:02.854Z] : [info]: END search

[2021-10-05T17:16:05.150Z] : [info]: 1xxx

[2021-10-05T17:16:05.440Z] : [info]: 1231 ; 470

[2021-10-05T17:16:08.917Z] : [info]: Una propuesta fue seleccionada

[2021-10-05T17:16:33.961Z] : [info]: choose Summary. Send cover letter

[2021-10-05T17:16:49.231Z] : [info]: no aclicar

[2021-10-05T17:16:58.478Z] : [success]: Бот успешно завершил работу, время выполнения: 1м 56с 616мс

[2021-10-05T17:16:58.485Z] : [info]: ---------------------------------------------

[2021-10-05T17:29:31.521Z] : [success]: Workflow успешно сохранен

[2021-10-05T17:29:31.658Z] : [success]: Бот начал работу

[2021-10-05T17:29:31.659Z] : [info]: Robot start

[2021-10-05T17:29:36.201Z] : [success]: Бот успешно завершил работу, время выполнения: 4с 538мс

[2021-10-05T17:29:36.203Z] : [info]: ---------------------------------------------

[2021-10-05T17:33:00.387Z] : [success]: Workflow успешно сохранен

[2021-10-05T17:33:00.501Z] : [success]: Бот начал работу

[2021-10-05T17:33:00.502Z] : [info]: Robot start

[2021-10-05T17:33:03.230Z] : [error]: Selectors: Nothing found

[2021-10-05T17:33:03.238Z] : [error]: Время выполнения: 2с 726мс

[2021-10-05T17:33:03.242Z] : [info]: ---------------------------------------------

