
  ==========================================
  Studio Pro version: 6.3.2
  Started at: 5/10/2021 2:04:42
  ==========================================
  

[2021-10-04T23:06:20.924Z] : [success]: Workflow успешно сохранен

[2021-10-04T23:06:21.048Z] : [info]: ---------------------------------------------

[2021-10-04T23:06:21.049Z] : [success]: Бот начал работу

[2021-10-04T23:06:21.050Z] : [info]: Robot start

[2021-10-04T23:06:28.520Z] : [info]: <p>Добрый день,<br /><br />Меня зовут Садиэль Годалес. На сайте hh.ru меня заинтересовала вакансия программист, размещённая Вашей компанией.<br /><br />Я получил высшее образование в г. Гавана (Куба) и работал программистом у поставщика программного обеспечения. Имею опыт работы с клиентами, занимался защитой информации, управлял базами данных. Знаком со стандартными алгоритмами и структурами данных, немного с Linux. Уверенно программирую на языках C#, SQL. Только что закончил курс по разработке мобильных приложений на Android.<br />Владею испанским (родной), русским и английским языками. Люблю свою профессию и не перестаю самосовершенствоваться.<br />Больше информации обо мне Вы можете прочитать в резюме. Готов ответить на Ваши вопросы при личной встрече или по скайпу. При необходимости готов выполнить тестовое задание.<br /><br />Вы можете связаться со мной по телефону 8 916 257 72 33, WhatsApp +7 963 7169740 или по электронной почте sadielgodales@gmail.com.<br />https://github.com/sad8787/C-repo<br />https://github.com/sad8787/Java</p>

[2021-10-04T23:06:44.911Z] : [info]: END Loguin

[2021-10-04T23:06:50.095Z] : [info]: END search

[2021-10-04T23:06:52.176Z] : [info]: 1xxx

[2021-10-04T23:06:52.507Z] : [info]: 1231 ; 503

[2021-10-04T23:06:55.828Z] : [info]: Una propuesta fue seleccionada

[2021-10-04T23:07:20.845Z] : [info]: choose Summary. Send cover letter

[2021-10-04T23:07:36.893Z] : [info]: no aclicar

[2021-10-04T23:07:40.353Z] : [success]: Бот успешно завершил работу, время выполнения: 1м 19с 296мс

[2021-10-04T23:07:40.355Z] : [info]: ---------------------------------------------

[2021-10-04T23:16:09.953Z] : [warn]: Осталось малое количество свободной памяти (ОЗУ), 90.66% ОЗУ используется в настоящий момент (5492 Мб). Работа Studio Pro и исполнение ботов может быть нестабильным. Закройте неиспользуемые приложения, увеличьте объем памяти или оптимизируйте алгоритм

[2021-10-04T23:19:47.238Z] : [success]: Workflow успешно сохранен

