
  ==========================================
  Studio Pro version: 6.3.2
  Started at: 9/10/2021 20:16:07
  ==========================================
  

[2021-10-09T17:16:43.886Z] : [success]: Robot saved successfully

[2021-10-09T17:16:44.060Z] : [info]: ---------------------------------------------

[2021-10-09T17:16:44.062Z] : [success]: Bot started

[2021-10-09T17:16:44.063Z] : [info]: Robot start

[2021-10-09T17:16:57.508Z] : [info]: <p>Добрый день,</p><p></p><p>Меня зовут Садиэль Годалес. </p><p></p><p>На сайте hh.ru меня заинтересовала вакансия Специалист по IT, размещённая Вашей компанией.</p><p>Я получил высшее образование в г. Гавана (Куба) и работал программистом у поставщика программного обеспечения. Имею опыт работы с клиентами, занимался защитой информации, управлял базами данных. Знаком со стандартными алгоритмами и структурами данных, немного с Linux. Уверенно программирую на языках C#, SQL. Только что закончил курс по разработке мобильных приложений на Android.</p><p>Владею испанским (родной), русским и английским языками. Люблю свою профессию и не перестаю самосовершенствоваться.</p><p>Больше информации обо мне Вы можете прочитать в резюме. Готов ответить на Ваши вопросы при личной встрече или по скайпу. При необходимости готов выполнить тестовое задание.</p><p>Вы можете связаться со мной по телефону 8 916 257 72 33, WhatsApp +7 963 7169740 или по электронной почте, sadielgodales@gmail.com.</p><p>https://github.com/sad8787/C-repo</p><p>https://github.com/sad8787/Java</p><p></p>

[2021-10-09T17:17:29.503Z] : [error]: Selectors: Nothing found

[2021-10-09T17:17:29.516Z] : [error]: Total execution time: 45s 439ms

[2021-10-09T17:17:29.518Z] : [info]: ---------------------------------------------

[2021-10-09T17:22:46.081Z] : [success]: Robot saved successfully

[2021-10-09T17:22:46.216Z] : [success]: Bot started

[2021-10-09T17:22:46.217Z] : [info]: Robot start

[2021-10-09T17:22:53.449Z] : [error]: Selectors: Nothing found

[2021-10-09T17:22:53.454Z] : [error]: Total execution time: 7s 231ms

[2021-10-09T17:22:53.457Z] : [info]: ---------------------------------------------

[2021-10-09T18:14:09.243Z] : [success]: Robot saved successfully

[2021-10-09T18:14:23.583Z] : [success]: Robot saved successfully

[2021-10-09T18:14:23.721Z] : [success]: Bot started

[2021-10-09T18:14:23.721Z] : [info]: Robot start

[2021-10-09T18:14:39.246Z] : [success]: Bot finished successfully, total execution time: 15s 522ms

[2021-10-09T18:14:39.248Z] : [info]: ---------------------------------------------

[2021-10-09T18:15:09.962Z] : [success]: Robot saved successfully

[2021-10-09T18:15:13.461Z] : [success]: Robot saved successfully

[2021-10-09T18:15:13.594Z] : [success]: Bot started

[2021-10-09T18:15:13.595Z] : [info]: Robot start

[2021-10-09T18:15:17.407Z] : [error]: Selectors: Nothing found

[2021-10-09T18:15:17.410Z] : [error]: Total execution time: 3s 811ms

[2021-10-09T18:15:17.411Z] : [info]: ---------------------------------------------

[2021-10-09T18:17:20.115Z] : [success]: Robot saved successfully

[2021-10-09T18:17:20.246Z] : [success]: Bot started

[2021-10-09T18:17:20.246Z] : [info]: Robot start

[2021-10-09T18:17:24.399Z] : [success]: Bot finished successfully, total execution time: 4s 151ms

[2021-10-09T18:17:24.400Z] : [info]: ---------------------------------------------

[2021-10-09T18:22:42.579Z] : [success]: Robot saved successfully

[2021-10-09T18:22:51.989Z] : [success]: Robot saved successfully

[2021-10-09T18:22:52.143Z] : [success]: Bot started

[2021-10-09T18:22:52.144Z] : [info]: Robot start

[2021-10-09T18:22:56.474Z] : [success]: Bot finished successfully, total execution time: 4s 329ms

[2021-10-09T18:22:56.476Z] : [info]: ---------------------------------------------

[2021-10-09T18:27:51.163Z] : [success]: Robot saved successfully

[2021-10-09T18:27:53.962Z] : [success]: Robot saved successfully

[2021-10-09T18:27:54.066Z] : [info]: ---------------------------------------------

[2021-10-09T18:27:54.067Z] : [success]: Bot started

[2021-10-09T18:27:54.068Z] : [info]: Robot start

[2021-10-09T18:27:56.440Z] : [success]: Bot finished successfully, total execution time: 2s 370ms

[2021-10-09T18:27:56.441Z] : [info]: ---------------------------------------------

[2021-10-09T18:30:38.449Z] : [success]: Robot saved successfully

[2021-10-09T18:30:44.722Z] : [success]: Robot saved successfully

[2021-10-09T18:30:44.847Z] : [success]: Bot started

[2021-10-09T18:30:44.849Z] : [info]: Robot start

[2021-10-09T18:30:49.071Z] : [info]: <p>Добрый день,</p><p></p><p>Меня зовут Садиэль Годалес. </p><p></p><p>На сайте hh.ru меня заинтересовала вакансия Специалист по IT, размещённая Вашей компанией.</p><p>Я получил высшее образование в г. Гавана (Куба) и работал программистом у поставщика программного обеспечения. Имею опыт работы с клиентами, занимался защитой информации, управлял базами данных. Знаком со стандартными алгоритмами и структурами данных, немного с Linux. Уверенно программирую на языках C#, SQL. Только что закончил курс по разработке мобильных приложений на Android.</p><p>Владею испанским (родной), русским и английским языками. Люблю свою профессию и не перестаю самосовершенствоваться.</p><p>Больше информации обо мне Вы можете прочитать в резюме. Готов ответить на Ваши вопросы при личной встрече или по скайпу. При необходимости готов выполнить тестовое задание.</p><p>Вы можете связаться со мной по телефону 8 916 257 72 33, WhatsApp +7 963 7169740 или по электронной почте, sadielgodales@gmail.com.</p><p>https://github.com/sad8787/C-repo</p><p>https://github.com/sad8787/Java</p><p></p>

[2021-10-09T18:30:49.645Z] : [success]: Bot finished successfully, total execution time: 4s 794ms

[2021-10-09T18:30:49.647Z] : [info]: ---------------------------------------------

[2021-10-09T18:34:30.380Z] : [success]: Robot saved successfully

