
  ==========================================
  Studio Pro version: 6.0.25
  Started at: 29/9/2021 20:22:27
  ==========================================
  

[2021-09-29T17:25:08.295Z] : [success]: Robot saved successfully

[2021-09-29T17:25:08.326Z] : [info]: ---------------------------------------------

[2021-09-29T17:25:08.327Z] : [success]: Bot started

[2021-09-29T17:25:08.328Z] : [info]: Robot start

[2021-09-29T17:25:25.628Z] : [error]: Selectors: Nothing found

[2021-09-29T17:25:25.636Z] : [error]: Total execution time: 17s 298ms

[2021-09-29T17:25:25.638Z] : [info]: ---------------------------------------------

[2021-09-29T17:26:06.601Z] : [success]: Robot saved successfully

[2021-09-29T17:26:06.636Z] : [success]: Bot started

[2021-09-29T17:26:06.639Z] : [info]: Robot start

[2021-09-29T17:26:13.170Z] : [error]: Selectors: Nothing found

[2021-09-29T17:26:13.174Z] : [error]: Total execution time: 6s 529ms

[2021-09-29T17:26:13.175Z] : [info]: ---------------------------------------------

[2021-09-29T17:37:05.737Z] : [success]: Robot saved successfully

[2021-09-29T17:37:05.780Z] : [info]: ---------------------------------------------

[2021-09-29T17:37:05.781Z] : [success]: Bot started

[2021-09-29T17:37:05.781Z] : [info]: Robot start

[2021-09-29T17:37:28.789Z] : [error]: Script Stopped.

[2021-09-29T17:37:28.792Z] : [warn]: Total execution time: 23s 6ms

[2021-09-29T17:37:28.793Z] : [info]: ---------------------------------------------

[2021-09-29T17:37:38.746Z] : [success]: Robot saved successfully

[2021-09-29T17:37:38.783Z] : [info]: ---------------------------------------------

[2021-09-29T17:37:38.784Z] : [success]: Bot started

[2021-09-29T17:37:38.785Z] : [info]: Robot start

[2021-09-29T17:38:13.360Z] : [error]: Script Stopped.

[2021-09-29T17:38:13.364Z] : [warn]: Total execution time: 34s 574ms

[2021-09-29T17:38:13.365Z] : [info]: ---------------------------------------------

[2021-09-29T17:39:07.019Z] : [success]: Robot saved successfully

[2021-09-29T17:39:07.069Z] : [success]: Bot started

[2021-09-29T17:39:07.070Z] : [info]: Robot start

[2021-09-29T17:39:52.005Z] : [error]: No elements were found according to your selection. It may happen because of a wrong selector or because the element takes more time to appear on the screen. Try modifying the selector or increasing the element timeout and run the bot again

[2021-09-29T17:39:52.007Z] : [error]: Total execution time: 44s 934ms

[2021-09-29T17:39:52.009Z] : [info]: ---------------------------------------------

[2021-09-29T17:39:56.277Z] : [success]: Robot saved successfully

[2021-09-29T17:40:18.212Z] : [success]: Robot saved successfully

[2021-09-29T17:40:18.256Z] : [success]: Bot started

[2021-09-29T17:40:18.257Z] : [info]: Robot start

[2021-09-29T17:40:41.308Z] : [error]: Script Stopped.

[2021-09-29T17:40:41.312Z] : [warn]: Total execution time: 23s 49ms

[2021-09-29T17:40:41.314Z] : [info]: ---------------------------------------------

[2021-09-29T17:40:44.723Z] : [success]: Robot saved successfully

