
  ==========================================
  Studio Pro version: 6.5.4
  Started at: 10/11/2021 21:00:59
  ==========================================
  

[2021-11-10T18:06:16.610Z] : [success]: Robot saved successfully

[2021-11-10T18:06:16.885Z] : [info]: ---------------------------------------------

[2021-11-10T18:06:16.886Z] : [success]: Bot started

[2021-11-10T18:06:16.888Z] : [info]: Robot start

[2021-11-10T18:06:26.280Z] : [info]: <p>Добрый день,</p><p></p><p>Меня зовут Садиэль Годалес. </p><p></p><p>На сайте hh.ru меня заинтересовала вакансия программист, размещённая Вашей компанией.</p><p>Я получил высшее образование в г. Гавана (Куба) и работал программистом у поставщика программного обеспечения. Имею опыт работы с клиентами, занимался защитой информации, управлял базами данных. Знаком со стандартными алгоритмами и структурами данных. Уверенно программирую на языках C#, SQL. Только что закончил курс по разработке мобильных приложений на Android.</p><p>Владею испанским (родной), русским и английским языками. Люблю свою профессию и не перестаю самосовершенствоваться.</p><p>Больше информации обо мне Вы можете прочитать в резюме. Готов ответить на Ваши вопросы при личной встрече или по скайпу. При необходимости готов выполнить тестовое задание.</p><p>Вы можете связаться со мной по телефону 8 916 257 72 33, WhatsApp +7 963 7169740 или по электронной почте, sadielgodales@gmail.com.</p><p>https://github.com/sad8787/C-repo</p><p>https://github.com/sad8787/Java</p><p></p>

[2021-11-10T18:06:36.735Z] : [info]: someone is there

[2021-11-10T18:07:01.174Z] : [info]: END Loguin

[2021-11-10T18:07:06.527Z] : [info]: END search

[2021-11-10T18:07:13.691Z] : [info]: Una propuesta fue seleccionada

[2021-11-10T18:07:37.782Z] : [info]: choose Summary. Send cover letter

[2021-11-10T18:07:39.470Z] : [info]: si aclicar

[2021-11-10T18:08:03.807Z] : [info]: END search

[2021-11-10T18:08:24.858Z] : [info]: Una propuesta fue seleccionada

[2021-11-10T18:08:38.325Z] : [info]: choose Summary. Send cover letter

[2021-11-10T18:08:40.025Z] : [info]: si aclicar

[2021-11-10T18:09:02.994Z] : [info]: END search

[2021-11-10T18:09:09.757Z] : [info]: Una propuesta fue seleccionada

[2021-11-10T18:09:46.409Z] : [info]: choose Summary. Send cover letter

[2021-11-10T18:10:02.453Z] : [info]: no aclicar porque Es examen

[2021-11-10T18:10:28.223Z] : [error]: Selectors: Nothing found

[2021-11-10T18:10:28.243Z] : [error]: Total execution time: 4m 11s 335ms

[2021-11-10T18:10:28.245Z] : [info]: ---------------------------------------------

[2021-11-10T18:11:08.129Z] : [success]: Robot saved successfully

[2021-11-10T18:11:08.345Z] : [success]: Bot started

[2021-11-10T18:11:08.346Z] : [info]: Robot start

[2021-11-10T18:11:13.842Z] : [info]: <p>Добрый день,</p><p></p><p>Меня зовут Садиэль Годалес. </p><p></p><p>На сайте hh.ru меня заинтересовала вакансия программист, размещённая Вашей компанией.</p><p>Я получил высшее образование в г. Гавана (Куба) и работал программистом у поставщика программного обеспечения. Имею опыт работы с клиентами, занимался защитой информации, управлял базами данных. Знаком со стандартными алгоритмами и структурами данных. Уверенно программирую на языках C#, SQL. Только что закончил курс по разработке мобильных приложений на Android.</p><p>Владею испанским (родной), русским и английским языками. Люблю свою профессию и не перестаю самосовершенствоваться.</p><p>Больше информации обо мне Вы можете прочитать в резюме. Готов ответить на Ваши вопросы при личной встрече или по скайпу. При необходимости готов выполнить тестовое задание.</p><p>Вы можете связаться со мной по телефону 8 916 257 72 33, WhatsApp +7 963 7169740 или по электронной почте, sadielgodales@gmail.com.</p><p>https://github.com/sad8787/C-repo</p><p>https://github.com/sad8787/Java</p><p></p>

[2021-11-10T18:11:20.823Z] : [info]: someone is there

[2021-11-10T18:11:39.291Z] : [error]: Selectors: Nothing found

[2021-11-10T18:11:39.296Z] : [error]: Total execution time: 30s 942ms

[2021-11-10T18:11:39.297Z] : [info]: ---------------------------------------------

[2021-11-10T18:11:58.955Z] : [success]: Robot saved successfully

[2021-11-10T18:11:59.114Z] : [success]: Bot started

[2021-11-10T18:11:59.115Z] : [info]: Robot start

[2021-11-10T18:12:03.994Z] : [info]: <p>Добрый день,</p><p></p><p>Меня зовут Садиэль Годалес. </p><p></p><p>На сайте hh.ru меня заинтересовала вакансия программист, размещённая Вашей компанией.</p><p>Я получил высшее образование в г. Гавана (Куба) и работал программистом у поставщика программного обеспечения. Имею опыт работы с клиентами, занимался защитой информации, управлял базами данных. Знаком со стандартными алгоритмами и структурами данных. Уверенно программирую на языках C#, SQL. Только что закончил курс по разработке мобильных приложений на Android.</p><p>Владею испанским (родной), русским и английским языками. Люблю свою профессию и не перестаю самосовершенствоваться.</p><p>Больше информации обо мне Вы можете прочитать в резюме. Готов ответить на Ваши вопросы при личной встрече или по скайпу. При необходимости готов выполнить тестовое задание.</p><p>Вы можете связаться со мной по телефону 8 916 257 72 33, WhatsApp +7 963 7169740 или по электронной почте, sadielgodales@gmail.com.</p><p>https://github.com/sad8787/C-repo</p><p>https://github.com/sad8787/Java</p><p></p>

[2021-11-10T18:12:26.191Z] : [info]: END Loguin

[2021-11-10T18:12:33.115Z] : [info]: END search

[2021-11-10T18:12:39.825Z] : [info]: Una propuesta fue seleccionada

[2021-11-10T18:13:05.882Z] : [info]: choose Summary. Send cover letter

[2021-11-10T18:13:07.630Z] : [info]: si aclicar

[2021-11-10T18:13:31.945Z] : [info]: END search

[2021-11-10T18:13:40.163Z] : [info]: choose Summary. Send cover letter

[2021-11-10T18:13:45.043Z] : [info]: si aclicar

[2021-11-10T18:14:07.987Z] : [info]: END search

[2021-11-10T18:14:15.053Z] : [info]: choose Summary. Send cover letter

[2021-11-10T18:14:16.898Z] : [info]: si aclicar

[2021-11-10T18:14:40.711Z] : [info]: END search

[2021-11-10T18:14:47.563Z] : [info]: Una propuesta fue seleccionada

[2021-11-10T18:15:22.095Z] : [info]: take contact details

[2021-11-10T18:15:28.596Z] : [info]: choose Summary. Send cover letter

[2021-11-10T18:15:30.378Z] : [info]: si aclicar

[2021-11-10T18:15:54.541Z] : [info]: END search

[2021-11-10T18:16:01.479Z] : [info]: Una propuesta fue seleccionada

[2021-11-10T18:16:29.968Z] : [info]: take contact details

[2021-11-10T18:16:35.352Z] : [info]: choose Summary. Send cover letter

[2021-11-10T18:16:37.009Z] : [info]: si aclicar

[2021-11-10T18:17:00.891Z] : [info]: END search

[2021-11-10T18:17:08.975Z] : [info]: choose Summary. Send cover letter

[2021-11-10T18:17:10.738Z] : [info]: si aclicar

[2021-11-10T18:17:33.825Z] : [info]: END search

[2021-11-10T18:17:40.600Z] : [info]: Una propuesta fue seleccionada

[2021-11-10T18:18:15.390Z] : [info]: take contact details

[2021-11-10T18:18:26.367Z] : [info]: choose Summary. Send cover letter

[2021-11-10T18:18:28.010Z] : [info]: si aclicar

[2021-11-10T18:18:53.540Z] : [info]: END search

[2021-11-10T18:18:59.280Z] : [info]: Una propuesta fue seleccionada

[2021-11-10T18:19:30.948Z] : [info]: choose Summary. Send cover letter

[2021-11-10T18:19:32.684Z] : [info]: si aclicar

[2021-11-10T18:19:56.602Z] : [info]: END search

[2021-11-10T18:20:03.461Z] : [info]: Una propuesta fue seleccionada

[2021-11-10T18:20:24.829Z] : [info]: take contact details

[2021-11-10T18:20:36.923Z] : [info]: choose Summary. Send cover letter

[2021-11-10T18:20:38.666Z] : [info]: si aclicar

[2021-11-10T18:21:02.761Z] : [info]: END search

[2021-11-10T18:21:11.887Z] : [info]: choose Summary. Send cover letter

[2021-11-10T18:21:13.490Z] : [info]: si aclicar

[2021-11-10T18:21:37.114Z] : [info]: END search

[2021-11-10T18:21:42.737Z] : [info]: Una propuesta fue seleccionada

[2021-11-10T18:22:09.482Z] : [info]: take contact details

[2021-11-10T18:22:20.332Z] : [info]: choose Summary. Send cover letter

[2021-11-10T18:22:21.955Z] : [info]: si aclicar

[2021-11-10T18:22:45.639Z] : [info]: END search

[2021-11-10T18:22:52.614Z] : [info]: choose Summary. Send cover letter

[2021-11-10T18:22:54.533Z] : [info]: si aclicar

[2021-11-10T18:23:18.855Z] : [info]: END search

[2021-11-10T18:23:26.814Z] : [info]: choose Summary. Send cover letter

[2021-11-10T18:23:28.431Z] : [info]: si aclicar

[2021-11-10T18:23:51.237Z] : [info]: END search

[2021-11-10T18:23:55.767Z] : [info]: Una propuesta fue seleccionada

[2021-11-10T18:24:21.184Z] : [info]: choose Summary. Send cover letter

[2021-11-10T18:24:22.937Z] : [info]: si aclicar

[2021-11-10T18:24:48.281Z] : [info]: END search

[2021-11-10T18:24:55.107Z] : [info]: Una propuesta fue seleccionada

[2021-11-10T18:26:14.366Z] : [info]: choose Summary. Send cover letter

[2021-11-10T18:26:16.228Z] : [info]: si aclicar

[2021-11-10T18:26:40.950Z] : [info]: END search

[2021-11-10T18:26:47.930Z] : [info]: Una propuesta fue seleccionada

[2021-11-10T18:27:45.211Z] : [info]: choose Summary. Send cover letter

[2021-11-10T18:27:46.926Z] : [info]: si aclicar

[2021-11-10T18:28:10.776Z] : [info]: END search

[2021-11-10T18:28:18.780Z] : [info]: choose Summary. Send cover letter

[2021-11-10T18:28:20.758Z] : [info]: si aclicar

[2021-11-10T18:28:44.943Z] : [info]: END search

[2021-11-10T18:28:53.083Z] : [info]: choose Summary. Send cover letter

[2021-11-10T18:28:54.922Z] : [info]: si aclicar

[2021-11-10T18:29:17.644Z] : [info]: END search

[2021-11-10T18:29:26.047Z] : [info]: choose Summary. Send cover letter

[2021-11-10T18:29:27.950Z] : [info]: si aclicar

[2021-11-10T18:29:52.151Z] : [info]: END search

[2021-11-10T18:30:03.542Z] : [info]: choose Summary. Send cover letter

[2021-11-10T18:30:05.161Z] : [info]: si aclicar

[2021-11-10T18:30:27.953Z] : [info]: END search

[2021-11-10T18:30:40.262Z] : [info]: choose Summary. Send cover letter

[2021-11-10T18:30:41.967Z] : [info]: si aclicar

[2021-11-10T18:31:06.548Z] : [info]: END search

[2021-11-10T18:31:13.332Z] : [info]: choose Summary. Send cover letter

[2021-11-10T18:31:14.968Z] : [info]: si aclicar

[2021-11-10T18:31:39.414Z] : [info]: END search

[2021-11-10T18:31:46.484Z] : [info]: Una propuesta fue seleccionada

[2021-11-10T18:32:34.100Z] : [info]: choose Summary. Send cover letter

[2021-11-10T18:32:35.859Z] : [info]: si aclicar

[2021-11-10T18:33:00.656Z] : [info]: END search

[2021-11-10T18:33:08.738Z] : [info]: choose Summary. Send cover letter

[2021-11-10T18:33:10.374Z] : [info]: si aclicar

[2021-11-10T18:33:35.280Z] : [info]: END search

[2021-11-10T18:33:46.402Z] : [info]: choose Summary. Send cover letter

[2021-11-10T18:33:48.036Z] : [info]: si aclicar

[2021-11-10T18:34:11.118Z] : [info]: END search

[2021-11-10T18:34:16.776Z] : [info]: Una propuesta fue seleccionada

[2021-11-10T18:34:37.799Z] : [info]: choose Summary. Send cover letter

[2021-11-10T18:34:39.537Z] : [info]: si aclicar

[2021-11-10T18:35:03.194Z] : [info]: END search

[2021-11-10T18:35:08.346Z] : [info]: Una propuesta fue seleccionada

[2021-11-10T18:35:33.231Z] : [info]: choose Summary. Send cover letter

[2021-11-10T18:35:34.930Z] : [info]: si aclicar

[2021-11-10T18:35:58.413Z] : [info]: END search

[2021-11-10T18:36:19.823Z] : [info]: Una propuesta fue seleccionada

[2021-11-10T18:36:58.408Z] : [info]: choose Summary. Send cover letter

[2021-11-10T18:37:00.050Z] : [info]: si aclicar

[2021-11-10T18:37:22.635Z] : [info]: END search

[2021-11-10T18:37:28.024Z] : [info]: Una propuesta fue seleccionada

[2021-11-10T18:38:07.221Z] : [info]: choose Summary. Send cover letter

[2021-11-10T18:38:08.916Z] : [info]: si aclicar

