
  ==========================================
  Studio Pro version: 6.3.2
  Started at: 8/10/2021 21:07:00
  ==========================================
  

[2021-10-08T18:07:58.453Z] : [success]: Robot saved successfully

[2021-10-08T18:07:58.636Z] : [info]: ---------------------------------------------

[2021-10-08T18:07:58.637Z] : [success]: Bot started

[2021-10-08T18:07:58.637Z] : [info]: Robot start

[2021-10-08T18:08:03.425Z] : [info]: <p>Добрый день,</p><p></p><p>Меня зовут Садиэль Годалес. </p><p></p><p>На сайте hh.ru меня заинтересовала вакансия Специалист по IT, размещённая Вашей компанией.</p><p>Я получил высшее образование в г. Гавана (Куба) и работал программистом у поставщика программного обеспечения. Имею опыт работы с клиентами, занимался защитой информации, управлял базами данных. Знаком со стандартными алгоритмами и структурами данных, немного с Linux. Уверенно программирую на языках C#, SQL. Только что закончил курс по разработке мобильных приложений на Android.</p><p>Владею испанским (родной), русским и английским языками. Люблю свою профессию и не перестаю самосовершенствоваться.</p><p>Больше информации обо мне Вы можете прочитать в резюме. Готов ответить на Ваши вопросы при личной встрече или по скайпу. При необходимости готов выполнить тестовое задание.</p><p>Вы можете связаться со мной по телефону 8 916 257 72 33, WhatsApp +7 963 7169740 или по электронной почте, sadielgodales@gmail.com.</p><p>https://github.com/sad8787/C-repo</p><p>https://github.com/sad8787/Java</p><p></p>

[2021-10-08T18:08:03.441Z] : [info]:  Добрый день,
 
 Меня зовут Садиэль Годалес. 
 
 На сайте hh.ru меня заинтересовала вакансия Специалист по IT, размещённая Вашей компанией.
 Я получил высшее образование в г. Гавана (Куба) и работал программистом у поставщика программного обеспечения. Имею опыт работы с клиентами, занимался защитой информации, управлял базами данных. Знаком со стандартными алгоритмами и структурами данных, немного с Linux. Уверенно программирую на языках C#, SQL. Только что закончил курс по разработке мобильных приложений на Android.
 Владею испанским (родной), русским и английским языками. Люблю свою профессию и не перестаю самосовершенствоваться.
 Больше информации обо мне Вы можете прочитать в резюме. Готов ответить на Ваши вопросы при личной встрече или по скайпу. При необходимости готов выполнить тестовое задание.
 Вы можете связаться со мной по телефону 8 916 257 72 33, WhatsApp +7 963 7169740 или по электронной почте, sadielgodales@gmail.com.
 https://github.com/sad8787/C-repo
 https://github.com/sad8787/Java
 


[2021-10-08T18:08:11.814Z] : [info]: someone is there

[2021-10-08T18:08:30.484Z] : [info]: END Loguin

[2021-10-08T18:08:36.736Z] : [info]: END search

[2021-10-08T18:08:41.220Z] : [info]: choose Summary. Send cover letter

[2021-10-08T18:08:43.304Z] : [info]: si aclicar

[2021-10-08T18:09:06.419Z] : [info]: END search

[2021-10-08T18:09:09.954Z] : [info]: 1209 ; 488

[2021-10-08T18:09:13.336Z] : [info]: Una propuesta fue seleccionada

[2021-10-08T18:09:43.161Z] : [info]: choose Summary. Send cover letter

[2021-10-08T18:09:59.305Z] : [info]: no aclicar porque Es examen

[2021-10-08T18:10:27.203Z] : [error]: Selectors: Nothing found

[2021-10-08T18:10:27.216Z] : [error]: Total execution time: 2m 28s 565ms

[2021-10-08T18:10:27.218Z] : [info]: ---------------------------------------------

[2021-10-08T18:22:33.373Z] : [success]: Robot saved successfully

[2021-10-08T18:22:33.514Z] : [success]: Bot started

[2021-10-08T18:22:33.515Z] : [info]: Robot start

[2021-10-08T18:22:36.195Z] : [info]: <p>Добрый день,</p><p></p><p>Меня зовут Садиэль Годалес. </p><p></p><p>На сайте hh.ru меня заинтересовала вакансия Специалист по IT, размещённая Вашей компанией.</p><p>Я получил высшее образование в г. Гавана (Куба) и работал программистом у поставщика программного обеспечения. Имею опыт работы с клиентами, занимался защитой информации, управлял базами данных. Знаком со стандартными алгоритмами и структурами данных, немного с Linux. Уверенно программирую на языках C#, SQL. Только что закончил курс по разработке мобильных приложений на Android.</p><p>Владею испанским (родной), русским и английским языками. Люблю свою профессию и не перестаю самосовершенствоваться.</p><p>Больше информации обо мне Вы можете прочитать в резюме. Готов ответить на Ваши вопросы при личной встрече или по скайпу. При необходимости готов выполнить тестовое задание.</p><p>Вы можете связаться со мной по телефону 8 916 257 72 33, WhatsApp +7 963 7169740 или по электронной почте, sadielgodales@gmail.com.</p><p>https://github.com/sad8787/C-repo</p><p>https://github.com/sad8787/Java</p><p></p>

[2021-10-08T18:22:36.207Z] : [info]:  Добрый день,
 
 Меня зовут Садиэль Годалес. 
 
 На сайте hh.ru меня заинтересовала вакансия Специалист по IT, размещённая Вашей компанией.
 Я получил высшее образование в г. Гавана (Куба) и работал программистом у поставщика программного обеспечения. Имею опыт работы с клиентами, занимался защитой информации, управлял базами данных. Знаком со стандартными алгоритмами и структурами данных, немного с Linux. Уверенно программирую на языках C#, SQL. Только что закончил курс по разработке мобильных приложений на Android.
 Владею испанским (родной), русским и английским языками. Люблю свою профессию и не перестаю самосовершенствоваться.
 Больше информации обо мне Вы можете прочитать в резюме. Готов ответить на Ваши вопросы при личной встрече или по скайпу. При необходимости готов выполнить тестовое задание.
 Вы можете связаться со мной по телефону 8 916 257 72 33, WhatsApp +7 963 7169740 или по электронной почте, sadielgodales@gmail.com.
 https://github.com/sad8787/C-repo
 https://github.com/sad8787/Java
 


[2021-10-08T18:23:02.443Z] : [info]: someone is there

[2021-10-08T18:23:20.786Z] : [info]: END Loguin

[2021-10-08T18:23:27.030Z] : [info]: END search

[2021-10-08T18:23:30.619Z] : [info]: 1209 ; 488

[2021-10-08T18:23:34.010Z] : [info]: Una propuesta fue seleccionada

[2021-10-08T18:24:01.730Z] : [info]: choose Summary. Send cover letter

[2021-10-08T18:24:17.813Z] : [info]: no aclicar porque Es examen

[2021-10-08T18:25:00.095Z] : [info]: END search

[2021-10-08T18:25:03.711Z] : [info]: choose Summary. Send cover letter

[2021-10-08T18:25:05.585Z] : [info]: si aclicar

[2021-10-08T18:25:30.848Z] : [info]: END search

[2021-10-08T18:25:33.625Z] : [info]: 1209 ; 496

[2021-10-08T18:25:37.221Z] : [info]: Una propuesta fue seleccionada

[2021-10-08T18:26:00.430Z] : [info]: choose Summary. Send cover letter

[2021-10-08T18:26:02.087Z] : [info]: si aclicar

[2021-10-08T18:26:25.929Z] : [info]: END search

[2021-10-08T18:26:30.322Z] : [info]: choose Summary. Send cover letter

[2021-10-08T18:26:32.392Z] : [info]: si aclicar

[2021-10-08T18:26:35.085Z] : [error]: Selectors: Nothing found

[2021-10-08T18:26:35.130Z] : [error]: Total execution time: 4m 1s 569ms

[2021-10-08T18:26:35.131Z] : [info]: ---------------------------------------------

[2021-10-08T18:28:26.427Z] : [success]: Robot saved successfully

[2021-10-08T18:28:29.770Z] : [success]: Robot saved successfully

[2021-10-08T18:28:29.895Z] : [success]: Bot started

[2021-10-08T18:28:29.896Z] : [info]: Robot start

[2021-10-08T18:28:34.401Z] : [info]: <p>Добрый день,</p><p></p><p>Меня зовут Садиэль Годалес. </p><p></p><p>На сайте hh.ru меня заинтересовала вакансия Специалист по IT, размещённая Вашей компанией.</p><p>Я получил высшее образование в г. Гавана (Куба) и работал программистом у поставщика программного обеспечения. Имею опыт работы с клиентами, занимался защитой информации, управлял базами данных. Знаком со стандартными алгоритмами и структурами данных, немного с Linux. Уверенно программирую на языках C#, SQL. Только что закончил курс по разработке мобильных приложений на Android.</p><p>Владею испанским (родной), русским и английским языками. Люблю свою профессию и не перестаю самосовершенствоваться.</p><p>Больше информации обо мне Вы можете прочитать в резюме. Готов ответить на Ваши вопросы при личной встрече или по скайпу. При необходимости готов выполнить тестовое задание.</p><p>Вы можете связаться со мной по телефону 8 916 257 72 33, WhatsApp +7 963 7169740 или по электронной почте, sadielgodales@gmail.com.</p><p>https://github.com/sad8787/C-repo</p><p>https://github.com/sad8787/Java</p><p></p>

[2021-10-08T18:28:34.417Z] : [info]:  Добрый день,
 
 Меня зовут Садиэль Годалес. 
 
 На сайте hh.ru меня заинтересовала вакансия Специалист по IT, размещённая Вашей компанией.
 Я получил высшее образование в г. Гавана (Куба) и работал программистом у поставщика программного обеспечения. Имею опыт работы с клиентами, занимался защитой информации, управлял базами данных. Знаком со стандартными алгоритмами и структурами данных, немного с Linux. Уверенно программирую на языках C#, SQL. Только что закончил курс по разработке мобильных приложений на Android.
 Владею испанским (родной), русским и английским языками. Люблю свою профессию и не перестаю самосовершенствоваться.
 Больше информации обо мне Вы можете прочитать в резюме. Готов ответить на Ваши вопросы при личной встрече или по скайпу. При необходимости готов выполнить тестовое задание.
 Вы можете связаться со мной по телефону 8 916 257 72 33, WhatsApp +7 963 7169740 или по электронной почте, sadielgodales@gmail.com.
 https://github.com/sad8787/C-repo
 https://github.com/sad8787/Java
 


[2021-10-08T18:29:00.520Z] : [info]: someone is there

[2021-10-08T18:29:18.725Z] : [info]: END Loguin

[2021-10-08T18:29:23.597Z] : [info]: END search

[2021-10-08T18:29:27.304Z] : [info]: choose Summary. Send cover letter

[2021-10-08T18:29:29.372Z] : [info]: si aclicar

[2021-10-08T18:29:53.968Z] : [info]: END search

[2021-10-08T18:29:57.670Z] : [info]: choose Summary. Send cover letter

[2021-10-08T18:29:59.824Z] : [info]: si aclicar

[2021-10-08T18:31:37.649Z] : [error]: Script Stopped.

[2021-10-08T18:31:37.655Z] : [warn]: Total execution time: 3m 7s 752ms

[2021-10-08T18:31:37.656Z] : [info]: ---------------------------------------------

[2021-10-08T18:36:11.851Z] : [success]: Robot saved successfully

[2021-10-08T18:36:11.976Z] : [success]: Bot started

[2021-10-08T18:36:11.977Z] : [info]: Robot start

[2021-10-08T18:36:16.630Z] : [info]: <p>Добрый день,</p><p></p><p>Меня зовут Садиэль Годалес. </p><p></p><p>На сайте hh.ru меня заинтересовала вакансия Специалист по IT, размещённая Вашей компанией.</p><p>Я получил высшее образование в г. Гавана (Куба) и работал программистом у поставщика программного обеспечения. Имею опыт работы с клиентами, занимался защитой информации, управлял базами данных. Знаком со стандартными алгоритмами и структурами данных, немного с Linux. Уверенно программирую на языках C#, SQL. Только что закончил курс по разработке мобильных приложений на Android.</p><p>Владею испанским (родной), русским и английским языками. Люблю свою профессию и не перестаю самосовершенствоваться.</p><p>Больше информации обо мне Вы можете прочитать в резюме. Готов ответить на Ваши вопросы при личной встрече или по скайпу. При необходимости готов выполнить тестовое задание.</p><p>Вы можете связаться со мной по телефону 8 916 257 72 33, WhatsApp +7 963 7169740 или по электронной почте, sadielgodales@gmail.com.</p><p>https://github.com/sad8787/C-repo</p><p>https://github.com/sad8787/Java</p><p></p>

[2021-10-08T18:36:16.646Z] : [info]:  Добрый день,
 
 Меня зовут Садиэль Годалес. 
 
 На сайте hh.ru меня заинтересовала вакансия Специалист по IT, размещённая Вашей компанией.
 Я получил высшее образование в г. Гавана (Куба) и работал программистом у поставщика программного обеспечения. Имею опыт работы с клиентами, занимался защитой информации, управлял базами данных. Знаком со стандартными алгоритмами и структурами данных, немного с Linux. Уверенно программирую на языках C#, SQL. Только что закончил курс по разработке мобильных приложений на Android.
 Владею испанским (родной), русским и английским языками. Люблю свою профессию и не перестаю самосовершенствоваться.
 Больше информации обо мне Вы можете прочитать в резюме. Готов ответить на Ваши вопросы при личной встрече или по скайпу. При необходимости готов выполнить тестовое задание.
 Вы можете связаться со мной по телефону 8 916 257 72 33, WhatsApp +7 963 7169740 или по электронной почте, sadielgodales@gmail.com.
 https://github.com/sad8787/C-repo
 https://github.com/sad8787/Java
 


[2021-10-08T18:36:42.743Z] : [info]: someone is there

[2021-10-08T18:37:00.965Z] : [info]: END Loguin

[2021-10-08T18:37:05.826Z] : [info]: END search

[2021-10-08T18:37:09.325Z] : [info]: choose Summary. Send cover letter

[2021-10-08T18:37:10.728Z] : [info]: no aclicar porque Es examen

[2021-10-08T18:37:11.668Z] : [info]: Error 

[2021-10-08T18:37:13.180Z] : [success]: Bot finished successfully, total execution time: 1m 1s 193ms

[2021-10-08T18:37:13.182Z] : [info]: ---------------------------------------------

[2021-10-08T19:04:47.999Z] : [success]: Robot saved successfully

[2021-10-08T19:05:08.756Z] : [success]: Robot saved successfully

[2021-10-08T19:05:15.045Z] : [success]: Robot saved successfully

[2021-10-08T19:05:15.180Z] : [success]: Bot started

[2021-10-08T19:05:15.181Z] : [info]: Robot start

[2021-10-08T19:05:20.813Z] : [info]: <p>Добрый день,</p><p></p><p>Меня зовут Садиэль Годалес. </p><p></p><p>На сайте hh.ru меня заинтересовала вакансия Специалист по IT, размещённая Вашей компанией.</p><p>Я получил высшее образование в г. Гавана (Куба) и работал программистом у поставщика программного обеспечения. Имею опыт работы с клиентами, занимался защитой информации, управлял базами данных. Знаком со стандартными алгоритмами и структурами данных, немного с Linux. Уверенно программирую на языках C#, SQL. Только что закончил курс по разработке мобильных приложений на Android.</p><p>Владею испанским (родной), русским и английским языками. Люблю свою профессию и не перестаю самосовершенствоваться.</p><p>Больше информации обо мне Вы можете прочитать в резюме. Готов ответить на Ваши вопросы при личной встрече или по скайпу. При необходимости готов выполнить тестовое задание.</p><p>Вы можете связаться со мной по телефону 8 916 257 72 33, WhatsApp +7 963 7169740 или по электронной почте, sadielgodales@gmail.com.</p><p>https://github.com/sad8787/C-repo</p><p>https://github.com/sad8787/Java</p><p></p>

[2021-10-08T19:05:20.834Z] : [info]:  Добрый день,
 
 Меня зовут Садиэль Годалес. 
 
 На сайте hh.ru меня заинтересовала вакансия Специалист по IT, размещённая Вашей компанией.
 Я получил высшее образование в г. Гавана (Куба) и работал программистом у поставщика программного обеспечения. Имею опыт работы с клиентами, занимался защитой информации, управлял базами данных. Знаком со стандартными алгоритмами и структурами данных, немного с Linux. Уверенно программирую на языках C#, SQL. Только что закончил курс по разработке мобильных приложений на Android.
 Владею испанским (родной), русским и английским языками. Люблю свою профессию и не перестаю самосовершенствоваться.
 Больше информации обо мне Вы можете прочитать в резюме. Готов ответить на Ваши вопросы при личной встрече или по скайпу. При необходимости готов выполнить тестовое задание.
 Вы можете связаться со мной по телефону 8 916 257 72 33, WhatsApp +7 963 7169740 или по электронной почте, sadielgodales@gmail.com.
 https://github.com/sad8787/C-repo
 https://github.com/sad8787/Java
 


[2021-10-08T19:05:47.069Z] : [info]: someone is there

[2021-10-08T19:06:09.775Z] : [info]: END Loguin

[2021-10-08T19:06:17.313Z] : [info]: END search

[2021-10-08T19:06:21.406Z] : [info]: choose Summary. Send cover letter

[2021-10-08T19:06:22.714Z] : [info]: no aclicar porque Es examen

[2021-10-08T19:06:23.425Z] : [info]: Error 

[2021-10-08T19:06:25.447Z] : [success]: Bot finished successfully, total execution time: 1m 10s 264ms

[2021-10-08T19:06:25.449Z] : [info]: ---------------------------------------------

[2021-10-08T19:07:28.110Z] : [success]: Robot saved successfully

[2021-10-08T19:07:32.469Z] : [success]: Robot saved successfully

[2021-10-08T19:07:32.653Z] : [success]: Bot started

[2021-10-08T19:07:32.654Z] : [info]: Robot start

[2021-10-08T19:07:38.798Z] : [info]: <p>Добрый день,</p><p></p><p>Меня зовут Садиэль Годалес. </p><p></p><p>На сайте hh.ru меня заинтересовала вакансия Специалист по IT, размещённая Вашей компанией.</p><p>Я получил высшее образование в г. Гавана (Куба) и работал программистом у поставщика программного обеспечения. Имею опыт работы с клиентами, занимался защитой информации, управлял базами данных. Знаком со стандартными алгоритмами и структурами данных, немного с Linux. Уверенно программирую на языках C#, SQL. Только что закончил курс по разработке мобильных приложений на Android.</p><p>Владею испанским (родной), русским и английским языками. Люблю свою профессию и не перестаю самосовершенствоваться.</p><p>Больше информации обо мне Вы можете прочитать в резюме. Готов ответить на Ваши вопросы при личной встрече или по скайпу. При необходимости готов выполнить тестовое задание.</p><p>Вы можете связаться со мной по телефону 8 916 257 72 33, WhatsApp +7 963 7169740 или по электронной почте, sadielgodales@gmail.com.</p><p>https://github.com/sad8787/C-repo</p><p>https://github.com/sad8787/Java</p><p></p>

[2021-10-08T19:07:38.813Z] : [info]:  Добрый день,
 
 Меня зовут Садиэль Годалес. 
 
 На сайте hh.ru меня заинтересовала вакансия Специалист по IT, размещённая Вашей компанией.
 Я получил высшее образование в г. Гавана (Куба) и работал программистом у поставщика программного обеспечения. Имею опыт работы с клиентами, занимался защитой информации, управлял базами данных. Знаком со стандартными алгоритмами и структурами данных, немного с Linux. Уверенно программирую на языках C#, SQL. Только что закончил курс по разработке мобильных приложений на Android.
 Владею испанским (родной), русским и английским языками. Люблю свою профессию и не перестаю самосовершенствоваться.
 Больше информации обо мне Вы можете прочитать в резюме. Готов ответить на Ваши вопросы при личной встрече или по скайпу. При необходимости готов выполнить тестовое задание.
 Вы можете связаться со мной по телефону 8 916 257 72 33, WhatsApp +7 963 7169740 или по электронной почте, sadielgodales@gmail.com.
 https://github.com/sad8787/C-repo
 https://github.com/sad8787/Java
 


[2021-10-08T19:08:04.955Z] : [info]: someone is there

[2021-10-08T19:08:23.175Z] : [info]: END Loguin

[2021-10-08T19:08:31.714Z] : [info]: END search

[2021-10-08T19:08:36.001Z] : [info]: choose Summary. Send cover letter

[2021-10-08T19:08:38.141Z] : [info]: si aclicar

[2021-10-08T19:09:03.175Z] : [info]: END search

[2021-10-08T19:09:06.873Z] : [info]: choose Summary. Send cover letter

[2021-10-08T19:09:09.322Z] : [info]: si aclicar

[2021-10-08T19:09:33.260Z] : [info]: END search

[2021-10-08T19:09:36.809Z] : [info]: choose Summary. Send cover letter

[2021-10-08T19:09:39.007Z] : [info]: si aclicar

[2021-10-08T19:10:02.950Z] : [info]: END search

[2021-10-08T19:10:04.513Z] : [error]: Selectors: Nothing found

[2021-10-08T19:10:04.518Z] : [error]: Total execution time: 2m 31s 858ms

[2021-10-08T19:10:04.522Z] : [info]: ---------------------------------------------

[2021-10-08T19:14:28.007Z] : [success]: Robot saved successfully

[2021-10-08T19:14:32.609Z] : [success]: Robot saved successfully

[2021-10-08T19:14:32.833Z] : [success]: Bot started

[2021-10-08T19:14:32.836Z] : [info]: Robot start

[2021-10-08T19:14:35.932Z] : [info]: <p>Добрый день,</p><p></p><p>Меня зовут Садиэль Годалес. </p><p></p><p>На сайте hh.ru меня заинтересовала вакансия Специалист по IT, размещённая Вашей компанией.</p><p>Я получил высшее образование в г. Гавана (Куба) и работал программистом у поставщика программного обеспечения. Имею опыт работы с клиентами, занимался защитой информации, управлял базами данных. Знаком со стандартными алгоритмами и структурами данных, немного с Linux. Уверенно программирую на языках C#, SQL. Только что закончил курс по разработке мобильных приложений на Android.</p><p>Владею испанским (родной), русским и английским языками. Люблю свою профессию и не перестаю самосовершенствоваться.</p><p>Больше информации обо мне Вы можете прочитать в резюме. Готов ответить на Ваши вопросы при личной встрече или по скайпу. При необходимости готов выполнить тестовое задание.</p><p>Вы можете связаться со мной по телефону 8 916 257 72 33, WhatsApp +7 963 7169740 или по электронной почте, sadielgodales@gmail.com.</p><p>https://github.com/sad8787/C-repo</p><p>https://github.com/sad8787/Java</p><p></p>

[2021-10-08T19:14:35.962Z] : [info]:  Добрый день,
 
 Меня зовут Садиэль Годалес. 
 
 На сайте hh.ru меня заинтересовала вакансия Специалист по IT, размещённая Вашей компанией.
 Я получил высшее образование в г. Гавана (Куба) и работал программистом у поставщика программного обеспечения. Имею опыт работы с клиентами, занимался защитой информации, управлял базами данных. Знаком со стандартными алгоритмами и структурами данных, немного с Linux. Уверенно программирую на языках C#, SQL. Только что закончил курс по разработке мобильных приложений на Android.
 Владею испанским (родной), русским и английским языками. Люблю свою профессию и не перестаю самосовершенствоваться.
 Больше информации обо мне Вы можете прочитать в резюме. Готов ответить на Ваши вопросы при личной встрече или по скайпу. При необходимости готов выполнить тестовое задание.
 Вы можете связаться со мной по телефону 8 916 257 72 33, WhatsApp +7 963 7169740 или по электронной почте, sadielgodales@gmail.com.
 https://github.com/sad8787/C-repo
 https://github.com/sad8787/Java
 


[2021-10-08T19:15:02.056Z] : [info]: someone is there

[2021-10-08T19:15:20.205Z] : [info]: END Loguin

[2021-10-08T19:15:26.705Z] : [info]: END search

[2021-10-08T19:15:32.099Z] : [info]: choose Summary. Send cover letter

[2021-10-08T19:15:39.104Z] : [info]: si aclicar

[2021-10-08T19:16:03.167Z] : [info]: END search

[2021-10-08T19:16:07.988Z] : [info]: 1209 ; 496

[2021-10-08T19:16:24.438Z] : [success]: Bot finished successfully, total execution time: 1m 51s 601ms

[2021-10-08T19:16:24.440Z] : [info]: ---------------------------------------------

[2021-10-08T19:17:14.929Z] : [success]: Robot saved successfully

[2021-10-08T19:17:25.811Z] : [success]: Robot saved successfully

[2021-10-08T19:17:25.939Z] : [success]: Bot started

[2021-10-08T19:17:25.940Z] : [info]: Robot start

[2021-10-08T19:17:31.209Z] : [info]: <p>Добрый день,</p><p></p><p>Меня зовут Садиэль Годалес. </p><p></p><p>На сайте hh.ru меня заинтересовала вакансия Специалист по IT, размещённая Вашей компанией.</p><p>Я получил высшее образование в г. Гавана (Куба) и работал программистом у поставщика программного обеспечения. Имею опыт работы с клиентами, занимался защитой информации, управлял базами данных. Знаком со стандартными алгоритмами и структурами данных, немного с Linux. Уверенно программирую на языках C#, SQL. Только что закончил курс по разработке мобильных приложений на Android.</p><p>Владею испанским (родной), русским и английским языками. Люблю свою профессию и не перестаю самосовершенствоваться.</p><p>Больше информации обо мне Вы можете прочитать в резюме. Готов ответить на Ваши вопросы при личной встрече или по скайпу. При необходимости готов выполнить тестовое задание.</p><p>Вы можете связаться со мной по телефону 8 916 257 72 33, WhatsApp +7 963 7169740 или по электронной почте, sadielgodales@gmail.com.</p><p>https://github.com/sad8787/C-repo</p><p>https://github.com/sad8787/Java</p><p></p>

[2021-10-08T19:17:31.219Z] : [info]:  Добрый день,
 
 Меня зовут Садиэль Годалес. 
 
 На сайте hh.ru меня заинтересовала вакансия Специалист по IT, размещённая Вашей компанией.
 Я получил высшее образование в г. Гавана (Куба) и работал программистом у поставщика программного обеспечения. Имею опыт работы с клиентами, занимался защитой информации, управлял базами данных. Знаком со стандартными алгоритмами и структурами данных, немного с Linux. Уверенно программирую на языках C#, SQL. Только что закончил курс по разработке мобильных приложений на Android.
 Владею испанским (родной), русским и английским языками. Люблю свою профессию и не перестаю самосовершенствоваться.
 Больше информации обо мне Вы можете прочитать в резюме. Готов ответить на Ваши вопросы при личной встрече или по скайпу. При необходимости готов выполнить тестовое задание.
 Вы можете связаться со мной по телефону 8 916 257 72 33, WhatsApp +7 963 7169740 или по электронной почте, sadielgodales@gmail.com.
 https://github.com/sad8787/C-repo
 https://github.com/sad8787/Java
 


[2021-10-08T19:17:57.441Z] : [info]: someone is there

[2021-10-08T19:18:09.554Z] : [error]: Selectors: Nothing found

[2021-10-08T19:18:09.559Z] : [error]: Total execution time: 43s 613ms

[2021-10-08T19:18:09.563Z] : [info]: ---------------------------------------------

[2021-10-08T19:20:05.788Z] : [success]: Robot saved successfully

[2021-10-08T19:20:12.725Z] : [success]: Robot saved successfully

[2021-10-08T19:20:12.876Z] : [success]: Bot started

[2021-10-08T19:20:12.877Z] : [info]: Robot start

[2021-10-08T19:20:18.297Z] : [info]: <p>Добрый день,</p><p></p><p>Меня зовут Садиэль Годалес. </p><p></p><p>На сайте hh.ru меня заинтересовала вакансия Специалист по IT, размещённая Вашей компанией.</p><p>Я получил высшее образование в г. Гавана (Куба) и работал программистом у поставщика программного обеспечения. Имею опыт работы с клиентами, занимался защитой информации, управлял базами данных. Знаком со стандартными алгоритмами и структурами данных, немного с Linux. Уверенно программирую на языках C#, SQL. Только что закончил курс по разработке мобильных приложений на Android.</p><p>Владею испанским (родной), русским и английским языками. Люблю свою профессию и не перестаю самосовершенствоваться.</p><p>Больше информации обо мне Вы можете прочитать в резюме. Готов ответить на Ваши вопросы при личной встрече или по скайпу. При необходимости готов выполнить тестовое задание.</p><p>Вы можете связаться со мной по телефону 8 916 257 72 33, WhatsApp +7 963 7169740 или по электронной почте, sadielgodales@gmail.com.</p><p>https://github.com/sad8787/C-repo</p><p>https://github.com/sad8787/Java</p><p></p>

[2021-10-08T19:20:18.314Z] : [info]:  Добрый день,
 
 Меня зовут Садиэль Годалес. 
 
 На сайте hh.ru меня заинтересовала вакансия Специалист по IT, размещённая Вашей компанией.
 Я получил высшее образование в г. Гавана (Куба) и работал программистом у поставщика программного обеспечения. Имею опыт работы с клиентами, занимался защитой информации, управлял базами данных. Знаком со стандартными алгоритмами и структурами данных, немного с Linux. Уверенно программирую на языках C#, SQL. Только что закончил курс по разработке мобильных приложений на Android.
 Владею испанским (родной), русским и английским языками. Люблю свою профессию и не перестаю самосовершенствоваться.
 Больше информации обо мне Вы можете прочитать в резюме. Готов ответить на Ваши вопросы при личной встрече или по скайпу. При необходимости готов выполнить тестовое задание.
 Вы можете связаться со мной по телефону 8 916 257 72 33, WhatsApp +7 963 7169740 или по электронной почте, sadielgodales@gmail.com.
 https://github.com/sad8787/C-repo
 https://github.com/sad8787/Java
 


[2021-10-08T19:21:10.796Z] : [info]: END Loguin

[2021-10-08T19:22:22.782Z] : [info]: END search

[2021-10-08T19:22:25.231Z] : [info]: 1209 ; 496

[2021-10-08T19:22:54.479Z] : [info]: Internet connection // error

[2021-10-08T19:24:27.245Z] : [info]: 809 ; 474

[2021-10-08T19:24:43.223Z] : [info]: 809 ; 474

[2021-10-08T19:24:59.004Z] : [info]: 809 ; 474

[2021-10-08T19:25:14.671Z] : [info]: 809 ; 474

[2021-10-08T19:25:30.414Z] : [info]: 809 ; 474

[2021-10-08T19:25:46.258Z] : [info]: 809 ; 474

[2021-10-08T19:26:17.637Z] : [error]: Script Stopped.

[2021-10-08T19:26:17.639Z] : [warn]: Total execution time: 6m 4s 759ms

[2021-10-08T19:26:17.640Z] : [info]: ---------------------------------------------

[2021-10-08T19:30:15.846Z] : [success]: Robot saved successfully

[2021-10-08T19:30:20.757Z] : [success]: Connection to our licenses server is restored

[2021-10-08T19:30:20.852Z] : [success]: Robot saved successfully

[2021-10-08T19:30:20.981Z] : [success]: Bot started

[2021-10-08T19:30:20.982Z] : [info]: Robot start

[2021-10-08T19:30:26.564Z] : [info]: <p>Добрый день,</p><p></p><p>Меня зовут Садиэль Годалес. </p><p></p><p>На сайте hh.ru меня заинтересовала вакансия Специалист по IT, размещённая Вашей компанией.</p><p>Я получил высшее образование в г. Гавана (Куба) и работал программистом у поставщика программного обеспечения. Имею опыт работы с клиентами, занимался защитой информации, управлял базами данных. Знаком со стандартными алгоритмами и структурами данных, немного с Linux. Уверенно программирую на языках C#, SQL. Только что закончил курс по разработке мобильных приложений на Android.</p><p>Владею испанским (родной), русским и английским языками. Люблю свою профессию и не перестаю самосовершенствоваться.</p><p>Больше информации обо мне Вы можете прочитать в резюме. Готов ответить на Ваши вопросы при личной встрече или по скайпу. При необходимости готов выполнить тестовое задание.</p><p>Вы можете связаться со мной по телефону 8 916 257 72 33, WhatsApp +7 963 7169740 или по электронной почте, sadielgodales@gmail.com.</p><p>https://github.com/sad8787/C-repo</p><p>https://github.com/sad8787/Java</p><p></p>

[2021-10-08T19:31:02.479Z] : [error]: Selectors: Nothing found

[2021-10-08T19:31:02.482Z] : [error]: Total execution time: 41s 496ms

[2021-10-08T19:31:02.484Z] : [info]: ---------------------------------------------

[2021-10-08T19:38:42.267Z] : [success]: Robot saved successfully

[2021-10-08T19:38:50.464Z] : [success]: Robot saved successfully

[2021-10-08T19:38:50.600Z] : [success]: Bot started

[2021-10-08T19:38:50.601Z] : [info]: Robot start

[2021-10-08T19:38:54.057Z] : [info]: <p>Добрый день,</p><p></p><p>Меня зовут Садиэль Годалес. </p><p></p><p>На сайте hh.ru меня заинтересовала вакансия Специалист по IT, размещённая Вашей компанией.</p><p>Я получил высшее образование в г. Гавана (Куба) и работал программистом у поставщика программного обеспечения. Имею опыт работы с клиентами, занимался защитой информации, управлял базами данных. Знаком со стандартными алгоритмами и структурами данных, немного с Linux. Уверенно программирую на языках C#, SQL. Только что закончил курс по разработке мобильных приложений на Android.</p><p>Владею испанским (родной), русским и английским языками. Люблю свою профессию и не перестаю самосовершенствоваться.</p><p>Больше информации обо мне Вы можете прочитать в резюме. Готов ответить на Ваши вопросы при личной встрече или по скайпу. При необходимости готов выполнить тестовое задание.</p><p>Вы можете связаться со мной по телефону 8 916 257 72 33, WhatsApp +7 963 7169740 или по электронной почте, sadielgodales@gmail.com.</p><p>https://github.com/sad8787/C-repo</p><p>https://github.com/sad8787/Java</p><p></p>

[2021-10-08T19:39:20.050Z] : [info]: someone is there

[2021-10-08T19:39:43.104Z] : [info]: END Loguin

[2021-10-08T19:39:47.952Z] : [info]: END search

[2021-10-08T19:39:54.154Z] : [info]: Una propuesta fue seleccionada

[2021-10-08T19:40:24.196Z] : [info]: choose Summary. Send cover letter

[2021-10-08T19:40:25.904Z] : [info]: si aclicar

[2021-10-08T19:40:48.760Z] : [info]: END search

[2021-10-08T19:40:53.216Z] : [info]: Una propuesta fue seleccionada

[2021-10-08T19:41:52.489Z] : [error]: Selectors: Nothing found

[2021-10-08T19:41:52.491Z] : [error]: Total execution time: 3m 1s 886ms

[2021-10-08T19:41:52.492Z] : [info]: ---------------------------------------------

[2021-10-08T19:54:10.084Z] : [success]: Robot saved successfully

[2021-10-08T19:54:20.919Z] : [success]: Robot saved successfully

[2021-10-08T19:54:21.043Z] : [success]: Bot started

[2021-10-08T19:54:21.044Z] : [info]: Robot start

[2021-10-08T19:54:27.567Z] : [info]: <p>Добрый день,</p><p></p><p>Меня зовут Садиэль Годалес. </p><p></p><p>На сайте hh.ru меня заинтересовала вакансия Специалист по IT, размещённая Вашей компанией.</p><p>Я получил высшее образование в г. Гавана (Куба) и работал программистом у поставщика программного обеспечения. Имею опыт работы с клиентами, занимался защитой информации, управлял базами данных. Знаком со стандартными алгоритмами и структурами данных, немного с Linux. Уверенно программирую на языках C#, SQL. Только что закончил курс по разработке мобильных приложений на Android.</p><p>Владею испанским (родной), русским и английским языками. Люблю свою профессию и не перестаю самосовершенствоваться.</p><p>Больше информации обо мне Вы можете прочитать в резюме. Готов ответить на Ваши вопросы при личной встрече или по скайпу. При необходимости готов выполнить тестовое задание.</p><p>Вы можете связаться со мной по телефону 8 916 257 72 33, WhatsApp +7 963 7169740 или по электронной почте, sadielgodales@gmail.com.</p><p>https://github.com/sad8787/C-repo</p><p>https://github.com/sad8787/Java</p><p></p>

[2021-10-08T19:54:53.648Z] : [info]: someone is there

[2021-10-08T19:55:16.825Z] : [info]: END Loguin

[2021-10-08T19:55:21.677Z] : [info]: END search

[2021-10-08T19:55:25.485Z] : [info]: choose Summary. Send cover letter

[2021-10-08T19:55:27.579Z] : [info]: si aclicar

[2021-10-08T19:55:53.249Z] : [info]: END search

[2021-10-08T19:56:00.613Z] : [info]: Una propuesta fue seleccionada

[2021-10-08T19:56:35.591Z] : [info]: choose Summary. Send cover letter

[2021-10-08T19:56:37.265Z] : [info]: si aclicar

[2021-10-08T19:57:00.712Z] : [info]: END search

[2021-10-08T19:57:05.493Z] : [info]: choose Summary. Send cover letter

[2021-10-08T19:57:07.610Z] : [info]: si aclicar

[2021-10-08T19:57:31.574Z] : [info]: END search

[2021-10-08T19:57:36.574Z] : [info]: choose Summary. Send cover letter

[2021-10-08T19:57:52.096Z] : [info]: no aclicar porque Es examen

[2021-10-08T19:57:52.791Z] : [info]: Error 

[2021-10-08T19:57:53.564Z] : [success]: Bot finished successfully, total execution time: 3m 32s 512ms

[2021-10-08T19:57:53.566Z] : [info]: ---------------------------------------------

[2021-10-08T19:59:27.201Z] : [success]: Robot saved successfully

[2021-10-08T19:59:39.796Z] : [success]: Robot saved successfully

[2021-10-08T19:59:39.963Z] : [success]: Bot started

[2021-10-08T19:59:39.964Z] : [info]: Robot start

[2021-10-08T19:59:47.290Z] : [info]: <p>Добрый день,</p><p></p><p>Меня зовут Садиэль Годалес. </p><p></p><p>На сайте hh.ru меня заинтересовала вакансия Специалист по IT, размещённая Вашей компанией.</p><p>Я получил высшее образование в г. Гавана (Куба) и работал программистом у поставщика программного обеспечения. Имею опыт работы с клиентами, занимался защитой информации, управлял базами данных. Знаком со стандартными алгоритмами и структурами данных, немного с Linux. Уверенно программирую на языках C#, SQL. Только что закончил курс по разработке мобильных приложений на Android.</p><p>Владею испанским (родной), русским и английским языками. Люблю свою профессию и не перестаю самосовершенствоваться.</p><p>Больше информации обо мне Вы можете прочитать в резюме. Готов ответить на Ваши вопросы при личной встрече или по скайпу. При необходимости готов выполнить тестовое задание.</p><p>Вы можете связаться со мной по телефону 8 916 257 72 33, WhatsApp +7 963 7169740 или по электронной почте, sadielgodales@gmail.com.</p><p>https://github.com/sad8787/C-repo</p><p>https://github.com/sad8787/Java</p><p></p>

[2021-10-08T20:00:13.413Z] : [info]: someone is there

[2021-10-08T20:00:36.413Z] : [info]: END Loguin

[2021-10-08T20:00:42.719Z] : [info]: END search

[2021-10-08T20:00:48.132Z] : [info]: choose Summary. Send cover letter

[2021-10-08T20:00:50.056Z] : [info]: si aclicar

[2021-10-08T20:01:13.328Z] : [info]: END search

[2021-10-08T20:01:20.082Z] : [info]: choose Summary. Send cover letter

[2021-10-08T20:01:22.074Z] : [info]: si aclicar

[2021-10-08T20:01:45.402Z] : [info]: END search

[2021-10-08T20:01:52.896Z] : [info]: choose Summary. Send cover letter

[2021-10-08T20:01:54.600Z] : [info]: si aclicar

[2021-10-08T20:02:20.150Z] : [info]: END search

[2021-10-08T20:02:26.775Z] : [info]: choose Summary. Send cover letter

[2021-10-08T20:02:43.063Z] : [info]: no aclicar porque Es examen

[2021-10-08T20:02:43.758Z] : [info]: Error 

[2021-10-08T20:02:44.555Z] : [success]: Bot finished successfully, total execution time: 3m 4s 585ms

[2021-10-08T20:02:44.557Z] : [info]: ---------------------------------------------

[2021-10-08T20:14:44.368Z] : [success]: Robot saved successfully

[2021-10-08T20:14:49.259Z] : [success]: Robot saved successfully

[2021-10-08T20:14:49.389Z] : [success]: Bot started

[2021-10-08T20:14:49.390Z] : [info]: Robot start

[2021-10-08T20:14:52.225Z] : [info]: <p>Добрый день,</p><p></p><p>Меня зовут Садиэль Годалес. </p><p></p><p>На сайте hh.ru меня заинтересовала вакансия Специалист по IT, размещённая Вашей компанией.</p><p>Я получил высшее образование в г. Гавана (Куба) и работал программистом у поставщика программного обеспечения. Имею опыт работы с клиентами, занимался защитой информации, управлял базами данных. Знаком со стандартными алгоритмами и структурами данных, немного с Linux. Уверенно программирую на языках C#, SQL. Только что закончил курс по разработке мобильных приложений на Android.</p><p>Владею испанским (родной), русским и английским языками. Люблю свою профессию и не перестаю самосовершенствоваться.</p><p>Больше информации обо мне Вы можете прочитать в резюме. Готов ответить на Ваши вопросы при личной встрече или по скайпу. При необходимости готов выполнить тестовое задание.</p><p>Вы можете связаться со мной по телефону 8 916 257 72 33, WhatsApp +7 963 7169740 или по электронной почте, sadielgodales@gmail.com.</p><p>https://github.com/sad8787/C-repo</p><p>https://github.com/sad8787/Java</p><p></p>

[2021-10-08T20:15:18.446Z] : [info]: someone is there

[2021-10-08T20:15:41.613Z] : [info]: END Loguin

[2021-10-08T20:15:46.320Z] : [info]: END search

[2021-10-08T20:15:52.948Z] : [info]: choose Summary. Send cover letter

[2021-10-08T20:15:54.817Z] : [info]: si aclicar

[2021-10-08T20:16:17.742Z] : [info]: END search

[2021-10-08T20:16:23.889Z] : [info]: Una propuesta fue seleccionada

[2021-10-08T20:16:50.257Z] : [info]: take contact details

[2021-10-08T20:17:01.049Z] : [info]: choose Summary. Send cover letter

[2021-10-08T20:17:17.070Z] : [info]: no aclicar porque Es examen

[2021-10-08T20:17:18.810Z] : [info]: Error 

[2021-10-08T20:17:20.467Z] : [success]: Bot finished successfully, total execution time: 2m 31s 71ms

[2021-10-08T20:17:20.469Z] : [info]: ---------------------------------------------

[2021-10-08T20:18:24.586Z] : [success]: Robot saved successfully

[2021-10-08T20:18:24.723Z] : [success]: Bot started

[2021-10-08T20:18:24.724Z] : [info]: Robot start

[2021-10-08T20:18:31.287Z] : [info]: <p>Добрый день,</p><p></p><p>Меня зовут Садиэль Годалес. </p><p></p><p>На сайте hh.ru меня заинтересовала вакансия Специалист по IT, размещённая Вашей компанией.</p><p>Я получил высшее образование в г. Гавана (Куба) и работал программистом у поставщика программного обеспечения. Имею опыт работы с клиентами, занимался защитой информации, управлял базами данных. Знаком со стандартными алгоритмами и структурами данных, немного с Linux. Уверенно программирую на языках C#, SQL. Только что закончил курс по разработке мобильных приложений на Android.</p><p>Владею испанским (родной), русским и английским языками. Люблю свою профессию и не перестаю самосовершенствоваться.</p><p>Больше информации обо мне Вы можете прочитать в резюме. Готов ответить на Ваши вопросы при личной встрече или по скайпу. При необходимости готов выполнить тестовое задание.</p><p>Вы можете связаться со мной по телефону 8 916 257 72 33, WhatsApp +7 963 7169740 или по электронной почте, sadielgodales@gmail.com.</p><p>https://github.com/sad8787/C-repo</p><p>https://github.com/sad8787/Java</p><p></p>

[2021-10-08T20:18:57.549Z] : [info]: someone is there

[2021-10-08T20:19:20.454Z] : [info]: END Loguin

[2021-10-08T20:19:25.351Z] : [info]: END search

[2021-10-08T20:19:31.781Z] : [info]: Una propuesta fue seleccionada

[2021-10-08T20:19:56.494Z] : [info]: take contact details

[2021-10-08T20:20:06.630Z] : [info]: choose Summary. Send cover letter

[2021-10-08T20:20:22.468Z] : [info]: no aclicar porque Es examen

[2021-10-08T20:20:24.191Z] : [info]: Error 

[2021-10-08T20:20:24.473Z] : [success]: Bot finished successfully, total execution time: 1m 59s 747ms

[2021-10-08T20:20:24.475Z] : [info]: ---------------------------------------------

[2021-10-08T20:23:52.566Z] : [success]: Robot saved successfully

[2021-10-08T20:23:56.793Z] : [success]: Robot saved successfully

[2021-10-08T20:23:57.046Z] : [success]: Bot started

[2021-10-08T20:23:57.047Z] : [info]: Robot start

[2021-10-08T20:24:00.630Z] : [info]: <p>Добрый день,</p><p></p><p>Меня зовут Садиэль Годалес. </p><p></p><p>На сайте hh.ru меня заинтересовала вакансия Специалист по IT, размещённая Вашей компанией.</p><p>Я получил высшее образование в г. Гавана (Куба) и работал программистом у поставщика программного обеспечения. Имею опыт работы с клиентами, занимался защитой информации, управлял базами данных. Знаком со стандартными алгоритмами и структурами данных, немного с Linux. Уверенно программирую на языках C#, SQL. Только что закончил курс по разработке мобильных приложений на Android.</p><p>Владею испанским (родной), русским и английским языками. Люблю свою профессию и не перестаю самосовершенствоваться.</p><p>Больше информации обо мне Вы можете прочитать в резюме. Готов ответить на Ваши вопросы при личной встрече или по скайпу. При необходимости готов выполнить тестовое задание.</p><p>Вы можете связаться со мной по телефону 8 916 257 72 33, WhatsApp +7 963 7169740 или по электронной почте, sadielgodales@gmail.com.</p><p>https://github.com/sad8787/C-repo</p><p>https://github.com/sad8787/Java</p><p></p>

[2021-10-08T20:24:26.835Z] : [info]: someone is there

[2021-10-08T20:24:49.884Z] : [info]: END Loguin

[2021-10-08T20:24:55.969Z] : [info]: END search

[2021-10-08T20:25:03.670Z] : [info]: Una propuesta fue seleccionada

[2021-10-08T20:25:27.530Z] : [info]: take contact details

[2021-10-08T20:25:37.831Z] : [info]: choose Summary. Send cover letter

[2021-10-08T20:25:53.882Z] : [info]: no aclicar porque Es examen

[2021-10-08T20:26:37.253Z] : [info]: END search

[2021-10-08T20:26:43.327Z] : [info]: Una propuesta fue seleccionada

[2021-10-08T20:27:08.317Z] : [info]: take contact details

[2021-10-08T20:27:18.805Z] : [info]: choose Summary. Send cover letter

[2021-10-08T20:27:34.748Z] : [info]: no aclicar porque Es examen

[2021-10-08T20:28:15.455Z] : [error]: Selectors: Nothing found

[2021-10-08T20:28:15.463Z] : [error]: Total execution time: 4m 18s 407ms

[2021-10-08T20:28:15.465Z] : [info]: ---------------------------------------------

[2021-10-08T20:30:23.876Z] : [success]: Robot saved successfully

[2021-10-08T20:30:29.838Z] : [success]: Robot saved successfully

[2021-10-08T20:30:29.959Z] : [success]: Bot started

[2021-10-08T20:30:29.960Z] : [info]: Robot start

[2021-10-08T20:30:32.579Z] : [info]: <p>Добрый день,</p><p></p><p>Меня зовут Садиэль Годалес. </p><p></p><p>На сайте hh.ru меня заинтересовала вакансия Специалист по IT, размещённая Вашей компанией.</p><p>Я получил высшее образование в г. Гавана (Куба) и работал программистом у поставщика программного обеспечения. Имею опыт работы с клиентами, занимался защитой информации, управлял базами данных. Знаком со стандартными алгоритмами и структурами данных, немного с Linux. Уверенно программирую на языках C#, SQL. Только что закончил курс по разработке мобильных приложений на Android.</p><p>Владею испанским (родной), русским и английским языками. Люблю свою профессию и не перестаю самосовершенствоваться.</p><p>Больше информации обо мне Вы можете прочитать в резюме. Готов ответить на Ваши вопросы при личной встрече или по скайпу. При необходимости готов выполнить тестовое задание.</p><p>Вы можете связаться со мной по телефону 8 916 257 72 33, WhatsApp +7 963 7169740 или по электронной почте, sadielgodales@gmail.com.</p><p>https://github.com/sad8787/C-repo</p><p>https://github.com/sad8787/Java</p><p></p>

[2021-10-08T20:30:58.626Z] : [info]: someone is there

[2021-10-08T20:31:21.713Z] : [info]: END Loguin

[2021-10-08T20:31:26.594Z] : [info]: END search

[2021-10-08T20:31:32.980Z] : [info]: Una propuesta fue seleccionada

[2021-10-08T20:31:57.238Z] : [info]: take contact details

[2021-10-08T20:32:09.101Z] : [info]: choose Summary. Send cover letter

[2021-10-08T20:32:25.161Z] : [info]: no aclicar porque Es examen

[2021-10-08T20:33:03.463Z] : [error]: Selectors: Nothing found

[2021-10-08T20:33:03.466Z] : [error]: Total execution time: 2m 33s 501ms

[2021-10-08T20:33:03.468Z] : [info]: ---------------------------------------------

[2021-10-08T20:38:18.898Z] : [success]: Robot saved successfully

[2021-10-08T20:38:27.851Z] : [success]: Robot saved successfully

[2021-10-08T20:38:27.975Z] : [success]: Bot started

[2021-10-08T20:38:27.976Z] : [info]: Robot start

[2021-10-08T20:38:34.941Z] : [info]: <p>Добрый день,</p><p></p><p>Меня зовут Садиэль Годалес. </p><p></p><p>На сайте hh.ru меня заинтересовала вакансия Специалист по IT, размещённая Вашей компанией.</p><p>Я получил высшее образование в г. Гавана (Куба) и работал программистом у поставщика программного обеспечения. Имею опыт работы с клиентами, занимался защитой информации, управлял базами данных. Знаком со стандартными алгоритмами и структурами данных, немного с Linux. Уверенно программирую на языках C#, SQL. Только что закончил курс по разработке мобильных приложений на Android.</p><p>Владею испанским (родной), русским и английским языками. Люблю свою профессию и не перестаю самосовершенствоваться.</p><p>Больше информации обо мне Вы можете прочитать в резюме. Готов ответить на Ваши вопросы при личной встрече или по скайпу. При необходимости готов выполнить тестовое задание.</p><p>Вы можете связаться со мной по телефону 8 916 257 72 33, WhatsApp +7 963 7169740 или по электронной почте, sadielgodales@gmail.com.</p><p>https://github.com/sad8787/C-repo</p><p>https://github.com/sad8787/Java</p><p></p>

[2021-10-08T20:39:01.054Z] : [info]: someone is there

[2021-10-08T20:39:24.197Z] : [info]: END Loguin

[2021-10-08T20:39:31.456Z] : [info]: END search

[2021-10-08T20:39:38.083Z] : [info]: choose Summary. Send cover letter

[2021-10-08T20:39:40.167Z] : [info]: si aclicar

[2021-10-08T20:40:03.540Z] : [info]: END search

[2021-10-08T20:40:11.253Z] : [info]: Una propuesta fue seleccionada

[2021-10-08T20:40:35.809Z] : [info]: take contact details

[2021-10-08T20:40:46.545Z] : [info]: choose Summary. Send cover letter

[2021-10-08T20:41:02.619Z] : [info]: no aclicar porque Es examen

[2021-10-08T20:41:45.343Z] : [info]: END search

[2021-10-08T20:41:51.700Z] : [info]: Una propuesta fue seleccionada

[2021-10-08T20:42:16.538Z] : [info]: take contact details

[2021-10-08T20:42:27.478Z] : [info]: choose Summary. Send cover letter

[2021-10-08T20:42:43.641Z] : [info]: no aclicar porque Es examen

[2021-10-08T20:43:25.400Z] : [info]: END search

[2021-10-08T20:43:47.284Z] : [info]: Una propuesta fue seleccionada

[2021-10-08T20:44:06.736Z] : [info]: take contact details

[2021-10-08T20:44:17.574Z] : [info]: choose Summary. Send cover letter

[2021-10-08T20:44:19.255Z] : [info]: si aclicar

[2021-10-08T20:44:44.925Z] : [info]: END search

[2021-10-08T20:44:51.901Z] : [info]: choose Summary. Send cover letter

[2021-10-08T20:44:53.575Z] : [info]: si aclicar

[2021-10-08T20:45:16.643Z] : [info]: END search

[2021-10-08T20:45:22.477Z] : [info]: choose Summary. Send cover letter

[2021-10-08T20:45:24.413Z] : [info]: si aclicar

[2021-10-08T20:45:48.922Z] : [info]: END search

[2021-10-08T20:45:55.499Z] : [info]: choose Summary. Send cover letter

[2021-10-08T20:45:57.551Z] : [info]: si aclicar

[2021-10-08T20:46:22.089Z] : [info]: END search

[2021-10-08T20:46:28.652Z] : [info]: Una propuesta fue seleccionada

[2021-10-08T20:46:49.187Z] : [info]: take contact details

[2021-10-08T20:46:53.993Z] : [info]: choose Summary. Send cover letter

[2021-10-08T20:46:55.682Z] : [info]: si aclicar

[2021-10-08T20:47:18.648Z] : [info]: END search

[2021-10-08T20:47:24.826Z] : [info]: Una propuesta fue seleccionada

[2021-10-08T20:47:49.187Z] : [info]: choose Summary. Send cover letter

[2021-10-08T20:47:50.917Z] : [info]: si aclicar

[2021-10-08T20:48:13.583Z] : [info]: END search

[2021-10-08T20:48:18.337Z] : [info]: Una propuesta fue seleccionada

[2021-10-08T20:48:49.805Z] : [info]: look for other offers

[2021-10-08T20:48:56.523Z] : [info]: END search

[2021-10-08T20:49:02.802Z] : [info]: choose Summary. Send cover letter

[2021-10-08T20:49:04.459Z] : [info]: si aclicar

[2021-10-08T20:49:27.490Z] : [info]: END search

[2021-10-08T20:49:34.192Z] : [info]: choose Summary. Send cover letter

[2021-10-08T20:49:49.432Z] : [info]: no aclicar porque Es examen

[2021-10-08T20:49:51.158Z] : [info]: Error 

[2021-10-08T20:49:56.566Z] : [error]: Selectors: Nothing found

[2021-10-08T20:49:56.574Z] : [error]: Total execution time: 11m 28s 589ms

[2021-10-08T20:49:56.575Z] : [info]: ---------------------------------------------

[2021-10-08T21:09:09.893Z] : [success]: Robot saved successfully

[2021-10-08T21:09:15.065Z] : [success]: Robot saved successfully

[2021-10-08T21:09:15.217Z] : [success]: Bot started

[2021-10-08T21:09:15.218Z] : [info]: Robot start

[2021-10-08T21:09:18.497Z] : [info]: <p>Добрый день,</p><p></p><p>Меня зовут Садиэль Годалес. </p><p></p><p>На сайте hh.ru меня заинтересовала вакансия Специалист по IT, размещённая Вашей компанией.</p><p>Я получил высшее образование в г. Гавана (Куба) и работал программистом у поставщика программного обеспечения. Имею опыт работы с клиентами, занимался защитой информации, управлял базами данных. Знаком со стандартными алгоритмами и структурами данных, немного с Linux. Уверенно программирую на языках C#, SQL. Только что закончил курс по разработке мобильных приложений на Android.</p><p>Владею испанским (родной), русским и английским языками. Люблю свою профессию и не перестаю самосовершенствоваться.</p><p>Больше информации обо мне Вы можете прочитать в резюме. Готов ответить на Ваши вопросы при личной встрече или по скайпу. При необходимости готов выполнить тестовое задание.</p><p>Вы можете связаться со мной по телефону 8 916 257 72 33, WhatsApp +7 963 7169740 или по электронной почте, sadielgodales@gmail.com.</p><p>https://github.com/sad8787/C-repo</p><p>https://github.com/sad8787/Java</p><p></p>

[2021-10-08T21:09:24.435Z] : [info]: someone is there

[2021-10-08T21:09:47.749Z] : [info]: END Loguin

[2021-10-08T21:09:52.657Z] : [info]: END search

[2021-10-08T21:09:58.057Z] : [info]: choose Summary. Send cover letter

[2021-10-08T21:09:59.730Z] : [info]: si aclicar

[2021-10-08T21:10:22.753Z] : [info]: END search

[2021-10-08T21:10:29.167Z] : [info]: choose Summary. Send cover letter

[2021-10-08T21:10:30.772Z] : [info]: si aclicar

[2021-10-08T21:10:53.785Z] : [info]: END search

[2021-10-08T21:10:59.234Z] : [info]: Una propuesta fue seleccionada

[2021-10-08T21:11:48.648Z] : [info]: choose Summary. Send cover letter

[2021-10-08T21:12:04.437Z] : [info]: no aclicar porque Es examen

[2021-10-08T21:12:06.173Z] : [info]: Error 

[2021-10-08T21:12:18.954Z] : [info]: END search

[2021-10-08T21:12:25.620Z] : [info]: choose Summary. Send cover letter

[2021-10-08T21:12:27.316Z] : [info]: si aclicar

[2021-10-08T21:12:50.608Z] : [info]: END search

[2021-10-08T21:12:55.867Z] : [info]: Una propuesta fue seleccionada

[2021-10-08T21:13:15.407Z] : [info]: take contact details

[2021-10-08T21:13:20.032Z] : [info]: choose Summary. Send cover letter

[2021-10-08T21:13:21.680Z] : [info]: si aclicar

[2021-10-08T21:13:46.582Z] : [info]: END search

[2021-10-08T21:13:53.109Z] : [info]: Una propuesta fue seleccionada

[2021-10-08T21:14:47.249Z] : [info]: choose Summary. Send cover letter

[2021-10-08T21:15:03.152Z] : [info]: no aclicar porque Es examen

[2021-10-08T21:15:04.880Z] : [info]: Error 

[2021-10-08T21:15:16.301Z] : [info]: END search

[2021-10-08T21:15:22.427Z] : [info]: Una propuesta fue seleccionada

[2021-10-08T21:16:16.437Z] : [info]: choose Summary. Send cover letter

[2021-10-08T21:16:32.636Z] : [info]: no aclicar porque Es examen

[2021-10-08T21:16:34.390Z] : [info]: Error 

[2021-10-08T21:16:45.867Z] : [info]: END search

[2021-10-08T21:16:52.000Z] : [info]: Una propuesta fue seleccionada

[2021-10-08T21:17:45.606Z] : [info]: choose Summary. Send cover letter

[2021-10-08T21:18:01.669Z] : [info]: no aclicar porque Es examen

[2021-10-08T21:18:03.454Z] : [info]: Error 

[2021-10-08T21:18:15.181Z] : [info]: END search

[2021-10-08T21:18:21.412Z] : [info]: Una propuesta fue seleccionada

[2021-10-08T21:18:37.205Z] : [error]: Script Stopped.

[2021-10-08T21:18:37.209Z] : [warn]: Total execution time: 9m 21s 986ms

[2021-10-08T21:18:37.211Z] : [info]: ---------------------------------------------

[2021-10-08T21:19:07.308Z] : [success]: Robot saved successfully

[2021-10-08T21:19:25.310Z] : [success]: Robot saved successfully

[2021-10-08T21:19:25.431Z] : [success]: Bot started

[2021-10-08T21:19:25.432Z] : [info]: Robot start

[2021-10-08T21:19:28.941Z] : [info]: <p>Добрый день,</p><p></p><p>Меня зовут Садиэль Годалес. </p><p></p><p>На сайте hh.ru меня заинтересовала вакансия Специалист по IT, размещённая Вашей компанией.</p><p>Я получил высшее образование в г. Гавана (Куба) и работал программистом у поставщика программного обеспечения. Имею опыт работы с клиентами, занимался защитой информации, управлял базами данных. Знаком со стандартными алгоритмами и структурами данных, немного с Linux. Уверенно программирую на языках C#, SQL. Только что закончил курс по разработке мобильных приложений на Android.</p><p>Владею испанским (родной), русским и английским языками. Люблю свою профессию и не перестаю самосовершенствоваться.</p><p>Больше информации обо мне Вы можете прочитать в резюме. Готов ответить на Ваши вопросы при личной встрече или по скайпу. При необходимости готов выполнить тестовое задание.</p><p>Вы можете связаться со мной по телефону 8 916 257 72 33, WhatsApp +7 963 7169740 или по электронной почте, sadielgodales@gmail.com.</p><p>https://github.com/sad8787/C-repo</p><p>https://github.com/sad8787/Java</p><p></p>

[2021-10-08T21:19:34.781Z] : [info]: someone is there

[2021-10-08T21:19:58.146Z] : [info]: END Loguin

[2021-10-08T21:20:02.937Z] : [info]: END search

[2021-10-08T21:20:09.216Z] : [info]: Una propuesta fue seleccionada

[2021-10-08T21:21:11.454Z] : [info]: choose Summary. Send cover letter

[2021-10-08T21:21:27.508Z] : [info]: no aclicar porque Es examen

[2021-10-08T21:21:29.312Z] : [info]: Error 

[2021-10-08T21:21:41.259Z] : [info]: END search

[2021-10-08T21:21:47.396Z] : [info]: Una propuesta fue seleccionada

[2021-10-08T21:22:04.676Z] : [error]: Cannot read property 'getOffsetAt' of null

TypeError: Cannot read property 'getOffsetAt' of null
    at t.e._positionToOffset (file:///C:/Program%20Files/ElectroNeek%20Studio%20Pro/resources/app.asar/dist/assets/monaco-editor/min/vs/language/typescript/tsMode.js:7:6146)
    at file:///C:/Program%20Files/ElectroNeek%20Studio%20Pro/resources/app.asar/dist/assets/monaco-editor/min/vs/language/typescript/tsMode.js:7:12615
    at e.invoke (file:///C:/Program%20Files/ElectroNeek%20Studio%20Pro/resources/app.asar/dist/main.683bd19ce9a2e14395c8.js:1:581430)
    at Object.onInvoke (file:///C:/Program%20Files/ElectroNeek%20Studio%20Pro/resources/app.asar/dist/main.683bd19ce9a2e14395c8.js:1:1948707)
    at e.invoke (file:///C:/Program%20Files/ElectroNeek%20Studio%20Pro/resources/app.asar/dist/main.683bd19ce9a2e14395c8.js:1:581370)
    at t.run (file:///C:/Program%20Files/ElectroNeek%20Studio%20Pro/resources/app.asar/dist/main.683bd19ce9a2e14395c8.js:1:576530)
    at file:///C:/Program%20Files/ElectroNeek%20Studio%20Pro/resources/app.asar/dist/main.683bd19ce9a2e14395c8.js:1:588405
    at e.invokeTask (file:///C:/Program%20Files/ElectroNeek%20Studio%20Pro/resources/app.asar/dist/main.683bd19ce9a2e14395c8.js:1:582114)
    at Object.onInvokeTask (file:///C:/Program%20Files/ElectroNeek%20Studio%20Pro/resources/app.asar/dist/main.683bd19ce9a2e14395c8.js:1:1948590)
    at e.invokeTask (file:///C:/Program%20Files/ElectroNeek%20Studio%20Pro/resources/app.asar/dist/main.683bd19ce9a2e14395c8.js:1:582035)

[2021-10-08T21:22:10.243Z] : [error]: Script Stopped.

[2021-10-08T21:22:10.247Z] : [warn]: Total execution time: 2m 44s 810ms

[2021-10-08T21:22:10.248Z] : [info]: ---------------------------------------------

[2021-10-08T21:22:58.084Z] : [success]: Robot saved successfully

[2021-10-08T21:22:58.214Z] : [success]: Bot started

[2021-10-08T21:22:58.215Z] : [info]: Robot start

[2021-10-08T21:23:01.542Z] : [info]: <p>Добрый день,</p><p></p><p>Меня зовут Садиэль Годалес. </p><p></p><p>На сайте hh.ru меня заинтересовала вакансия Специалист по IT, размещённая Вашей компанией.</p><p>Я получил высшее образование в г. Гавана (Куба) и работал программистом у поставщика программного обеспечения. Имею опыт работы с клиентами, занимался защитой информации, управлял базами данных. Знаком со стандартными алгоритмами и структурами данных, немного с Linux. Уверенно программирую на языках C#, SQL. Только что закончил курс по разработке мобильных приложений на Android.</p><p>Владею испанским (родной), русским и английским языками. Люблю свою профессию и не перестаю самосовершенствоваться.</p><p>Больше информации обо мне Вы можете прочитать в резюме. Готов ответить на Ваши вопросы при личной встрече или по скайпу. При необходимости готов выполнить тестовое задание.</p><p>Вы можете связаться со мной по телефону 8 916 257 72 33, WhatsApp +7 963 7169740 или по электронной почте, sadielgodales@gmail.com.</p><p>https://github.com/sad8787/C-repo</p><p>https://github.com/sad8787/Java</p><p></p>

[2021-10-08T21:23:07.412Z] : [info]: someone is there

[2021-10-08T21:23:30.673Z] : [info]: END Loguin

[2021-10-08T21:23:35.471Z] : [info]: END search

[2021-10-08T21:23:41.931Z] : [info]: Una propuesta fue seleccionada

[2021-10-08T21:24:38.838Z] : [info]: choose Summary. Send cover letter

[2021-10-08T21:24:54.872Z] : [info]: no aclicar porque Es examen

[2021-10-08T21:24:56.601Z] : [info]: Error 

[2021-10-08T21:25:09.616Z] : [info]: END search

[2021-10-08T21:25:15.169Z] : [info]: choose Summary. Send cover letter

[2021-10-08T21:25:17.060Z] : [info]: si aclicar

[2021-10-08T21:25:40.152Z] : [info]: END search

[2021-10-08T21:25:45.739Z] : [info]: choose Summary. Send cover letter

[2021-10-08T21:26:01.216Z] : [info]: no aclicar porque Es examen

[2021-10-08T21:26:23.532Z] : [info]: big error

[2021-10-08T21:26:39.471Z] : [error]: No elements were found according to your selection. It may happen because of a wrong selector or because the element takes more time to appear on the screen. Try modifying the selector or increasing the element timeout and run the bot again

[2021-10-08T21:26:39.478Z] : [error]: Total execution time: 3m 41s 255ms

[2021-10-08T21:26:39.480Z] : [info]: ---------------------------------------------

[2021-10-08T21:27:51.016Z] : [success]: Robot saved successfully

[2021-10-08T21:28:14.361Z] : [success]: Robot saved successfully

[2021-10-08T21:29:30.912Z] : [success]: Robot saved successfully

[2021-10-08T21:29:31.071Z] : [success]: Bot started

[2021-10-08T21:29:31.072Z] : [info]: Robot start

[2021-10-08T21:29:39.445Z] : [info]: <p>Добрый день,</p><p></p><p>Меня зовут Садиэль Годалес. </p><p></p><p>На сайте hh.ru меня заинтересовала вакансия Специалист по IT, размещённая Вашей компанией.</p><p>Я получил высшее образование в г. Гавана (Куба) и работал программистом у поставщика программного обеспечения. Имею опыт работы с клиентами, занимался защитой информации, управлял базами данных. Знаком со стандартными алгоритмами и структурами данных, немного с Linux. Уверенно программирую на языках C#, SQL. Только что закончил курс по разработке мобильных приложений на Android.</p><p>Владею испанским (родной), русским и английским языками. Люблю свою профессию и не перестаю самосовершенствоваться.</p><p>Больше информации обо мне Вы можете прочитать в резюме. Готов ответить на Ваши вопросы при личной встрече или по скайпу. При необходимости готов выполнить тестовое задание.</p><p>Вы можете связаться со мной по телефону 8 916 257 72 33, WhatsApp +7 963 7169740 или по электронной почте, sadielgodales@gmail.com.</p><p>https://github.com/sad8787/C-repo</p><p>https://github.com/sad8787/Java</p><p></p>

[2021-10-08T21:29:45.361Z] : [info]: someone is there

[2021-10-08T21:30:08.343Z] : [info]: END Loguin

[2021-10-08T21:30:13.257Z] : [info]: END search

[2021-10-08T21:30:20.106Z] : [info]: choose Summary. Send cover letter

[2021-10-08T21:30:36.444Z] : [info]: no aclicar porque Es examen

[2021-10-08T21:30:59.726Z] : [info]: big error

[2021-10-08T21:31:20.648Z] : [info]: someone is there

[2021-10-08T21:31:43.760Z] : [info]: END Loguin

[2021-10-08T21:31:48.665Z] : [info]: END search

[2021-10-08T21:31:48.680Z] : [info]: Eliminar Big Error

[2021-10-08T21:31:49.246Z] : [info]: big error

[2021-10-08T21:32:10.750Z] : [info]: someone is there

[2021-10-08T21:32:33.809Z] : [info]: END Loguin

[2021-10-08T21:32:38.355Z] : [info]: END search

[2021-10-08T21:32:38.370Z] : [info]: Eliminar Big Error

[2021-10-08T21:32:38.963Z] : [info]: big error

[2021-10-08T21:33:00.670Z] : [info]: someone is there

[2021-10-08T21:33:23.824Z] : [info]: END Loguin

[2021-10-08T21:33:29.891Z] : [info]: END search

[2021-10-08T21:33:29.912Z] : [info]: Eliminar Big Error

[2021-10-08T21:33:30.313Z] : [info]: big error

[2021-10-08T21:33:52.273Z] : [info]: someone is there

[2021-10-08T21:34:15.268Z] : [info]: END Loguin

[2021-10-08T21:34:19.860Z] : [info]: END search

[2021-10-08T21:34:19.874Z] : [info]: Eliminar Big Error

[2021-10-08T21:34:20.387Z] : [info]: big error

[2021-10-08T21:34:41.433Z] : [info]: someone is there

[2021-10-08T21:35:04.702Z] : [info]: END Loguin

[2021-10-08T21:35:09.398Z] : [info]: END search

[2021-10-08T21:35:09.410Z] : [info]: Eliminar Big Error

[2021-10-08T21:35:09.916Z] : [info]: big error

[2021-10-08T21:35:31.247Z] : [info]: someone is there

[2021-10-08T21:35:49.297Z] : [error]: Selectors: Nothing found

[2021-10-08T21:35:49.301Z] : [error]: Total execution time: 6m 18s 224ms

[2021-10-08T21:35:49.302Z] : [info]: ---------------------------------------------

[2021-10-08T21:40:31.325Z] : [success]: Robot saved successfully

[2021-10-08T21:40:31.466Z] : [success]: Bot started

[2021-10-08T21:40:31.467Z] : [info]: Robot start

[2021-10-08T21:40:40.557Z] : [info]: <p>Добрый день,</p><p></p><p>Меня зовут Садиэль Годалес. </p><p></p><p>На сайте hh.ru меня заинтересовала вакансия Специалист по IT, размещённая Вашей компанией.</p><p>Я получил высшее образование в г. Гавана (Куба) и работал программистом у поставщика программного обеспечения. Имею опыт работы с клиентами, занимался защитой информации, управлял базами данных. Знаком со стандартными алгоритмами и структурами данных, немного с Linux. Уверенно программирую на языках C#, SQL. Только что закончил курс по разработке мобильных приложений на Android.</p><p>Владею испанским (родной), русским и английским языками. Люблю свою профессию и не перестаю самосовершенствоваться.</p><p>Больше информации обо мне Вы можете прочитать в резюме. Готов ответить на Ваши вопросы при личной встрече или по скайпу. При необходимости готов выполнить тестовое задание.</p><p>Вы можете связаться со мной по телефону 8 916 257 72 33, WhatsApp +7 963 7169740 или по электронной почте, sadielgodales@gmail.com.</p><p>https://github.com/sad8787/C-repo</p><p>https://github.com/sad8787/Java</p><p></p>

[2021-10-08T21:40:46.541Z] : [info]: someone is there

[2021-10-08T21:41:09.570Z] : [info]: END Loguin

[2021-10-08T21:41:15.744Z] : [info]: END search

[2021-10-08T21:41:22.798Z] : [info]: choose Summary. Send cover letter

[2021-10-08T21:41:38.824Z] : [info]: no aclicar porque Es examen

[2021-10-08T21:41:40.698Z] : [info]: Error 

[2021-10-08T21:41:46.079Z] : [info]: big error

[2021-10-08T21:42:03.135Z] : [success]: Bot finished successfully, total execution time: 1m 31s 665ms

[2021-10-08T21:42:03.136Z] : [info]: ---------------------------------------------

[2021-10-08T21:42:17.526Z] : [success]: Robot saved successfully

[2021-10-08T21:42:27.480Z] : [success]: Robot saved successfully

[2021-10-08T21:42:27.623Z] : [success]: Bot started

[2021-10-08T21:42:27.624Z] : [info]: Robot start

[2021-10-08T21:42:36.135Z] : [info]: <p>Добрый день,</p><p></p><p>Меня зовут Садиэль Годалес. </p><p></p><p>На сайте hh.ru меня заинтересовала вакансия Специалист по IT, размещённая Вашей компанией.</p><p>Я получил высшее образование в г. Гавана (Куба) и работал программистом у поставщика программного обеспечения. Имею опыт работы с клиентами, занимался защитой информации, управлял базами данных. Знаком со стандартными алгоритмами и структурами данных, немного с Linux. Уверенно программирую на языках C#, SQL. Только что закончил курс по разработке мобильных приложений на Android.</p><p>Владею испанским (родной), русским и английским языками. Люблю свою профессию и не перестаю самосовершенствоваться.</p><p>Больше информации обо мне Вы можете прочитать в резюме. Готов ответить на Ваши вопросы при личной встрече или по скайпу. При необходимости готов выполнить тестовое задание.</p><p>Вы можете связаться со мной по телефону 8 916 257 72 33, WhatsApp +7 963 7169740 или по электронной почте, sadielgodales@gmail.com.</p><p>https://github.com/sad8787/C-repo</p><p>https://github.com/sad8787/Java</p><p></p>

[2021-10-08T21:42:41.943Z] : [info]: someone is there

[2021-10-08T21:43:05.213Z] : [info]: END Loguin

[2021-10-08T21:43:09.867Z] : [info]: END search

[2021-10-08T21:43:16.241Z] : [info]: Una propuesta fue seleccionada

[2021-10-08T21:43:48.031Z] : [info]: choose Summary. Send cover letter

[2021-10-08T21:43:49.723Z] : [info]: si aclicar

[2021-10-08T21:44:13.733Z] : [info]: END search

[2021-10-08T21:44:20.395Z] : [info]: choose Summary. Send cover letter

[2021-10-08T21:44:22.116Z] : [info]: si aclicar

[2021-10-08T21:44:45.270Z] : [info]: END search

[2021-10-08T21:44:51.595Z] : [info]: Una propuesta fue seleccionada

[2021-10-08T21:45:18.910Z] : [info]: choose Summary. Send cover letter

[2021-10-08T21:45:20.539Z] : [info]: si aclicar

[2021-10-08T21:45:45.864Z] : [info]: END search

[2021-10-08T21:45:52.577Z] : [info]: Una propuesta fue seleccionada

[2021-10-08T21:46:24.280Z] : [info]: choose Summary. Send cover letter

[2021-10-08T21:46:25.980Z] : [info]: si aclicar

[2021-10-08T21:46:48.364Z] : [info]: END search

[2021-10-08T21:46:56.143Z] : [info]: Una propuesta fue seleccionada

[2021-10-08T21:47:18.494Z] : [info]: choose Summary. Send cover letter

[2021-10-08T21:47:20.110Z] : [info]: si aclicar

[2021-10-08T21:47:45.041Z] : [info]: END search

[2021-10-08T21:47:51.229Z] : [info]: choose Summary. Send cover letter

[2021-10-08T21:47:52.888Z] : [info]: si aclicar

[2021-10-08T21:48:15.864Z] : [info]: END search

[2021-10-08T21:48:22.625Z] : [info]: choose Summary. Send cover letter

[2021-10-08T21:48:24.505Z] : [info]: si aclicar

[2021-10-08T21:48:47.570Z] : [info]: END search

[2021-10-08T21:48:54.335Z] : [info]: choose Summary. Send cover letter

[2021-10-08T21:49:10.205Z] : [info]: no aclicar porque Es examen

[2021-10-08T21:49:11.967Z] : [info]: Error 

[2021-10-08T21:49:17.366Z] : [info]: big error

[2021-10-08T21:49:19.479Z] : [success]: Bot finished successfully, total execution time: 6m 51s 849ms

[2021-10-08T21:49:19.481Z] : [info]: ---------------------------------------------

[2021-10-09T17:13:55.792Z] : [success]: Robot saved successfully

[2021-10-09T17:13:56.106Z] : [success]: Bot started

[2021-10-09T17:13:56.107Z] : [info]: Robot start

[2021-10-09T17:14:06.196Z] : [info]: <p>Добрый день,</p><p></p><p>Меня зовут Садиэль Годалес. </p><p></p><p>На сайте hh.ru меня заинтересовала вакансия Специалист по IT, размещённая Вашей компанией.</p><p>Я получил высшее образование в г. Гавана (Куба) и работал программистом у поставщика программного обеспечения. Имею опыт работы с клиентами, занимался защитой информации, управлял базами данных. Знаком со стандартными алгоритмами и структурами данных, немного с Linux. Уверенно программирую на языках C#, SQL. Только что закончил курс по разработке мобильных приложений на Android.</p><p>Владею испанским (родной), русским и английским языками. Люблю свою профессию и не перестаю самосовершенствоваться.</p><p>Больше информации обо мне Вы можете прочитать в резюме. Готов ответить на Ваши вопросы при личной встрече или по скайпу. При необходимости готов выполнить тестовое задание.</p><p>Вы можете связаться со мной по телефону 8 916 257 72 33, WhatsApp +7 963 7169740 или по электронной почте, sadielgodales@gmail.com.</p><p>https://github.com/sad8787/C-repo</p><p>https://github.com/sad8787/Java</p><p></p>

[2021-10-09T17:14:25.494Z] : [error]: An error occured while performing the activity as multiple elements were found for the selector you provided. Please, make sure the selector of the indicated element is unique before interacting with it

[2021-10-09T17:14:25.497Z] : [error]: Total execution time: 29s 386ms

[2021-10-09T17:14:25.499Z] : [info]: ---------------------------------------------

