
  ==========================================
  Studio Pro version: 6.5.4
  Started at: 12/10/2021 23:13:26
  ==========================================
  

[2021-10-12T20:19:13.848Z] : [success]: Robot saved successfully

[2021-10-12T20:19:17.220Z] : [success]: Robot saved successfully

[2021-10-12T20:19:17.361Z] : [info]: ---------------------------------------------

[2021-10-12T20:19:17.362Z] : [success]: Bot started

[2021-10-12T20:19:17.363Z] : [info]: Robot start

[2021-10-12T20:19:24.942Z] : [info]: <p>Добрый день,</p><p></p><p>Меня зовут Садиэль Годалес. </p><p></p><p>На сайте hh.ru меня заинтересовала вакансия Специалист по IT, размещённая Вашей компанией.</p><p>Я получил высшее образование в г. Гавана (Куба) и работал программистом у поставщика программного обеспечения. Имею опыт работы с клиентами, занимался защитой информации, управлял базами данных. Знаком со стандартными алгоритмами и структурами данных, немного с Linux. Уверенно программирую на языках C#, SQL. Только что закончил курс по разработке мобильных приложений на Android.</p><p>Владею испанским (родной), русским и английским языками. Люблю свою профессию и не перестаю самосовершенствоваться.</p><p>Больше информации обо мне Вы можете прочитать в резюме. Готов ответить на Ваши вопросы при личной встрече или по скайпу. При необходимости готов выполнить тестовое задание.</p><p>Вы можете связаться со мной по телефону 8 916 257 72 33, WhatsApp +7 963 7169740 или по электронной почте, sadielgodales@gmail.com.</p><p>https://github.com/sad8787/C-repo</p><p>https://github.com/sad8787/Java</p><p></p>

[2021-10-12T20:19:31.933Z] : [info]: someone is there

[2021-10-12T20:19:43.732Z] : [info]: someone is there

[2021-10-12T20:20:07.609Z] : [info]: END Loguin

[2021-10-12T20:20:12.741Z] : [info]: END search

[2021-10-12T20:20:18.725Z] : [info]: Una propuesta fue seleccionada

[2021-10-12T20:21:00.218Z] : [info]: take contact details

[2021-10-12T20:21:23.057Z] : [error]: No elements were found according to your selection. It may happen because of a wrong selector or because the element takes more time to appear on the screen. Try modifying the selector or increasing the element timeout and run the bot again

[2021-10-12T20:21:23.069Z] : [error]: Total execution time: 2m 5s 694ms

[2021-10-12T20:21:23.071Z] : [info]: ---------------------------------------------

[2021-10-12T20:22:46.948Z] : [success]: Robot saved successfully

[2021-10-12T20:22:47.130Z] : [success]: Bot started

[2021-10-12T20:22:47.131Z] : [info]: Robot start

[2021-10-12T20:22:51.710Z] : [info]: <p>Добрый день,</p><p></p><p>Меня зовут Садиэль Годалес. </p><p></p><p>На сайте hh.ru меня заинтересовала вакансия Специалист по IT, размещённая Вашей компанией.</p><p>Я получил высшее образование в г. Гавана (Куба) и работал программистом у поставщика программного обеспечения. Имею опыт работы с клиентами, занимался защитой информации, управлял базами данных. Знаком со стандартными алгоритмами и структурами данных, немного с Linux. Уверенно программирую на языках C#, SQL. Только что закончил курс по разработке мобильных приложений на Android.</p><p>Владею испанским (родной), русским и английским языками. Люблю свою профессию и не перестаю самосовершенствоваться.</p><p>Больше информации обо мне Вы можете прочитать в резюме. Готов ответить на Ваши вопросы при личной встрече или по скайпу. При необходимости готов выполнить тестовое задание.</p><p>Вы можете связаться со мной по телефону 8 916 257 72 33, WhatsApp +7 963 7169740 или по электронной почте, sadielgodales@gmail.com.</p><p>https://github.com/sad8787/C-repo</p><p>https://github.com/sad8787/Java</p><p></p>

[2021-10-12T20:22:58.388Z] : [info]: someone is there

[2021-10-12T20:23:22.764Z] : [info]: END Loguin

[2021-10-12T20:23:29.232Z] : [info]: END search

[2021-10-12T20:23:34.264Z] : [info]: Una propuesta fue seleccionada

[2021-10-12T20:24:15.799Z] : [info]: take contact details

[2021-10-12T20:24:32.426Z] : [error]: No elements were found according to your selection. It may happen because of a wrong selector or because the element takes more time to appear on the screen. Try modifying the selector or increasing the element timeout and run the bot again

[2021-10-12T20:24:32.430Z] : [error]: Total execution time: 1m 45s 295ms

[2021-10-12T20:24:32.431Z] : [info]: ---------------------------------------------

[2021-10-12T20:25:01.137Z] : [success]: Robot saved successfully

