
  ==========================================
  Studio Pro version: 6.3.2
  Started at: 5/10/2021 20:47:59
  ==========================================
  

[2021-10-05T17:51:40.777Z] : [info]: ---------------------------------------------

[2021-10-05T17:51:40.779Z] : [success]: Бот начал работу

[2021-10-05T17:51:40.780Z] : [info]: Robot start

[2021-10-05T17:52:07.395Z] : [info]: <p>Добрый день,<br /><br />Меня зовут Садиэль Годалес. На сайте hh.ru меня заинтересовала вакансия программист, размещённая Вашей компанией.<br /><br />Я получил высшее образование в г. Гавана (Куба) и работал программистом у поставщика программного обеспечения. Имею опыт работы с клиентами, занимался защитой информации, управлял базами данных. Знаком со стандартными алгоритмами и структурами данных, немного с Linux. Уверенно программирую на языках C#, SQL. Только что закончил курс по разработке мобильных приложений на Android.<br />Владею испанским (родной), русским и английским языками. Люблю свою профессию и не перестаю самосовершенствоваться.<br />Больше информации обо мне Вы можете прочитать в резюме. Готов ответить на Ваши вопросы при личной встрече или по скайпу. При необходимости готов выполнить тестовое задание.<br /><br />Вы можете связаться со мной по телефону 8 916 257 72 33, WhatsApp +7 963 7169740 или по электронной почте sadielgodales@gmail.com.<br />https://github.com/sad8787/C-repo<br />https://github.com/sad8787/Java</p>

[2021-10-05T17:52:09.389Z] : [info]: someone is there

[2021-10-05T17:52:27.887Z] : [info]: END Loguin

[2021-10-05T17:52:32.606Z] : [info]: END search

[2021-10-05T17:52:35.363Z] : [info]: 1xxx

[2021-10-05T17:52:35.737Z] : [info]: 1231 ; 495

[2021-10-05T17:52:39.331Z] : [info]: Una propuesta fue seleccionada

[2021-10-05T17:53:04.478Z] : [info]: take contact details

[2021-10-05T17:53:08.905Z] : [info]: choose Summary. Send cover letter

[2021-10-05T17:53:10.487Z] : [info]: si aclicar

[2021-10-05T17:54:10.331Z] : [error]: Script Stopped.

[2021-10-05T17:54:10.336Z] : [warn]: Время выполнения: 2м 29с 551мс

[2021-10-05T17:54:10.337Z] : [info]: ---------------------------------------------

[2021-10-05T18:04:00.378Z] : [info]: Internet connection // error

[2021-10-05T18:16:48.617Z] : [success]: Workflow успешно сохранен

