
  ==========================================
  Studio Pro version: 6.5.4
  Started at: 10/11/2021 12:09:44
  ==========================================
  

[2021-11-10T09:10:01.057Z] : [info]: ---------------------------------------------

[2021-11-10T09:10:01.059Z] : [success]: Bot started

[2021-11-10T09:10:01.060Z] : [info]: Robot start

[2021-11-10T09:10:14.215Z] : [info]: <p>Добрый день,</p><p></p><p>Меня зовут Садиэль Годалес. </p><p></p><p>На сайте hh.ru меня заинтересовала вакансия программист, размещённая Вашей компанией.</p><p>Я получил высшее образование в г. Гавана (Куба) и работал программистом у поставщика программного обеспечения. Имею опыт работы с клиентами, занимался защитой информации, управлял базами данных. Знаком со стандартными алгоритмами и структурами данных. Уверенно программирую на языках C#, SQL. Только что закончил курс по разработке мобильных приложений на Android.</p><p>Владею испанским (родной), русским и английским языками. Люблю свою профессию и не перестаю самосовершенствоваться.</p><p>Больше информации обо мне Вы можете прочитать в резюме. Готов ответить на Ваши вопросы при личной встрече или по скайпу. При необходимости готов выполнить тестовое задание.</p><p>Вы можете связаться со мной по телефону 8 916 257 72 33, WhatsApp +7 963 7169740 или по электронной почте, sadielgodales@gmail.com.</p><p>https://github.com/sad8787/C-repo</p><p>https://github.com/sad8787/Java</p><p></p>

[2021-11-10T09:10:24.278Z] : [info]: someone is there

[2021-11-10T09:10:49.816Z] : [info]: END Loguin

[2021-11-10T09:11:07.398Z] : [info]: END search

[2021-11-10T09:11:19.949Z] : [info]: Una propuesta fue seleccionada

[2021-11-10T09:11:42.192Z] : [info]: take contact details

[2021-11-10T09:11:47.574Z] : [info]: choose Summary. Send cover letter

[2021-11-10T09:11:49.269Z] : [info]: si aclicar

[2021-11-10T09:12:13.136Z] : [info]: END search

[2021-11-10T09:12:25.669Z] : [info]: choose Summary. Send cover letter

[2021-11-10T09:12:27.314Z] : [info]: si aclicar

[2021-11-10T09:13:09.603Z] : [info]: END search

[2021-11-10T09:13:21.526Z] : [info]: Una propuesta fue seleccionada

[2021-11-10T09:13:56.750Z] : [info]: take contact details

[2021-11-10T09:14:02.199Z] : [info]: choose Summary. Send cover letter

[2021-11-10T09:14:03.806Z] : [info]: si aclicar

[2021-11-10T09:14:46.290Z] : [info]: END search

[2021-11-10T09:14:54.981Z] : [info]: choose Summary. Send cover letter

[2021-11-10T09:14:56.677Z] : [info]: si aclicar

[2021-11-10T09:15:20.637Z] : [info]: END search

[2021-11-10T09:15:25.733Z] : [info]: Una propuesta fue seleccionada

[2021-11-10T09:15:58.874Z] : [info]: choose Summary. Send cover letter

[2021-11-10T09:16:00.418Z] : [info]: si aclicar

[2021-11-10T09:16:53.204Z] : [info]: END search

[2021-11-10T09:17:00.592Z] : [info]: Una propuesta fue seleccionada

[2021-11-10T09:17:23.246Z] : [info]: take contact details

[2021-11-10T09:17:28.108Z] : [info]: choose Summary. Send cover letter

[2021-11-10T09:17:29.902Z] : [info]: si aclicar

[2021-11-10T09:18:12.886Z] : [info]: END search

[2021-11-10T09:18:19.349Z] : [info]: Una propuesta fue seleccionada

[2021-11-10T09:18:39.943Z] : [info]: take contact details

[2021-11-10T09:18:45.436Z] : [info]: choose Summary. Send cover letter

[2021-11-10T09:18:47.086Z] : [info]: si aclicar

[2021-11-10T09:19:29.248Z] : [info]: END search

[2021-11-10T09:19:35.897Z] : [info]: choose Summary. Send cover letter

[2021-11-10T09:19:37.443Z] : [info]: si aclicar

[2021-11-10T09:20:19.292Z] : [info]: END search

[2021-11-10T09:20:25.642Z] : [info]: Una propuesta fue seleccionada

[2021-11-10T09:20:57.365Z] : [info]: choose Summary. Send cover letter

[2021-11-10T09:20:59.037Z] : [info]: si aclicar

[2021-11-10T09:21:41.054Z] : [info]: END search

[2021-11-10T09:21:47.306Z] : [info]: Una propuesta fue seleccionada

[2021-11-10T09:22:09.566Z] : [info]: take contact details

[2021-11-10T09:22:15.175Z] : [info]: choose Summary. Send cover letter

[2021-11-10T09:22:16.812Z] : [info]: si aclicar

[2021-11-10T09:23:11.240Z] : [info]: END search

[2021-11-10T09:23:22.022Z] : [info]: choose Summary. Send cover letter

[2021-11-10T09:23:23.589Z] : [info]: si aclicar

[2021-11-10T09:24:06.272Z] : [info]: END search

[2021-11-10T09:24:17.159Z] : [info]: choose Summary. Send cover letter

[2021-11-10T09:24:18.812Z] : [info]: si aclicar

[2021-11-10T09:24:41.467Z] : [info]: END search

[2021-11-10T09:24:47.766Z] : [info]: Una propuesta fue seleccionada

[2021-11-10T09:25:22.510Z] : [info]: choose Summary. Send cover letter

[2021-11-10T09:25:24.194Z] : [info]: si aclicar

[2021-11-10T09:25:57.491Z] : [info]: END search

[2021-11-10T09:26:05.159Z] : [info]: choose Summary. Send cover letter

[2021-11-10T09:26:06.784Z] : [info]: si aclicar

[2021-11-10T09:26:38.966Z] : [info]: END search

[2021-11-10T09:26:46.553Z] : [info]: Una propuesta fue seleccionada

[2021-11-10T09:27:10.277Z] : [info]: take contact details

[2021-11-10T09:27:14.797Z] : [info]: choose Summary. Send cover letter

[2021-11-10T09:27:16.422Z] : [info]: si aclicar

