
  ==========================================
  Studio Pro version: 6.5.4
  Started at: 11/11/2021 22:56:23
  ==========================================
  

[2021-11-11T19:56:47.341Z] : [info]: ---------------------------------------------

[2021-11-11T19:56:47.354Z] : [success]: Bot started

[2021-11-11T19:56:47.356Z] : [info]: Robot start

[2021-11-11T19:57:05.761Z] : [info]: <p>Добрый день,</p><p></p><p>Меня зовут Садиэль Годалес. </p><p></p><p>На сайте hh.ru меня заинтересовала вакансия программист, размещённая Вашей компанией.</p><p>Я получил высшее образование в г. Гавана (Куба) и работал программистом у поставщика программного обеспечения. Имею опыт работы с клиентами, занимался защитой информации, управлял базами данных. Знаком со стандартными алгоритмами и структурами данных. Уверенно программирую на языках C#, SQL. Только что закончил курс по разработке мобильных приложений на Android.</p><p>Владею испанским (родной), русским и английским языками. Люблю свою профессию и не перестаю самосовершенствоваться.</p><p>Больше информации обо мне Вы можете прочитать в резюме. Готов ответить на Ваши вопросы при личной встрече или по скайпу. При необходимости готов выполнить тестовое задание.</p><p>Вы можете связаться со мной по телефону 8 916 257 72 33, WhatsApp +7 963 7169740 или по электронной почте, sadielgodales@gmail.com.</p><p>https://github.com/sad8787/C-repo</p><p>https://github.com/sad8787/Java</p><p></p>

[2021-11-11T19:57:43.873Z] : [error]: Selectors: Nothing found

[2021-11-11T19:57:43.886Z] : [error]: Total execution time: 56s 516ms

[2021-11-11T19:57:43.888Z] : [info]: ---------------------------------------------

[2021-11-11T19:58:09.875Z] : [success]: Bot started

[2021-11-11T19:58:09.876Z] : [info]: Robot start

[2021-11-11T19:58:14.515Z] : [info]: <p>Добрый день,</p><p></p><p>Меня зовут Садиэль Годалес. </p><p></p><p>На сайте hh.ru меня заинтересовала вакансия программист, размещённая Вашей компанией.</p><p>Я получил высшее образование в г. Гавана (Куба) и работал программистом у поставщика программного обеспечения. Имею опыт работы с клиентами, занимался защитой информации, управлял базами данных. Знаком со стандартными алгоритмами и структурами данных. Уверенно программирую на языках C#, SQL. Только что закончил курс по разработке мобильных приложений на Android.</p><p>Владею испанским (родной), русским и английским языками. Люблю свою профессию и не перестаю самосовершенствоваться.</p><p>Больше информации обо мне Вы можете прочитать в резюме. Готов ответить на Ваши вопросы при личной встрече или по скайпу. При необходимости готов выполнить тестовое задание.</p><p>Вы можете связаться со мной по телефону 8 916 257 72 33, WhatsApp +7 963 7169740 или по электронной почте, sadielgodales@gmail.com.</p><p>https://github.com/sad8787/C-repo</p><p>https://github.com/sad8787/Java</p><p></p>

[2021-11-11T19:58:21.510Z] : [info]: someone is there

[2021-11-11T19:58:46.696Z] : [info]: END Loguin

[2021-11-11T19:58:54.889Z] : [info]: END search

[2021-11-11T19:59:04.687Z] : [info]: choose Summary. Send cover letter

[2021-11-11T19:59:06.503Z] : [info]: si aclicar

[2021-11-11T19:59:26.139Z] : [warn]: There is a small amount of free memory (RAM) left, 91.45% of RAM is being used (5540 MBs). The performance of Studio Pro and bots during execution may be unstable. Close applications that are not being used, increase the memory, or optimize the workflow.

[2021-11-11T19:59:34.082Z] : [info]: END search

[2021-11-11T19:59:45.239Z] : [info]: choose Summary. Send cover letter

[2021-11-11T19:59:47.002Z] : [info]: si aclicar

[2021-11-11T20:00:11.591Z] : [info]: END search

[2021-11-11T20:00:17.173Z] : [info]: Una propuesta fue seleccionada

[2021-11-11T20:00:58.161Z] : [info]: choose Summary. Send cover letter

[2021-11-11T20:00:59.877Z] : [info]: si aclicar

[2021-11-11T20:01:22.794Z] : [info]: END search

[2021-11-11T20:01:27.983Z] : [info]: Una propuesta fue seleccionada

[2021-11-11T20:01:47.490Z] : [info]: take contact details

[2021-11-11T20:01:59.273Z] : [info]: choose Summary. Send cover letter

[2021-11-11T20:02:00.920Z] : [info]: si aclicar

[2021-11-11T20:02:23.503Z] : [info]: END search

[2021-11-11T20:02:31.440Z] : [info]: choose Summary. Send cover letter

[2021-11-11T20:02:33.110Z] : [info]: si aclicar

[2021-11-11T20:02:56.072Z] : [info]: END search

[2021-11-11T20:03:02.857Z] : [info]: Una propuesta fue seleccionada

[2021-11-11T20:03:32.994Z] : [info]: take contact details

[2021-11-11T20:03:37.733Z] : [info]: choose Summary. Send cover letter

[2021-11-11T20:03:39.412Z] : [info]: si aclicar

[2021-11-11T20:04:01.982Z] : [info]: END search

[2021-11-11T20:04:08.830Z] : [info]: Una propuesta fue seleccionada

[2021-11-11T20:05:03.793Z] : [info]: choose Summary. Send cover letter

[2021-11-11T20:05:05.528Z] : [info]: si aclicar

[2021-11-11T20:05:28.232Z] : [info]: END search

[2021-11-11T20:05:49.622Z] : [info]: Una propuesta fue seleccionada

[2021-11-11T20:06:30.165Z] : [info]: choose Summary. Send cover letter

[2021-11-11T20:06:31.893Z] : [info]: si aclicar

[2021-11-11T20:06:54.418Z] : [info]: END search

[2021-11-11T20:07:05.841Z] : [info]: choose Summary. Send cover letter

[2021-11-11T20:07:07.474Z] : [info]: si aclicar

[2021-11-11T20:07:30.471Z] : [info]: END search

[2021-11-11T20:07:38.254Z] : [info]: choose Summary. Send cover letter

[2021-11-11T20:07:39.845Z] : [info]: si aclicar

[2021-11-11T20:08:02.849Z] : [info]: END search

[2021-11-11T20:08:10.868Z] : [info]: choose Summary. Send cover letter

[2021-11-11T20:08:12.571Z] : [info]: si aclicar

[2021-11-11T20:08:37.758Z] : [info]: END search

[2021-11-11T20:08:44.531Z] : [info]: choose Summary. Send cover letter

[2021-11-11T20:08:46.279Z] : [info]: si aclicar

[2021-11-11T20:09:08.822Z] : [info]: END search

[2021-11-11T20:09:15.603Z] : [info]: Una propuesta fue seleccionada

[2021-11-11T20:09:49.003Z] : [info]: choose Summary. Send cover letter

[2021-11-11T20:09:50.813Z] : [info]: si aclicar

[2021-11-11T20:10:14.882Z] : [info]: END search

[2021-11-11T20:10:21.573Z] : [info]: choose Summary. Send cover letter

[2021-11-11T20:10:23.233Z] : [info]: si aclicar

[2021-11-11T20:10:45.987Z] : [info]: END search

[2021-11-11T20:10:54.014Z] : [info]: choose Summary. Send cover letter

[2021-11-11T20:10:55.816Z] : [info]: si aclicar

[2021-11-11T20:11:21.118Z] : [info]: END search

[2021-11-11T20:11:29.074Z] : [info]: choose Summary. Send cover letter

[2021-11-11T20:11:30.727Z] : [info]: si aclicar

[2021-11-11T20:11:53.605Z] : [info]: END search

[2021-11-11T20:12:01.533Z] : [info]: choose Summary. Send cover letter

[2021-11-11T20:12:03.236Z] : [info]: si aclicar

[2021-11-11T20:12:26.110Z] : [info]: END search

[2021-11-11T20:12:34.119Z] : [info]: choose Summary. Send cover letter

[2021-11-11T20:12:35.805Z] : [info]: si aclicar

[2021-11-11T20:12:59.557Z] : [info]: END search

[2021-11-11T20:13:03.997Z] : [info]: Una propuesta fue seleccionada

[2021-11-11T20:13:31.717Z] : [info]: choose Summary. Send cover letter

[2021-11-11T20:13:33.394Z] : [info]: si aclicar

[2021-11-11T20:13:57.065Z] : [info]: END search

[2021-11-11T20:14:06.002Z] : [info]: choose Summary. Send cover letter

[2021-11-11T20:14:07.708Z] : [info]: si aclicar

[2021-11-11T20:14:32.875Z] : [info]: END search

[2021-11-11T20:14:38.349Z] : [info]: Una propuesta fue seleccionada

[2021-11-11T20:15:00.451Z] : [info]: take contact details

[2021-11-11T20:15:11.807Z] : [info]: choose Summary. Send cover letter

[2021-11-11T20:15:13.494Z] : [info]: si aclicar

[2021-11-11T20:15:36.147Z] : [info]: END search

[2021-11-11T20:15:44.051Z] : [info]: choose Summary. Send cover letter

[2021-11-11T20:15:45.924Z] : [info]: si aclicar

[2021-11-11T20:16:08.857Z] : [info]: END search

[2021-11-11T20:16:16.886Z] : [info]: choose Summary. Send cover letter

[2021-11-11T20:16:31.905Z] : [info]: no aclicar porque Es examen

[2021-11-11T20:16:51.259Z] : [error]: Selectors: Nothing found

[2021-11-11T20:16:51.268Z] : [error]: Total execution time: 18m 41s 382ms

[2021-11-11T20:16:51.270Z] : [info]: ---------------------------------------------

[2021-11-11T20:18:47.964Z] : [success]: Bot started

[2021-11-11T20:18:47.966Z] : [info]: Robot start

[2021-11-11T20:18:55.820Z] : [info]: <p>Добрый день,</p><p></p><p>Меня зовут Садиэль Годалес. </p><p></p><p>На сайте hh.ru меня заинтересовала вакансия программист, размещённая Вашей компанией.</p><p>Я получил высшее образование в г. Гавана (Куба) и работал программистом у поставщика программного обеспечения. Имею опыт работы с клиентами, занимался защитой информации, управлял базами данных. Знаком со стандартными алгоритмами и структурами данных. Уверенно программирую на языках C#, SQL. Только что закончил курс по разработке мобильных приложений на Android.</p><p>Владею испанским (родной), русским и английским языками. Люблю свою профессию и не перестаю самосовершенствоваться.</p><p>Больше информации обо мне Вы можете прочитать в резюме. Готов ответить на Ваши вопросы при личной встрече или по скайпу. При необходимости готов выполнить тестовое задание.</p><p>Вы можете связаться со мной по телефону 8 916 257 72 33, WhatsApp +7 963 7169740 или по электронной почте, sadielgodales@gmail.com.</p><p>https://github.com/sad8787/C-repo</p><p>https://github.com/sad8787/Java</p><p></p>

[2021-11-11T20:19:03.208Z] : [info]: someone is there

[2021-11-11T20:19:27.898Z] : [info]: END Loguin

[2021-11-11T20:19:34.576Z] : [info]: END search

[2021-11-11T20:19:42.438Z] : [info]: choose Summary. Send cover letter

[2021-11-11T20:19:44.108Z] : [info]: si aclicar

[2021-11-11T20:20:09.488Z] : [info]: END search

[2021-11-11T20:20:17.555Z] : [info]: choose Summary. Send cover letter

[2021-11-11T20:20:19.221Z] : [info]: si aclicar

[2021-11-11T20:20:43.294Z] : [info]: END search

[2021-11-11T20:20:48.866Z] : [info]: Una propuesta fue seleccionada

[2021-11-11T20:21:21.784Z] : [info]: choose Summary. Send cover letter

[2021-11-11T20:21:23.519Z] : [info]: si aclicar

[2021-11-11T20:21:46.497Z] : [info]: END search

[2021-11-11T20:21:54.479Z] : [info]: choose Summary. Send cover letter

[2021-11-11T20:21:56.283Z] : [info]: si aclicar

[2021-11-11T20:22:20.116Z] : [info]: END search

[2021-11-11T20:22:27.264Z] : [info]: Una propuesta fue seleccionada

[2021-11-11T20:22:55.480Z] : [info]: take contact details

[2021-11-11T20:23:07.294Z] : [info]: choose Summary. Send cover letter

[2021-11-11T20:23:09.036Z] : [info]: si aclicar

