
  ==========================================
  Studio Pro version: 6.5.4
  Started at: 10/11/2021 11:48:07
  ==========================================
  

[2021-11-10T08:48:24.209Z] : [info]: ---------------------------------------------

[2021-11-10T08:48:24.210Z] : [success]: Bot started

[2021-11-10T08:48:24.211Z] : [info]: Robot start

[2021-11-10T08:48:28.827Z] : [info]: <p>Добрый день,</p><p></p><p>Меня зовут Садиэль Годалес. </p><p></p><p>На сайте hh.ru меня заинтересовала вакансия программист, размещённая Вашей компанией.</p><p>Я получил высшее образование в г. Гавана (Куба) и работал программистом у поставщика программного обеспечения. Имею опыт работы с клиентами, занимался защитой информации, управлял базами данных. Знаком со стандартными алгоритмами и структурами данных. Уверенно программирую на языках C#, SQL. Только что закончил курс по разработке мобильных приложений на Android.</p><p>Владею испанским (родной), русским и английским языками. Люблю свою профессию и не перестаю самосовершенствоваться.</p><p>Больше информации обо мне Вы можете прочитать в резюме. Готов ответить на Ваши вопросы при личной встрече или по скайпу. При необходимости готов выполнить тестовое задание.</p><p>Вы можете связаться со мной по телефону 8 916 257 72 33, WhatsApp +7 963 7169740 или по электронной почте, sadielgodales@gmail.com.</p><p>https://github.com/sad8787/C-repo</p><p>https://github.com/sad8787/Java</p><p></p>

[2021-11-10T08:48:54.541Z] : [info]: END Loguin

[2021-11-10T08:49:01.081Z] : [info]: END search

[2021-11-10T08:49:13.968Z] : [info]: Una propuesta fue seleccionada

[2021-11-10T08:49:49.494Z] : [info]: choose Summary. Send cover letter

[2021-11-10T08:49:51.192Z] : [info]: si aclicar

[2021-11-10T08:50:33.901Z] : [info]: END search

[2021-11-10T08:50:47.341Z] : [info]: choose Summary. Send cover letter

[2021-11-10T08:50:48.996Z] : [info]: si aclicar

[2021-11-10T08:51:12.867Z] : [info]: END search

[2021-11-10T08:51:24.460Z] : [info]: Una propuesta fue seleccionada

[2021-11-10T08:52:06.752Z] : [info]: take contact details

[2021-11-10T08:52:18.183Z] : [info]: choose Summary. Send cover letter

[2021-11-10T08:52:19.795Z] : [info]: si aclicar

[2021-11-10T08:53:11.317Z] : [info]: END search

[2021-11-10T08:53:24.657Z] : [info]: choose Summary. Send cover letter

[2021-11-10T08:53:26.309Z] : [info]: si aclicar

[2021-11-10T08:53:50.312Z] : [info]: END search

[2021-11-10T08:54:04.338Z] : [info]: choose Summary. Send cover letter

[2021-11-10T08:54:05.902Z] : [info]: si aclicar

